2023-09-05 15:41:56,339 - BO_format_1::INFO -- [JobExecution] : [jobID=0] Algorithm, model : BayesianOptimization
2023-09-05 15:41:56,340 - BO_format_1::INFO -- [JobExecution] : ######### Cycle start #########
2023-09-05 15:41:56,340 - BO_format_1::INFO -- [BayesianOptimization] : batchSize=1
2023-09-05 15:41:56,344 - BO_format_1::INFO -- [Algorithm [0]] : next_point 0: {'AddSolution=AgNO3_Concentration': 325, 'AddSolution=AgNO3_Volume': 350, 'AddSolution=AgNO3_Injectionrate': 100}
2023-09-05 15:41:56,370 - BO_format_1::INFO -- [ProcessGenerator] : Allocate all of process based on job script!
2023-09-05 15:41:56,380 - BO_format_1::INFO -- [JobExecution] : ######### [BO_format_1-HJ] Cycle 1/1 is running #########
2023-09-05 15:41:56,432 - BO_format_1::INFO -- [TaskScheduler] : check location: {'BatchSynthesis': {'Stirrer': ['?', '?', '?', '?', '?', '?', '?', '?'], 'vialHolder': ['?', '?', '?', '?', '?', '?', '?', '?']}, 'UV': {'vialHolder': ['?', '?', '?', '?', '?', '?', '?', '?']}}
2023-09-05 15:41:56,442 - BO_format_1::INFO -- [TaskScheduler] : BatchSynthesis is started, allocate location: {'Stirrer': [0], 'vialHolder': [0]}
2023-09-05 15:41:56,452 - BO_format_1::INFO -- [TaskScheduler] : check location after allocation: {'BatchSynthesis': {'Stirrer': [0, '?', '?', '?', '?', '?', '?', '?'], 'vialHolder': [0, '?', '?', '?', '?', '?', '?', '?']}, 'UV': {'vialHolder': ['?', '?', '?', '?', '?', '?', '?', '?']}}
2023-09-05 15:41:58,552 - BO_format_1::DEBUG -- [Batch] : storage_empty_to_stirrer is started.
2023-09-05 15:41:58,562 - BO_format_1::DEBUG -- [Batch] : vial_num_list: [0]
2023-09-05 15:41:58,572 - BO_format_1::DEBUG -- [Batch] : line_num_list: [0]
2023-09-05 15:41:58,578 - BO_format_1::DEBUG -- [Batch] : vialHolder_list: [0]
2023-09-05 15:41:58,578 - BO_format_1::DEBUG -- [Batch] : Start Robot Queue : storage_empty_to_stirrer is started.
2023-09-05 15:41:58,588 - BO_format_1::DEBUG -- [LA] : move center-->Start!
2023-09-05 15:41:59,781 - BO_format_1::DEBUG -- [LA] : move center-->Done!
2023-09-05 15:41:59,847 - BO_format_1::DEBUG -- [STORAGE] : open-->Start!
2023-09-05 15:42:03,191 - BO_format_1::DEBUG -- [STORAGE] : open-->Done!
2023-09-05 15:42:05,249 - BO_format_1::DEBUG -- [DS_B] : prepare container-->Start!
2023-09-05 15:42:07,609 - BO_format_1::DEBUG -- [DS_B] : prepare container-->Done!
2023-09-05 15:42:07,619 - BO_format_1::DEBUG -- [Batch] : Finish Robot Queue : storage_empty_to_stirrer is done.
2023-09-05 15:42:09,775 - BO_format_1::DEBUG -- [Batch] : Prepare Injection Queue --> NaBH4,0.01mM,500uL,200uL/s
2023-09-05 15:42:09,785 - BO_format_1::DEBUG -- [PUMP] : prepare solution-->Start!
2023-09-05 15:42:09,795 - BO_format_1::DEBUG -- [PUMP] : prepare solution-->Done!
2023-09-05 15:42:09,861 - BO_format_1::DEBUG -- [LA] : move down-->Start!
2023-09-05 15:42:11,069 - BO_format_1::DEBUG -- [LA] : move down-->Done!
2023-09-05 15:42:11,125 - BO_format_1::DEBUG -- [Batch] : Start Injection Queue --> NaBH4,0.01mM,100μL,200μL/s
2023-09-05 15:42:11,136 - BO_format_1::DEBUG -- [PUMP] : prepare solution-->Start!
2023-09-05 15:42:15,064 - BO_format_1::DEBUG -- [PUMP] : prepare solution-->Done!
2023-09-05 15:42:15,120 - BO_format_1::DEBUG -- [LA] : move up-->Start!
2023-09-05 15:42:16,290 - BO_format_1::DEBUG -- [LA] : move up-->Done!
2023-09-05 15:42:16,352 - BO_format_1::DEBUG -- [LA] : move center-->Start!
2023-09-05 15:42:17,580 - BO_format_1::DEBUG -- [LA] : move center-->Done!
2023-09-05 15:42:17,591 - BO_format_1::DEBUG -- [Batch] : Finish Injection Queue
2023-09-05 15:42:17,657 - BO_format_1::DEBUG -- [Batch] : Start Stir Queue 0 (Stirrer)
2023-09-05 15:42:19,501 - BO_format_1::DEBUG -- [Batch] : Finish Stir Queue 0 (Stirrer)
2023-09-05 15:42:19,511 - BO_format_1::DEBUG -- [Batch] : Start Heat Queue 0 (Stirrer)
2023-09-05 15:42:21,166 - BO_format_1::DEBUG -- [Batch] : Finish Heat Queue 0 (Stirrer)
2023-09-05 15:42:21,181 - BO_format_1::DEBUG -- [Batch] : Start Mix:1s
2023-09-05 15:42:21,196 - BO_format_1::DEBUG -- [Batch] : check Mix:1s
2023-09-05 15:42:21,206 - BO_format_1::DEBUG -- [Batch] : Finish Mix:1s
2023-09-05 15:42:23,320 - BO_format_1::DEBUG -- [Batch] : Prepare Injection Queue --> AgNO3,325mM,500uL,200uL/s
2023-09-05 15:42:23,331 - BO_format_1::DEBUG -- [PUMP] : prepare solution-->Start!
2023-09-05 15:42:23,341 - BO_format_1::DEBUG -- [PUMP] : prepare solution-->Done!
2023-09-05 15:42:23,412 - BO_format_1::DEBUG -- [LA] : move down-->Start!
2023-09-05 15:42:24,512 - BO_format_1::DEBUG -- [LA] : move down-->Done!
2023-09-05 15:42:24,543 - BO_format_1::DEBUG -- [Batch] : Start Injection Queue --> AgNO3,325mM,350μL,100μL/s
2023-09-05 15:42:24,553 - BO_format_1::DEBUG -- [PUMP] : prepare solution-->Start!
2023-09-05 15:42:28,326 - BO_format_1::DEBUG -- [PUMP] : prepare solution-->Done!
2023-09-05 15:42:28,377 - BO_format_1::DEBUG -- [LA] : move up-->Start!
2023-09-05 15:42:29,558 - BO_format_1::DEBUG -- [LA] : move up-->Done!
2023-09-05 15:42:29,599 - BO_format_1::DEBUG -- [LA] : move center-->Start!
2023-09-05 15:42:30,830 - BO_format_1::DEBUG -- [LA] : move center-->Done!
2023-09-05 15:42:30,840 - BO_format_1::DEBUG -- [Batch] : Finish Injection Queue
2023-09-05 15:42:30,915 - BO_format_1::DEBUG -- [Batch] : Start React:1s
2023-09-05 15:42:40,941 - BO_format_1::DEBUG -- [Batch] : check React:1s
2023-09-05 15:42:43,015 - BO_format_1::DEBUG -- [LA] : move center-->Start!
2023-09-05 15:42:44,215 - BO_format_1::DEBUG -- [LA] : move center-->Done!
2023-09-05 15:42:44,266 - BO_format_1::DEBUG -- [DS_B] : stirrer_to_holder-->Start!
2023-09-05 15:42:46,716 - BO_format_1::DEBUG -- [DS_B] : stirrer_to_holder-->Done!
2023-09-05 15:42:46,726 - BO_format_1::DEBUG -- [Batch] : Finish React:1s
2023-09-05 15:42:46,787 - BO_format_1::INFO -- [TaskScheduler] : BatchSynthesis is finished, location: {'Stirrer': ['?', '?', '?', '?', '?', '?', '?', '?'], 'vialHolder': ['?', '?', '?', '?', '?', '?', '?', '?']}
2023-09-05 15:42:46,798 - BO_format_1::INFO -- [TaskScheduler] : UV is started, allocate location: {'vialHolder': [0]}
2023-09-05 15:42:46,808 - BO_format_1::INFO -- [TaskScheduler] : check location after allocation: {'BatchSynthesis': {'Stirrer': ['?', '?', '?', '?', '?', '?', '?', '?'], 'vialHolder': ['?', '?', '?', '?', '?', '?', '?', '?']}, 'UV': {'vialHolder': [0, '?', '?', '?', '?', '?', '?', '?']}}
2023-09-05 15:42:48,908 - BO_format_1::DEBUG -- [UV-Vis] : Trasfer colloid NP to UV vialholder
2023-09-05 15:42:48,923 - BO_format_1::DEBUG -- [DS_B] : vialholder_batchsynthesis_to_vialholder_UV-->Start!
2023-09-05 15:42:51,314 - BO_format_1::DEBUG -- [DS_B] : vialholder_batchsynthesis_to_vialholder_UV-->Done!
2023-09-05 15:42:51,324 - BO_format_1::DEBUG -- [UV-Vis] : Prepare UV-VIS container
2023-09-05 15:42:51,334 - BO_format_1::DEBUG -- [DS_B] : cuvette_storage_to_cuvette_holder-->Start!
2023-09-05 15:42:53,564 - BO_format_1::DEBUG -- [DS_B] : cuvette_storage_to_cuvette_holder-->Done!
2023-09-05 15:42:53,631 - BO_format_1::DEBUG -- [DS_B] : cuvette_holder_to_UV-->Start!
2023-09-05 15:42:55,873 - BO_format_1::DEBUG -- [DS_B] : cuvette_holder_to_UV-->Done!
2023-09-05 15:42:55,909 - BO_format_1::DEBUG -- [DS_B] : UV-VIS Characterization-->Start!
2023-09-05 15:43:02,640 - BO_format_1::DEBUG -- [DS_B] : UV-VIS Characterization-->Done!
2023-09-05 15:43:02,696 - BO_format_1::DEBUG -- [DS_B] : Cuvette2ExtractSolution-->Start!
2023-09-05 15:43:02,706 - BO_format_1::DEBUG -- [UV-Vis] : Start UV sample preparation
2023-09-05 15:43:04,828 - BO_format_1::DEBUG -- [UV-Vis] : Finish UV sample preparation
2023-09-05 15:43:04,839 - BO_format_1::DEBUG -- [DS_B] : Cuvette2ExtractSolution-->Done!
2023-09-05 15:43:04,905 - BO_format_1::DEBUG -- [UV-Vis] : Start UV-VIS Characterization
2023-09-05 15:43:04,916 - BO_format_1::DEBUG -- [DS_B] : UV-VIS Characterization-->Start!
2023-09-05 15:43:11,656 - BO_format_1::DEBUG -- [DS_B] : UV-VIS Characterization-->Done!
2023-09-05 15:43:11,718 - BO_format_1::DEBUG -- [DS_B] : UV_to_cuvette_storage-->Start!
2023-09-05 15:43:13,950 - BO_format_1::DEBUG -- [DS_B] : UV_to_cuvette_storage-->Done!
2023-09-05 15:43:14,020 - BO_format_1::DEBUG -- [UV-Vis] : 0 result : OrderedDict([('lambdamax', 755.802386), ('intensity', 0.018431014581830475), ('FWHM', 13.893662999999947)])
2023-09-05 15:43:14,030 - BO_format_1::DEBUG -- [UV-Vis] : Finish UV-VIS Characterization
2023-09-05 15:43:16,202 - BO_format_1::DEBUG -- [RobotArm] : Start Robot Queue : Batch motion (vialholder_UV_to_storage_filled) is started.
2023-09-05 15:43:16,218 - BO_format_1::DEBUG -- [RobotArm] : vial_num_list:[0]
2023-09-05 15:43:16,228 - BO_format_1::DEBUG -- [RobotArm] : line_num_list:[0]
2023-09-05 15:43:16,238 - BO_format_1::DEBUG -- [RobotArm] : vialHolder_list:[0]
2023-09-05 15:43:32,388 - BO_format_1::DEBUG -- [RobotArm] : Finish Robot Queue : Batch motion (vialholder_UV_to_storage_filled) is done.
2023-09-05 15:43:32,455 - BO_format_1::INFO -- [TaskScheduler] : UV is finished, location: {'vialHolder': ['?', '?', '?', '?', '?', '?', '?', '?']}
2023-09-05 15:43:32,465 - BO_format_1::INFO -- [TaskScheduler] : refresh location: {'BatchSynthesis': {'Stirrer': ['?', '?', '?', '?', '?', '?', '?', '?'], 'vialHolder': ['?', '?', '?', '?', '?', '?', '?', '?']}, 'UV': {'vialHolder': ['?', '?', '?', '?', '?', '?', '?', '?']}}
2023-09-05 15:43:32,475 - BO_format_1::INFO -- [Algorithm] : 0 optimal_value : -0.66341043554002
2023-09-05 15:43:32,575 - BO_format_1::INFO -- [JobExecution] : ######### [BO_format_1-HJ] Cycle 1/1 is done #########
2023-09-05 15:43:32,621 - BO_format_1::INFO -- [Algorithm] : Save our model object, filename=20230905_154332_1_obj
2023-09-05 15:43:32,686 - BO_format_1::INFO -- [JobExecution] : ######### [BO_format_1-HJ] All Cycle is done #########
