2023-06-27 01:03:42,720 - BO_format_2::INFO -- [JobExecution] : [jobID=1] Algorithm, model : BayesianOptimization, batchSize : 4
2023-06-27 01:03:42,731 - BO_format_2::INFO -- [JobExecution] : ######### Cycle start #########
2023-06-27 01:03:42,731 - BO_format_2::INFO -- [Algorithm] : utility_type=ucb, iter_num=0, batchSize=4
2023-06-27 01:03:42,731 - BO_format_2::INFO -- [Algorithm [0]] : next_point 0: {'AddSolution=AgNO3_Concentration': 0, 'AddSolution=AgNO3_Volume': 750, 'AddSolution=AgNO3_Injectionrate': 150}
2023-06-27 01:03:42,732 - BO_format_2::INFO -- [Algorithm [1]] : next_point 1: {'AddSolution=AgNO3_Concentration': 0, 'AddSolution=AgNO3_Volume': 800, 'AddSolution=AgNO3_Injectionrate': 100}
2023-06-27 01:03:42,732 - BO_format_2::INFO -- [Algorithm [2]] : next_point 2: {'AddSolution=AgNO3_Concentration': 0, 'AddSolution=AgNO3_Volume': 1150, 'AddSolution=AgNO3_Injectionrate': 150}
2023-06-27 01:03:42,732 - BO_format_2::INFO -- [Algorithm [3]] : next_point 3: {'AddSolution=AgNO3_Concentration': 0, 'AddSolution=AgNO3_Volume': 650, 'AddSolution=AgNO3_Injectionrate': 150}
2023-06-27 01:03:42,734 - BO_format_2::INFO -- [JobExecution] : ######### Cycle 1/1 is running #########
2023-06-27 01:03:42,734 - BO_format_2::INFO -- [TaskScheduler] : BatchSynthesis allocate location: {'Stirrer': [4, 5, 6, 7], 'vialHolder': [4, 5, 6, 7]}
2023-06-27 01:03:42,734 - BO_format_2::INFO -- [Batch] : Start Robot Queue : Batch motion (storage_empty_to_stirrer) is started.
2023-06-27 01:03:48,230 - BO_format_2::INFO -- [Batch] : vial_num_list: [4, 5, 6, 7]
2023-06-27 01:03:48,231 - BO_format_2::INFO -- [Batch] : line_num_list: [0, 0, 0, 0]
2023-06-27 01:03:48,231 - BO_format_2::INFO -- [Batch] : vialHolder_list: [4, 5, 6, 7]
2023-06-27 01:03:54,710 - BO_format_2::INFO -- [Batch] : Finish Robot Queue : Batch motion (storage_empty_to_stirrer) is done.
2023-06-27 01:03:54,720 - BO_format_2::INFO -- [Batch] : Start Robot Queue : Batch motion (storage_empty_to_stirrer) is started.
2023-06-27 01:04:11,080 - BO_format_2::INFO -- [Batch] : Finish Robot Queue : Batch motion (storage_empty_to_stirrer) is done.
2023-06-27 01:04:11,090 - BO_format_2::INFO -- [Batch] : Start Robot Queue : Batch motion (storage_empty_to_stirrer) is started.
2023-06-27 01:04:27,216 - BO_format_2::INFO -- [Batch] : Finish Robot Queue : Batch motion (storage_empty_to_stirrer) is done.
2023-06-27 01:04:27,227 - BO_format_2::INFO -- [Batch] : Start Robot Queue : Batch motion (storage_empty_to_stirrer) is started.
2023-06-27 01:04:43,396 - BO_format_2::INFO -- [Batch] : Finish Robot Queue : Batch motion (storage_empty_to_stirrer) is done.
2023-06-27 01:04:43,407 - BO_format_2::INFO -- [Batch] : Prepare Injection Queue (LA, Pump)
2023-06-27 01:04:46,326 - BO_format_2::INFO -- [Batch] : Start Injection Queue (LA, Pump)
2023-06-27 01:04:52,787 - BO_format_2::INFO -- [Batch] : Finish Injection Queue (LA, Pump)
2023-06-27 01:05:02,621 - BO_format_2::INFO -- [Batch] : Prepare Injection Queue (LA, Pump)
2023-06-27 01:05:05,693 - BO_format_2::INFO -- [Batch] : Start Injection Queue (LA, Pump)
2023-06-27 01:05:12,191 - BO_format_2::INFO -- [Batch] : Finish Injection Queue (LA, Pump)
2023-06-27 01:05:21,700 - BO_format_2::INFO -- [Batch] : Prepare Injection Queue (LA, Pump)
2023-06-27 01:05:24,657 - BO_format_2::INFO -- [Batch] : Start Injection Queue (LA, Pump)
2023-06-27 01:05:31,220 - BO_format_2::INFO -- [Batch] : Finish Injection Queue (LA, Pump)
2023-06-27 01:05:40,612 - BO_format_2::INFO -- [Batch] : Prepare Injection Queue (LA, Pump)
2023-06-27 01:05:43,612 - BO_format_2::INFO -- [Batch] : Start Injection Queue (LA, Pump)
2023-06-27 01:05:50,147 - BO_format_2::INFO -- [Batch] : Finish Injection Queue (LA, Pump)
2023-06-27 01:05:59,649 - BO_format_2::INFO -- [Batch] : Prepare Injection Queue (LA, Pump)
2023-06-27 01:06:02,648 - BO_format_2::INFO -- [Batch] : Start Injection Queue (LA, Pump)
2023-06-27 01:06:09,029 - BO_format_2::INFO -- [Batch] : Finish Injection Queue (LA, Pump)
2023-06-27 01:06:18,395 - BO_format_2::INFO -- [Batch] : Prepare Injection Queue (LA, Pump)
2023-06-27 01:06:21,349 - BO_format_2::INFO -- [Batch] : Start Injection Queue (LA, Pump)
2023-06-27 01:06:27,663 - BO_format_2::INFO -- [Batch] : Finish Injection Queue (LA, Pump)
2023-06-27 01:06:37,089 - BO_format_2::INFO -- [Batch] : Prepare Injection Queue (LA, Pump)
2023-06-27 01:06:40,221 - BO_format_2::INFO -- [Batch] : Start Injection Queue (LA, Pump)
2023-06-27 01:06:46,542 - BO_format_2::INFO -- [Batch] : Finish Injection Queue (LA, Pump)
2023-06-27 01:06:56,179 - BO_format_2::INFO -- [Batch] : Prepare Injection Queue (LA, Pump)
2023-06-27 01:06:59,256 - BO_format_2::INFO -- [Batch] : Start Injection Queue (LA, Pump)
2023-06-27 01:07:05,936 - BO_format_2::INFO -- [Batch] : Finish Injection Queue (LA, Pump)
2023-06-27 01:07:17,339 - BO_format_2::INFO -- [Batch] : Prepare Injection Queue (LA, Pump)
2023-06-27 01:07:20,301 - BO_format_2::INFO -- [Batch] : Start Injection Queue (LA, Pump)
2023-06-27 01:07:26,888 - BO_format_2::INFO -- [Batch] : Finish Injection Queue (LA, Pump)
2023-06-27 01:07:36,478 - BO_format_2::INFO -- [Batch] : Prepare Injection Queue (LA, Pump)
2023-06-27 01:07:39,318 - BO_format_2::INFO -- [Batch] : Start Injection Queue (LA, Pump)
2023-06-27 01:07:45,845 - BO_format_2::INFO -- [Batch] : Finish Injection Queue (LA, Pump)
2023-06-27 01:07:55,183 - BO_format_2::INFO -- [Batch] : Prepare Injection Queue (LA, Pump)
2023-06-27 01:07:58,143 - BO_format_2::INFO -- [Batch] : Start Injection Queue (LA, Pump)
2023-06-27 01:08:04,828 - BO_format_2::INFO -- [Batch] : Finish Injection Queue (LA, Pump)
2023-06-27 01:08:14,113 - BO_format_2::INFO -- [Batch] : Prepare Injection Queue (LA, Pump)
2023-06-27 01:08:16,981 - BO_format_2::INFO -- [Batch] : Start Injection Queue (LA, Pump)
2023-06-27 01:08:23,355 - BO_format_2::INFO -- [Batch] : Finish Injection Queue (LA, Pump)
2023-06-27 01:08:25,358 - BO_format_2::INFO -- [Batch] : Start Stir Queue 0 (Stirrer)
2023-06-27 01:08:26,399 - BO_format_2::INFO -- [Batch] : Start Stir Queue 1 (Stirrer)
2023-06-27 01:08:27,520 - BO_format_2::INFO -- [Batch] : Start Stir Queue 2 (Stirrer)
2023-06-27 01:08:28,653 - BO_format_2::INFO -- [Batch] : Start Stir Queue 3 (Stirrer)
2023-06-27 01:08:29,849 - BO_format_2::INFO -- [Batch] : Finish Stir Queue 0 (Stirrer)
2023-06-27 01:08:29,849 - BO_format_2::INFO -- [Batch] : Finish Stir Queue 1 (Stirrer)
2023-06-27 01:08:29,850 - BO_format_2::INFO -- [Batch] : Finish Stir Queue 2 (Stirrer)
2023-06-27 01:08:29,850 - BO_format_2::INFO -- [Batch] : Finish Stir Queue 3 (Stirrer)
2023-06-27 01:08:29,850 - BO_format_2::INFO -- [Batch] : Start Heat Queue (Stirrer)
2023-06-27 01:08:30,882 - BO_format_2::INFO -- [Batch] : Start Heat Queue (Stirrer)
2023-06-27 01:08:31,984 - BO_format_2::INFO -- [Batch] : Start Heat Queue (Stirrer)
2023-06-27 01:08:33,054 - BO_format_2::INFO -- [Batch] : Start Heat Queue (Stirrer)
2023-06-27 01:08:34,262 - BO_format_2::INFO -- [Batch] : Finish Heat Queue 0 (Stirrer)
2023-06-27 01:08:34,262 - BO_format_2::INFO -- [Batch] : Finish Heat Queue 1 (Stirrer)
2023-06-27 01:08:34,275 - BO_format_2::INFO -- [Batch] : Finish Heat Queue 2 (Stirrer)
2023-06-27 01:08:34,276 - BO_format_2::INFO -- [Batch] : Finish Heat Queue 3 (Stirrer)
2023-06-27 01:08:34,276 - BO_format_2::INFO -- [Batch] : Start Wait:1s
2023-06-27 01:08:34,276 - BO_format_2::INFO -- [Batch] : check Wait:1s
2023-06-27 01:08:34,276 - BO_format_2::INFO -- [Batch] : Finish Wait:1s
2023-06-27 01:08:34,276 - BO_format_2::INFO -- [Batch] : Start Wait:1s
2023-06-27 01:08:34,276 - BO_format_2::INFO -- [Batch] : Start Wait:1s
2023-06-27 01:08:34,276 - BO_format_2::INFO -- [Batch] : check Wait:1s
2023-06-27 01:08:34,276 - BO_format_2::INFO -- [Batch] : check Wait:1s
2023-06-27 01:08:34,276 - BO_format_2::INFO -- [Batch] : Finish Wait:1s
2023-06-27 01:08:34,276 - BO_format_2::INFO -- [Batch] : Start Wait:1s
2023-06-27 01:08:34,276 - BO_format_2::INFO -- [Batch] : Finish Wait:1s
2023-06-27 01:08:34,276 - BO_format_2::INFO -- [Batch] : check Wait:1s
2023-06-27 01:08:34,277 - BO_format_2::INFO -- [Batch] : Finish Wait:1s
2023-06-27 01:08:34,277 - BO_format_2::INFO -- [Batch] : Prepare Injection Queue (LA, Pump)
2023-06-27 01:08:37,354 - BO_format_2::INFO -- [Batch] : Start Injection Queue (LA, Pump)
2023-06-27 01:08:43,882 - BO_format_2::INFO -- [Batch] : Finish Injection Queue (LA, Pump)
2023-06-27 01:08:45,885 - BO_format_2::INFO -- [Batch] : Prepare Injection Queue (LA, Pump)
2023-06-27 01:08:49,050 - BO_format_2::INFO -- [Batch] : Start Injection Queue (LA, Pump)
2023-06-27 01:08:55,517 - BO_format_2::INFO -- [Batch] : Finish Injection Queue (LA, Pump)
2023-06-27 01:08:57,520 - BO_format_2::INFO -- [Batch] : Prepare Injection Queue (LA, Pump)
2023-06-27 01:09:00,547 - BO_format_2::INFO -- [Batch] : Start Injection Queue (LA, Pump)
2023-06-27 01:09:07,145 - BO_format_2::INFO -- [Batch] : Finish Injection Queue (LA, Pump)
2023-06-27 01:09:09,148 - BO_format_2::INFO -- [Batch] : Prepare Injection Queue (LA, Pump)
2023-06-27 01:09:12,177 - BO_format_2::INFO -- [Batch] : Start Injection Queue (LA, Pump)
2023-06-27 01:09:19,005 - BO_format_2::INFO -- [Batch] : Finish Injection Queue (LA, Pump)
2023-06-27 01:09:21,015 - BO_format_2::INFO -- [Batch] : Start React:1s
2023-06-27 01:09:21,035 - BO_format_2::INFO -- [Batch] : Start React:1s
2023-06-27 01:09:21,051 - BO_format_2::INFO -- [Batch] : Start React:1s
2023-06-27 01:09:21,168 - BO_format_2::INFO -- [Batch] : Start React:1s
2023-06-27 01:10:21,075 - BO_format_2::INFO -- [Batch] : check React:1s
2023-06-27 01:10:21,101 - BO_format_2::INFO -- [Batch] : check React:1s
2023-06-27 01:10:21,121 - BO_format_2::INFO -- [Batch] : check React:1s
2023-06-27 01:10:21,192 - BO_format_2::INFO -- [Batch] : check React:1s
2023-06-27 01:10:24,536 - BO_format_2::INFO -- [Batch] : Finish React:1s
2023-06-27 01:10:28,104 - BO_format_2::INFO -- [Batch] : Finish React:1s
2023-06-27 01:10:31,605 - BO_format_2::INFO -- [Batch] : Finish React:1s
2023-06-27 01:10:35,041 - BO_format_2::INFO -- [Batch] : Finish React:1s
2023-06-27 01:10:35,041 - BO_format_2::INFO -- [TaskScheduler] : UV allocate location: {'Stirrer': [4, 5, 6, 7], 'vialHolder': [4, 5, 6, 7]}
2023-06-27 01:11:03,160 - BO_format_2::INFO -- [UV] : Start UV Characterization
2023-06-27 01:11:25,556 - BO_format_2::INFO -- [UV] : 0 result : OrderedDict([('lambdamax', 553.08107), ('intensity', 0.02040582983848451), ('FWHM', 18.81719499999997)])
2023-06-27 01:11:25,566 - BO_format_2::INFO -- [UV] : Finish UV Characterization
2023-06-27 01:11:25,576 - BO_format_2::INFO -- [UV] : Start UV Characterization
2023-06-27 01:11:48,263 - BO_format_2::INFO -- [UV] : 1 result : OrderedDict([('lambdamax', 783.927809), ('intensity', 0.02372505301582956), ('FWHM', 14.887074000000098)])
2023-06-27 01:11:48,273 - BO_format_2::INFO -- [UV] : Finish UV Characterization
2023-06-27 01:11:48,283 - BO_format_2::INFO -- [UV] : Start UV Characterization
2023-06-27 01:12:10,694 - BO_format_2::INFO -- [UV] : 2 result : OrderedDict([('lambdamax', 350.527318), ('intensity', 0.01867841538888442), ('FWHM', 17.24956500000002)])
2023-06-27 01:12:10,705 - BO_format_2::INFO -- [UV] : Finish UV Characterization
2023-06-27 01:12:10,715 - BO_format_2::INFO -- [UV] : Start UV Characterization
2023-06-27 01:12:33,170 - BO_format_2::INFO -- [UV] : 3 result : OrderedDict([('lambdamax', 721.536219), ('intensity', 0.020979136113167256), ('FWHM', 11.32419200000004)])
2023-06-27 01:12:33,175 - BO_format_2::INFO -- [UV] : Finish UV Characterization
2023-06-27 01:12:33,186 - BO_format_2::INFO -- [RobotArm] : Start Robot Queue : Batch motion (holder_to_storage_filled) is started.
2023-06-27 01:12:33,196 - BO_format_2::INFO -- [RobotArm] : vial_num_list:[12, 13, 14, 15]
2023-06-27 01:12:33,201 - BO_format_2::INFO -- [RobotArm] : line_num_list:[0, 0, 0, 0]
2023-06-27 01:12:33,212 - BO_format_2::INFO -- [RobotArm] : vialHolder_list:[4, 5, 6, 7]
2023-06-27 01:12:41,623 - BO_format_2::INFO -- [RobotArm] : Finish Robot Queue : Batch motion (holder_to_storage_filled) is done.
2023-06-27 01:12:41,633 - BO_format_2::INFO -- [RobotArm] : Start Robot Queue : Batch motion (holder_to_storage_filled) is started.
2023-06-27 01:12:45,001 - BO_format_2::INFO -- [RobotArm] : Finish Robot Queue : Batch motion (holder_to_storage_filled) is done.
2023-06-27 01:12:45,012 - BO_format_2::INFO -- [RobotArm] : Start Robot Queue : Batch motion (holder_to_storage_filled) is started.
2023-06-27 01:12:48,370 - BO_format_2::INFO -- [RobotArm] : Finish Robot Queue : Batch motion (holder_to_storage_filled) is done.
2023-06-27 01:12:48,376 - BO_format_2::INFO -- [RobotArm] : Start Robot Queue : Batch motion (holder_to_storage_filled) is started.
2023-06-27 01:12:55,071 - BO_format_2::INFO -- [RobotArm] : Finish Robot Queue : Batch motion (holder_to_storage_filled) is done.
2023-06-27 01:12:55,081 - BO_format_2::INFO -- [TaskScheduler] : refresh location: {'BatchSynthesis': {'Stirrer': [9999, 9999, 9999, 9999, 9999, 9999, 9999, 9999, 9999, 9999, 9999, 9999, 9999, 9999, 9999, 9999], 'vialHolder': [9999, 9999, 9999, 9999, 9999, 9999, 9999, 9999]}, 'UV': {'vialHolder': [4, 5, 6, 7]}}
2023-06-27 01:12:55,240 - BO_format_2::INFO -- [Algorithm] : 0 optimal_value : -0.1343165294922055
2023-06-27 01:12:55,240 - BO_format_2::INFO -- [Algorithm] : 1 optimal_value : -0.7544762796984095
2023-06-27 01:12:55,240 - BO_format_2::INFO -- [Algorithm] : 2 optimal_value : -0.7924688251672809
2023-06-27 01:12:55,240 - BO_format_2::INFO -- [Algorithm] : 3 optimal_value : -0.5517577974626918
2023-06-27 01:12:55,250 - BO_format_2::INFO -- [JobExecution] : ######### Cycle 1/1 is done #########
2023-06-27 01:12:55,338 - BO_format_2::INFO -- [Algorithm] : Save our model object, filename=20230627_0103_multi3_0_obj
2023-06-27 01:12:55,348 - BO_format_2::INFO -- [JobExecution] : ######### All Cycle is done #########
