2023-09-18 14:42:57,662 - jobID_0_AI::INFO -- [JobExecution] : [jobID=0] Algorithm, model : BayesianOptimization
2023-09-18 14:42:57,668 - jobID_0_AI::INFO -- [JobExecution] : ######### Cycle start #########
2023-09-18 14:42:57,678 - jobID_0_AI::INFO -- [BayesianOptimization] : batchSize=6
2023-09-18 14:42:57,698 - jobID_0_AI::INFO -- [Algorithm [0]] : next_point 0: {'AddSolution=AgNO3_Concentration': 275, 'AddSolution=AgNO3_Volume': 1000, 'AddSolution=AgNO3_Injectionrate': 100}
2023-09-18 14:42:57,698 - jobID_0_AI::INFO -- [Algorithm [1]] : next_point 1: {'AddSolution=AgNO3_Concentration': 350, 'AddSolution=AgNO3_Volume': 450, 'AddSolution=AgNO3_Injectionrate': 50}
2023-09-18 14:42:57,698 - jobID_0_AI::INFO -- [Algorithm [2]] : next_point 2: {'AddSolution=AgNO3_Concentration': 175, 'AddSolution=AgNO3_Volume': 200, 'AddSolution=AgNO3_Injectionrate': 100}
2023-09-18 14:42:57,698 - jobID_0_AI::INFO -- [Algorithm [3]] : next_point 3: {'AddSolution=AgNO3_Concentration': 125, 'AddSolution=AgNO3_Volume': 350, 'AddSolution=AgNO3_Injectionrate': 50}
2023-09-18 14:42:57,698 - jobID_0_AI::INFO -- [Algorithm [4]] : next_point 4: {'AddSolution=AgNO3_Concentration': 225, 'AddSolution=AgNO3_Volume': 800, 'AddSolution=AgNO3_Injectionrate': 150}
2023-09-18 14:42:57,709 - jobID_0_AI::INFO -- [Algorithm [5]] : next_point 5: {'AddSolution=AgNO3_Concentration': 25, 'AddSolution=AgNO3_Volume': 1100, 'AddSolution=AgNO3_Injectionrate': 150}
2023-09-18 14:42:57,779 - jobID_0_AI::INFO -- [ProcessGenerator] : Allocate all of process based on job script!
2023-09-18 14:42:57,784 - jobID_0_AI::INFO -- [JobExecution] : ######### [jobID_0_AI-HJ] Cycle 1/3 is running #########
2023-09-18 14:42:57,821 - jobID_0_AI::INFO -- [TaskScheduler] : check location: {'BatchSynthesis': {'Stirrer': ['?', '?', '?', '?', '?', '?', '?', '?'], 'vialHolder': ['?', '?', '?', '?', '?', '?', '?', '?']}, 'UV': {'vialHolder': ['?', '?', '?', '?', '?', '?', '?', '?']}}
2023-09-18 14:42:57,831 - jobID_0_AI::INFO -- [TaskScheduler] : BatchSynthesis is started, allocate location: {'Stirrer': [0, 1, 2, 3, 4, 5], 'vialHolder': [0, 1, 2, 3, 4, 5]}
2023-09-18 14:42:57,841 - jobID_0_AI::INFO -- [TaskScheduler] : check location after allocation: {'BatchSynthesis': {'Stirrer': [0, 0, 0, 0, 0, 0, '?', '?'], 'vialHolder': [0, 0, 0, 0, 0, 0, '?', '?']}, 'UV': {'vialHolder': ['?', '?', '?', '?', '?', '?', '?', '?']}}
2023-09-18 14:43:00,932 - jobID_0_AI::DEBUG -- [Batch] : storage_empty_to_stirrer is started.
2023-09-18 14:43:00,942 - jobID_0_AI::DEBUG -- [Batch] : vial_num_list: [0, 1, 2, 3, 4, 5]
2023-09-18 14:43:00,952 - jobID_0_AI::DEBUG -- [Batch] : line_num_list: [0, 0, 0, 0, 0, 0]
2023-09-18 14:43:00,962 - jobID_0_AI::DEBUG -- [Batch] : vialHolder_list: [0, 1, 2, 3, 4, 5]
2023-09-18 14:43:00,973 - jobID_0_AI::DEBUG -- [Batch] : Start Robot Queue : storage_empty_to_stirrer is started.
2023-09-18 14:43:00,983 - jobID_0_AI::DEBUG -- [LA] : move center-->Start!
2023-09-18 14:43:02,150 - jobID_0_AI::DEBUG -- [LA] : move center-->Done!
2023-09-18 14:43:03,208 - jobID_0_AI::DEBUG -- [STORAGE] : open-->Start!
2023-09-18 14:43:06,651 - jobID_0_AI::DEBUG -- [STORAGE] : open-->Done!
2023-09-18 14:43:09,716 - jobID_0_AI::DEBUG -- [DS_B] : prepare container-->Start!
2023-09-18 14:43:12,097 - jobID_0_AI::DEBUG -- [DS_B] : prepare container-->Done!
2023-09-18 14:43:12,107 - jobID_0_AI::DEBUG -- [Batch] : Finish Robot Queue : storage_empty_to_stirrer is done.
2023-09-18 14:43:16,260 - jobID_0_AI::DEBUG -- [Batch] : storage_empty_to_stirrer is started.
2023-09-18 14:43:16,270 - jobID_0_AI::DEBUG -- [Batch] : Start Robot Queue : storage_empty_to_stirrer is started.
2023-09-18 14:43:16,281 - jobID_0_AI::DEBUG -- [LA] : move center-->Start!
2023-09-18 14:43:17,442 - jobID_0_AI::DEBUG -- [LA] : move center-->Done!
2023-09-18 14:43:18,499 - jobID_0_AI::DEBUG -- [STORAGE] : open-->Start!
2023-09-18 14:43:21,652 - jobID_0_AI::DEBUG -- [STORAGE] : open-->Done!
2023-09-18 14:43:24,716 - jobID_0_AI::DEBUG -- [DS_B] : prepare container-->Start!
2023-09-18 14:43:27,158 - jobID_0_AI::DEBUG -- [DS_B] : prepare container-->Done!
2023-09-18 14:43:27,168 - jobID_0_AI::DEBUG -- [Batch] : Finish Robot Queue : storage_empty_to_stirrer is done.
2023-09-18 14:43:31,320 - jobID_0_AI::DEBUG -- [Batch] : storage_empty_to_stirrer is started.
2023-09-18 14:43:31,331 - jobID_0_AI::DEBUG -- [Batch] : Start Robot Queue : storage_empty_to_stirrer is started.
2023-09-18 14:43:31,341 - jobID_0_AI::DEBUG -- [LA] : move center-->Start!
2023-09-18 14:43:32,470 - jobID_0_AI::DEBUG -- [LA] : move center-->Done!
2023-09-18 14:43:33,528 - jobID_0_AI::DEBUG -- [STORAGE] : open-->Start!
