2023-09-24 22:22:52,724 - jobID_0_AI::INFO -- [JobExecution] : [jobID=0] Algorithm, model : BayesianOptimization
2023-09-24 22:22:52,730 - jobID_0_AI::INFO -- [JobExecution] : ######### Cycle start #########
2023-09-24 22:22:52,735 - jobID_0_AI::INFO -- [BayesianOptimization] : batchSize=6
2023-09-24 22:22:52,750 - jobID_0_AI::INFO -- [Algorithm [0]] : next_point 0: {'AddSolution=AgNO3_Concentration': 200, 'AddSolution=AgNO3_Volume': 1000, 'AddSolution=AgNO3_Injectionrate': 150}
2023-09-24 22:22:52,760 - jobID_0_AI::INFO -- [Algorithm [1]] : next_point 1: {'AddSolution=AgNO3_Concentration': 25, 'AddSolution=AgNO3_Volume': 350, 'AddSolution=AgNO3_Injectionrate': 50}
2023-09-24 22:22:52,770 - jobID_0_AI::INFO -- [Algorithm [2]] : next_point 2: {'AddSolution=AgNO3_Concentration': 175, 'AddSolution=AgNO3_Volume': 150, 'AddSolution=AgNO3_Injectionrate': 100}
2023-09-24 22:22:52,780 - jobID_0_AI::INFO -- [Algorithm [3]] : next_point 3: {'AddSolution=AgNO3_Concentration': 75, 'AddSolution=AgNO3_Volume': 750, 'AddSolution=AgNO3_Injectionrate': 150}
2023-09-24 22:22:52,791 - jobID_0_AI::INFO -- [Algorithm [4]] : next_point 4: {'AddSolution=AgNO3_Concentration': 325, 'AddSolution=AgNO3_Volume': 950, 'AddSolution=AgNO3_Injectionrate': 50}
2023-09-24 22:22:52,801 - jobID_0_AI::INFO -- [Algorithm [5]] : next_point 5: {'AddSolution=AgNO3_Concentration': 275, 'AddSolution=AgNO3_Volume': 450, 'AddSolution=AgNO3_Injectionrate': 100}
2023-09-24 22:22:52,855 - jobID_0_AI::INFO -- [ProcessGenerator] : Allocate all of process based on job script!
2023-09-24 22:22:52,856 - jobID_0_AI::INFO -- [JobExecution] : ######### [jobID_0_AI-HJ] Cycle 1/3 is running #########
2023-09-24 22:22:52,856 - jobID_0_AI::INFO -- [TaskScheduler] : check location: {'BatchSynthesis': {'Stirrer': ['?', '?', '?', '?', '?', '?', '?', '?'], 'vialHolder': ['?', '?', '?', '?', '?', '?', '?', '?']}, 'UV': {'vialHolder': ['?', '?', '?', '?', '?', '?', '?', '?']}}
2023-09-24 22:22:52,856 - jobID_0_AI::INFO -- [TaskScheduler] : BatchSynthesis is started, allocate location: {'Stirrer': [0, 1, 2, 3, 4, 5], 'vialHolder': [0, 1, 2, 3, 4, 5]}
2023-09-24 22:22:52,856 - jobID_0_AI::INFO -- [TaskScheduler] : check location after allocation: {'BatchSynthesis': {'Stirrer': [0, 0, 0, 0, 0, 0, '?', '?'], 'vialHolder': [0, 0, 0, 0, 0, 0, '?', '?']}, 'UV': {'vialHolder': ['?', '?', '?', '?', '?', '?', '?', '?']}}
2023-09-24 22:22:55,956 - jobID_0_AI::DEBUG -- [Batch] : storage_empty_to_stirrer is started.
2023-09-24 22:22:55,967 - jobID_0_AI::DEBUG -- [Batch] : vial_num_list: [0, 1, 2, 3, 4, 5]
2023-09-24 22:22:55,977 - jobID_0_AI::DEBUG -- [Batch] : line_num_list: [0, 0, 0, 0, 0, 0]
2023-09-24 22:22:55,987 - jobID_0_AI::DEBUG -- [Batch] : vialHolder_list: [0, 1, 2, 3, 4, 5]
2023-09-24 22:22:55,997 - jobID_0_AI::DEBUG -- [Batch] : Start Robot Queue : storage_empty_to_stirrer is started.
2023-09-24 22:22:56,008 - jobID_0_AI::DEBUG -- [LA] : move center-->Start!
2023-09-24 22:22:57,139 - jobID_0_AI::DEBUG -- [LA] : move center-->Done!
2023-09-24 22:22:58,197 - jobID_0_AI::DEBUG -- [STORAGE] : open-->Start!
2023-09-24 22:23:01,405 - jobID_0_AI::DEBUG -- [STORAGE] : open-->Done!
2023-09-24 22:23:04,464 - jobID_0_AI::DEBUG -- [DS_B] : prepare container-->Start!
2023-09-24 22:23:06,593 - jobID_0_AI::DEBUG -- [DS_B] : prepare container-->Done!
2023-09-24 22:23:06,604 - jobID_0_AI::DEBUG -- [Batch] : Finish Robot Queue : storage_empty_to_stirrer is done.
2023-09-24 22:23:10,741 - jobID_0_AI::DEBUG -- [Batch] : storage_empty_to_stirrer is started.
2023-09-24 22:23:10,752 - jobID_0_AI::DEBUG -- [Batch] : Start Robot Queue : storage_empty_to_stirrer is started.
2023-09-24 22:23:10,762 - jobID_0_AI::DEBUG -- [LA] : move center-->Start!
2023-09-24 22:23:11,862 - jobID_0_AI::DEBUG -- [LA] : move center-->Done!
2023-09-24 22:23:12,920 - jobID_0_AI::DEBUG -- [STORAGE] : open-->Start!
2023-09-24 22:23:16,121 - jobID_0_AI::DEBUG -- [STORAGE] : open-->Done!
2023-09-24 22:23:19,186 - jobID_0_AI::DEBUG -- [DS_B] : prepare container-->Start!
2023-09-24 22:23:21,338 - jobID_0_AI::DEBUG -- [DS_B] : prepare container-->Done!
2023-09-24 22:23:21,348 - jobID_0_AI::DEBUG -- [Batch] : Finish Robot Queue : storage_empty_to_stirrer is done.
2023-09-24 22:23:25,496 - jobID_0_AI::DEBUG -- [Batch] : storage_empty_to_stirrer is started.
2023-09-24 22:23:25,506 - jobID_0_AI::DEBUG -- [Batch] : Start Robot Queue : storage_empty_to_stirrer is started.
2023-09-24 22:23:25,517 - jobID_0_AI::DEBUG -- [LA] : move center-->Start!
2023-09-24 22:23:26,603 - jobID_0_AI::DEBUG -- [LA] : move center-->Done!
2023-09-24 22:23:27,661 - jobID_0_AI::DEBUG -- [STORAGE] : open-->Start!
2023-09-24 22:23:30,834 - jobID_0_AI::DEBUG -- [STORAGE] : open-->Done!
2023-09-24 22:23:33,899 - jobID_0_AI::DEBUG -- [DS_B] : prepare container-->Start!
