2023-09-24 22:10:22,330 - jobID_0_AI::INFO -- [JobExecution] : [jobID=0] Algorithm, model : BayesianOptimization
2023-09-24 22:10:22,336 - jobID_0_AI::INFO -- [JobExecution] : ######### Cycle start #########
2023-09-24 22:10:22,336 - jobID_0_AI::INFO -- [BayesianOptimization] : batchSize=6
2023-09-24 22:10:22,345 - jobID_0_AI::INFO -- [Algorithm [0]] : next_point 0: {'AddSolution=AgNO3_Concentration': 125, 'AddSolution=AgNO3_Volume': 600, 'AddSolution=AgNO3_Injectionrate': 150}
2023-09-24 22:10:22,351 - jobID_0_AI::INFO -- [Algorithm [1]] : next_point 1: {'AddSolution=AgNO3_Concentration': 350, 'AddSolution=AgNO3_Volume': 800, 'AddSolution=AgNO3_Injectionrate': 50}
2023-09-24 22:10:22,356 - jobID_0_AI::INFO -- [Algorithm [2]] : next_point 2: {'AddSolution=AgNO3_Concentration': 50, 'AddSolution=AgNO3_Volume': 750, 'AddSolution=AgNO3_Injectionrate': 100}
2023-09-24 22:10:22,356 - jobID_0_AI::INFO -- [Algorithm [3]] : next_point 3: {'AddSolution=AgNO3_Concentration': 125, 'AddSolution=AgNO3_Volume': 300, 'AddSolution=AgNO3_Injectionrate': 100}
2023-09-24 22:10:22,366 - jobID_0_AI::INFO -- [Algorithm [4]] : next_point 4: {'AddSolution=AgNO3_Concentration': 275, 'AddSolution=AgNO3_Volume': 1050, 'AddSolution=AgNO3_Injectionrate': 50}
2023-09-24 22:10:22,376 - jobID_0_AI::INFO -- [Algorithm [5]] : next_point 5: {'AddSolution=AgNO3_Concentration': 250, 'AddSolution=AgNO3_Volume': 150, 'AddSolution=AgNO3_Injectionrate': 150}
2023-09-24 22:10:22,426 - jobID_0_AI::INFO -- [ProcessGenerator] : Allocate all of process based on job script!
2023-09-24 22:10:22,426 - jobID_0_AI::INFO -- [JobExecution] : ######### [jobID_0_AI-HJ] Cycle 1/3 is running #########
2023-09-24 22:10:22,427 - jobID_0_AI::INFO -- [TaskScheduler] : check location: {'BatchSynthesis': {'Stirrer': ['?', '?', '?', '?', '?', '?', '?', '?'], 'vialHolder': ['?', '?', '?', '?', '?', '?', '?', '?']}, 'UV': {'vialHolder': ['?', '?', '?', '?', '?', '?', '?', '?']}}
2023-09-24 22:10:22,427 - jobID_0_AI::INFO -- [TaskScheduler] : BatchSynthesis is started, allocate location: {'Stirrer': [0, 1, 2, 3, 4, 5], 'vialHolder': [0, 1, 2, 3, 4, 5]}
2023-09-24 22:10:22,432 - jobID_0_AI::INFO -- [TaskScheduler] : check location after allocation: {'BatchSynthesis': {'Stirrer': [0, 0, 0, 0, 0, 0, '?', '?'], 'vialHolder': [0, 0, 0, 0, 0, 0, '?', '?']}, 'UV': {'vialHolder': ['?', '?', '?', '?', '?', '?', '?', '?']}}
2023-09-24 22:10:25,538 - jobID_0_AI::DEBUG -- [Batch] : storage_empty_to_stirrer is started.
2023-09-24 22:10:25,548 - jobID_0_AI::DEBUG -- [Batch] : vial_num_list: [0, 1, 2, 3, 4, 5]
2023-09-24 22:10:25,558 - jobID_0_AI::DEBUG -- [Batch] : line_num_list: [0, 0, 0, 0, 0, 0]
2023-09-24 22:10:25,568 - jobID_0_AI::DEBUG -- [Batch] : vialHolder_list: [0, 1, 2, 3, 4, 5]
2023-09-24 22:10:25,579 - jobID_0_AI::DEBUG -- [Batch] : Start Robot Queue : storage_empty_to_stirrer is started.
2023-09-24 22:10:25,589 - jobID_0_AI::DEBUG -- [LA] : move center-->Start!
2023-09-24 22:10:26,667 - jobID_0_AI::DEBUG -- [LA] : move center-->Done!
2023-09-24 22:10:27,709 - jobID_0_AI::DEBUG -- [STORAGE] : open-->Start!
2023-09-24 22:10:30,993 - jobID_0_AI::DEBUG -- [STORAGE] : open-->Done!
2023-09-24 22:10:34,058 - jobID_0_AI::DEBUG -- [DS_B] : prepare container-->Start!
2023-09-24 22:10:36,307 - jobID_0_AI::DEBUG -- [DS_B] : prepare container-->Done!
2023-09-24 22:10:36,317 - jobID_0_AI::DEBUG -- [Batch] : Finish Robot Queue : storage_empty_to_stirrer is done.
2023-09-24 22:10:40,475 - jobID_0_AI::DEBUG -- [Batch] : storage_empty_to_stirrer is started.
2023-09-24 22:10:40,485 - jobID_0_AI::DEBUG -- [Batch] : Start Robot Queue : storage_empty_to_stirrer is started.
2023-09-24 22:10:40,496 - jobID_0_AI::DEBUG -- [LA] : move center-->Start!
2023-09-24 22:10:41,614 - jobID_0_AI::DEBUG -- [LA] : move center-->Done!
2023-09-24 22:10:42,672 - jobID_0_AI::DEBUG -- [STORAGE] : open-->Start!
2023-09-24 22:10:45,839 - jobID_0_AI::DEBUG -- [STORAGE] : open-->Done!
2023-09-24 22:10:48,904 - jobID_0_AI::DEBUG -- [DS_B] : prepare container-->Start!
2023-09-24 22:10:51,133 - jobID_0_AI::DEBUG -- [DS_B] : prepare container-->Done!
2023-09-24 22:10:51,143 - jobID_0_AI::DEBUG -- [Batch] : Finish Robot Queue : storage_empty_to_stirrer is done.
2023-09-24 22:10:55,297 - jobID_0_AI::DEBUG -- [Batch] : storage_empty_to_stirrer is started.
2023-09-24 22:10:55,307 - jobID_0_AI::DEBUG -- [Batch] : Start Robot Queue : storage_empty_to_stirrer is started.
2023-09-24 22:10:55,317 - jobID_0_AI::DEBUG -- [LA] : move center-->Start!
2023-09-24 22:10:56,407 - jobID_0_AI::DEBUG -- [LA] : move center-->Done!
2023-09-24 22:10:57,465 - jobID_0_AI::DEBUG -- [STORAGE] : open-->Start!
2023-09-24 22:11:00,602 - jobID_0_AI::DEBUG -- [STORAGE] : open-->Done!
2023-09-24 22:11:03,666 - jobID_0_AI::DEBUG -- [DS_B] : prepare container-->Start!
2023-09-24 22:11:05,782 - jobID_0_AI::DEBUG -- [DS_B] : prepare container-->Done!
2023-09-24 22:11:05,792 - jobID_0_AI::DEBUG -- [Batch] : Finish Robot Queue : storage_empty_to_stirrer is done.
2023-09-24 22:11:09,940 - jobID_0_AI::DEBUG -- [Batch] : storage_empty_to_stirrer is started.
2023-09-24 22:11:09,950 - jobID_0_AI::DEBUG -- [Batch] : Start Robot Queue : storage_empty_to_stirrer is started.
2023-09-24 22:11:09,960 - jobID_0_AI::DEBUG -- [LA] : move center-->Start!
2023-09-24 22:11:11,040 - jobID_0_AI::DEBUG -- [LA] : move center-->Done!
2023-09-24 22:11:12,092 - jobID_0_AI::DEBUG -- [STORAGE] : open-->Start!
2023-09-24 22:11:15,333 - jobID_0_AI::DEBUG -- [STORAGE] : open-->Done!
2023-09-24 22:11:18,397 - jobID_0_AI::DEBUG -- [DS_B] : prepare container-->Start!
2023-09-24 22:11:20,591 - jobID_0_AI::DEBUG -- [DS_B] : prepare container-->Done!
2023-09-24 22:11:20,601 - jobID_0_AI::DEBUG -- [Batch] : Finish Robot Queue : storage_empty_to_stirrer is done.
2023-09-24 22:11:24,754 - jobID_0_AI::DEBUG -- [Batch] : storage_empty_to_stirrer is started.
2023-09-24 22:11:24,765 - jobID_0_AI::DEBUG -- [Batch] : Start Robot Queue : storage_empty_to_stirrer is started.
2023-09-24 22:11:24,775 - jobID_0_AI::DEBUG -- [LA] : move center-->Start!
2023-09-24 22:11:25,867 - jobID_0_AI::DEBUG -- [LA] : move center-->Done!
2023-09-24 22:11:26,919 - jobID_0_AI::DEBUG -- [STORAGE] : open-->Start!
2023-09-24 22:11:30,049 - jobID_0_AI::DEBUG -- [STORAGE] : open-->Done!
2023-09-24 22:11:33,053 - jobID_0_AI::DEBUG -- [DS_B] : prepare container-->Start!
