2023-09-24 22:28:39,257 - jobID_0_AI::INFO -- [JobExecution] : [jobID=0] Algorithm, model : BayesianOptimization
2023-09-24 22:28:39,267 - jobID_0_AI::INFO -- [JobExecution] : ######### Cycle start #########
2023-09-24 22:28:39,268 - jobID_0_AI::INFO -- [BayesianOptimization] : batchSize=6
2023-09-24 22:28:39,287 - jobID_0_AI::INFO -- [Algorithm [0]] : next_point 0: {'AddSolution=AgNO3_Concentration': 275, 'AddSolution=AgNO3_Volume': 200, 'AddSolution=AgNO3_Injectionrate': 50}
2023-09-24 22:28:39,292 - jobID_0_AI::INFO -- [Algorithm [1]] : next_point 1: {'AddSolution=AgNO3_Concentration': 125, 'AddSolution=AgNO3_Volume': 350, 'AddSolution=AgNO3_Injectionrate': 50}
2023-09-24 22:28:39,292 - jobID_0_AI::INFO -- [Algorithm [2]] : next_point 2: {'AddSolution=AgNO3_Concentration': 300, 'AddSolution=AgNO3_Volume': 1050, 'AddSolution=AgNO3_Injectionrate': 150}
2023-09-24 22:28:39,298 - jobID_0_AI::INFO -- [Algorithm [3]] : next_point 3: {'AddSolution=AgNO3_Concentration': 125, 'AddSolution=AgNO3_Volume': 600, 'AddSolution=AgNO3_Injectionrate': 100}
2023-09-24 22:28:39,298 - jobID_0_AI::INFO -- [Algorithm [4]] : next_point 4: {'AddSolution=AgNO3_Concentration': 75, 'AddSolution=AgNO3_Volume': 750, 'AddSolution=AgNO3_Injectionrate': 100}
2023-09-24 22:28:39,298 - jobID_0_AI::INFO -- [Algorithm [5]] : next_point 5: {'AddSolution=AgNO3_Concentration': 225, 'AddSolution=AgNO3_Volume': 900, 'AddSolution=AgNO3_Injectionrate': 150}
2023-09-24 22:28:39,358 - jobID_0_AI::INFO -- [ProcessGenerator] : Allocate all of process based on job script!
2023-09-24 22:28:39,358 - jobID_0_AI::INFO -- [JobExecution] : ######### [jobID_0_AI-HJ] Cycle 1/3 is running #########
2023-09-24 22:28:39,364 - jobID_0_AI::INFO -- [TaskScheduler] : check location: {'BatchSynthesis': {'Stirrer': ['?', '?', '?', '?', '?', '?', '?', '?'], 'vialHolder': ['?', '?', '?', '?', '?', '?', '?', '?']}, 'UV': {'vialHolder': ['?', '?', '?', '?', '?', '?', '?', '?']}}
2023-09-24 22:28:39,374 - jobID_0_AI::INFO -- [TaskScheduler] : BatchSynthesis is started, allocate location: {'Stirrer': [0, 1, 2, 3, 4, 5], 'vialHolder': [0, 1, 2, 3, 4, 5]}
2023-09-24 22:28:39,384 - jobID_0_AI::INFO -- [TaskScheduler] : check location after allocation: {'BatchSynthesis': {'Stirrer': [0, 0, 0, 0, 0, 0, '?', '?'], 'vialHolder': [0, 0, 0, 0, 0, 0, '?', '?']}, 'UV': {'vialHolder': ['?', '?', '?', '?', '?', '?', '?', '?']}}
2023-09-24 22:28:42,489 - jobID_0_AI::DEBUG -- [Batch] : storage_empty_to_stirrer is started.
2023-09-24 22:28:42,499 - jobID_0_AI::DEBUG -- [Batch] : vial_num_list: [0, 1, 2, 3, 4, 5]
2023-09-24 22:28:42,510 - jobID_0_AI::DEBUG -- [Batch] : line_num_list: [0, 0, 0, 0, 0, 0]
2023-09-24 22:28:42,520 - jobID_0_AI::DEBUG -- [Batch] : vialHolder_list: [0, 1, 2, 3, 4, 5]
2023-09-24 22:28:42,530 - jobID_0_AI::DEBUG -- [Batch] : Start Robot Queue : storage_empty_to_stirrer is started.
2023-09-24 22:28:42,540 - jobID_0_AI::DEBUG -- [LA] : move center-->Start!
2023-09-24 22:28:43,708 - jobID_0_AI::DEBUG -- [LA] : move center-->Done!
2023-09-24 22:28:44,765 - jobID_0_AI::DEBUG -- [STORAGE] : open-->Start!
2023-09-24 22:28:47,903 - jobID_0_AI::DEBUG -- [STORAGE] : open-->Done!
2023-09-24 22:28:50,968 - jobID_0_AI::DEBUG -- [DS_B] : prepare container-->Start!
2023-09-24 22:28:53,176 - jobID_0_AI::DEBUG -- [DS_B] : prepare container-->Done!
2023-09-24 22:28:53,187 - jobID_0_AI::DEBUG -- [Batch] : Finish Robot Queue : storage_empty_to_stirrer is done.
2023-09-24 22:28:57,339 - jobID_0_AI::DEBUG -- [Batch] : storage_empty_to_stirrer is started.
2023-09-24 22:28:57,350 - jobID_0_AI::DEBUG -- [Batch] : Start Robot Queue : storage_empty_to_stirrer is started.
2023-09-24 22:28:57,360 - jobID_0_AI::DEBUG -- [LA] : move center-->Start!
2023-09-24 22:28:58,507 - jobID_0_AI::DEBUG -- [LA] : move center-->Done!
2023-09-24 22:28:59,565 - jobID_0_AI::DEBUG -- [STORAGE] : open-->Start!
2023-09-24 22:29:02,701 - jobID_0_AI::DEBUG -- [STORAGE] : open-->Done!
2023-09-24 22:29:05,765 - jobID_0_AI::DEBUG -- [DS_B] : prepare container-->Start!
2023-09-24 22:29:07,999 - jobID_0_AI::DEBUG -- [DS_B] : prepare container-->Done!
2023-09-24 22:29:08,009 - jobID_0_AI::DEBUG -- [Batch] : Finish Robot Queue : storage_empty_to_stirrer is done.
2023-09-24 22:29:12,162 - jobID_0_AI::DEBUG -- [Batch] : storage_empty_to_stirrer is started.
2023-09-24 22:29:12,173 - jobID_0_AI::DEBUG -- [Batch] : Start Robot Queue : storage_empty_to_stirrer is started.
2023-09-24 22:29:12,183 - jobID_0_AI::DEBUG -- [LA] : move center-->Start!
2023-09-24 22:29:13,253 - jobID_0_AI::DEBUG -- [LA] : move center-->Done!
2023-09-24 22:29:14,311 - jobID_0_AI::DEBUG -- [STORAGE] : open-->Start!
2023-09-24 22:29:17,509 - jobID_0_AI::DEBUG -- [STORAGE] : open-->Done!
2023-09-24 22:29:20,574 - jobID_0_AI::DEBUG -- [DS_B] : prepare container-->Start!
2023-09-24 22:29:54,693 - jobID_0_AI::DEBUG -- [DS_B] : prepare container-->Done!
2023-09-24 22:29:54,704 - jobID_0_AI::DEBUG -- [Batch] : Finish Robot Queue : storage_empty_to_stirrer is done.
2023-09-24 22:29:58,857 - jobID_0_AI::DEBUG -- [Batch] : storage_empty_to_stirrer is started.
2023-09-24 22:29:58,867 - jobID_0_AI::DEBUG -- [Batch] : Start Robot Queue : storage_empty_to_stirrer is started.
2023-09-24 22:29:58,877 - jobID_0_AI::DEBUG -- [LA] : move center-->Start!
2023-09-24 22:29:59,969 - jobID_0_AI::DEBUG -- [LA] : move center-->Done!
2023-09-24 22:30:01,021 - jobID_0_AI::DEBUG -- [STORAGE] : open-->Start!
2023-09-24 22:30:04,222 - jobID_0_AI::DEBUG -- [STORAGE] : open-->Done!
2023-09-24 22:30:07,287 - jobID_0_AI::DEBUG -- [DS_B] : prepare container-->Start!
2023-09-24 22:30:09,484 - jobID_0_AI::DEBUG -- [DS_B] : prepare container-->Done!
2023-09-24 22:30:09,494 - jobID_0_AI::DEBUG -- [Batch] : Finish Robot Queue : storage_empty_to_stirrer is done.
2023-09-24 22:30:13,647 - jobID_0_AI::DEBUG -- [Batch] : storage_empty_to_stirrer is started.
2023-09-24 22:30:13,658 - jobID_0_AI::DEBUG -- [Batch] : Start Robot Queue : storage_empty_to_stirrer is started.
2023-09-24 22:30:13,668 - jobID_0_AI::DEBUG -- [LA] : move center-->Start!
2023-09-24 22:30:14,847 - jobID_0_AI::DEBUG -- [LA] : move center-->Done!
2023-09-24 22:30:15,905 - jobID_0_AI::DEBUG -- [STORAGE] : open-->Start!
2023-09-24 22:30:19,137 - jobID_0_AI::DEBUG -- [STORAGE] : open-->Done!
2023-09-24 22:30:22,202 - jobID_0_AI::DEBUG -- [DS_B] : prepare container-->Start!
2023-09-24 22:30:24,393 - jobID_0_AI::DEBUG -- [DS_B] : prepare container-->Done!
2023-09-24 22:30:24,403 - jobID_0_AI::DEBUG -- [Batch] : Finish Robot Queue : storage_empty_to_stirrer is done.
2023-09-24 22:30:28,556 - jobID_0_AI::DEBUG -- [Batch] : storage_empty_to_stirrer is started.
2023-09-24 22:30:28,567 - jobID_0_AI::DEBUG -- [Batch] : Start Robot Queue : storage_empty_to_stirrer is started.
2023-09-24 22:30:28,577 - jobID_0_AI::DEBUG -- [LA] : move center-->Start!
2023-09-24 22:30:29,670 - jobID_0_AI::DEBUG -- [LA] : move center-->Done!
2023-09-24 22:30:30,727 - jobID_0_AI::DEBUG -- [STORAGE] : open-->Start!
2023-09-24 22:30:33,880 - jobID_0_AI::DEBUG -- [STORAGE] : open-->Done!
2023-09-24 22:30:36,944 - jobID_0_AI::DEBUG -- [DS_B] : prepare container-->Start!
2023-09-24 22:30:39,071 - jobID_0_AI::DEBUG -- [DS_B] : prepare container-->Done!
2023-09-24 22:30:39,082 - jobID_0_AI::DEBUG -- [Batch] : Finish Robot Queue : storage_empty_to_stirrer is done.
2023-09-24 22:30:43,194 - jobID_0_AI::DEBUG -- [LA] : move down-->Start!
2023-09-24 22:30:44,295 - jobID_0_AI::DEBUG -- [LA] : move down-->Done!
2023-09-24 22:30:44,306 - jobID_0_AI::DEBUG -- [Batch] : Start Injection Queue --> Citrate,20mM,1200μL,200μL/s
2023-09-24 22:30:44,311 - jobID_0_AI::DEBUG -- [PUMP] : prepare solution-->Start!
2023-09-24 22:30:48,168 - jobID_0_AI::DEBUG -- [PUMP] : prepare solution-->Done!
2023-09-24 22:30:48,178 - jobID_0_AI::DEBUG -- [LA] : move up-->Start!
2023-09-24 22:30:49,280 - jobID_0_AI::DEBUG -- [LA] : move up-->Done!
2023-09-24 22:30:49,290 - jobID_0_AI::DEBUG -- [LA] : move center-->Start!
2023-09-24 22:30:50,379 - jobID_0_AI::DEBUG -- [LA] : move center-->Done!
2023-09-24 22:30:51,416 - jobID_0_AI::DEBUG -- [Batch] : Finish Injection Queue
2023-09-24 22:30:54,479 - jobID_0_AI::DEBUG -- [LA] : move down-->Start!
2023-09-24 22:30:55,567 - jobID_0_AI::DEBUG -- [LA] : move down-->Done!
2023-09-24 22:30:55,578 - jobID_0_AI::DEBUG -- [Batch] : Start Injection Queue --> Citrate,20mM,1200μL,200μL/s
2023-09-24 22:30:55,588 - jobID_0_AI::DEBUG -- [PUMP] : prepare solution-->Start!
2023-09-24 22:30:59,263 - jobID_0_AI::DEBUG -- [PUMP] : prepare solution-->Done!
2023-09-24 22:30:59,274 - jobID_0_AI::DEBUG -- [LA] : move up-->Start!
2023-09-24 22:31:00,358 - jobID_0_AI::DEBUG -- [LA] : move up-->Done!
2023-09-24 22:31:00,369 - jobID_0_AI::DEBUG -- [LA] : move center-->Start!
2023-09-24 22:31:01,426 - jobID_0_AI::DEBUG -- [LA] : move center-->Done!
2023-09-24 22:31:02,463 - jobID_0_AI::DEBUG -- [Batch] : Finish Injection Queue
2023-09-24 22:31:05,528 - jobID_0_AI::DEBUG -- [LA] : move down-->Start!
2023-09-24 22:31:06,605 - jobID_0_AI::DEBUG -- [LA] : move down-->Done!
2023-09-24 22:31:06,615 - jobID_0_AI::DEBUG -- [Batch] : Start Injection Queue --> Citrate,20mM,1200μL,200μL/s
2023-09-24 22:31:06,626 - jobID_0_AI::DEBUG -- [PUMP] : prepare solution-->Start!
2023-09-24 22:31:10,313 - jobID_0_AI::DEBUG -- [PUMP] : prepare solution-->Done!
2023-09-24 22:31:10,323 - jobID_0_AI::DEBUG -- [LA] : move up-->Start!
2023-09-24 22:31:11,427 - jobID_0_AI::DEBUG -- [LA] : move up-->Done!
2023-09-24 22:31:11,437 - jobID_0_AI::DEBUG -- [LA] : move center-->Start!
2023-09-24 22:31:12,533 - jobID_0_AI::DEBUG -- [LA] : move center-->Done!
2023-09-24 22:31:13,570 - jobID_0_AI::DEBUG -- [Batch] : Finish Injection Queue
2023-09-24 22:31:16,635 - jobID_0_AI::DEBUG -- [LA] : move down-->Start!
2023-09-24 22:31:17,751 - jobID_0_AI::DEBUG -- [LA] : move down-->Done!
2023-09-24 22:31:17,762 - jobID_0_AI::DEBUG -- [Batch] : Start Injection Queue --> Citrate,20mM,1200μL,200μL/s
2023-09-24 22:31:17,772 - jobID_0_AI::DEBUG -- [PUMP] : prepare solution-->Start!
2023-09-24 22:31:21,471 - jobID_0_AI::DEBUG -- [PUMP] : prepare solution-->Done!
2023-09-24 22:31:21,481 - jobID_0_AI::DEBUG -- [LA] : move up-->Start!
2023-09-24 22:31:22,577 - jobID_0_AI::DEBUG -- [LA] : move up-->Done!
2023-09-24 22:31:22,587 - jobID_0_AI::DEBUG -- [LA] : move center-->Start!
2023-09-24 22:31:23,670 - jobID_0_AI::DEBUG -- [LA] : move center-->Done!
2023-09-24 22:31:24,707 - jobID_0_AI::DEBUG -- [Batch] : Finish Injection Queue
2023-09-24 22:31:27,771 - jobID_0_AI::DEBUG -- [LA] : move down-->Start!
