2023-09-24 22:36:31,957 - jobID_0_AI::INFO -- [JobExecution] : [jobID=0] Algorithm, model : BayesianOptimization
2023-09-24 22:36:31,978 - jobID_0_AI::INFO -- [JobExecution] : ######### Cycle start #########
2023-09-24 22:36:31,978 - jobID_0_AI::INFO -- [BayesianOptimization] : batchSize=6
2023-09-24 22:36:31,983 - jobID_0_AI::INFO -- [Algorithm [0]] : next_point 0: {'AddSolution=AgNO3_Concentration': 175, 'AddSolution=AgNO3_Volume': 500, 'AddSolution=AgNO3_Injectionrate': 50}
2023-09-24 22:36:31,988 - jobID_0_AI::INFO -- [Algorithm [1]] : next_point 1: {'AddSolution=AgNO3_Concentration': 50, 'AddSolution=AgNO3_Volume': 300, 'AddSolution=AgNO3_Injectionrate': 150}
2023-09-24 22:36:31,998 - jobID_0_AI::INFO -- [Algorithm [2]] : next_point 2: {'AddSolution=AgNO3_Concentration': 325, 'AddSolution=AgNO3_Volume': 150, 'AddSolution=AgNO3_Injectionrate': 150}
2023-09-24 22:36:32,008 - jobID_0_AI::INFO -- [Algorithm [3]] : next_point 3: {'AddSolution=AgNO3_Concentration': 75, 'AddSolution=AgNO3_Volume': 900, 'AddSolution=AgNO3_Injectionrate': 100}
2023-09-24 22:36:32,019 - jobID_0_AI::INFO -- [Algorithm [4]] : next_point 4: {'AddSolution=AgNO3_Concentration': 250, 'AddSolution=AgNO3_Volume': 1100, 'AddSolution=AgNO3_Injectionrate': 50}
2023-09-24 22:36:32,029 - jobID_0_AI::INFO -- [Algorithm [5]] : next_point 5: {'AddSolution=AgNO3_Concentration': 250, 'AddSolution=AgNO3_Volume': 700, 'AddSolution=AgNO3_Injectionrate': 100}
2023-09-24 22:36:32,068 - jobID_0_AI::INFO -- [ProcessGenerator] : Allocate all of process based on job script!
2023-09-24 22:36:32,073 - jobID_0_AI::INFO -- [JobExecution] : ######### [jobID_0_AI-HJ] Cycle 1/3 is running #########
2023-09-24 22:36:32,074 - jobID_0_AI::INFO -- [TaskScheduler] : check location: {'BatchSynthesis': {'Stirrer': ['?', '?', '?', '?', '?', '?', '?', '?'], 'vialHolder': ['?', '?', '?', '?', '?', '?', '?', '?']}, 'UV': {'vialHolder': ['?', '?', '?', '?', '?', '?', '?', '?']}}
2023-09-24 22:36:32,074 - jobID_0_AI::INFO -- [TaskScheduler] : BatchSynthesis is started, allocate location: {'Stirrer': [0, 1, 2, 3, 4, 5], 'vialHolder': [0, 1, 2, 3, 4, 5]}
2023-09-24 22:36:32,074 - jobID_0_AI::INFO -- [TaskScheduler] : check location after allocation: {'BatchSynthesis': {'Stirrer': [0, 0, 0, 0, 0, 0, '?', '?'], 'vialHolder': [0, 0, 0, 0, 0, 0, '?', '?']}, 'UV': {'vialHolder': ['?', '?', '?', '?', '?', '?', '?', '?']}}
2023-09-24 22:36:35,180 - jobID_0_AI::DEBUG -- [Batch] : storage_empty_to_stirrer is started.
2023-09-24 22:36:35,190 - jobID_0_AI::DEBUG -- [Batch] : vial_num_list: [0, 1, 2, 3, 4, 5]
2023-09-24 22:36:35,201 - jobID_0_AI::DEBUG -- [Batch] : line_num_list: [0, 0, 0, 0, 0, 0]
2023-09-24 22:36:35,211 - jobID_0_AI::DEBUG -- [Batch] : vialHolder_list: [0, 1, 2, 3, 4, 5]
2023-09-24 22:36:35,221 - jobID_0_AI::DEBUG -- [Batch] : Start Robot Queue : storage_empty_to_stirrer is started.
2023-09-24 22:36:35,231 - jobID_0_AI::DEBUG -- [LA] : move center-->Start!
2023-09-24 22:36:36,437 - jobID_0_AI::DEBUG -- [LA] : move center-->Done!
2023-09-24 22:36:37,495 - jobID_0_AI::DEBUG -- [STORAGE] : open-->Start!
2023-09-24 22:36:40,624 - jobID_0_AI::DEBUG -- [STORAGE] : open-->Done!
2023-09-24 22:36:43,688 - jobID_0_AI::DEBUG -- [DS_B] : prepare container-->Start!
2023-09-24 22:36:45,847 - jobID_0_AI::DEBUG -- [DS_B] : prepare container-->Done!
2023-09-24 22:36:45,857 - jobID_0_AI::DEBUG -- [Batch] : Finish Robot Queue : storage_empty_to_stirrer is done.
2023-09-24 22:36:50,009 - jobID_0_AI::DEBUG -- [Batch] : storage_empty_to_stirrer is started.
2023-09-24 22:36:50,019 - jobID_0_AI::DEBUG -- [Batch] : Start Robot Queue : storage_empty_to_stirrer is started.
2023-09-24 22:36:50,030 - jobID_0_AI::DEBUG -- [LA] : move center-->Start!
2023-09-24 22:36:51,175 - jobID_0_AI::DEBUG -- [LA] : move center-->Done!
2023-09-24 22:36:52,227 - jobID_0_AI::DEBUG -- [STORAGE] : open-->Start!
2023-09-24 22:36:55,349 - jobID_0_AI::DEBUG -- [STORAGE] : open-->Done!
2023-09-24 22:36:58,409 - jobID_0_AI::DEBUG -- [DS_B] : prepare container-->Start!
