2023-09-12 11:42:25,465 - figure_5_prepare::INFO -- [JobExecution] : [jobID=1] Algorithm, model : Automatic
2023-09-12 11:51:36,489 - figure_5_prepare::INFO -- [JobExecution] : ######### Cycle start #########
2023-09-12 11:51:36,490 - figure_5_prepare::INFO -- [Automatic] : total experiments=2
2023-09-12 11:51:36,490 - figure_5_prepare::INFO -- [Automatic [0]] : next_point 0: {'AddSolution=AgNO3_Concentration': 0.0125, 'AddSolution=AgNO3_Volume': 1000, 'AddSolution=AgNO3_Injectionrate': 100}
2023-09-12 11:51:36,490 - figure_5_prepare::INFO -- [Automatic [1]] : next_point 1: {'AddSolution=AgNO3_Concentration': 0.0125, 'AddSolution=AgNO3_Volume': 1000, 'AddSolution=AgNO3_Injectionrate': 100}
2023-09-12 11:51:36,491 - figure_5_prepare::INFO -- [ProcessGenerator] : Allocate all of process based on job script!
2023-09-12 11:51:36,491 - figure_5_prepare::INFO -- [JobExecution] : ######### [figure_5_prepare-HJ] Experiment 2 is running #########
2023-09-12 11:51:36,525 - figure_5_prepare::INFO -- [TaskScheduler] : check location: {'BatchSynthesis': {'Stirrer': [0, 0, '?', '?', '?', '?', '?', '?'], 'vialHolder': [0, 0, '?', '?', '?', '?', '?', '?']}, 'UV': {'vialHolder': ['?', '?', '?', '?', '?', '?', '?', '?']}}
2023-09-12 11:51:36,525 - figure_5_prepare::INFO -- [TaskScheduler] : BatchSynthesis is started, allocate location: {'Stirrer': [2, 3], 'vialHolder': [2, 3]}
2023-09-12 11:51:36,525 - figure_5_prepare::INFO -- [TaskScheduler] : check location after allocation: {'BatchSynthesis': {'Stirrer': [0, 0, 1, 1, '?', '?', '?', '?'], 'vialHolder': [0, 0, 1, 1, '?', '?', '?', '?']}, 'UV': {'vialHolder': ['?', '?', '?', '?', '?', '?', '?', '?']}}
2023-09-12 11:51:39,531 - figure_5_prepare::DEBUG -- [Batch] : storage_empty_to_stirrer is started.
2023-09-12 11:51:39,532 - figure_5_prepare::DEBUG -- [Batch] : vial_num_list: [2, 3]
2023-09-12 11:51:39,545 - figure_5_prepare::DEBUG -- [Batch] : line_num_list: [0, 0]
2023-09-12 11:51:39,545 - figure_5_prepare::DEBUG -- [Batch] : vialHolder_list: [2, 3]
2023-09-12 11:51:39,546 - figure_5_prepare::DEBUG -- [Batch] : Start Robot Queue : storage_empty_to_stirrer is started.
2023-09-12 11:51:39,546 - figure_5_prepare::DEBUG -- [LA] : move center-->Start!
2023-09-12 11:51:41,759 - figure_5_prepare::DEBUG -- [LA] : move center-->Done!
2023-09-12 11:51:42,761 - figure_5_prepare::DEBUG -- [STORAGE] : open-->Start!
2023-09-12 11:51:54,293 - figure_5_prepare::DEBUG -- [STORAGE] : open-->Done!
2023-09-12 11:51:57,297 - figure_5_prepare::DEBUG -- [DS_B] : prepare container-->Start!
2023-09-12 11:52:27,481 - figure_5_prepare::DEBUG -- [DS_B] : prepare container-->Done!
2023-09-12 11:52:27,481 - figure_5_prepare::DEBUG -- [Batch] : Finish Robot Queue : storage_empty_to_stirrer is done.
2023-09-12 11:52:31,489 - figure_5_prepare::DEBUG -- [Batch] : storage_empty_to_stirrer is started.
2023-09-12 11:52:31,489 - figure_5_prepare::DEBUG -- [Batch] : Start Robot Queue : storage_empty_to_stirrer is started.
2023-09-12 11:52:31,489 - figure_5_prepare::DEBUG -- [LA] : move center-->Start!
2023-09-12 11:52:33,681 - figure_5_prepare::DEBUG -- [LA] : move center-->Done!
2023-09-12 11:52:34,684 - figure_5_prepare::DEBUG -- [STORAGE] : open-->Start!
2023-09-12 11:52:46,051 - figure_5_prepare::DEBUG -- [STORAGE] : open-->Done!
2023-09-12 11:52:49,055 - figure_5_prepare::DEBUG -- [DS_B] : prepare container-->Start!
2023-09-12 11:53:19,451 - figure_5_prepare::DEBUG -- [DS_B] : prepare container-->Done!
2023-09-12 11:53:19,451 - figure_5_prepare::DEBUG -- [Batch] : Finish Robot Queue : storage_empty_to_stirrer is done.
2023-09-12 11:53:23,457 - figure_5_prepare::DEBUG -- [LA] : move down-->Start!
2023-09-12 11:53:35,731 - figure_5_prepare::DEBUG -- [LA] : move down-->Done!
2023-09-12 11:53:35,731 - figure_5_prepare::DEBUG -- [Batch] : Start Injection Queue --> NaBH4,0.01mM,3000μL,100μL/s
2023-09-12 11:53:35,732 - figure_5_prepare::DEBUG -- [PUMP] : prepare solution-->Start!
2023-09-12 11:54:26,434 - figure_5_prepare::DEBUG -- [PUMP] : prepare solution-->Done!
2023-09-12 11:54:26,434 - figure_5_prepare::DEBUG -- [LA] : move up-->Start!
2023-09-12 11:54:29,826 - figure_5_prepare::DEBUG -- [LA] : move up-->Done!
2023-09-12 11:54:29,826 - figure_5_prepare::DEBUG -- [LA] : move center-->Start!
2023-09-12 11:54:41,153 - figure_5_prepare::DEBUG -- [LA] : move center-->Done!
2023-09-12 11:54:42,156 - figure_5_prepare::DEBUG -- [Batch] : Finish Injection Queue
2023-09-12 11:54:45,160 - figure_5_prepare::DEBUG -- [LA] : move down-->Start!
2023-09-12 11:54:56,003 - figure_5_prepare::DEBUG -- [LA] : move down-->Done!
2023-09-12 11:54:56,003 - figure_5_prepare::DEBUG -- [Batch] : Start Injection Queue --> NaBH4,0.01mM,3000μL,100μL/s
2023-09-12 11:54:56,003 - figure_5_prepare::DEBUG -- [PUMP] : prepare solution-->Start!
2023-09-12 11:55:46,980 - figure_5_prepare::DEBUG -- [PUMP] : prepare solution-->Done!
2023-09-12 11:55:46,981 - figure_5_prepare::DEBUG -- [LA] : move up-->Start!
2023-09-12 11:55:50,341 - figure_5_prepare::DEBUG -- [LA] : move up-->Done!
2023-09-12 11:55:50,342 - figure_5_prepare::DEBUG -- [LA] : move center-->Start!
2023-09-12 11:55:59,936 - figure_5_prepare::DEBUG -- [LA] : move center-->Done!
2023-09-12 11:56:00,939 - figure_5_prepare::DEBUG -- [Batch] : Finish Injection Queue
2023-09-12 11:56:00,939 - figure_5_prepare::DEBUG -- [Batch] : Start Stir Queue 0 (Stirrer)
2023-09-12 11:56:03,345 - figure_5_prepare::DEBUG -- [Batch] : Start Stir Queue 1 (Stirrer)
2023-09-12 11:56:05,598 - figure_5_prepare::DEBUG -- [Batch] : Finish Stir Queue 0 (Stirrer)
2023-09-12 11:56:05,598 - figure_5_prepare::DEBUG -- [Batch] : Finish Stir Queue 1 (Stirrer)
2023-09-12 11:56:05,598 - figure_5_prepare::DEBUG -- [Batch] : Start Heat Queue 0 (Stirrer)
2023-09-12 11:56:07,721 - figure_5_prepare::DEBUG -- [Batch] : Start Heat Queue 1 (Stirrer)
2023-09-12 11:56:10,040 - figure_5_prepare::DEBUG -- [Batch] : Finish Heat Queue 0 (Stirrer)
2023-09-12 11:56:10,041 - figure_5_prepare::DEBUG -- [Batch] : Finish Heat Queue 1 (Stirrer)
2023-09-12 11:56:10,041 - figure_5_prepare::DEBUG -- [Batch] : Start Mix:300s
2023-09-12 11:56:10,042 - figure_5_prepare::DEBUG -- [Batch] : Start Mix:300s
2023-09-12 12:01:10,135 - figure_5_prepare::DEBUG -- [Batch] : Finish Mix:300s
2023-09-12 12:01:10,141 - figure_5_prepare::DEBUG -- [Batch] : Finish Mix:300s
2023-09-12 12:01:13,146 - figure_5_prepare::DEBUG -- [LA] : move down-->Start!
2023-09-12 12:01:25,366 - figure_5_prepare::DEBUG -- [LA] : move down-->Done!
2023-09-12 12:01:25,366 - figure_5_prepare::DEBUG -- [Batch] : Start Injection Queue --> AgNO3,0.0125mM,1000μL,100μL/s
2023-09-12 12:01:25,366 - figure_5_prepare::DEBUG -- [PUMP] : prepare solution-->Start!
2023-09-12 12:01:45,433 - figure_5_prepare::DEBUG -- [PUMP] : prepare solution-->Done!
2023-09-12 12:01:45,433 - figure_5_prepare::DEBUG -- [LA] : move up-->Start!
2023-09-12 12:01:48,749 - figure_5_prepare::DEBUG -- [LA] : move up-->Done!
2023-09-12 12:01:48,750 - figure_5_prepare::DEBUG -- [LA] : move center-->Start!
2023-09-12 12:01:59,841 - figure_5_prepare::DEBUG -- [LA] : move center-->Done!
2023-09-12 12:02:00,842 - figure_5_prepare::DEBUG -- [Batch] : Finish Injection Queue
2023-09-12 12:02:03,847 - figure_5_prepare::DEBUG -- [LA] : move down-->Start!
2023-09-12 12:02:14,712 - figure_5_prepare::DEBUG -- [LA] : move down-->Done!
2023-09-12 12:02:14,713 - figure_5_prepare::DEBUG -- [Batch] : Start Injection Queue --> AgNO3,0.0125mM,1000μL,100μL/s
2023-09-12 12:02:14,713 - figure_5_prepare::DEBUG -- [PUMP] : prepare solution-->Start!
2023-09-12 12:02:34,702 - figure_5_prepare::DEBUG -- [PUMP] : prepare solution-->Done!
2023-09-12 12:02:34,702 - figure_5_prepare::DEBUG -- [LA] : move up-->Start!
2023-09-12 12:02:38,095 - figure_5_prepare::DEBUG -- [LA] : move up-->Done!
2023-09-12 12:02:38,096 - figure_5_prepare::DEBUG -- [LA] : move center-->Start!
2023-09-12 12:02:47,775 - figure_5_prepare::DEBUG -- [LA] : move center-->Done!
2023-09-12 12:02:48,777 - figure_5_prepare::DEBUG -- [Batch] : Finish Injection Queue
2023-09-12 12:02:48,778 - figure_5_prepare::DEBUG -- [Batch] : Start React:3600s
2023-09-12 12:02:48,778 - figure_5_prepare::DEBUG -- [Batch] : Start React:3600s
