2023-06-27 01:02:59,767 - BO_format_1::INFO -- [JobExecution] : [jobID=0] Algorithm, model : BayesianOptimization, batchSize : 4
2023-06-27 01:02:59,767 - BO_format_1::INFO -- [JobExecution] : ######### Cycle start #########
2023-06-27 01:02:59,767 - BO_format_1::INFO -- [Algorithm] : utility_type=ucb, iter_num=0, batchSize=4
2023-06-27 01:02:59,778 - BO_format_1::INFO -- [Algorithm [0]] : next_point 0: {'AddSolution=AgNO3_Concentration': 0, 'AddSolution=AgNO3_Volume': 750, 'AddSolution=AgNO3_Injectionrate': 150}
2023-06-27 01:02:59,788 - BO_format_1::INFO -- [Algorithm [1]] : next_point 1: {'AddSolution=AgNO3_Concentration': 0, 'AddSolution=AgNO3_Volume': 800, 'AddSolution=AgNO3_Injectionrate': 100}
2023-06-27 01:02:59,799 - BO_format_1::INFO -- [Algorithm [2]] : next_point 2: {'AddSolution=AgNO3_Concentration': 0, 'AddSolution=AgNO3_Volume': 1150, 'AddSolution=AgNO3_Injectionrate': 150}
2023-06-27 01:02:59,804 - BO_format_1::INFO -- [Algorithm [3]] : next_point 3: {'AddSolution=AgNO3_Concentration': 0, 'AddSolution=AgNO3_Volume': 650, 'AddSolution=AgNO3_Injectionrate': 150}
2023-06-27 01:02:59,970 - BO_format_1::INFO -- [JobExecution] : ######### Cycle 1/1 is running #########
2023-06-27 01:03:00,016 - BO_format_1::INFO -- [TaskScheduler] : BatchSynthesis allocate location: {'Stirrer': [0, 1, 2, 3], 'vialHolder': [0, 1, 2, 3]}
2023-06-27 01:03:00,026 - BO_format_1::INFO -- [Batch] : Start Robot Queue : Batch motion (storage_empty_to_stirrer) is started.
2023-06-27 01:03:00,036 - BO_format_1::INFO -- [Batch] : vial_num_list: [0, 1, 2, 3]
2023-06-27 01:03:00,046 - BO_format_1::INFO -- [Batch] : line_num_list: [0, 0, 0, 0]
2023-06-27 01:03:00,057 - BO_format_1::INFO -- [Batch] : vialHolder_list: [0, 1, 2, 3]
2023-06-27 01:03:06,665 - BO_format_1::INFO -- [Batch] : Finish Robot Queue : Batch motion (storage_empty_to_stirrer) is done.
2023-06-27 01:03:06,675 - BO_format_1::INFO -- [Batch] : Start Robot Queue : Batch motion (storage_empty_to_stirrer) is started.
2023-06-27 01:03:13,414 - BO_format_1::INFO -- [Batch] : Finish Robot Queue : Batch motion (storage_empty_to_stirrer) is done.
2023-06-27 01:03:13,425 - BO_format_1::INFO -- [Batch] : Start Robot Queue : Batch motion (storage_empty_to_stirrer) is started.
2023-06-27 01:03:20,143 - BO_format_1::INFO -- [Batch] : Finish Robot Queue : Batch motion (storage_empty_to_stirrer) is done.
2023-06-27 01:03:20,153 - BO_format_1::INFO -- [Batch] : Start Robot Queue : Batch motion (storage_empty_to_stirrer) is started.
2023-06-27 01:03:26,690 - BO_format_1::INFO -- [Batch] : Finish Robot Queue : Batch motion (storage_empty_to_stirrer) is done.
2023-06-27 01:03:26,701 - BO_format_1::INFO -- [Batch] : Prepare Injection Queue (LA, Pump)
2023-06-27 01:03:29,678 - BO_format_1::INFO -- [Batch] : Start Injection Queue (LA, Pump)
2023-06-27 01:03:36,610 - BO_format_1::INFO -- [Batch] : Finish Injection Queue (LA, Pump)
2023-06-27 01:03:38,627 - BO_format_1::INFO -- [Batch] : Prepare Injection Queue (LA, Pump)
2023-06-27 01:03:41,635 - BO_format_1::INFO -- [Batch] : Start Injection Queue (LA, Pump)
2023-06-27 01:03:48,220 - BO_format_1::INFO -- [Batch] : Finish Injection Queue (LA, Pump)
2023-06-27 01:03:54,720 - BO_format_1::INFO -- [Batch] : Prepare Injection Queue (LA, Pump)
2023-06-27 01:03:57,732 - BO_format_1::INFO -- [Batch] : Start Injection Queue (LA, Pump)
2023-06-27 01:04:04,559 - BO_format_1::INFO -- [Batch] : Finish Injection Queue (LA, Pump)
2023-06-27 01:04:11,090 - BO_format_1::INFO -- [Batch] : Prepare Injection Queue (LA, Pump)
2023-06-27 01:04:14,093 - BO_format_1::INFO -- [Batch] : Start Injection Queue (LA, Pump)
2023-06-27 01:04:20,699 - BO_format_1::INFO -- [Batch] : Finish Injection Queue (LA, Pump)
2023-06-27 01:04:27,227 - BO_format_1::INFO -- [Batch] : Prepare Injection Queue (LA, Pump)
2023-06-27 01:04:30,344 - BO_format_1::INFO -- [Batch] : Start Injection Queue (LA, Pump)
2023-06-27 01:04:36,752 - BO_format_1::INFO -- [Batch] : Finish Injection Queue (LA, Pump)
2023-06-27 01:04:52,797 - BO_format_1::INFO -- [Batch] : Prepare Injection Queue (LA, Pump)
2023-06-27 01:04:55,856 - BO_format_1::INFO -- [Batch] : Start Injection Queue (LA, Pump)
2023-06-27 01:05:02,611 - BO_format_1::INFO -- [Batch] : Finish Injection Queue (LA, Pump)
2023-06-27 01:05:12,201 - BO_format_1::INFO -- [Batch] : Prepare Injection Queue (LA, Pump)
2023-06-27 01:05:15,252 - BO_format_1::INFO -- [Batch] : Start Injection Queue (LA, Pump)
2023-06-27 01:05:21,689 - BO_format_1::INFO -- [Batch] : Finish Injection Queue (LA, Pump)
2023-06-27 01:05:31,231 - BO_format_1::INFO -- [Batch] : Prepare Injection Queue (LA, Pump)
2023-06-27 01:05:34,204 - BO_format_1::INFO -- [Batch] : Start Injection Queue (LA, Pump)
2023-06-27 01:05:40,607 - BO_format_1::INFO -- [Batch] : Finish Injection Queue (LA, Pump)
2023-06-27 01:05:50,158 - BO_format_1::INFO -- [Batch] : Prepare Injection Queue (LA, Pump)
2023-06-27 01:05:53,146 - BO_format_1::INFO -- [Batch] : Start Injection Queue (LA, Pump)
2023-06-27 01:05:59,639 - BO_format_1::INFO -- [Batch] : Finish Injection Queue (LA, Pump)
2023-06-27 01:06:09,034 - BO_format_1::INFO -- [Batch] : Prepare Injection Queue (LA, Pump)
2023-06-27 01:06:11,983 - BO_format_1::INFO -- [Batch] : Start Injection Queue (LA, Pump)
2023-06-27 01:06:18,385 - BO_format_1::INFO -- [Batch] : Finish Injection Queue (LA, Pump)
2023-06-27 01:06:27,674 - BO_format_1::INFO -- [Batch] : Prepare Injection Queue (LA, Pump)
2023-06-27 01:06:30,782 - BO_format_1::INFO -- [Batch] : Start Injection Queue (LA, Pump)
2023-06-27 01:06:37,078 - BO_format_1::INFO -- [Batch] : Finish Injection Queue (LA, Pump)
2023-06-27 01:06:46,552 - BO_format_1::INFO -- [Batch] : Prepare Injection Queue (LA, Pump)
2023-06-27 01:06:49,521 - BO_format_1::INFO -- [Batch] : Start Injection Queue (LA, Pump)
2023-06-27 01:06:56,173 - BO_format_1::INFO -- [Batch] : Finish Injection Queue (LA, Pump)
2023-06-27 01:06:58,181 - BO_format_1::INFO -- [Batch] : Start Stir Queue 0 (Stirrer)
2023-06-27 01:06:59,383 - BO_format_1::INFO -- [Batch] : Start Stir Queue 1 (Stirrer)
2023-06-27 01:07:00,513 - BO_format_1::INFO -- [Batch] : Start Stir Queue 2 (Stirrer)
2023-06-27 01:07:01,867 - BO_format_1::INFO -- [Batch] : Start Stir Queue 3 (Stirrer)
2023-06-27 01:07:03,063 - BO_format_1::INFO -- [Batch] : Finish Stir Queue 0 (Stirrer)
2023-06-27 01:07:03,064 - BO_format_1::INFO -- [Batch] : Finish Stir Queue 1 (Stirrer)
2023-06-27 01:07:03,064 - BO_format_1::INFO -- [Batch] : Finish Stir Queue 2 (Stirrer)
2023-06-27 01:07:03,064 - BO_format_1::INFO -- [Batch] : Finish Stir Queue 3 (Stirrer)
2023-06-27 01:07:03,064 - BO_format_1::INFO -- [Batch] : Start Heat Queue (Stirrer)
2023-06-27 01:07:04,179 - BO_format_1::INFO -- [Batch] : Start Heat Queue (Stirrer)
2023-06-27 01:07:05,449 - BO_format_1::INFO -- [Batch] : Start Heat Queue (Stirrer)
2023-06-27 01:07:06,562 - BO_format_1::INFO -- [Batch] : Start Heat Queue (Stirrer)
2023-06-27 01:07:07,631 - BO_format_1::INFO -- [Batch] : Finish Heat Queue 0 (Stirrer)
2023-06-27 01:07:07,631 - BO_format_1::INFO -- [Batch] : Finish Heat Queue 1 (Stirrer)
2023-06-27 01:07:07,632 - BO_format_1::INFO -- [Batch] : Finish Heat Queue 2 (Stirrer)
2023-06-27 01:07:07,632 - BO_format_1::INFO -- [Batch] : Finish Heat Queue 3 (Stirrer)
2023-06-27 01:07:07,633 - BO_format_1::INFO -- [Batch] : Start Wait:1s
2023-06-27 01:07:07,633 - BO_format_1::INFO -- [Batch] : check Wait:1s
2023-06-27 01:07:07,634 - BO_format_1::INFO -- [Batch] : Finish Wait:1s
2023-06-27 01:07:07,634 - BO_format_1::INFO -- [Batch] : Start Wait:1s
2023-06-27 01:07:07,635 - BO_format_1::INFO -- [Batch] : check Wait:1s
2023-06-27 01:07:07,635 - BO_format_1::INFO -- [Batch] : Finish Wait:1s
2023-06-27 01:07:07,635 - BO_format_1::INFO -- [Batch] : Start Wait:1s
2023-06-27 01:07:07,636 - BO_format_1::INFO -- [Batch] : Start Wait:1s
2023-06-27 01:07:07,636 - BO_format_1::INFO -- [Batch] : check Wait:1s
2023-06-27 01:07:07,637 - BO_format_1::INFO -- [Batch] : check Wait:1s
2023-06-27 01:07:07,637 - BO_format_1::INFO -- [Batch] : Finish Wait:1s
2023-06-27 01:07:07,638 - BO_format_1::INFO -- [Batch] : Finish Wait:1s
2023-06-27 01:07:07,639 - BO_format_1::INFO -- [Batch] : Prepare Injection Queue (LA, Pump)
2023-06-27 01:07:10,633 - BO_format_1::INFO -- [Batch] : Start Injection Queue (LA, Pump)
2023-06-27 01:07:17,329 - BO_format_1::INFO -- [Batch] : Finish Injection Queue (LA, Pump)
2023-06-27 01:07:26,898 - BO_format_1::INFO -- [Batch] : Prepare Injection Queue (LA, Pump)
2023-06-27 01:07:29,895 - BO_format_1::INFO -- [Batch] : Start Injection Queue (LA, Pump)
2023-06-27 01:07:36,468 - BO_format_1::INFO -- [Batch] : Finish Injection Queue (LA, Pump)
2023-06-27 01:07:45,855 - BO_format_1::INFO -- [Batch] : Prepare Injection Queue (LA, Pump)
2023-06-27 01:07:48,724 - BO_format_1::INFO -- [Batch] : Start Injection Queue (LA, Pump)
2023-06-27 01:07:55,172 - BO_format_1::INFO -- [Batch] : Finish Injection Queue (LA, Pump)
2023-06-27 01:08:04,838 - BO_format_1::INFO -- [Batch] : Prepare Injection Queue (LA, Pump)
2023-06-27 01:08:07,808 - BO_format_1::INFO -- [Batch] : Start Injection Queue (LA, Pump)
2023-06-27 01:08:14,103 - BO_format_1::INFO -- [Batch] : Finish Injection Queue (LA, Pump)
2023-06-27 01:08:16,116 - BO_format_1::INFO -- [Batch] : Start React:1s
2023-06-27 01:08:16,116 - BO_format_1::INFO -- [Batch] : Start React:1s
2023-06-27 01:08:16,118 - BO_format_1::INFO -- [Batch] : Start React:1s
2023-06-27 01:08:16,118 - BO_format_1::INFO -- [Batch] : Start React:1s
2023-06-27 01:09:16,124 - BO_format_1::INFO -- [Batch] : check React:1s
2023-06-27 01:09:16,125 - BO_format_1::INFO -- [Batch] : check React:1s
2023-06-27 01:09:16,186 - BO_format_1::INFO -- [Batch] : check React:1s
2023-06-27 01:09:16,186 - BO_format_1::INFO -- [Batch] : check React:1s
2023-06-27 01:09:22,781 - BO_format_1::INFO -- [Batch] : Finish React:1s
2023-06-27 01:09:26,402 - BO_format_1::INFO -- [Batch] : Finish React:1s
2023-06-27 01:09:29,644 - BO_format_1::INFO -- [Batch] : Finish React:1s
2023-06-27 01:09:32,953 - BO_format_1::INFO -- [Batch] : Finish React:1s
2023-06-27 01:09:32,953 - BO_format_1::INFO -- [TaskScheduler] : UV allocate location: {'Stirrer': [0, 1, 2, 3], 'vialHolder': [0, 1, 2, 3]}
2023-06-27 01:09:32,954 - BO_format_1::INFO -- [UV] : Start UV Characterization
2023-06-27 01:09:55,756 - BO_format_1::INFO -- [UV] : 0 result : OrderedDict([('lambdamax', 500.961566), ('intensity', 0.026460559644050242), ('FWHM', 14.299662000000012)])
2023-06-27 01:09:55,756 - BO_format_1::INFO -- [UV] : Finish UV Characterization
2023-06-27 01:09:55,756 - BO_format_1::INFO -- [UV] : Start UV Characterization
2023-06-27 01:10:18,023 - BO_format_1::INFO -- [UV] : 1 result : OrderedDict([('lambdamax', 727.817357), ('intensity', 0.017125168762237006), ('FWHM', 19.415617999999995)])
2023-06-27 01:10:18,023 - BO_format_1::INFO -- [UV] : Finish UV Characterization
2023-06-27 01:10:18,024 - BO_format_1::INFO -- [UV] : Start UV Characterization
2023-06-27 01:10:40,624 - BO_format_1::INFO -- [UV] : 2 result : OrderedDict([('lambdamax', 672.106526), ('intensity', 0.023868541637689054), ('FWHM', 10.017834999999991)])
2023-06-27 01:10:40,635 - BO_format_1::INFO -- [UV] : Finish UV Characterization
2023-06-27 01:10:40,650 - BO_format_1::INFO -- [UV] : Start UV Characterization
2023-06-27 01:11:03,139 - BO_format_1::INFO -- [UV] : 3 result : OrderedDict([('lambdamax', 480.655771), ('intensity', 0.017138815372312648), ('FWHM', 19.325433000000032)])
2023-06-27 01:11:03,150 - BO_format_1::INFO -- [UV] : Finish UV Characterization
2023-06-27 01:11:03,160 - BO_format_1::INFO -- [RobotArm] : Start Robot Queue : Batch motion (holder_to_storage_filled) is started.
2023-06-27 01:11:03,160 - BO_format_1::INFO -- [RobotArm] : vial_num_list:[8, 9, 10, 11]
2023-06-27 01:11:03,160 - BO_format_1::INFO -- [RobotArm] : line_num_list:[0, 0, 0, 0]
2023-06-27 01:11:03,160 - BO_format_1::INFO -- [RobotArm] : vialHolder_list:[0, 1, 2, 3]
2023-06-27 01:11:11,716 - BO_format_1::INFO -- [RobotArm] : Finish Robot Queue : Batch motion (holder_to_storage_filled) is done.
2023-06-27 01:11:11,716 - BO_format_1::INFO -- [RobotArm] : Start Robot Queue : Batch motion (holder_to_storage_filled) is started.
2023-06-27 01:11:14,929 - BO_format_1::INFO -- [RobotArm] : Finish Robot Queue : Batch motion (holder_to_storage_filled) is done.
2023-06-27 01:11:14,929 - BO_format_1::INFO -- [RobotArm] : Start Robot Queue : Batch motion (holder_to_storage_filled) is started.
2023-06-27 01:11:18,561 - BO_format_1::INFO -- [RobotArm] : Finish Robot Queue : Batch motion (holder_to_storage_filled) is done.
2023-06-27 01:11:18,561 - BO_format_1::INFO -- [RobotArm] : Start Robot Queue : Batch motion (holder_to_storage_filled) is started.
2023-06-27 01:11:25,313 - BO_format_1::INFO -- [RobotArm] : Finish Robot Queue : Batch motion (holder_to_storage_filled) is done.
2023-06-27 01:11:25,314 - BO_format_1::INFO -- [TaskScheduler] : refresh location: {'BatchSynthesis': {'Stirrer': [9999, 9999, 9999, 9999, 1, 1, 1, 1, 9999, 9999, 9999, 9999, 9999, 9999, 9999, 9999], 'vialHolder': [9999, 9999, 9999, 9999, 1, 1, 1, 1]}, 'UV': {'vialHolder': [4, 5, 6, 7]}}
2023-06-27 01:11:25,367 - BO_format_1::INFO -- [Algorithm] : 0 optimal_value : -0.3029876362513687
2023-06-27 01:11:25,367 - BO_format_1::INFO -- [Algorithm] : 1 optimal_value : -0.5728769552892362
2023-06-27 01:11:25,367 - BO_format_1::INFO -- [Algorithm] : 2 optimal_value : -0.3908823926258935
2023-06-27 01:11:25,367 - BO_format_1::INFO -- [Algorithm] : 3 optimal_value : -0.3698897985342433
2023-06-27 01:11:25,367 - BO_format_1::INFO -- [JobExecution] : ######### Cycle 1/1 is done #########
2023-06-27 01:11:25,368 - BO_format_1::INFO -- [Algorithm] : Save our model object, filename=20230627_0102_multi3_0_obj
2023-06-27 01:11:25,369 - BO_format_1::INFO -- [JobExecution] : ######### All Cycle is done #########
2023-06-27 01:13:09,096 - BO_format_1::INFO -- [JobExecution] : [jobID=2] Algorithm, model : BayesianOptimization, batchSize : 4
2023-06-27 01:13:09,132 - BO_format_1::INFO -- [JobExecution] : ######### Cycle start #########
2023-06-27 01:13:09,132 - BO_format_1::INFO -- [Algorithm] : utility_type=ucb, iter_num=0, batchSize=4
2023-06-27 01:13:09,143 - BO_format_1::INFO -- [Algorithm [0]] : next_point 0: {'AddSolution=AgNO3_Concentration': 0, 'AddSolution=AgNO3_Volume': 750, 'AddSolution=AgNO3_Injectionrate': 150}
2023-06-27 01:13:09,153 - BO_format_1::INFO -- [Algorithm [1]] : next_point 1: {'AddSolution=AgNO3_Concentration': 0, 'AddSolution=AgNO3_Volume': 800, 'AddSolution=AgNO3_Injectionrate': 100}
2023-06-27 01:13:09,159 - BO_format_1::INFO -- [Algorithm [2]] : next_point 2: {'AddSolution=AgNO3_Concentration': 0, 'AddSolution=AgNO3_Volume': 1150, 'AddSolution=AgNO3_Injectionrate': 150}
2023-06-27 01:13:09,174 - BO_format_1::INFO -- [Algorithm [3]] : next_point 3: {'AddSolution=AgNO3_Concentration': 0, 'AddSolution=AgNO3_Volume': 650, 'AddSolution=AgNO3_Injectionrate': 150}
2023-06-27 01:13:09,294 - BO_format_1::INFO -- [JobExecution] : ######### Cycle 1/1 is running #########
2023-06-27 01:13:09,299 - BO_format_1::INFO -- [TaskScheduler] : BatchSynthesis allocate location: {'Stirrer': [0, 1, 2, 3], 'vialHolder': [0, 1, 2, 3]}
2023-06-27 01:13:09,305 - BO_format_1::INFO -- [Batch] : Start Robot Queue : Batch motion (storage_empty_to_stirrer) is started.
2023-06-27 01:13:09,320 - BO_format_1::INFO -- [Batch] : vial_num_list: [16, 17, 18, 19]
2023-06-27 01:13:09,335 - BO_format_1::INFO -- [Batch] : line_num_list: [1, 1, 1, 1]
2023-06-27 01:13:09,351 - BO_format_1::INFO -- [Batch] : vialHolder_list: [0, 1, 2, 3]
2023-06-27 01:13:16,263 - BO_format_1::INFO -- [Batch] : Finish Robot Queue : Batch motion (storage_empty_to_stirrer) is done.
2023-06-27 01:13:16,278 - BO_format_1::INFO -- [Batch] : Start Robot Queue : Batch motion (storage_empty_to_stirrer) is started.
2023-06-27 01:13:23,135 - BO_format_1::INFO -- [Batch] : Finish Robot Queue : Batch motion (storage_empty_to_stirrer) is done.
2023-06-27 01:13:23,146 - BO_format_1::INFO -- [Batch] : Start Robot Queue : Batch motion (storage_empty_to_stirrer) is started.
2023-06-27 01:13:29,922 - BO_format_1::INFO -- [Batch] : Finish Robot Queue : Batch motion (storage_empty_to_stirrer) is done.
2023-06-27 01:13:29,937 - BO_format_1::INFO -- [Batch] : Start Robot Queue : Batch motion (storage_empty_to_stirrer) is started.
2023-06-27 01:13:36,511 - BO_format_1::INFO -- [Batch] : Finish Robot Queue : Batch motion (storage_empty_to_stirrer) is done.
2023-06-27 01:13:36,526 - BO_format_1::INFO -- [Batch] : Prepare Injection Queue (LA, Pump)
2023-06-27 01:13:39,560 - BO_format_1::INFO -- [Batch] : Start Injection Queue (LA, Pump)
2023-06-27 01:13:46,020 - BO_format_1::INFO -- [Batch] : Finish Injection Queue (LA, Pump)
2023-06-27 01:13:48,042 - BO_format_1::INFO -- [Batch] : Prepare Injection Queue (LA, Pump)
2023-06-27 01:13:50,976 - BO_format_1::INFO -- [Batch] : Start Injection Queue (LA, Pump)
2023-06-27 01:13:57,635 - BO_format_1::INFO -- [Batch] : Finish Injection Queue (LA, Pump)
2023-06-27 01:13:59,658 - BO_format_1::INFO -- [Batch] : Prepare Injection Queue (LA, Pump)
2023-06-27 01:14:02,613 - BO_format_1::INFO -- [Batch] : Start Injection Queue (LA, Pump)
2023-06-27 01:14:09,125 - BO_format_1::INFO -- [Batch] : Finish Injection Queue (LA, Pump)
2023-06-27 01:14:11,148 - BO_format_1::INFO -- [Batch] : Prepare Injection Queue (LA, Pump)
2023-06-27 01:14:14,176 - BO_format_1::INFO -- [Batch] : Start Injection Queue (LA, Pump)
2023-06-27 01:14:20,811 - BO_format_1::INFO -- [Batch] : Finish Injection Queue (LA, Pump)
2023-06-27 01:14:22,833 - BO_format_1::INFO -- [Batch] : Prepare Injection Queue (LA, Pump)
2023-06-27 01:14:26,056 - BO_format_1::INFO -- [Batch] : Start Injection Queue (LA, Pump)
2023-06-27 01:14:32,391 - BO_format_1::INFO -- [Batch] : Finish Injection Queue (LA, Pump)
2023-06-27 01:14:34,414 - BO_format_1::INFO -- [Batch] : Prepare Injection Queue (LA, Pump)
2023-06-27 01:14:37,550 - BO_format_1::INFO -- [Batch] : Start Injection Queue (LA, Pump)
2023-06-27 01:14:44,273 - BO_format_1::INFO -- [Batch] : Finish Injection Queue (LA, Pump)
2023-06-27 01:14:46,294 - BO_format_1::INFO -- [Batch] : Prepare Injection Queue (LA, Pump)
2023-06-27 01:14:49,386 - BO_format_1::INFO -- [Batch] : Start Injection Queue (LA, Pump)
2023-06-27 01:14:56,187 - BO_format_1::INFO -- [Batch] : Finish Injection Queue (LA, Pump)
2023-06-27 01:14:58,210 - BO_format_1::INFO -- [Batch] : Prepare Injection Queue (LA, Pump)
2023-06-27 01:15:01,342 - BO_format_1::INFO -- [Batch] : Start Injection Queue (LA, Pump)
2023-06-27 01:15:08,100 - BO_format_1::INFO -- [Batch] : Finish Injection Queue (LA, Pump)
2023-06-27 01:15:10,122 - BO_format_1::INFO -- [Batch] : Prepare Injection Queue (LA, Pump)
2023-06-27 01:15:13,203 - BO_format_1::INFO -- [Batch] : Start Injection Queue (LA, Pump)
2023-06-27 01:15:19,704 - BO_format_1::INFO -- [Batch] : Finish Injection Queue (LA, Pump)
2023-06-27 01:15:21,727 - BO_format_1::INFO -- [Batch] : Prepare Injection Queue (LA, Pump)
2023-06-27 01:15:24,742 - BO_format_1::INFO -- [Batch] : Start Injection Queue (LA, Pump)
2023-06-27 01:15:31,150 - BO_format_1::INFO -- [Batch] : Finish Injection Queue (LA, Pump)
2023-06-27 01:15:33,173 - BO_format_1::INFO -- [Batch] : Prepare Injection Queue (LA, Pump)
2023-06-27 01:15:36,104 - BO_format_1::INFO -- [Batch] : Start Injection Queue (LA, Pump)
2023-06-27 01:15:42,602 - BO_format_1::INFO -- [Batch] : Finish Injection Queue (LA, Pump)
2023-06-27 01:15:44,624 - BO_format_1::INFO -- [Batch] : Prepare Injection Queue (LA, Pump)
2023-06-27 01:15:47,621 - BO_format_1::INFO -- [Batch] : Start Injection Queue (LA, Pump)
2023-06-27 01:15:54,080 - BO_format_1::INFO -- [Batch] : Finish Injection Queue (LA, Pump)
2023-06-27 01:15:56,102 - BO_format_1::INFO -- [Batch] : Start Stir Queue 0 (Stirrer)
2023-06-27 01:15:57,228 - BO_format_1::INFO -- [Batch] : Start Stir Queue 1 (Stirrer)
2023-06-27 01:15:58,485 - BO_format_1::INFO -- [Batch] : Start Stir Queue 2 (Stirrer)
2023-06-27 01:15:59,772 - BO_format_1::INFO -- [Batch] : Start Stir Queue 3 (Stirrer)
2023-06-27 01:16:00,877 - BO_format_1::INFO -- [Batch] : Finish Stir Queue 0 (Stirrer)
2023-06-27 01:16:00,893 - BO_format_1::INFO -- [Batch] : Finish Stir Queue 1 (Stirrer)
2023-06-27 01:16:00,908 - BO_format_1::INFO -- [Batch] : Finish Stir Queue 2 (Stirrer)
2023-06-27 01:16:00,924 - BO_format_1::INFO -- [Batch] : Finish Stir Queue 3 (Stirrer)
2023-06-27 01:16:00,939 - BO_format_1::INFO -- [Batch] : Start Heat Queue (Stirrer)
2023-06-27 01:16:02,084 - BO_format_1::INFO -- [Batch] : Start Heat Queue (Stirrer)
2023-06-27 01:16:03,518 - BO_format_1::INFO -- [Batch] : Start Heat Queue (Stirrer)
2023-06-27 01:16:04,702 - BO_format_1::INFO -- [Batch] : Start Heat Queue (Stirrer)
2023-06-27 01:16:05,831 - BO_format_1::INFO -- [Batch] : Finish Heat Queue 0 (Stirrer)
2023-06-27 01:16:05,846 - BO_format_1::INFO -- [Batch] : Finish Heat Queue 1 (Stirrer)
2023-06-27 01:16:05,861 - BO_format_1::INFO -- [Batch] : Finish Heat Queue 2 (Stirrer)
2023-06-27 01:16:05,877 - BO_format_1::INFO -- [Batch] : Finish Heat Queue 3 (Stirrer)
2023-06-27 01:16:05,897 - BO_format_1::INFO -- [Batch] : Start Wait:1s
2023-06-27 01:16:05,908 - BO_format_1::INFO -- [Batch] : Start Wait:1s
2023-06-27 01:16:05,918 - BO_format_1::INFO -- [Batch] : check Wait:1s
2023-06-27 01:16:05,929 - BO_format_1::INFO -- [Batch] : check Wait:1s
2023-06-27 01:16:05,934 - BO_format_1::INFO -- [Batch] : Start Wait:1s
2023-06-27 01:16:05,939 - BO_format_1::INFO -- [Batch] : Start Wait:1s
2023-06-27 01:16:05,960 - BO_format_1::INFO -- [Batch] : Finish Wait:1s
2023-06-27 01:16:05,975 - BO_format_1::INFO -- [Batch] : Finish Wait:1s
2023-06-27 01:16:05,986 - BO_format_1::INFO -- [Batch] : check Wait:1s
2023-06-27 01:16:05,991 - BO_format_1::INFO -- [Batch] : check Wait:1s
2023-06-27 01:16:06,032 - BO_format_1::INFO -- [Batch] : Finish Wait:1s
2023-06-27 01:16:06,037 - BO_format_1::INFO -- [Batch] : Finish Wait:1s
2023-06-27 01:16:06,058 - BO_format_1::INFO -- [Batch] : Prepare Injection Queue (LA, Pump)
2023-06-27 01:16:09,267 - BO_format_1::INFO -- [Batch] : Start Injection Queue (LA, Pump)
2023-06-27 01:16:15,563 - BO_format_1::INFO -- [Batch] : Finish Injection Queue (LA, Pump)
2023-06-27 01:16:17,586 - BO_format_1::INFO -- [Batch] : Prepare Injection Queue (LA, Pump)
2023-06-27 01:16:20,653 - BO_format_1::INFO -- [Batch] : Start Injection Queue (LA, Pump)
2023-06-27 01:16:27,089 - BO_format_1::INFO -- [Batch] : Finish Injection Queue (LA, Pump)
2023-06-27 01:16:29,112 - BO_format_1::INFO -- [Batch] : Prepare Injection Queue (LA, Pump)
2023-06-27 01:16:32,047 - BO_format_1::INFO -- [Batch] : Start Injection Queue (LA, Pump)
2023-06-27 01:16:38,387 - BO_format_1::INFO -- [Batch] : Finish Injection Queue (LA, Pump)
2023-06-27 01:16:40,410 - BO_format_1::INFO -- [Batch] : Prepare Injection Queue (LA, Pump)
2023-06-27 01:16:43,447 - BO_format_1::INFO -- [Batch] : Start Injection Queue (LA, Pump)
2023-06-27 01:16:50,161 - BO_format_1::INFO -- [Batch] : Finish Injection Queue (LA, Pump)
2023-06-27 01:16:52,187 - BO_format_1::INFO -- [Batch] : Start React:1s
2023-06-27 01:16:52,192 - BO_format_1::INFO -- [Batch] : Start React:1s
2023-06-27 01:16:52,208 - BO_format_1::INFO -- [Batch] : Start React:1s
2023-06-27 01:16:52,213 - BO_format_1::INFO -- [Batch] : Start React:1s
2023-06-27 01:17:52,270 - BO_format_1::INFO -- [Batch] : check React:1s
2023-06-27 01:17:52,275 - BO_format_1::INFO -- [Batch] : check React:1s
2023-06-27 01:17:52,280 - BO_format_1::INFO -- [Batch] : check React:1s
2023-06-27 01:17:52,291 - BO_format_1::INFO -- [Batch] : check React:1s
2023-06-27 01:17:56,015 - BO_format_1::INFO -- [Batch] : Finish React:1s
2023-06-27 01:17:59,746 - BO_format_1::INFO -- [Batch] : Finish React:1s
2023-06-27 01:18:03,142 - BO_format_1::INFO -- [Batch] : Finish React:1s
2023-06-27 01:18:06,494 - BO_format_1::INFO -- [Batch] : Finish React:1s
2023-06-27 01:18:06,519 - BO_format_1::INFO -- [TaskScheduler] : UV allocate location: {'Stirrer': [0, 1, 2, 3], 'vialHolder': [0, 1, 2, 3]}
2023-06-27 01:18:06,525 - BO_format_1::INFO -- [UV] : Start UV Characterization
2023-06-27 01:18:28,934 - BO_format_1::INFO -- [UV] : 0 result : OrderedDict([('lambdamax', 673.721501), ('intensity', 0.02004329527478675), ('FWHM', 37.62503600000002)])
2023-06-27 01:18:28,949 - BO_format_1::INFO -- [UV] : Finish UV Characterization
2023-06-27 01:18:28,965 - BO_format_1::INFO -- [UV] : Start UV Characterization
2023-06-27 01:18:51,372 - BO_format_1::INFO -- [UV] : 1 result : OrderedDict([('lambdamax', 763.800679), ('intensity', 0.019227091005728888), ('FWHM', 14.39724799999999)])
2023-06-27 01:18:51,388 - BO_format_1::INFO -- [UV] : Finish UV Characterization
2023-06-27 01:18:51,403 - BO_format_1::INFO -- [UV] : Start UV Characterization
2023-06-27 01:19:13,851 - BO_format_1::INFO -- [UV] : 2 result : OrderedDict([('lambdamax', 670.490206), ('intensity', 0.021399798160660826), ('FWHM', 7.761560000000031)])
2023-06-27 01:19:13,867 - BO_format_1::INFO -- [UV] : Finish UV Characterization
2023-06-27 01:19:13,882 - BO_format_1::INFO -- [UV] : Start UV Characterization
2023-06-27 01:19:36,378 - BO_format_1::INFO -- [UV] : 3 result : OrderedDict([('lambdamax', 499.217232), ('intensity', 0.020782481766442453), ('FWHM', 23.682919999999967)])
2023-06-27 01:19:36,393 - BO_format_1::INFO -- [UV] : Finish UV Characterization
2023-06-27 01:19:36,409 - BO_format_1::INFO -- [RobotArm] : Start Robot Queue : Batch motion (holder_to_storage_filled) is started.
2023-06-27 01:19:36,424 - BO_format_1::INFO -- [RobotArm] : vial_num_list:[20, 21, 22, 23]
2023-06-27 01:19:36,440 - BO_format_1::INFO -- [RobotArm] : line_num_list:[1, 1, 1, 1]
2023-06-27 01:19:36,455 - BO_format_1::INFO -- [RobotArm] : vialHolder_list:[0, 1, 2, 3]
2023-06-27 01:19:45,100 - BO_format_1::INFO -- [RobotArm] : Finish Robot Queue : Batch motion (holder_to_storage_filled) is done.
2023-06-27 01:19:45,116 - BO_format_1::INFO -- [RobotArm] : Start Robot Queue : Batch motion (holder_to_storage_filled) is started.
2023-06-27 01:19:48,609 - BO_format_1::INFO -- [RobotArm] : Finish Robot Queue : Batch motion (holder_to_storage_filled) is done.
2023-06-27 01:19:48,614 - BO_format_1::INFO -- [RobotArm] : Start Robot Queue : Batch motion (holder_to_storage_filled) is started.
2023-06-27 01:19:51,943 - BO_format_1::INFO -- [RobotArm] : Finish Robot Queue : Batch motion (holder_to_storage_filled) is done.
2023-06-27 01:19:51,959 - BO_format_1::INFO -- [RobotArm] : Start Robot Queue : Batch motion (holder_to_storage_filled) is started.
2023-06-27 01:19:58,618 - BO_format_1::INFO -- [RobotArm] : Finish Robot Queue : Batch motion (holder_to_storage_filled) is done.
2023-06-27 01:19:58,633 - BO_format_1::INFO -- [TaskScheduler] : refresh location: {'BatchSynthesis': {'Stirrer': [9999, 9999, 9999, 9999, 9999, 9999, 9999, 9999, 9999, 9999, 9999, 9999, 9999, 9999, 9999, 9999], 'vialHolder': [9999, 9999, 9999, 9999, 9999, 9999, 9999, 9999]}, 'UV': {'vialHolder': [0, 1, 9999, 3]}}
2023-06-27 01:19:58,798 - BO_format_1::INFO -- [Algorithm] : 0 optimal_value : -0.397903218389905
2023-06-27 01:19:58,799 - BO_format_1::INFO -- [Algorithm] : 1 optimal_value : -0.6893694120370816
2023-06-27 01:19:58,809 - BO_format_1::INFO -- [Algorithm] : 2 optimal_value : -0.38568055389639383
2023-06-27 01:19:58,824 - BO_format_1::INFO -- [Algorithm] : 3 optimal_value : -0.3095644269668642
2023-06-27 01:19:58,840 - BO_format_1::INFO -- [JobExecution] : ######### Cycle 1/1 is done #########
2023-06-27 01:19:58,922 - BO_format_1::INFO -- [Algorithm] : Save our model object, filename=20230627_0113_multi3_0_obj
2023-06-27 01:19:58,937 - BO_format_1::INFO -- [JobExecution] : ######### All Cycle is done #########
