2023-09-12 11:05:05,006 - figure_5_add::INFO -- [JobExecution] : [jobID=0] Algorithm, model : Automatic
2023-09-12 11:05:05,012 - figure_5_add::INFO -- [JobExecution] : ######### Cycle start #########
2023-09-12 11:05:05,012 - figure_5_add::INFO -- [Automatic] : total experiments=2
2023-09-12 11:05:05,012 - figure_5_add::INFO -- [Automatic [0]] : next_point 0: {'AddSolution=AgNO3_Concentration': 0.125, 'AddSolution=AgNO3_Volume': 1000, 'AddSolution=AgNO3_Injectionrate': 100}
2023-09-12 11:05:05,012 - figure_5_add::INFO -- [Automatic [1]] : next_point 1: {'AddSolution=AgNO3_Concentration': 0.125, 'AddSolution=AgNO3_Volume': 1000, 'AddSolution=AgNO3_Injectionrate': 100}
2023-09-12 11:05:05,040 - figure_5_add::INFO -- [ProcessGenerator] : Allocate all of process based on job script!
2023-09-12 11:05:05,040 - figure_5_add::INFO -- [JobExecution] : ######### [figure_5_add-HJ] Experiment 2 is running #########
2023-09-12 11:05:05,165 - figure_5_add::INFO -- [TaskScheduler] : check location: {'BatchSynthesis': {'Stirrer': ['?', '?', '?', '?', '?', '?', '?', '?'], 'vialHolder': ['?', '?', '?', '?', '?', '?', '?', '?']}, 'UV': {'vialHolder': ['?', '?', '?', '?', '?', '?', '?', '?']}}
2023-09-12 11:05:05,176 - figure_5_add::INFO -- [TaskScheduler] : BatchSynthesis is started, allocate location: {'Stirrer': [0, 1], 'vialHolder': [0, 1]}
2023-09-12 11:05:05,181 - figure_5_add::INFO -- [TaskScheduler] : check location after allocation: {'BatchSynthesis': {'Stirrer': [0, 0, '?', '?', '?', '?', '?', '?'], 'vialHolder': [0, 0, '?', '?', '?', '?', '?', '?']}, 'UV': {'vialHolder': ['?', '?', '?', '?', '?', '?', '?', '?']}}
2023-09-12 11:05:08,282 - figure_5_add::DEBUG -- [Batch] : storage_empty_to_stirrer is started.
2023-09-12 11:05:08,292 - figure_5_add::DEBUG -- [Batch] : vial_num_list: [0, 1]
2023-09-12 11:05:08,302 - figure_5_add::DEBUG -- [Batch] : line_num_list: [0, 0]
2023-09-12 11:05:08,313 - figure_5_add::DEBUG -- [Batch] : vialHolder_list: [0, 1]
2023-09-12 11:05:08,323 - figure_5_add::DEBUG -- [Batch] : Start Robot Queue : storage_empty_to_stirrer is started.
2023-09-12 11:05:08,333 - figure_5_add::DEBUG -- [LA] : move center-->Start!
2023-09-12 11:05:17,825 - figure_5_add::DEBUG -- [LA] : move center-->Done!
2023-09-12 11:05:18,857 - figure_5_add::DEBUG -- [STORAGE] : open-->Start!
2023-09-12 11:05:30,134 - figure_5_add::DEBUG -- [STORAGE] : open-->Done!
2023-09-12 11:05:33,199 - figure_5_add::DEBUG -- [DS_B] : prepare container-->Start!
2023-09-12 11:06:03,600 - figure_5_add::DEBUG -- [DS_B] : prepare container-->Done!
2023-09-12 11:06:03,610 - figure_5_add::DEBUG -- [Batch] : Finish Robot Queue : storage_empty_to_stirrer is done.
2023-09-12 11:06:07,768 - figure_5_add::DEBUG -- [Batch] : storage_empty_to_stirrer is started.
2023-09-12 11:06:07,779 - figure_5_add::DEBUG -- [Batch] : Start Robot Queue : storage_empty_to_stirrer is started.
2023-09-12 11:06:07,789 - figure_5_add::DEBUG -- [LA] : move center-->Start!
2023-09-12 11:06:10,172 - figure_5_add::DEBUG -- [LA] : move center-->Done!
2023-09-12 11:06:11,230 - figure_5_add::DEBUG -- [STORAGE] : open-->Start!
2023-09-12 11:06:22,482 - figure_5_add::DEBUG -- [STORAGE] : open-->Done!
2023-09-12 11:06:25,541 - figure_5_add::DEBUG -- [DS_B] : prepare container-->Start!
2023-09-12 11:06:56,026 - figure_5_add::DEBUG -- [DS_B] : prepare container-->Done!
2023-09-12 11:06:56,026 - figure_5_add::DEBUG -- [Batch] : Finish Robot Queue : storage_empty_to_stirrer is done.
2023-09-12 11:07:00,133 - figure_5_add::DEBUG -- [LA] : move down-->Start!
2023-09-12 11:07:11,718 - figure_5_add::DEBUG -- [LA] : move down-->Done!
2023-09-12 11:07:11,723 - figure_5_add::DEBUG -- [Batch] : Start Injection Queue --> Citrate,0.04mM,1100μL,100μL/s
2023-09-12 11:07:11,733 - figure_5_add::DEBUG -- [PUMP] : prepare solution-->Start!
2023-09-12 11:07:37,017 - figure_5_add::DEBUG -- [PUMP] : prepare solution-->Done!
2023-09-12 11:07:37,027 - figure_5_add::DEBUG -- [LA] : move up-->Start!
2023-09-12 11:07:40,371 - figure_5_add::DEBUG -- [LA] : move up-->Done!
2023-09-12 11:07:40,382 - figure_5_add::DEBUG -- [LA] : move center-->Start!
2023-09-12 11:07:50,906 - figure_5_add::DEBUG -- [LA] : move center-->Done!
2023-09-12 11:07:51,923 - figure_5_add::DEBUG -- [Batch] : Finish Injection Queue
2023-09-12 11:07:54,988 - figure_5_add::DEBUG -- [LA] : move down-->Start!
2023-09-12 11:08:05,970 - figure_5_add::DEBUG -- [LA] : move down-->Done!
2023-09-12 11:08:05,975 - figure_5_add::DEBUG -- [Batch] : Start Injection Queue --> Citrate,0.04mM,1100μL,100μL/s
2023-09-12 11:08:05,975 - figure_5_add::DEBUG -- [PUMP] : prepare solution-->Start!
2023-09-12 11:08:31,077 - figure_5_add::DEBUG -- [PUMP] : prepare solution-->Done!
2023-09-12 11:08:31,077 - figure_5_add::DEBUG -- [LA] : move up-->Start!
2023-09-12 11:08:34,383 - figure_5_add::DEBUG -- [LA] : move up-->Done!
2023-09-12 11:08:34,394 - figure_5_add::DEBUG -- [LA] : move center-->Start!
2023-09-12 11:08:44,096 - figure_5_add::DEBUG -- [LA] : move center-->Done!
2023-09-12 11:08:45,128 - figure_5_add::DEBUG -- [Batch] : Finish Injection Queue
2023-09-12 11:08:48,188 - figure_5_add::DEBUG -- [LA] : move down-->Start!
2023-09-12 11:08:59,727 - figure_5_add::DEBUG -- [LA] : move down-->Done!
2023-09-12 11:08:59,738 - figure_5_add::DEBUG -- [Batch] : Start Injection Queue --> H2O2,0.375mM,1100μL,100μL/s
2023-09-12 11:08:59,748 - figure_5_add::DEBUG -- [PUMP] : prepare solution-->Start!
2023-09-12 11:09:24,959 - figure_5_add::DEBUG -- [PUMP] : prepare solution-->Done!
2023-09-12 11:09:24,970 - figure_5_add::DEBUG -- [LA] : move up-->Start!
2023-09-12 11:09:28,281 - figure_5_add::DEBUG -- [LA] : move up-->Done!
2023-09-12 11:09:28,286 - figure_5_add::DEBUG -- [LA] : move center-->Start!
2023-09-12 11:09:38,558 - figure_5_add::DEBUG -- [LA] : move center-->Done!
2023-09-12 11:09:39,570 - figure_5_add::DEBUG -- [Batch] : Finish Injection Queue
2023-09-12 11:09:42,634 - figure_5_add::DEBUG -- [LA] : move down-->Start!
2023-09-12 11:09:53,496 - figure_5_add::DEBUG -- [LA] : move down-->Done!
2023-09-12 11:09:53,506 - figure_5_add::DEBUG -- [Batch] : Start Injection Queue --> H2O2,0.375mM,1100μL,100μL/s
2023-09-12 11:09:53,516 - figure_5_add::DEBUG -- [PUMP] : prepare solution-->Start!
2023-09-12 11:10:18,656 - figure_5_add::DEBUG -- [PUMP] : prepare solution-->Done!
2023-09-12 11:10:18,666 - figure_5_add::DEBUG -- [LA] : move up-->Start!
2023-09-12 11:10:21,955 - figure_5_add::DEBUG -- [LA] : move up-->Done!
2023-09-12 11:10:21,965 - figure_5_add::DEBUG -- [LA] : move center-->Start!
2023-09-12 11:10:31,682 - figure_5_add::DEBUG -- [LA] : move center-->Done!
2023-09-12 11:10:32,714 - figure_5_add::DEBUG -- [Batch] : Finish Injection Queue
2023-09-12 11:10:35,778 - figure_5_add::DEBUG -- [LA] : move down-->Start!
2023-09-12 11:10:47,154 - figure_5_add::DEBUG -- [LA] : move down-->Done!
2023-09-12 11:10:47,160 - figure_5_add::DEBUG -- [Batch] : Start Injection Queue --> NaBH4,0.01mM,3000μL,100μL/s
2023-09-12 11:10:47,173 - figure_5_add::DEBUG -- [PUMP] : prepare solution-->Start!
2023-09-12 11:11:37,947 - figure_5_add::DEBUG -- [PUMP] : prepare solution-->Done!
2023-09-12 11:11:37,952 - figure_5_add::DEBUG -- [LA] : move up-->Start!
2023-09-12 11:11:41,298 - figure_5_add::DEBUG -- [LA] : move up-->Done!
2023-09-12 11:11:41,309 - figure_5_add::DEBUG -- [LA] : move center-->Start!
2023-09-12 11:11:51,600 - figure_5_add::DEBUG -- [LA] : move center-->Done!
2023-09-12 11:11:52,616 - figure_5_add::DEBUG -- [Batch] : Finish Injection Queue
2023-09-12 11:11:55,686 - figure_5_add::DEBUG -- [LA] : move down-->Start!
2023-09-12 11:12:06,650 - figure_5_add::DEBUG -- [LA] : move down-->Done!
2023-09-12 11:12:06,661 - figure_5_add::DEBUG -- [Batch] : Start Injection Queue --> NaBH4,0.01mM,3000μL,100μL/s
2023-09-12 11:12:06,671 - figure_5_add::DEBUG -- [PUMP] : prepare solution-->Start!
2023-09-12 11:12:57,577 - figure_5_add::DEBUG -- [PUMP] : prepare solution-->Done!
2023-09-12 11:12:57,587 - figure_5_add::DEBUG -- [LA] : move up-->Start!
2023-09-12 11:13:00,990 - figure_5_add::DEBUG -- [LA] : move up-->Done!
2023-09-12 11:13:00,995 - figure_5_add::DEBUG -- [LA] : move center-->Start!
2023-09-12 11:13:10,802 - figure_5_add::DEBUG -- [LA] : move center-->Done!
2023-09-12 11:13:11,839 - figure_5_add::DEBUG -- [Batch] : Finish Injection Queue
2023-09-12 11:13:11,849 - figure_5_add::DEBUG -- [Batch] : Start Stir Queue 0 (Stirrer)
2023-09-12 11:13:14,364 - figure_5_add::DEBUG -- [Batch] : Start Stir Queue 1 (Stirrer)
2023-09-12 11:13:16,893 - figure_5_add::DEBUG -- [Batch] : Finish Stir Queue 0 (Stirrer)
2023-09-12 11:13:16,903 - figure_5_add::DEBUG -- [Batch] : Finish Stir Queue 1 (Stirrer)
2023-09-12 11:13:16,913 - figure_5_add::DEBUG -- [Batch] : Start Heat Queue 0 (Stirrer)
2023-09-12 11:13:19,254 - figure_5_add::DEBUG -- [Batch] : Start Heat Queue 1 (Stirrer)
2023-09-12 11:13:21,631 - figure_5_add::DEBUG -- [Batch] : Finish Heat Queue 0 (Stirrer)
2023-09-12 11:13:21,641 - figure_5_add::DEBUG -- [Batch] : Finish Heat Queue 1 (Stirrer)
2023-09-12 11:13:21,657 - figure_5_add::DEBUG -- [Batch] : Start Mix:300s
2023-09-12 11:13:21,667 - figure_5_add::DEBUG -- [Batch] : Start Mix:300s
2023-09-12 11:18:21,764 - figure_5_add::DEBUG -- [Batch] : Finish Mix:300s
2023-09-12 11:18:21,769 - figure_5_add::DEBUG -- [Batch] : Finish Mix:300s
2023-09-12 11:18:24,813 - figure_5_add::DEBUG -- [LA] : move down-->Start!
2023-09-12 11:18:36,321 - figure_5_add::DEBUG -- [LA] : move down-->Done!
2023-09-12 11:18:36,321 - figure_5_add::DEBUG -- [Batch] : Start Injection Queue --> AgNO3,0.125mM,1000μL,100μL/s
2023-09-12 11:18:36,321 - figure_5_add::DEBUG -- [PUMP] : prepare solution-->Start!
2023-09-12 11:18:40,164 - figure_5_add::DEBUG -- [PUMP] : prepare solution-->Done!
2023-09-12 11:18:40,174 - figure_5_add::DEBUG -- [LA] : move up-->Start!
2023-09-12 11:18:43,498 - figure_5_add::DEBUG -- [LA] : move up-->Done!
2023-09-12 11:18:43,509 - figure_5_add::DEBUG -- [LA] : move center-->Start!
2023-09-12 11:18:53,796 - figure_5_add::DEBUG -- [LA] : move center-->Done!
2023-09-12 11:18:54,833 - figure_5_add::DEBUG -- [Batch] : Finish Injection Queue
2023-09-12 11:18:57,903 - figure_5_add::DEBUG -- [LA] : move down-->Start!
2023-09-12 11:19:08,694 - figure_5_add::DEBUG -- [LA] : move down-->Done!
2023-09-12 11:19:08,694 - figure_5_add::DEBUG -- [Batch] : Start Injection Queue --> AgNO3,0.125mM,1000μL,100μL/s
2023-09-12 11:19:08,694 - figure_5_add::DEBUG -- [PUMP] : prepare solution-->Start!
2023-09-12 11:19:12,518 - figure_5_add::DEBUG -- [PUMP] : prepare solution-->Done!
2023-09-12 11:19:12,528 - figure_5_add::DEBUG -- [LA] : move up-->Start!
2023-09-12 11:19:15,880 - figure_5_add::DEBUG -- [LA] : move up-->Done!
2023-09-12 11:19:15,891 - figure_5_add::DEBUG -- [LA] : move center-->Start!
2023-09-12 11:19:25,659 - figure_5_add::DEBUG -- [LA] : move center-->Done!
2023-09-12 11:19:26,686 - figure_5_add::DEBUG -- [Batch] : Finish Injection Queue
2023-09-12 11:19:26,701 - figure_5_add::DEBUG -- [Batch] : Start React:3600s
2023-09-12 11:19:26,702 - figure_5_add::DEBUG -- [Batch] : Start React:3600s
