2023-09-06 17:11:35,912 - JobClient::INFO -- [HJ] : request to submit job : USER/HJ/job_script/figure/jobid_1.json
2023-09-06 17:11:35,992 - JobClient::INFO -- [HJ] : succeed to submit job, userName:HJ, jobID:0
2023-09-06 17:11:43,664 - JobClient::INFO -- [HJ] : request to submit job : USER/HJ/job_script/figure/jobid_2.json
2023-09-06 17:11:43,695 - JobClient::INFO -- [HJ] : succeed to submit job, userName:HJ, jobID:1
2023-09-06 17:11:47,105 - JobClient::INFO -- [HJ] : request to check job status
2023-09-06 17:11:47,108 - JobClient::INFO -- [HJ] : succeed to check job status
2023-09-06 17:13:58,637 - JobClient::INFO -- [HJ] : request to check job status
2023-09-06 17:13:58,640 - JobClient::INFO -- [HJ] : succeed to check job status
2023-09-06 17:14:05,398 - JobClient::INFO -- [HJ] : request to check job status
2023-09-06 17:14:05,400 - JobClient::INFO -- [HJ] : succeed to check job status
2023-09-06 17:14:12,646 - JobClient::INFO -- [HJ] : request to submit job : USER/HJ/job_script/figure/jobid_1.json
2023-09-06 17:14:12,649 - JobClient::INFO -- [HJ] : succeed to submit job, userName:HJ, jobID:2
2023-09-06 17:14:14,269 - JobClient::INFO -- [HJ] : request to check job status
2023-09-06 17:14:14,272 - JobClient::INFO -- [HJ] : succeed to check job status
2023-09-06 17:16:08,295 - JobClient::INFO -- [HJ] : request to check job status
2023-09-06 17:16:08,300 - JobClient::INFO -- [HJ] : succeed to check job status
2023-09-06 17:17:57,076 - JobClient::INFO -- [HJ] : request to check job status
2023-09-06 17:17:57,079 - JobClient::INFO -- [HJ] : succeed to check job status
2023-09-06 17:18:07,900 - JobClient::INFO -- [HJ] : request to check job status
2023-09-06 17:18:07,903 - JobClient::INFO -- [HJ] : succeed to check job status
2023-09-10 21:50:55,888 - JobClient::INFO -- [HJ] : request to check job status
2023-09-10 21:50:55,891 - JobClient::INFO -- [HJ] : succeed to check job status
2023-09-10 21:50:58,711 - JobClient::INFO -- [HJ] : request to check job status
2023-09-10 21:50:58,713 - JobClient::INFO -- [HJ] : succeed to check job status
2023-09-10 21:51:19,529 - JobClient::INFO -- [HJ] : request to logout
2023-09-10 21:51:19,530 - JobClient::INFO -- [HJ] : succeed to logout
