2023-09-24 22:28:39,198 - JobClient::INFO -- [HJ] : request to submit job : USER/HJ/job_script/figure/jobid_0.json
2023-09-24 22:28:39,262 - JobClient::INFO -- [HJ] : succeed to submit job, userName:HJ, jobID:0
2023-09-24 22:29:12,389 - JobClient::INFO -- [HJ] : request to check job status
2023-09-24 22:29:12,395 - JobClient::INFO -- [HJ] : succeed to check job status
2023-09-24 22:29:19,453 - JobClient::INFO -- [HJ] : request to hold job (jobID:0)
2023-09-24 22:29:21,554 - JobClient::INFO -- [HJ] : succeed to hold job (jobID: 0)
2023-09-24 22:29:26,646 - JobClient::INFO -- [HJ] : request to check job status
2023-09-24 22:29:26,652 - JobClient::INFO -- [HJ] : succeed to check job status
2023-09-24 22:29:51,758 - JobClient::INFO -- [HJ] : request to restart job (jobID:0)
2023-09-24 22:29:52,835 - JobClient::INFO -- [HJ] : succeed to restart job (jobID: 0)
2023-09-24 22:29:55,189 - JobClient::INFO -- [HJ] : request to check job status
2023-09-24 22:29:55,194 - JobClient::INFO -- [HJ] : succeed to check job status
2023-09-24 22:31:27,475 - JobClient::INFO -- [HJ] : request to hold job (jobID:0)
2023-09-24 22:31:29,596 - JobClient::INFO -- [HJ] : succeed to hold job (jobID: 0)
2023-09-24 22:31:31,385 - JobClient::INFO -- [HJ] : request to check job status
2023-09-24 22:31:31,390 - JobClient::INFO -- [HJ] : succeed to check job status
2023-09-24 22:31:35,851 - JobClient::INFO -- [HJ] : request to delete job (jobID:0)
2023-09-24 22:31:35,861 - JobClient::INFO -- [HJ] : You cannot delete directly. Please hold job_id:0 exec file first & delete sequentially
2023-09-24 22:31:51,164 - JobClient::INFO -- [HJ] : request to check job status
2023-09-24 22:31:51,170 - JobClient::INFO -- [HJ] : succeed to check job status
