2023-07-11 01:08:22,170 - BO_format_1::INFO -- [JobExecution] : [jobID=0] Algorithm, model : BayesianOptimization
2023-07-11 01:08:22,175 - BO_format_1::INFO -- [JobExecution] : ######### Cycle start #########
2023-07-11 01:08:22,196 - BO_format_1::INFO -- [BayesianOptimization] : batchSize=6
2023-07-11 01:08:22,217 - BO_format_1::INFO -- [Algorithm [0]] : next_point 0: {'AddSolution=AgNO3_Concentration': 0, 'AddSolution=AgNO3_Volume': 750, 'AddSolution=AgNO3_Injectionrate': 150}
2023-07-11 01:08:22,227 - BO_format_1::INFO -- [Algorithm [1]] : next_point 1: {'AddSolution=AgNO3_Concentration': 0, 'AddSolution=AgNO3_Volume': 800, 'AddSolution=AgNO3_Injectionrate': 100}
2023-07-11 01:08:22,237 - BO_format_1::INFO -- [Algorithm [2]] : next_point 2: {'AddSolution=AgNO3_Concentration': 0, 'AddSolution=AgNO3_Volume': 1150, 'AddSolution=AgNO3_Injectionrate': 150}
2023-07-11 01:08:22,248 - BO_format_1::INFO -- [Algorithm [3]] : next_point 3: {'AddSolution=AgNO3_Concentration': 0, 'AddSolution=AgNO3_Volume': 650, 'AddSolution=AgNO3_Injectionrate': 150}
2023-07-11 01:08:22,258 - BO_format_1::INFO -- [Algorithm [4]] : next_point 4: {'AddSolution=AgNO3_Concentration': 0, 'AddSolution=AgNO3_Volume': 150, 'AddSolution=AgNO3_Injectionrate': 150}
2023-07-11 01:08:22,268 - BO_format_1::INFO -- [Algorithm [5]] : next_point 5: {'AddSolution=AgNO3_Concentration': 0, 'AddSolution=AgNO3_Volume': 1000, 'AddSolution=AgNO3_Injectionrate': 50}
2023-07-11 01:08:22,400 - BO_format_1::INFO -- [RecipeGenerator] : Allocate all of process based on job script!
2023-07-11 01:08:22,405 - BO_format_1::INFO -- [JobExecution] : ######### Cycle 1/1 is running #########
2023-07-11 01:08:22,406 - BO_format_1::INFO -- [TaskScheduler] : check location: {'BatchSynthesis': {'Stirrer': ['?', '?', '?', '?', '?', '?', '?', '?', '?', '?', '?', '?', '?', '?', '?', '?'], 'vialHolder': ['?', '?', '?', '?', '?', '?', '?', '?']}, 'UV': {'vialHolder': ['?', '?', '?', '?', '?', '?', '?', '?']}}
2023-07-11 01:08:22,406 - BO_format_1::INFO -- [TaskScheduler] : BatchSynthesis allocate location: {'Stirrer': [0, 1, 2, 3, 4, 5], 'vialHolder': [0, 1, 2, 3, 4, 5]}
2023-07-11 01:08:22,416 - BO_format_1::INFO -- [TaskScheduler] : check location after allocation: {'BatchSynthesis': {'Stirrer': [0, 0, 0, 0, 0, 0, '?', '?', '?', '?', '?', '?', '?', '?', '?', '?'], 'vialHolder': [0, 0, 0, 0, 0, 0, '?', '?']}, 'UV': {'vialHolder': ['?', '?', '?', '?', '?', '?', '?', '?']}}
2023-07-11 01:08:24,516 - BO_format_1::INFO -- [Batch] : storage_empty_to_stirrer is started.
2023-07-11 01:08:24,526 - BO_format_1::INFO -- [Batch] : vial_num_list: [0, 1, 2, 3, 4, 5]
2023-07-11 01:08:24,537 - BO_format_1::INFO -- [Batch] : line_num_list: [0, 0, 0, 0, 0, 0]
2023-07-11 01:08:24,547 - BO_format_1::INFO -- [Batch] : vialHolder_list: [0, 1, 2, 3, 4, 5]
2023-07-11 01:08:24,557 - BO_format_1::INFO -- [Batch] : Start Robot Queue : storage_empty_to_stirrer is started.
2023-07-11 01:08:31,229 - BO_format_1::INFO -- [Batch] : Finish Robot Queue : storage_empty_to_stirrer is done.
2023-07-11 01:08:33,270 - BO_format_1::INFO -- [Batch] : storage_empty_to_stirrer is started.
2023-07-11 01:08:33,270 - BO_format_1::INFO -- [Batch] : Start Robot Queue : storage_empty_to_stirrer is started.
2023-07-11 01:08:39,756 - BO_format_1::INFO -- [Batch] : Finish Robot Queue : storage_empty_to_stirrer is done.
2023-07-11 01:08:47,772 - BO_format_1::INFO -- [Batch] : storage_empty_to_stirrer is started.
2023-07-11 01:08:47,772 - BO_format_1::INFO -- [Batch] : Start Robot Queue : storage_empty_to_stirrer is started.
2023-07-11 01:08:54,467 - BO_format_1::INFO -- [Batch] : Finish Robot Queue : storage_empty_to_stirrer is done.
2023-07-11 01:09:02,482 - BO_format_1::INFO -- [Batch] : storage_empty_to_stirrer is started.
2023-07-11 01:09:02,482 - BO_format_1::INFO -- [Batch] : Start Robot Queue : storage_empty_to_stirrer is started.
2023-07-11 01:09:08,765 - BO_format_1::INFO -- [Batch] : Finish Robot Queue : storage_empty_to_stirrer is done.
2023-07-11 01:09:20,789 - BO_format_1::INFO -- [Batch] : storage_empty_to_stirrer is started.
2023-07-11 01:09:20,789 - BO_format_1::INFO -- [Batch] : Start Robot Queue : storage_empty_to_stirrer is started.
2023-07-11 01:09:27,468 - BO_format_1::INFO -- [Batch] : Finish Robot Queue : storage_empty_to_stirrer is done.
2023-07-11 01:09:39,491 - BO_format_1::INFO -- [Batch] : storage_empty_to_stirrer is started.
2023-07-11 01:09:39,491 - BO_format_1::INFO -- [Batch] : Start Robot Queue : storage_empty_to_stirrer is started.
2023-07-11 01:09:45,971 - BO_format_1::INFO -- [Batch] : Finish Robot Queue : storage_empty_to_stirrer is done.
2023-07-11 01:09:55,987 - BO_format_1::INFO -- [Batch] : Prepare Injection Queue --> Citrate,0.02mM,5000uL,200uL/s
2023-07-11 01:10:00,010 - BO_format_1::INFO -- [Batch] : Start Injection Queue --> Citrate,0.02mM,1200μL,200μL/s
2023-07-11 01:10:05,340 - BO_format_1::INFO -- [Batch] : Finish Injection Queue
2023-07-11 01:10:15,355 - BO_format_1::INFO -- [Batch] : Prepare Injection Queue --> Citrate,0.02mM,5000uL,200uL/s
2023-07-11 01:10:19,503 - BO_format_1::INFO -- [Batch] : Start Injection Queue --> Citrate,0.02mM,1200μL,200μL/s
2023-07-11 01:10:24,736 - BO_format_1::INFO -- [Batch] : Finish Injection Queue
2023-07-11 01:10:34,751 - BO_format_1::INFO -- [Batch] : Prepare Injection Queue --> Citrate,0.02mM,5000uL,200uL/s
2023-07-11 01:10:38,672 - BO_format_1::INFO -- [Batch] : Start Injection Queue --> Citrate,0.02mM,1200μL,200μL/s
2023-07-11 01:10:44,081 - BO_format_1::INFO -- [Batch] : Finish Injection Queue
2023-07-11 01:10:54,094 - BO_format_1::INFO -- [Batch] : Prepare Injection Queue --> Citrate,0.02mM,5000uL,200uL/s
2023-07-11 01:10:58,080 - BO_format_1::INFO -- [Batch] : Start Injection Queue --> Citrate,0.02mM,1200μL,200μL/s
2023-07-11 01:11:03,078 - BO_format_1::INFO -- [Batch] : Finish Injection Queue
2023-07-11 01:11:15,099 - BO_format_1::INFO -- [Batch] : Prepare Injection Queue --> Citrate,0.02mM,5000uL,200uL/s
2023-07-11 01:11:19,175 - BO_format_1::INFO -- [Batch] : Start Injection Queue --> Citrate,0.02mM,1200μL,200μL/s
2023-07-11 01:11:24,754 - BO_format_1::INFO -- [Batch] : Finish Injection Queue
2023-07-11 01:11:36,774 - BO_format_1::INFO -- [Batch] : Prepare Injection Queue --> Citrate,0.02mM,5000uL,200uL/s
2023-07-11 01:11:40,690 - BO_format_1::INFO -- [Batch] : Start Injection Queue --> Citrate,0.02mM,1200μL,200μL/s
2023-07-11 01:11:45,906 - BO_format_1::INFO -- [Batch] : Finish Injection Queue
2023-07-11 01:11:49,914 - BO_format_1::INFO -- [Batch] : Prepare Injection Queue --> H2O2,0.375mM,5000uL,200uL/s
2023-07-11 01:11:54,133 - BO_format_1::INFO -- [Batch] : Start Injection Queue --> H2O2,0.375mM,1200μL,200μL/s
2023-07-11 01:11:59,719 - BO_format_1::INFO -- [Batch] : Finish Injection Queue
2023-07-11 01:12:03,728 - BO_format_1::INFO -- [Batch] : Prepare Injection Queue --> H2O2,0.375mM,5000uL,200uL/s
2023-07-11 01:12:07,760 - BO_format_1::INFO -- [Batch] : Start Injection Queue --> H2O2,0.375mM,1200μL,200μL/s
2023-07-11 01:12:12,934 - BO_format_1::INFO -- [Batch] : Finish Injection Queue
2023-07-11 01:12:36,975 - BO_format_1::INFO -- [Batch] : Prepare Injection Queue --> H2O2,0.375mM,5000uL,200uL/s
2023-07-11 01:12:40,998 - BO_format_1::INFO -- [Batch] : Start Injection Queue --> H2O2,0.375mM,1200μL,200μL/s
2023-07-11 01:12:46,400 - BO_format_1::INFO -- [Batch] : Finish Injection Queue
2023-07-11 01:13:10,429 - BO_format_1::INFO -- [Batch] : Prepare Injection Queue --> H2O2,0.375mM,5000uL,200uL/s
2023-07-11 01:13:14,741 - BO_format_1::INFO -- [Batch] : Start Injection Queue --> H2O2,0.375mM,1200μL,200μL/s
2023-07-11 01:13:20,077 - BO_format_1::INFO -- [Batch] : Finish Injection Queue
2023-07-11 01:13:38,171 - BO_format_1::INFO -- [Batch] : Prepare Injection Queue --> H2O2,0.375mM,5000uL,200uL/s
2023-07-11 01:13:42,294 - BO_format_1::INFO -- [Batch] : Start Injection Queue --> H2O2,0.375mM,1200μL,200μL/s
2023-07-11 01:13:47,758 - BO_format_1::INFO -- [Batch] : Finish Injection Queue
2023-07-11 01:13:49,858 - BO_format_1::INFO -- [Batch] : Prepare Injection Queue --> H2O2,0.375mM,5000uL,200uL/s
2023-07-11 01:13:54,194 - BO_format_1::INFO -- [Batch] : Start Injection Queue --> H2O2,0.375mM,1200μL,200μL/s
2023-07-11 01:13:59,532 - BO_format_1::INFO -- [Batch] : Finish Injection Queue
2023-07-11 01:14:01,638 - BO_format_1::INFO -- [Batch] : Prepare Injection Queue --> NaBH4,0.01mM,5000uL,200uL/s
2023-07-11 01:14:05,821 - BO_format_1::INFO -- [Batch] : Start Injection Queue --> NaBH4,0.01mM,3000μL,200μL/s
2023-07-11 01:14:11,150 - BO_format_1::INFO -- [Batch] : Finish Injection Queue
2023-07-11 01:14:13,244 - BO_format_1::INFO -- [Batch] : Prepare Injection Queue --> NaBH4,0.01mM,5000uL,200uL/s
2023-07-11 01:14:17,439 - BO_format_1::INFO -- [Batch] : Start Injection Queue --> NaBH4,0.01mM,3000μL,200μL/s
2023-07-11 01:14:22,742 - BO_format_1::INFO -- [Batch] : Finish Injection Queue
2023-07-11 01:14:24,844 - BO_format_1::INFO -- [Batch] : Prepare Injection Queue --> NaBH4,0.01mM,5000uL,200uL/s
2023-07-11 01:14:28,987 - BO_format_1::INFO -- [Batch] : Start Injection Queue --> NaBH4,0.01mM,3000μL,200μL/s
2023-07-11 01:14:34,527 - BO_format_1::INFO -- [Batch] : Finish Injection Queue
2023-07-11 01:14:36,631 - BO_format_1::INFO -- [Batch] : Prepare Injection Queue --> NaBH4,0.01mM,5000uL,200uL/s
2023-07-11 01:14:40,790 - BO_format_1::INFO -- [Batch] : Start Injection Queue --> NaBH4,0.01mM,3000μL,200μL/s
2023-07-11 01:14:45,991 - BO_format_1::INFO -- [Batch] : Finish Injection Queue
2023-07-11 01:14:48,096 - BO_format_1::INFO -- [Batch] : Prepare Injection Queue --> NaBH4,0.01mM,5000uL,200uL/s
2023-07-11 01:14:52,298 - BO_format_1::INFO -- [Batch] : Start Injection Queue --> NaBH4,0.01mM,3000μL,200μL/s
2023-07-11 01:14:57,695 - BO_format_1::INFO -- [Batch] : Finish Injection Queue
2023-07-11 01:14:59,790 - BO_format_1::INFO -- [Batch] : Prepare Injection Queue --> NaBH4,0.01mM,5000uL,200uL/s
2023-07-11 01:15:03,944 - BO_format_1::INFO -- [Batch] : Start Injection Queue --> NaBH4,0.01mM,3000μL,200μL/s
2023-07-11 01:15:09,392 - BO_format_1::INFO -- [Batch] : Finish Injection Queue
2023-07-11 01:15:09,433 - BO_format_1::INFO -- [Batch] : Start Stir Queue 0 (Stirrer)
2023-07-11 01:15:10,605 - BO_format_1::INFO -- [Batch] : Start Stir Queue 1 (Stirrer)
2023-07-11 01:15:11,721 - BO_format_1::INFO -- [Batch] : Start Stir Queue 2 (Stirrer)
2023-07-11 01:15:12,856 - BO_format_1::INFO -- [Batch] : Start Stir Queue 3 (Stirrer)
2023-07-11 01:15:14,060 - BO_format_1::INFO -- [Batch] : Start Stir Queue 4 (Stirrer)
2023-07-11 01:15:15,115 - BO_format_1::INFO -- [Batch] : Start Stir Queue 5 (Stirrer)
2023-07-11 01:15:16,257 - BO_format_1::INFO -- [Batch] : Finish Stir Queue 0 (Stirrer)
2023-07-11 01:15:16,267 - BO_format_1::INFO -- [Batch] : Finish Stir Queue 1 (Stirrer)
2023-07-11 01:15:16,277 - BO_format_1::INFO -- [Batch] : Finish Stir Queue 2 (Stirrer)
2023-07-11 01:15:16,288 - BO_format_1::INFO -- [Batch] : Finish Stir Queue 3 (Stirrer)
2023-07-11 01:15:16,298 - BO_format_1::INFO -- [Batch] : Finish Stir Queue 4 (Stirrer)
2023-07-11 01:15:16,303 - BO_format_1::INFO -- [Batch] : Finish Stir Queue 5 (Stirrer)
2023-07-11 01:15:16,313 - BO_format_1::INFO -- [Batch] : Start Heat Queue 0 (Stirrer)
2023-07-11 01:15:17,417 - BO_format_1::INFO -- [Batch] : Start Heat Queue 1 (Stirrer)
2023-07-11 01:15:18,535 - BO_format_1::INFO -- [Batch] : Start Heat Queue 2 (Stirrer)
2023-07-11 01:15:19,675 - BO_format_1::INFO -- [Batch] : Start Heat Queue 3 (Stirrer)
2023-07-11 01:15:20,717 - BO_format_1::INFO -- [Batch] : Start Heat Queue 4 (Stirrer)
2023-07-11 01:15:21,813 - BO_format_1::INFO -- [Batch] : Start Heat Queue 5 (Stirrer)
2023-07-11 01:15:23,158 - BO_format_1::INFO -- [Batch] : Finish Heat Queue 0 (Stirrer)
2023-07-11 01:15:23,168 - BO_format_1::INFO -- [Batch] : Finish Heat Queue 1 (Stirrer)
2023-07-11 01:15:23,179 - BO_format_1::INFO -- [Batch] : Finish Heat Queue 2 (Stirrer)
2023-07-11 01:15:23,189 - BO_format_1::INFO -- [Batch] : Finish Heat Queue 3 (Stirrer)
2023-07-11 01:15:23,199 - BO_format_1::INFO -- [Batch] : Finish Heat Queue 4 (Stirrer)
2023-07-11 01:15:23,210 - BO_format_1::INFO -- [Batch] : Finish Heat Queue 5 (Stirrer)
2023-07-11 01:15:23,220 - BO_format_1::INFO -- [Batch] : Start Wait:1s
2023-07-11 01:15:23,231 - BO_format_1::INFO -- [Batch] : check Wait:1s
2023-07-11 01:15:23,231 - BO_format_1::INFO -- [Batch] : Finish Wait:1s
2023-07-11 01:15:23,231 - BO_format_1::INFO -- [Batch] : Start Wait:1s
2023-07-11 01:15:23,236 - BO_format_1::INFO -- [Batch] : check Wait:1s
2023-07-11 01:15:23,241 - BO_format_1::INFO -- [Batch] : Finish Wait:1s
2023-07-11 01:15:23,257 - BO_format_1::INFO -- [Batch] : Start Wait:1s
2023-07-11 01:15:23,262 - BO_format_1::INFO -- [Batch] : Start Wait:1s
2023-07-11 01:15:23,278 - BO_format_1::INFO -- [Batch] : Start Wait:1s
2023-07-11 01:15:23,283 - BO_format_1::INFO -- [Batch] : check Wait:1s
2023-07-11 01:15:23,293 - BO_format_1::INFO -- [Batch] : Start Wait:1s
2023-07-11 01:15:23,293 - BO_format_1::INFO -- [Batch] : check Wait:1s
2023-07-11 01:15:23,303 - BO_format_1::INFO -- [Batch] : check Wait:1s
2023-07-11 01:15:23,314 - BO_format_1::INFO -- [Batch] : Finish Wait:1s
2023-07-11 01:15:23,324 - BO_format_1::INFO -- [Batch] : check Wait:1s
2023-07-11 01:15:23,339 - BO_format_1::INFO -- [Batch] : Finish Wait:1s
2023-07-11 01:15:23,344 - BO_format_1::INFO -- [Batch] : Finish Wait:1s
2023-07-11 01:15:23,380 - BO_format_1::INFO -- [Batch] : Finish Wait:1s
2023-07-11 01:15:25,485 - BO_format_1::INFO -- [Batch] : Prepare Injection Queue --> AgNO3,0mM,5000uL,200uL/s
2023-07-11 01:15:29,888 - BO_format_1::INFO -- [Batch] : Start Injection Queue --> AgNO3,0mM,750μL,150μL/s
2023-07-11 01:15:35,361 - BO_format_1::INFO -- [Batch] : Finish Injection Queue
2023-07-11 01:15:37,471 - BO_format_1::INFO -- [Batch] : Prepare Injection Queue --> AgNO3,0mM,5000uL,200uL/s
2023-07-11 01:15:41,609 - BO_format_1::INFO -- [Batch] : Start Injection Queue --> AgNO3,0mM,750μL,150μL/s
2023-07-11 01:15:47,014 - BO_format_1::INFO -- [Batch] : Finish Injection Queue
2023-07-11 01:15:49,124 - BO_format_1::INFO -- [Batch] : Prepare Injection Queue --> AgNO3,0mM,5000uL,200uL/s
2023-07-11 01:15:53,667 - BO_format_1::INFO -- [Batch] : Start Injection Queue --> AgNO3,0mM,750μL,150μL/s
2023-07-11 01:15:59,093 - BO_format_1::INFO -- [Batch] : Finish Injection Queue
2023-07-11 01:16:01,198 - BO_format_1::INFO -- [Batch] : Prepare Injection Queue --> AgNO3,0mM,5000uL,200uL/s
2023-07-11 01:16:05,589 - BO_format_1::INFO -- [Batch] : Start Injection Queue --> AgNO3,0mM,750μL,150μL/s
2023-07-11 01:16:10,923 - BO_format_1::INFO -- [Batch] : Finish Injection Queue
2023-07-11 01:16:13,023 - BO_format_1::INFO -- [Batch] : Prepare Injection Queue --> AgNO3,0mM,5000uL,200uL/s
2023-07-11 01:16:17,057 - BO_format_1::INFO -- [Batch] : Start Injection Queue --> AgNO3,0mM,750μL,150μL/s
2023-07-11 01:16:22,389 - BO_format_1::INFO -- [Batch] : Finish Injection Queue
2023-07-11 01:16:24,504 - BO_format_1::INFO -- [Batch] : Prepare Injection Queue --> AgNO3,0mM,5000uL,200uL/s
2023-07-11 01:16:28,626 - BO_format_1::INFO -- [Batch] : Start Injection Queue --> AgNO3,0mM,750μL,150μL/s
2023-07-11 01:16:33,774 - BO_format_1::INFO -- [Batch] : Finish Injection Queue
2023-07-11 01:16:33,820 - BO_format_1::INFO -- [Batch] : Start React:1s
2023-07-11 01:16:33,831 - BO_format_1::INFO -- [Batch] : Start React:1s
2023-07-11 01:16:33,841 - BO_format_1::INFO -- [Batch] : Start React:1s
2023-07-11 01:16:33,846 - BO_format_1::INFO -- [Batch] : Start React:1s
2023-07-11 01:16:33,852 - BO_format_1::INFO -- [Batch] : Start React:1s
2023-07-11 01:16:33,857 - BO_format_1::INFO -- [Batch] : Start React:1s
2023-07-11 01:16:43,846 - BO_format_1::INFO -- [Batch] : check React:1s
2023-07-11 01:16:43,851 - BO_format_1::INFO -- [Batch] : check React:1s
2023-07-11 01:16:43,888 - BO_format_1::INFO -- [Batch] : check React:1s
2023-07-11 01:16:43,898 - BO_format_1::INFO -- [Batch] : check React:1s
2023-07-11 01:16:43,908 - BO_format_1::INFO -- [Batch] : check React:1s
2023-07-11 01:16:43,913 - BO_format_1::INFO -- [Batch] : check React:1s
2023-07-11 01:16:48,519 - BO_format_1::INFO -- [Batch] : Finish React:1s
2023-07-11 01:16:48,624 - BO_format_1::INFO -- [Batch] : Finish React:1s
2023-07-11 01:16:52,220 - BO_format_1::INFO -- [Batch] : Finish React:1s
2023-07-11 01:16:56,835 - BO_format_1::INFO -- [Batch] : Finish React:1s
2023-07-11 01:16:57,134 - BO_format_1::INFO -- [Batch] : Finish React:1s
2023-07-11 01:16:57,430 - BO_format_1::INFO -- [Batch] : Finish React:1s
2023-07-11 01:16:57,477 - BO_format_1::INFO -- [TaskScheduler] : UV allocate location: {'vialHolder': [2, 3, 4, 5, 6, 7]}
2023-07-11 01:16:57,487 - BO_format_1::INFO -- [TaskScheduler] : check location after allocation: {'BatchSynthesis': {'Stirrer': [0, 0, 0, 0, 0, 0, 1, 1, '?', '?', '?', '?', '?', '?', '?', '?'], 'vialHolder': [0, 0, 0, 0, 0, 0, 1, 1]}, 'UV': {'vialHolder': [1, 1, 0, 0, 0, 0, 0, 0]}}
2023-07-11 01:16:59,587 - BO_format_1::INFO -- [UV] : Prepare UV-VIS container
2023-07-11 01:17:13,191 - BO_format_1::INFO -- [UV] : Start UV-VIS Characterization
2023-07-11 01:17:22,394 - BO_format_1::INFO -- [UV] : 0 result : OrderedDict([('lambdamax', 759.191037), ('intensity', 0.0168314278646985), ('FWHM', 8.616774000000078)])
2023-07-11 01:17:22,405 - BO_format_1::INFO -- [UV] : Finish UV-VIS Characterization
2023-07-11 01:17:24,520 - BO_format_1::INFO -- [UV] : Prepare UV-VIS container
2023-07-11 01:17:38,015 - BO_format_1::INFO -- [UV] : Start UV-VIS Characterization
2023-07-11 01:17:47,139 - BO_format_1::INFO -- [UV] : 1 result : OrderedDict([('lambdamax', 560.242233), ('intensity', 0.018772509535882546), ('FWHM', 19.774085000000014)])
2023-07-11 01:17:47,140 - BO_format_1::INFO -- [UV] : Finish UV-VIS Characterization
2023-07-11 01:17:49,260 - BO_format_1::INFO -- [UV] : Prepare UV-VIS container
2023-07-11 01:18:03,125 - BO_format_1::INFO -- [UV] : Start UV-VIS Characterization
2023-07-11 01:18:12,306 - BO_format_1::INFO -- [UV] : 2 result : OrderedDict([('lambdamax', 717.756781), ('intensity', 0.018637986208741093), ('FWHM', 23.013797000000068)])
2023-07-11 01:18:12,316 - BO_format_1::INFO -- [UV] : Finish UV-VIS Characterization
2023-07-11 01:18:14,452 - BO_format_1::INFO -- [UV] : Prepare UV-VIS container
2023-07-11 01:18:28,025 - BO_format_1::INFO -- [UV] : Start UV-VIS Characterization
2023-07-11 01:18:36,987 - BO_format_1::INFO -- [UV] : 3 result : OrderedDict([('lambdamax', 746.215176), ('intensity', 0.024348634726580724), ('FWHM', 18.008535999999935)])
2023-07-11 01:18:36,997 - BO_format_1::INFO -- [UV] : Finish UV-VIS Characterization
2023-07-11 01:18:39,136 - BO_format_1::INFO -- [UV] : Prepare UV-VIS container
2023-07-11 01:18:52,811 - BO_format_1::INFO -- [UV] : Start UV-VIS Characterization
2023-07-11 01:19:01,810 - BO_format_1::INFO -- [UV] : 4 result : OrderedDict([('lambdamax', 687.874964), ('intensity', 0.01956410213946625), ('FWHM', 16.056320000000028)])
2023-07-11 01:19:01,821 - BO_format_1::INFO -- [UV] : Finish UV-VIS Characterization
2023-07-11 01:19:03,982 - BO_format_1::INFO -- [UV] : Prepare UV-VIS container
2023-07-11 01:19:17,282 - BO_format_1::INFO -- [UV] : Start UV-VIS Characterization
2023-07-11 01:19:26,215 - BO_format_1::INFO -- [UV] : 5 result : OrderedDict([('lambdamax', 549.321369), ('intensity', 0.019257429720309773), ('FWHM', 15.048420999999962)])
2023-07-11 01:19:26,226 - BO_format_1::INFO -- [UV] : Finish UV-VIS Characterization
2023-07-11 01:19:28,376 - BO_format_1::INFO -- [RobotArm] : Start Robot Queue : Batch motion (holder_to_storage_filled) is started.
2023-07-11 01:19:28,386 - BO_format_1::INFO -- [RobotArm] : vial_num_list:[2, 3, 4, 5, 6, 7]
2023-07-11 01:19:28,397 - BO_format_1::INFO -- [RobotArm] : line_num_list:[0, 0, 0, 0, 0, 0]
2023-07-11 01:19:28,407 - BO_format_1::INFO -- [RobotArm] : vialHolder_list:[2, 3, 4, 5, 6, 7]
2023-07-11 01:19:37,125 - BO_format_1::INFO -- [RobotArm] : Finish Robot Queue : Batch motion (holder_to_storage_filled) is done.
2023-07-11 01:19:37,135 - BO_format_1::INFO -- [RobotArm] : Start Robot Queue : Batch motion (holder_to_storage_filled) is started.
2023-07-11 01:19:40,583 - BO_format_1::INFO -- [RobotArm] : Finish Robot Queue : Batch motion (holder_to_storage_filled) is done.
2023-07-11 01:19:40,593 - BO_format_1::INFO -- [RobotArm] : Start Robot Queue : Batch motion (holder_to_storage_filled) is started.
2023-07-11 01:19:44,136 - BO_format_1::INFO -- [RobotArm] : Finish Robot Queue : Batch motion (holder_to_storage_filled) is done.
2023-07-11 01:19:44,146 - BO_format_1::INFO -- [RobotArm] : Start Robot Queue : Batch motion (holder_to_storage_filled) is started.
2023-07-11 01:19:47,627 - BO_format_1::INFO -- [RobotArm] : Finish Robot Queue : Batch motion (holder_to_storage_filled) is done.
2023-07-11 01:19:47,637 - BO_format_1::INFO -- [RobotArm] : Start Robot Queue : Batch motion (holder_to_storage_filled) is started.
2023-07-11 01:19:51,175 - BO_format_1::INFO -- [RobotArm] : Finish Robot Queue : Batch motion (holder_to_storage_filled) is done.
2023-07-11 01:19:51,185 - BO_format_1::INFO -- [RobotArm] : Start Robot Queue : Batch motion (holder_to_storage_filled) is started.
2023-07-11 01:19:57,646 - BO_format_1::INFO -- [RobotArm] : Finish Robot Queue : Batch motion (holder_to_storage_filled) is done.
2023-07-11 01:19:57,688 - BO_format_1::INFO -- [TaskScheduler] : refresh location: {'BatchSynthesis': {'Stirrer': ['?', '?', '?', '?', '?', '?', 1, 1, '?', '?', '?', '?', '?', '?', '?', '?'], 'vialHolder': ['?', '?', '?', '?', '?', '?', 1, 1]}, 'UV': {'vialHolder': [1, 1, '?', '?', '?', '?', '?', '?']}}
2023-07-11 01:19:57,708 - BO_format_1::INFO -- [Algorithm] : 0 optimal_value : -0.6742446337018507
2023-07-11 01:19:57,708 - BO_format_1::INFO -- [Algorithm] : 1 optimal_value : -0.1112157393068891
2023-07-11 01:19:57,708 - BO_format_1::INFO -- [Algorithm] : 2 optimal_value : -0.5402795303193101
2023-07-11 01:19:57,708 - BO_format_1::INFO -- [Algorithm] : 3 optimal_value : -0.6320708699646761
2023-07-11 01:19:57,708 - BO_format_1::INFO -- [Algorithm] : 4 optimal_value : -0.4427462673576216
2023-07-11 01:19:57,708 - BO_format_1::INFO -- [Algorithm] : 5 optimal_value : -0.146406983027619
2023-07-11 01:19:57,712 - BO_format_1::INFO -- [JobExecution] : ######### Cycle 1/1 is done #########
2023-07-11 01:19:57,712 - BO_format_1::INFO -- [Algorithm] : Save our model object, filename=20230711_0108_1_obj
2023-07-11 01:19:57,712 - BO_format_1::INFO -- [JobExecution] : ######### All Cycle is done #########
