2023-07-11 01:23:29,181 - BO_format_1::INFO -- [JobExecution] : [jobID=0] Algorithm, model : BayesianOptimization
2023-07-11 01:23:29,192 - BO_format_1::INFO -- [JobExecution] : ######### Cycle start #########
2023-07-11 01:23:29,192 - BO_format_1::INFO -- [BayesianOptimization] : batchSize=6
2023-07-11 01:23:29,193 - BO_format_1::INFO -- [Algorithm [0]] : next_point 0: {'AddSolution=AgNO3_Concentration': 0, 'AddSolution=AgNO3_Volume': 750, 'AddSolution=AgNO3_Injectionrate': 150}
2023-07-11 01:23:29,203 - BO_format_1::INFO -- [Algorithm [1]] : next_point 1: {'AddSolution=AgNO3_Concentration': 0, 'AddSolution=AgNO3_Volume': 800, 'AddSolution=AgNO3_Injectionrate': 100}
2023-07-11 01:23:29,208 - BO_format_1::INFO -- [Algorithm [2]] : next_point 2: {'AddSolution=AgNO3_Concentration': 0, 'AddSolution=AgNO3_Volume': 1150, 'AddSolution=AgNO3_Injectionrate': 150}
2023-07-11 01:23:29,219 - BO_format_1::INFO -- [Algorithm [3]] : next_point 3: {'AddSolution=AgNO3_Concentration': 0, 'AddSolution=AgNO3_Volume': 650, 'AddSolution=AgNO3_Injectionrate': 150}
2023-07-11 01:23:29,229 - BO_format_1::INFO -- [Algorithm [4]] : next_point 4: {'AddSolution=AgNO3_Concentration': 0, 'AddSolution=AgNO3_Volume': 150, 'AddSolution=AgNO3_Injectionrate': 150}
2023-07-11 01:23:29,239 - BO_format_1::INFO -- [Algorithm [5]] : next_point 5: {'AddSolution=AgNO3_Concentration': 0, 'AddSolution=AgNO3_Volume': 1000, 'AddSolution=AgNO3_Injectionrate': 50}
2023-07-11 01:23:29,340 - BO_format_1::INFO -- [RecipeGenerator] : Allocate all of process based on job script!
2023-07-11 01:23:29,340 - BO_format_1::INFO -- [JobExecution] : ######### Cycle 1/1 is running #########
2023-07-11 01:23:29,387 - BO_format_1::INFO -- [TaskScheduler] : check location: {'BatchSynthesis': {'Stirrer': ['?', '?', '?', '?', '?', '?', '?', '?', '?', '?', '?', '?', '?', '?', '?', '?'], 'vialHolder': ['?', '?', '?', '?', '?', '?', '?', '?']}, 'UV': {'vialHolder': ['?', '?', '?', '?', '?', '?', '?', '?']}}
2023-07-11 01:23:29,397 - BO_format_1::INFO -- [TaskScheduler] : BatchSynthesis allocate location: {'Stirrer': [0, 1, 2, 3, 4, 5], 'vialHolder': [0, 1, 2, 3, 4, 5]}
2023-07-11 01:23:29,407 - BO_format_1::INFO -- [TaskScheduler] : check location after allocation: {'BatchSynthesis': {'Stirrer': [0, 0, 0, 0, 0, 0, '?', '?', '?', '?', '?', '?', '?', '?', '?', '?'], 'vialHolder': [0, 0, 0, 0, 0, 0, '?', '?']}, 'UV': {'vialHolder': ['?', '?', '?', '?', '?', '?', '?', '?']}}
2023-07-11 01:23:31,487 - BO_format_1::INFO -- [Batch] : storage_empty_to_stirrer is started.
2023-07-11 01:23:31,497 - BO_format_1::INFO -- [Batch] : vial_num_list: [0, 1, 2, 3, 4, 5]
2023-07-11 01:23:31,508 - BO_format_1::INFO -- [Batch] : line_num_list: [0, 0, 0, 0, 0, 0]
2023-07-11 01:23:31,518 - BO_format_1::INFO -- [Batch] : vialHolder_list: [0, 1, 2, 3, 4, 5]
2023-07-11 01:23:31,528 - BO_format_1::INFO -- [Batch] : Start Robot Queue : storage_empty_to_stirrer is started.
2023-07-11 01:23:37,903 - BO_format_1::INFO -- [Batch] : Finish Robot Queue : storage_empty_to_stirrer is done.
2023-07-11 01:23:39,968 - BO_format_1::INFO -- [Batch] : storage_empty_to_stirrer is started.
2023-07-11 01:23:39,968 - BO_format_1::INFO -- [Batch] : Start Robot Queue : storage_empty_to_stirrer is started.
2023-07-11 01:23:46,398 - BO_format_1::INFO -- [Batch] : Finish Robot Queue : storage_empty_to_stirrer is done.
2023-07-11 01:23:54,414 - BO_format_1::INFO -- [Batch] : storage_empty_to_stirrer is started.
2023-07-11 01:23:54,414 - BO_format_1::INFO -- [Batch] : Start Robot Queue : storage_empty_to_stirrer is started.
2023-07-11 01:24:00,883 - BO_format_1::INFO -- [Batch] : Finish Robot Queue : storage_empty_to_stirrer is done.
2023-07-11 01:24:08,898 - BO_format_1::INFO -- [Batch] : storage_empty_to_stirrer is started.
2023-07-11 01:24:08,899 - BO_format_1::INFO -- [Batch] : Start Robot Queue : storage_empty_to_stirrer is started.
2023-07-11 01:24:15,351 - BO_format_1::INFO -- [Batch] : Finish Robot Queue : storage_empty_to_stirrer is done.
2023-07-11 01:24:27,371 - BO_format_1::INFO -- [Batch] : storage_empty_to_stirrer is started.
2023-07-11 01:24:27,372 - BO_format_1::INFO -- [Batch] : Start Robot Queue : storage_empty_to_stirrer is started.
2023-07-11 01:24:34,025 - BO_format_1::INFO -- [Batch] : Finish Robot Queue : storage_empty_to_stirrer is done.
2023-07-11 01:24:46,047 - BO_format_1::INFO -- [Batch] : storage_empty_to_stirrer is started.
2023-07-11 01:24:46,047 - BO_format_1::INFO -- [Batch] : Start Robot Queue : storage_empty_to_stirrer is started.
2023-07-11 01:24:52,928 - BO_format_1::INFO -- [Batch] : Finish Robot Queue : storage_empty_to_stirrer is done.
2023-07-11 01:25:04,948 - BO_format_1::INFO -- [Batch] : Prepare Injection Queue --> Citrate,0.02mM,5000uL,200uL/s
2023-07-11 01:25:09,103 - BO_format_1::INFO -- [Batch] : Start Injection Queue --> Citrate,0.02mM,1200μL,200μL/s
2023-07-11 01:25:14,481 - BO_format_1::INFO -- [Batch] : Finish Injection Queue
2023-07-11 01:25:26,502 - BO_format_1::INFO -- [Batch] : Prepare Injection Queue --> Citrate,0.02mM,5000uL,200uL/s
2023-07-11 01:25:30,576 - BO_format_1::INFO -- [Batch] : Start Injection Queue --> Citrate,0.02mM,1200μL,200μL/s
2023-07-11 01:25:35,598 - BO_format_1::INFO -- [Batch] : Finish Injection Queue
2023-07-11 01:25:47,617 - BO_format_1::INFO -- [Batch] : Prepare Injection Queue --> Citrate,0.02mM,5000uL,200uL/s
2023-07-11 01:25:51,529 - BO_format_1::INFO -- [Batch] : Start Injection Queue --> Citrate,0.02mM,1200μL,200μL/s
2023-07-11 01:25:56,647 - BO_format_1::INFO -- [Batch] : Finish Injection Queue
2023-07-11 01:26:06,666 - BO_format_1::INFO -- [Batch] : Prepare Injection Queue --> Citrate,0.02mM,5000uL,200uL/s
2023-07-11 01:26:10,572 - BO_format_1::INFO -- [Batch] : Start Injection Queue --> Citrate,0.02mM,1200μL,200μL/s
2023-07-11 01:26:15,987 - BO_format_1::INFO -- [Batch] : Finish Injection Queue
2023-07-11 01:26:26,003 - BO_format_1::INFO -- [Batch] : Prepare Injection Queue --> Citrate,0.02mM,5000uL,200uL/s
2023-07-11 01:26:30,019 - BO_format_1::INFO -- [Batch] : Start Injection Queue --> Citrate,0.02mM,1200μL,200μL/s
2023-07-11 01:26:35,695 - BO_format_1::INFO -- [Batch] : Finish Injection Queue
2023-07-11 01:26:45,714 - BO_format_1::INFO -- [Batch] : Prepare Injection Queue --> Citrate,0.02mM,5000uL,200uL/s
2023-07-11 01:26:49,810 - BO_format_1::INFO -- [Batch] : Start Injection Queue --> Citrate,0.02mM,1200μL,200μL/s
2023-07-11 01:26:55,003 - BO_format_1::INFO -- [Batch] : Finish Injection Queue
2023-07-11 01:26:57,008 - BO_format_1::INFO -- [Batch] : Prepare Injection Queue --> H2O2,0.375mM,5000uL,200uL/s
2023-07-11 01:27:00,950 - BO_format_1::INFO -- [Batch] : Start Injection Queue --> H2O2,0.375mM,1200μL,200μL/s
2023-07-11 01:27:06,194 - BO_format_1::INFO -- [Batch] : Finish Injection Queue
2023-07-11 01:27:10,200 - BO_format_1::INFO -- [Batch] : Prepare Injection Queue --> H2O2,0.375mM,5000uL,200uL/s
2023-07-11 01:27:14,434 - BO_format_1::INFO -- [Batch] : Start Injection Queue --> H2O2,0.375mM,1200μL,200μL/s
2023-07-11 01:27:19,986 - BO_format_1::INFO -- [Batch] : Finish Injection Queue
2023-07-11 01:27:44,018 - BO_format_1::INFO -- [Batch] : Prepare Injection Queue --> H2O2,0.375mM,5000uL,200uL/s
2023-07-11 01:27:48,149 - BO_format_1::INFO -- [Batch] : Start Injection Queue --> H2O2,0.375mM,1200μL,200μL/s
2023-07-11 01:27:53,585 - BO_format_1::INFO -- [Batch] : Finish Injection Queue
2023-07-11 01:28:17,622 - BO_format_1::INFO -- [Batch] : Prepare Injection Queue --> H2O2,0.375mM,5000uL,200uL/s
2023-07-11 01:28:21,604 - BO_format_1::INFO -- [Batch] : Start Injection Queue --> H2O2,0.375mM,1200μL,200μL/s
2023-07-11 01:28:26,567 - BO_format_1::INFO -- [Batch] : Finish Injection Queue
2023-07-11 01:28:44,663 - BO_format_1::INFO -- [Batch] : Prepare Injection Queue --> H2O2,0.375mM,5000uL,200uL/s
2023-07-11 01:28:48,842 - BO_format_1::INFO -- [Batch] : Start Injection Queue --> H2O2,0.375mM,1200μL,200μL/s
2023-07-11 01:28:54,074 - BO_format_1::INFO -- [Batch] : Finish Injection Queue
2023-07-11 01:28:56,189 - BO_format_1::INFO -- [Batch] : Prepare Injection Queue --> H2O2,0.375mM,5000uL,200uL/s
2023-07-11 01:29:00,321 - BO_format_1::INFO -- [Batch] : Start Injection Queue --> H2O2,0.375mM,1200μL,200μL/s
2023-07-11 01:29:05,871 - BO_format_1::INFO -- [Batch] : Finish Injection Queue
2023-07-11 01:29:07,981 - BO_format_1::INFO -- [Batch] : Prepare Injection Queue --> NaBH4,0.01mM,5000uL,200uL/s
2023-07-11 01:29:12,220 - BO_format_1::INFO -- [Batch] : Start Injection Queue --> NaBH4,0.01mM,3000μL,200μL/s
2023-07-11 01:29:17,704 - BO_format_1::INFO -- [Batch] : Finish Injection Queue
2023-07-11 01:29:19,824 - BO_format_1::INFO -- [Batch] : Prepare Injection Queue --> NaBH4,0.01mM,5000uL,200uL/s
2023-07-11 01:29:24,082 - BO_format_1::INFO -- [Batch] : Start Injection Queue --> NaBH4,0.01mM,3000μL,200μL/s
2023-07-11 01:29:29,460 - BO_format_1::INFO -- [Batch] : Finish Injection Queue
2023-07-11 01:29:31,539 - BO_format_1::INFO -- [Batch] : Prepare Injection Queue --> NaBH4,0.01mM,5000uL,200uL/s
2023-07-11 01:29:35,751 - BO_format_1::INFO -- [Batch] : Start Injection Queue --> NaBH4,0.01mM,3000μL,200μL/s
2023-07-11 01:29:40,991 - BO_format_1::INFO -- [Batch] : Finish Injection Queue
2023-07-11 01:29:43,105 - BO_format_1::INFO -- [Batch] : Prepare Injection Queue --> NaBH4,0.01mM,5000uL,200uL/s
2023-07-11 01:29:47,356 - BO_format_1::INFO -- [Batch] : Start Injection Queue --> NaBH4,0.01mM,3000μL,200μL/s
2023-07-11 01:29:52,774 - BO_format_1::INFO -- [Batch] : Finish Injection Queue
2023-07-11 01:29:54,884 - BO_format_1::INFO -- [Batch] : Prepare Injection Queue --> NaBH4,0.01mM,5000uL,200uL/s
2023-07-11 01:29:59,182 - BO_format_1::INFO -- [Batch] : Start Injection Queue --> NaBH4,0.01mM,3000μL,200μL/s
2023-07-11 01:30:04,473 - BO_format_1::INFO -- [Batch] : Finish Injection Queue
2023-07-11 01:30:06,593 - BO_format_1::INFO -- [Batch] : Prepare Injection Queue --> NaBH4,0.01mM,5000uL,200uL/s
2023-07-11 01:30:11,005 - BO_format_1::INFO -- [Batch] : Start Injection Queue --> NaBH4,0.01mM,3000μL,200μL/s
2023-07-11 01:30:16,351 - BO_format_1::INFO -- [Batch] : Finish Injection Queue
2023-07-11 01:30:16,392 - BO_format_1::INFO -- [Batch] : Start Stir Queue 0 (Stirrer)
2023-07-11 01:30:17,473 - BO_format_1::INFO -- [Batch] : Start Stir Queue 1 (Stirrer)
2023-07-11 01:30:18,798 - BO_format_1::INFO -- [Batch] : Start Stir Queue 2 (Stirrer)
2023-07-11 01:30:19,915 - BO_format_1::INFO -- [Batch] : Start Stir Queue 3 (Stirrer)
2023-07-11 01:30:21,066 - BO_format_1::INFO -- [Batch] : Start Stir Queue 4 (Stirrer)
2023-07-11 01:30:22,449 - BO_format_1::INFO -- [Batch] : Start Stir Queue 5 (Stirrer)
2023-07-11 01:30:23,544 - BO_format_1::INFO -- [Batch] : Finish Stir Queue 0 (Stirrer)
2023-07-11 01:30:23,554 - BO_format_1::INFO -- [Batch] : Finish Stir Queue 1 (Stirrer)
2023-07-11 01:30:23,565 - BO_format_1::INFO -- [Batch] : Finish Stir Queue 2 (Stirrer)
2023-07-11 01:30:23,575 - BO_format_1::INFO -- [Batch] : Finish Stir Queue 3 (Stirrer)
2023-07-11 01:30:23,580 - BO_format_1::INFO -- [Batch] : Finish Stir Queue 4 (Stirrer)
2023-07-11 01:30:23,590 - BO_format_1::INFO -- [Batch] : Finish Stir Queue 5 (Stirrer)
2023-07-11 01:30:23,596 - BO_format_1::INFO -- [Batch] : Start Heat Queue 0 (Stirrer)
2023-07-11 01:30:24,716 - BO_format_1::INFO -- [Batch] : Start Heat Queue 1 (Stirrer)
2023-07-11 01:30:25,785 - BO_format_1::INFO -- [Batch] : Start Heat Queue 2 (Stirrer)
2023-07-11 01:30:26,972 - BO_format_1::INFO -- [Batch] : Start Heat Queue 3 (Stirrer)
2023-07-11 01:30:28,092 - BO_format_1::INFO -- [Batch] : Start Heat Queue 4 (Stirrer)
2023-07-11 01:30:29,170 - BO_format_1::INFO -- [Batch] : Start Heat Queue 5 (Stirrer)
2023-07-11 01:30:30,391 - BO_format_1::INFO -- [Batch] : Finish Heat Queue 0 (Stirrer)
2023-07-11 01:30:30,402 - BO_format_1::INFO -- [Batch] : Finish Heat Queue 1 (Stirrer)
2023-07-11 01:30:30,407 - BO_format_1::INFO -- [Batch] : Finish Heat Queue 2 (Stirrer)
2023-07-11 01:30:30,407 - BO_format_1::INFO -- [Batch] : Finish Heat Queue 3 (Stirrer)
2023-07-11 01:30:30,407 - BO_format_1::INFO -- [Batch] : Finish Heat Queue 4 (Stirrer)
2023-07-11 01:30:30,418 - BO_format_1::INFO -- [Batch] : Finish Heat Queue 5 (Stirrer)
2023-07-11 01:30:30,433 - BO_format_1::INFO -- [Batch] : Start Wait:1s
2023-07-11 01:30:30,438 - BO_format_1::INFO -- [Batch] : check Wait:1s
2023-07-11 01:30:30,444 - BO_format_1::INFO -- [Batch] : Start Wait:1s
2023-07-11 01:30:30,444 - BO_format_1::INFO -- [Batch] : Finish Wait:1s
2023-07-11 01:30:30,444 - BO_format_1::INFO -- [Batch] : Start Wait:1s
2023-07-11 01:30:30,444 - BO_format_1::INFO -- [Batch] : check Wait:1s
2023-07-11 01:30:30,450 - BO_format_1::INFO -- [Batch] : Start Wait:1s
2023-07-11 01:30:30,455 - BO_format_1::INFO -- [Batch] : Start Wait:1s
2023-07-11 01:30:30,460 - BO_format_1::INFO -- [Batch] : check Wait:1s
2023-07-11 01:30:30,476 - BO_format_1::INFO -- [Batch] : Start Wait:1s
2023-07-11 01:30:30,476 - BO_format_1::INFO -- [Batch] : Finish Wait:1s
2023-07-11 01:30:30,486 - BO_format_1::INFO -- [Batch] : check Wait:1s
2023-07-11 01:30:30,487 - BO_format_1::INFO -- [Batch] : check Wait:1s
2023-07-11 01:30:30,497 - BO_format_1::INFO -- [Batch] : Finish Wait:1s
2023-07-11 01:30:30,502 - BO_format_1::INFO -- [Batch] : check Wait:1s
2023-07-11 01:30:30,523 - BO_format_1::INFO -- [Batch] : Finish Wait:1s
2023-07-11 01:30:30,533 - BO_format_1::INFO -- [Batch] : Finish Wait:1s
2023-07-11 01:30:30,554 - BO_format_1::INFO -- [Batch] : Finish Wait:1s
2023-07-11 01:30:32,664 - BO_format_1::INFO -- [Batch] : Prepare Injection Queue --> AgNO3,0mM,5000uL,200uL/s
2023-07-11 01:30:36,865 - BO_format_1::INFO -- [Batch] : Start Injection Queue --> AgNO3,0mM,750μL,150μL/s
2023-07-11 01:30:41,998 - BO_format_1::INFO -- [Batch] : Finish Injection Queue
2023-07-11 01:30:44,088 - BO_format_1::INFO -- [Batch] : Prepare Injection Queue --> AgNO3,0mM,5000uL,200uL/s
2023-07-11 01:30:48,286 - BO_format_1::INFO -- [Batch] : Start Injection Queue --> AgNO3,0mM,800μL,100μL/s
2023-07-11 01:30:53,850 - BO_format_1::INFO -- [Batch] : Finish Injection Queue
2023-07-11 01:30:55,964 - BO_format_1::INFO -- [Batch] : Prepare Injection Queue --> AgNO3,0mM,5000uL,200uL/s
2023-07-11 01:31:00,070 - BO_format_1::INFO -- [Batch] : Start Injection Queue --> AgNO3,0mM,1150μL,150μL/s
2023-07-11 01:31:05,690 - BO_format_1::INFO -- [Batch] : Finish Injection Queue
2023-07-11 01:31:07,795 - BO_format_1::INFO -- [Batch] : Prepare Injection Queue --> AgNO3,0mM,5000uL,200uL/s
2023-07-11 01:31:11,967 - BO_format_1::INFO -- [Batch] : Start Injection Queue --> AgNO3,0mM,650μL,150μL/s
2023-07-11 01:31:17,291 - BO_format_1::INFO -- [Batch] : Finish Injection Queue
2023-07-11 01:31:19,406 - BO_format_1::INFO -- [Batch] : Prepare Injection Queue --> AgNO3,0mM,5000uL,200uL/s
2023-07-11 01:31:23,746 - BO_format_1::INFO -- [Batch] : Start Injection Queue --> AgNO3,0mM,150μL,150μL/s
2023-07-11 01:31:29,211 - BO_format_1::INFO -- [Batch] : Finish Injection Queue
2023-07-11 01:31:31,316 - BO_format_1::INFO -- [Batch] : Prepare Injection Queue --> AgNO3,0mM,5000uL,200uL/s
2023-07-11 01:31:35,600 - BO_format_1::INFO -- [Batch] : Start Injection Queue --> AgNO3,0mM,1000μL,50μL/s
2023-07-11 01:31:40,974 - BO_format_1::INFO -- [Batch] : Finish Injection Queue
2023-07-11 01:31:41,035 - BO_format_1::INFO -- [Batch] : Start React:1s
2023-07-11 01:31:41,046 - BO_format_1::INFO -- [Batch] : Start React:1s
2023-07-11 01:31:41,056 - BO_format_1::INFO -- [Batch] : Start React:1s
2023-07-11 01:31:41,067 - BO_format_1::INFO -- [Batch] : Start React:1s
2023-07-11 01:31:41,082 - BO_format_1::INFO -- [Batch] : Start React:1s
2023-07-11 01:31:41,093 - BO_format_1::INFO -- [Batch] : Start React:1s
2023-07-11 01:31:51,058 - BO_format_1::INFO -- [Batch] : check React:1s
2023-07-11 01:31:51,070 - BO_format_1::INFO -- [Batch] : check React:1s
2023-07-11 01:31:51,080 - BO_format_1::INFO -- [Batch] : check React:1s
2023-07-11 01:31:51,085 - BO_format_1::INFO -- [Batch] : check React:1s
2023-07-11 01:31:51,101 - BO_format_1::INFO -- [Batch] : check React:1s
2023-07-11 01:31:51,110 - BO_format_1::INFO -- [Batch] : check React:1s
2023-07-11 01:31:55,565 - BO_format_1::INFO -- [Batch] : Finish React:1s
2023-07-11 01:31:59,564 - BO_format_1::INFO -- [Batch] : Finish React:1s
2023-07-11 01:32:03,600 - BO_format_1::INFO -- [Batch] : Finish React:1s
2023-07-11 01:32:07,647 - BO_format_1::INFO -- [Batch] : Finish React:1s
2023-07-11 01:32:11,691 - BO_format_1::INFO -- [Batch] : Finish React:1s
2023-07-11 01:32:16,007 - BO_format_1::INFO -- [Batch] : Finish React:1s
2023-07-11 01:32:16,058 - BO_format_1::INFO -- [TaskScheduler] : UV allocate location: {'vialHolder': [2, 3, 4, 5, 6, 7]}
2023-07-11 01:32:16,063 - BO_format_1::INFO -- [TaskScheduler] : check location after allocation: {'BatchSynthesis': {'Stirrer': [0, 0, 0, 0, 0, 0, 1, 1, '?', '?', '?', '?', '?', '?', '?', '?'], 'vialHolder': [0, 0, 0, 0, 0, 0, 1, 1]}, 'UV': {'vialHolder': [1, 1, 0, 0, 0, 0, 0, 0]}}
2023-07-11 01:32:18,168 - BO_format_1::INFO -- [UV] : Prepare UV-VIS container
2023-07-11 01:32:32,093 - BO_format_1::INFO -- [UV] : Start UV-VIS Characterization
2023-07-11 01:32:41,191 - BO_format_1::INFO -- [UV] : 0 result : OrderedDict([('lambdamax', 451.684045), ('intensity', 0.01846628706757144), ('FWHM', 50.21295100000003)])
2023-07-11 01:32:41,196 - BO_format_1::INFO -- [UV] : Finish UV-VIS Characterization
2023-07-11 01:32:43,332 - BO_format_1::INFO -- [UV] : Prepare UV-VIS container
2023-07-11 01:32:57,147 - BO_format_1::INFO -- [UV] : Start UV-VIS Characterization
2023-07-11 01:33:06,172 - BO_format_1::INFO -- [UV] : 1 result : OrderedDict([('lambdamax', 375.765564), ('intensity', 0.019348352413185367), ('FWHM', 13.843078999999989)])
2023-07-11 01:33:06,183 - BO_format_1::INFO -- [UV] : Finish UV-VIS Characterization
2023-07-11 01:33:08,298 - BO_format_1::INFO -- [UV] : Prepare UV-VIS container
2023-07-11 01:33:22,310 - BO_format_1::INFO -- [UV] : Start UV-VIS Characterization
2023-07-11 01:33:31,476 - BO_format_1::INFO -- [UV] : 2 result : OrderedDict([('lambdamax', 543.156414), ('intensity', 0.023939081871558816), ('FWHM', 10.289482999999905)])
2023-07-11 01:33:31,481 - BO_format_1::INFO -- [UV] : Finish UV-VIS Characterization
2023-07-11 01:33:33,581 - BO_format_1::INFO -- [UV] : Prepare UV-VIS container
2023-07-11 01:33:47,403 - BO_format_1::INFO -- [UV] : Start UV-VIS Characterization
2023-07-11 01:33:56,655 - BO_format_1::INFO -- [UV] : 3 result : OrderedDict([('lambdamax', 375.765564), ('intensity', 0.020879935484474286), ('FWHM', 13.471791999999994)])
2023-07-11 01:33:56,665 - BO_format_1::INFO -- [UV] : Finish UV-VIS Characterization
2023-07-11 01:33:58,811 - BO_format_1::INFO -- [UV] : Prepare UV-VIS container
2023-07-11 01:34:13,173 - BO_format_1::INFO -- [UV] : Start UV-VIS Characterization
2023-07-11 01:34:22,284 - BO_format_1::INFO -- [UV] : 4 result : OrderedDict([('lambdamax', 663.686997), ('intensity', 0.023221658115650863), ('FWHM', 22.467489999999998)])
2023-07-11 01:34:22,289 - BO_format_1::INFO -- [UV] : Finish UV-VIS Characterization
2023-07-11 01:34:24,418 - BO_format_1::INFO -- [UV] : Prepare UV-VIS container
2023-07-11 01:34:38,121 - BO_format_1::INFO -- [UV] : Start UV-VIS Characterization
2023-07-11 01:34:47,183 - BO_format_1::INFO -- [UV] : 5 result : OrderedDict([('lambdamax', 367.374798), ('intensity', 0.019172519449692185), ('FWHM', 13.52593900000005)])
2023-07-11 01:34:47,193 - BO_format_1::INFO -- [UV] : Finish UV-VIS Characterization
2023-07-11 01:34:49,349 - BO_format_1::INFO -- [RobotArm] : Start Robot Queue : Batch motion (holder_to_storage_filled) is started.
2023-07-11 01:34:49,360 - BO_format_1::INFO -- [RobotArm] : vial_num_list:[2, 3, 4, 5, 6, 7]
2023-07-11 01:34:49,370 - BO_format_1::INFO -- [RobotArm] : line_num_list:[0, 0, 0, 0, 0, 0]
2023-07-11 01:34:49,381 - BO_format_1::INFO -- [RobotArm] : vialHolder_list:[2, 3, 4, 5, 6, 7]
2023-07-11 01:34:58,332 - BO_format_1::INFO -- [RobotArm] : Finish Robot Queue : Batch motion (holder_to_storage_filled) is done.
2023-07-11 01:34:58,342 - BO_format_1::INFO -- [RobotArm] : Start Robot Queue : Batch motion (holder_to_storage_filled) is started.
2023-07-11 01:35:01,811 - BO_format_1::INFO -- [RobotArm] : Finish Robot Queue : Batch motion (holder_to_storage_filled) is done.
2023-07-11 01:35:01,821 - BO_format_1::INFO -- [RobotArm] : Start Robot Queue : Batch motion (holder_to_storage_filled) is started.
2023-07-11 01:35:05,246 - BO_format_1::INFO -- [RobotArm] : Finish Robot Queue : Batch motion (holder_to_storage_filled) is done.
2023-07-11 01:35:05,256 - BO_format_1::INFO -- [RobotArm] : Start Robot Queue : Batch motion (holder_to_storage_filled) is started.
2023-07-11 01:35:08,811 - BO_format_1::INFO -- [RobotArm] : Finish Robot Queue : Batch motion (holder_to_storage_filled) is done.
2023-07-11 01:35:08,816 - BO_format_1::INFO -- [RobotArm] : Start Robot Queue : Batch motion (holder_to_storage_filled) is started.
2023-07-11 01:35:12,222 - BO_format_1::INFO -- [RobotArm] : Finish Robot Queue : Batch motion (holder_to_storage_filled) is done.
2023-07-11 01:35:12,232 - BO_format_1::INFO -- [RobotArm] : Start Robot Queue : Batch motion (holder_to_storage_filled) is started.
2023-07-11 01:35:18,854 - BO_format_1::INFO -- [RobotArm] : Finish Robot Queue : Batch motion (holder_to_storage_filled) is done.
2023-07-11 01:35:18,906 - BO_format_1::INFO -- [TaskScheduler] : refresh location: {'BatchSynthesis': {'Stirrer': ['?', '?', '?', '?', '?', '?', 1, 1, '?', '?', '?', '?', '?', '?', '?', '?'], 'vialHolder': ['?', '?', '?', '?', '?', '?', 1, 1]}, 'UV': {'vialHolder': [1, 1, '?', '?', '?', '?', '?', '?']}}
2023-07-11 01:35:18,927 - BO_format_1::INFO -- [Algorithm] : 0 optimal_value : -0.465613610957518
2023-07-11 01:35:18,927 - BO_format_1::INFO -- [Algorithm] : 1 optimal_value : -0.7102345999486682
2023-07-11 01:35:18,927 - BO_format_1::INFO -- [Algorithm] : 2 optimal_value : -0.16585022865185917
2023-07-11 01:35:18,927 - BO_format_1::INFO -- [Algorithm] : 3 optimal_value : -0.7101071371154961
2023-07-11 01:35:18,927 - BO_format_1::INFO -- [Algorithm] : 4 optimal_value : -0.36425087616623336
2023-07-11 01:35:18,927 - BO_format_1::INFO -- [Algorithm] : 5 optimal_value : -0.7374920263171562
2023-07-11 01:35:18,931 - BO_format_1::INFO -- [JobExecution] : ######### Cycle 1/1 is done #########
2023-07-11 01:35:18,932 - BO_format_1::INFO -- [Algorithm] : Save our model object, filename=20230711_0123_1_obj
2023-07-11 01:35:18,932 - BO_format_1::INFO -- [JobExecution] : ######### All Cycle is done #########
