2023-07-11 00:31:55,024 - BO_format_1::INFO -- [JobExecution] : [jobID=1] Algorithm, model : BayesianOptimization
2023-07-11 00:31:55,029 - BO_format_1::INFO -- [JobExecution] : ######### Cycle start #########
2023-07-11 00:31:55,035 - BO_format_1::INFO -- [BayesianOptimization] : batchSize=3
2023-07-11 00:31:55,046 - BO_format_1::INFO -- [Algorithm [0]] : next_point 0: {'AddSolution=AgNO3_Concentration': 0, 'AddSolution=AgNO3_Volume': 750, 'AddSolution=AgNO3_Injectionrate': 150}
2023-07-11 00:31:55,056 - BO_format_1::INFO -- [Algorithm [1]] : next_point 1: {'AddSolution=AgNO3_Concentration': 0, 'AddSolution=AgNO3_Volume': 800, 'AddSolution=AgNO3_Injectionrate': 100}
2023-07-11 00:31:55,066 - BO_format_1::INFO -- [Algorithm [2]] : next_point 2: {'AddSolution=AgNO3_Concentration': 0, 'AddSolution=AgNO3_Volume': 1150, 'AddSolution=AgNO3_Injectionrate': 150}
2023-07-11 00:31:55,139 - BO_format_1::INFO -- [RecipeGenerator] : Allocate all of process based on job script!
2023-07-11 00:31:55,145 - BO_format_1::INFO -- [JobExecution] : ######### Cycle 1/2 is running #########
2023-07-11 00:31:55,145 - BO_format_1::INFO -- [TaskScheduler] : check location: {'BatchSynthesis': {'Stirrer': ['?', '?', '?', '?', '?', '?', '?', '?', '?', '?', '?', '?', '?', '?', '?', '?'], 'vialHolder': ['?', '?', '?', '?', '?', '?', '?', '?']}, 'UV': {'vialHolder': ['?', '?', '?', '?', '?', '?', '?', '?']}}
2023-07-11 00:31:55,150 - BO_format_1::INFO -- [TaskScheduler] : BatchSynthesis allocate location: {'Stirrer': [0, 1, 2], 'vialHolder': [0, 1, 2]}
2023-07-11 00:31:55,160 - BO_format_1::INFO -- [TaskScheduler] : check location after allocation: {'BatchSynthesis': {'Stirrer': [1, 1, 1, '?', '?', '?', '?', '?', '?', '?', '?', '?', '?', '?', '?', '?'], 'vialHolder': [1, 1, 1, '?', '?', '?', '?', '?']}, 'UV': {'vialHolder': ['?', '?', '?', '?', '?', '?', '?', '?']}}
2023-07-11 00:31:57,250 - BO_format_1::INFO -- [Batch] : storage_empty_to_stirrer is started.
2023-07-11 00:31:57,260 - BO_format_1::INFO -- [Batch] : vial_num_list: [0, 1, 2]
2023-07-11 00:31:57,271 - BO_format_1::INFO -- [Batch] : line_num_list: [0, 0, 0]
2023-07-11 00:31:57,281 - BO_format_1::INFO -- [Batch] : vialHolder_list: [0, 1, 2]
2023-07-11 00:31:57,291 - BO_format_1::INFO -- [Batch] : Start Robot Queue : storage_empty_to_stirrer is started.
2023-07-11 00:32:03,852 - BO_format_1::INFO -- [Batch] : Finish Robot Queue : storage_empty_to_stirrer is done.
2023-07-11 00:32:05,993 - BO_format_1::INFO -- [Batch] : storage_empty_to_stirrer is started.
2023-07-11 00:32:06,003 - BO_format_1::INFO -- [Batch] : Start Robot Queue : storage_empty_to_stirrer is started.
2023-07-11 00:32:12,681 - BO_format_1::INFO -- [Batch] : Finish Robot Queue : storage_empty_to_stirrer is done.
2023-07-11 00:32:20,698 - BO_format_1::INFO -- [Batch] : storage_empty_to_stirrer is started.
2023-07-11 00:32:20,698 - BO_format_1::INFO -- [Batch] : Start Robot Queue : storage_empty_to_stirrer is started.
2023-07-11 00:32:27,254 - BO_format_1::INFO -- [Batch] : Finish Robot Queue : storage_empty_to_stirrer is done.
2023-07-11 00:32:35,270 - BO_format_1::INFO -- [Batch] : Prepare Injection Queue --> Citrate,0.02mM,5000uL,200uL/s
2023-07-11 00:32:39,324 - BO_format_1::INFO -- [Batch] : Start Injection Queue --> Citrate,0.02mM,1200μL,200μL/s
2023-07-11 00:32:44,326 - BO_format_1::INFO -- [Batch] : Finish Injection Queue
2023-07-11 00:32:52,337 - BO_format_1::INFO -- [Batch] : Prepare Injection Queue --> Citrate,0.02mM,5000uL,200uL/s
2023-07-11 00:32:56,303 - BO_format_1::INFO -- [Batch] : Start Injection Queue --> Citrate,0.02mM,1200μL,200μL/s
2023-07-11 00:33:01,468 - BO_format_1::INFO -- [Batch] : Finish Injection Queue
2023-07-11 00:33:09,481 - BO_format_1::INFO -- [Batch] : Prepare Injection Queue --> Citrate,0.02mM,5000uL,200uL/s
2023-07-11 00:33:13,438 - BO_format_1::INFO -- [Batch] : Start Injection Queue --> Citrate,0.02mM,1200μL,200μL/s
2023-07-11 00:33:18,639 - BO_format_1::INFO -- [Batch] : Finish Injection Queue
2023-07-11 00:33:28,657 - BO_format_1::INFO -- [Batch] : Prepare Injection Queue --> H2O2,0.375mM,5000uL,200uL/s
2023-07-11 00:33:32,791 - BO_format_1::INFO -- [Batch] : Start Injection Queue --> H2O2,0.375mM,1200μL,200μL/s
2023-07-11 00:33:37,898 - BO_format_1::INFO -- [Batch] : Finish Injection Queue
2023-07-11 00:33:47,916 - BO_format_1::INFO -- [Batch] : Prepare Injection Queue --> H2O2,0.375mM,5000uL,200uL/s
2023-07-11 00:33:52,124 - BO_format_1::INFO -- [Batch] : Start Injection Queue --> H2O2,0.375mM,1200μL,200μL/s
2023-07-11 00:33:57,506 - BO_format_1::INFO -- [Batch] : Finish Injection Queue
2023-07-11 00:34:09,523 - BO_format_1::INFO -- [Batch] : Prepare Injection Queue --> H2O2,0.375mM,5000uL,200uL/s
2023-07-11 00:34:13,709 - BO_format_1::INFO -- [Batch] : Start Injection Queue --> H2O2,0.375mM,1200μL,200μL/s
2023-07-11 00:34:18,868 - BO_format_1::INFO -- [Batch] : Finish Injection Queue
2023-07-11 00:34:30,890 - BO_format_1::INFO -- [Batch] : Prepare Injection Queue --> NaBH4,0.01mM,5000uL,200uL/s
2023-07-11 00:34:35,162 - BO_format_1::INFO -- [Batch] : Start Injection Queue --> NaBH4,0.01mM,3000μL,200μL/s
2023-07-11 00:34:40,281 - BO_format_1::INFO -- [Batch] : Finish Injection Queue
2023-07-11 00:34:52,303 - BO_format_1::INFO -- [Batch] : Prepare Injection Queue --> NaBH4,0.01mM,5000uL,200uL/s
2023-07-11 00:34:56,203 - BO_format_1::INFO -- [Batch] : Start Injection Queue --> NaBH4,0.01mM,3000μL,200μL/s
2023-07-11 00:35:01,471 - BO_format_1::INFO -- [Batch] : Finish Injection Queue
2023-07-11 00:35:11,486 - BO_format_1::INFO -- [Batch] : Prepare Injection Queue --> NaBH4,0.01mM,5000uL,200uL/s
2023-07-11 00:35:15,467 - BO_format_1::INFO -- [Batch] : Start Injection Queue --> NaBH4,0.01mM,3000μL,200μL/s
2023-07-11 00:35:20,693 - BO_format_1::INFO -- [Batch] : Finish Injection Queue
2023-07-11 00:35:20,695 - BO_format_1::INFO -- [Batch] : Start Stir Queue 0 (Stirrer)
2023-07-11 00:35:21,810 - BO_format_1::INFO -- [Batch] : Start Stir Queue 1 (Stirrer)
2023-07-11 00:35:22,857 - BO_format_1::INFO -- [Batch] : Start Stir Queue 2 (Stirrer)
2023-07-11 00:35:23,958 - BO_format_1::INFO -- [Batch] : Finish Stir Queue 0 (Stirrer)
2023-07-11 00:35:23,958 - BO_format_1::INFO -- [Batch] : Finish Stir Queue 1 (Stirrer)
2023-07-11 00:35:23,958 - BO_format_1::INFO -- [Batch] : Finish Stir Queue 2 (Stirrer)
2023-07-11 00:35:23,958 - BO_format_1::INFO -- [Batch] : Start Heat Queue 0 (Stirrer)
2023-07-11 00:35:25,123 - BO_format_1::INFO -- [Batch] : Start Heat Queue 1 (Stirrer)
2023-07-11 00:35:26,168 - BO_format_1::INFO -- [Batch] : Start Heat Queue 2 (Stirrer)
2023-07-11 00:35:27,311 - BO_format_1::INFO -- [Batch] : Finish Heat Queue 0 (Stirrer)
2023-07-11 00:35:27,311 - BO_format_1::INFO -- [Batch] : Finish Heat Queue 1 (Stirrer)
2023-07-11 00:35:27,312 - BO_format_1::INFO -- [Batch] : Finish Heat Queue 2 (Stirrer)
2023-07-11 00:35:27,312 - BO_format_1::INFO -- [Batch] : Start Wait:1s
2023-07-11 00:35:27,312 - BO_format_1::INFO -- [Batch] : check Wait:1s
2023-07-11 00:35:27,312 - BO_format_1::INFO -- [Batch] : Start Wait:1s
2023-07-11 00:35:27,312 - BO_format_1::INFO -- [Batch] : Finish Wait:1s
2023-07-11 00:35:27,313 - BO_format_1::INFO -- [Batch] : Start Wait:1s
2023-07-11 00:35:27,313 - BO_format_1::INFO -- [Batch] : check Wait:1s
2023-07-11 00:35:27,313 - BO_format_1::INFO -- [Batch] : check Wait:1s
2023-07-11 00:35:27,313 - BO_format_1::INFO -- [Batch] : Finish Wait:1s
2023-07-11 00:35:27,313 - BO_format_1::INFO -- [Batch] : Finish Wait:1s
2023-07-11 00:35:31,321 - BO_format_1::INFO -- [Batch] : Prepare Injection Queue --> AgNO3,0mM,5000uL,200uL/s
2023-07-11 00:35:35,910 - BO_format_1::INFO -- [Batch] : Start Injection Queue --> AgNO3,0mM,750μL,150μL/s
2023-07-11 00:35:41,355 - BO_format_1::INFO -- [Batch] : Finish Injection Queue
2023-07-11 00:35:51,372 - BO_format_1::INFO -- [Batch] : Prepare Injection Queue --> AgNO3,0mM,5000uL,200uL/s
2023-07-11 00:35:55,682 - BO_format_1::INFO -- [Batch] : Start Injection Queue --> AgNO3,0mM,800μL,100μL/s
2023-07-11 00:36:00,640 - BO_format_1::INFO -- [Batch] : Finish Injection Queue
2023-07-11 00:36:10,658 - BO_format_1::INFO -- [Batch] : Prepare Injection Queue --> AgNO3,0mM,5000uL,200uL/s
2023-07-11 00:36:14,592 - BO_format_1::INFO -- [Batch] : Start Injection Queue --> AgNO3,0mM,1150μL,150μL/s
2023-07-11 00:36:19,684 - BO_format_1::INFO -- [Batch] : Finish Injection Queue
2023-07-11 00:36:19,686 - BO_format_1::INFO -- [Batch] : Start React:1s
2023-07-11 00:36:19,686 - BO_format_1::INFO -- [Batch] : Start React:1s
2023-07-11 00:36:19,687 - BO_format_1::INFO -- [Batch] : Start React:1s
2023-07-11 00:36:29,697 - BO_format_1::INFO -- [Batch] : check React:1s
2023-07-11 00:36:29,697 - BO_format_1::INFO -- [Batch] : check React:1s
2023-07-11 00:36:29,697 - BO_format_1::INFO -- [Batch] : check React:1s
2023-07-11 00:36:44,099 - BO_format_1::INFO -- [Batch] : Finish React:1s
2023-07-11 00:36:57,971 - BO_format_1::INFO -- [Batch] : Finish React:1s
2023-07-11 00:37:01,950 - BO_format_1::INFO -- [Batch] : Finish React:1s
2023-07-11 00:37:01,952 - BO_format_1::INFO -- [TaskScheduler] : UV allocate location: {'vialHolder': [0, 1, 2]}
2023-07-11 00:37:01,952 - BO_format_1::INFO -- [TaskScheduler] : check location after allocation: {'BatchSynthesis': {'Stirrer': [1, 1, 1, 2, 2, 2, 2, '?', '?', '?', '?', '?', '?', '?', '?', '?'], 'vialHolder': [1, 1, 1, 2, 2, 2, 2, '?']}, 'UV': {'vialHolder': [1, 1, 1, '?', '?', '?', '?', '?']}}
2023-07-11 00:37:03,957 - BO_format_1::INFO -- [UV] : Prepare UV-VIS container
2023-07-11 00:37:17,645 - BO_format_1::INFO -- [UV] : Start UV-VIS Characterization
2023-07-11 00:37:26,714 - BO_format_1::INFO -- [UV] : 0 result : OrderedDict([('lambdamax', 404.776804), ('intensity', 0.017036011883829846), ('FWHM', 29.69807499999996)])
2023-07-11 00:37:26,714 - BO_format_1::INFO -- [UV] : Finish UV-VIS Characterization
2023-07-11 00:37:36,733 - BO_format_1::INFO -- [UV] : Prepare UV-VIS container
2023-07-11 00:37:50,006 - BO_format_1::INFO -- [UV] : Start UV-VIS Characterization
2023-07-11 00:37:58,927 - BO_format_1::INFO -- [UV] : 1 result : OrderedDict([('lambdamax', 541.097932), ('intensity', 0.02302813402100582), ('FWHM', 10.983199000000013)])
2023-07-11 00:37:58,927 - BO_format_1::INFO -- [UV] : Finish UV-VIS Characterization
2023-07-11 00:38:10,949 - BO_format_1::INFO -- [UV] : Prepare UV-VIS container
2023-07-11 00:38:24,483 - BO_format_1::INFO -- [UV] : Start UV-VIS Characterization
2023-07-11 00:38:33,460 - BO_format_1::INFO -- [UV] : 2 result : OrderedDict([('lambdamax', 542.127391), ('intensity', 0.022345157476092344), ('FWHM', 23.62375899999995)])
2023-07-11 00:38:33,460 - BO_format_1::INFO -- [UV] : Finish UV-VIS Characterization
2023-07-11 00:38:43,479 - BO_format_1::INFO -- [RobotArm] : Start Robot Queue : Batch motion (holder_to_storage_filled) is started.
2023-07-11 00:38:43,480 - BO_format_1::INFO -- [RobotArm] : vial_num_list:[2, 3, 4]
2023-07-11 00:38:43,480 - BO_format_1::INFO -- [RobotArm] : line_num_list:[0, 0, 0]
2023-07-11 00:38:43,480 - BO_format_1::INFO -- [RobotArm] : vialHolder_list:[0, 1, 2]
2023-07-11 00:38:51,945 - BO_format_1::INFO -- [RobotArm] : Finish Robot Queue : Batch motion (holder_to_storage_filled) is done.
2023-07-11 00:38:51,945 - BO_format_1::INFO -- [RobotArm] : Start Robot Queue : Batch motion (holder_to_storage_filled) is started.
2023-07-11 00:38:55,289 - BO_format_1::INFO -- [RobotArm] : Finish Robot Queue : Batch motion (holder_to_storage_filled) is done.
2023-07-11 00:38:55,290 - BO_format_1::INFO -- [RobotArm] : Start Robot Queue : Batch motion (holder_to_storage_filled) is started.
2023-07-11 00:39:01,731 - BO_format_1::INFO -- [RobotArm] : Finish Robot Queue : Batch motion (holder_to_storage_filled) is done.
2023-07-11 00:39:01,733 - BO_format_1::INFO -- [TaskScheduler] : refresh location: {'BatchSynthesis': {'Stirrer': ['?', '?', '?', 2, 2, 2, 2, '?', '?', '?', '?', '?', '?', '?', '?', '?'], 'vialHolder': ['?', '?', '?', 2, 2, 2, 2, '?']}, 'UV': {'vialHolder': ['?', '?', '?', '?', '?', '?', '?', '?']}}
2023-07-11 00:39:01,747 - BO_format_1::INFO -- [Algorithm] : 0 optimal_value : -0.6170009351789623
2023-07-11 00:39:01,747 - BO_format_1::INFO -- [Algorithm] : 1 optimal_value : -0.17264004272020333
2023-07-11 00:39:01,747 - BO_format_1::INFO -- [Algorithm] : 2 optimal_value : -0.17003252353387738
2023-07-11 00:39:01,750 - BO_format_1::INFO -- [JobExecution] : ######### Cycle 1/2 is done #########
2023-07-11 00:39:01,751 - BO_format_1::INFO -- [Algorithm] : Save our model object, filename=20230711_0031_1_obj
2023-07-11 00:39:01,751 - BO_format_1::INFO -- [BayesianOptimization] : batchSize=3
2023-07-11 00:39:01,752 - BO_format_1::INFO -- [Algorithm [0]] : next_point 0: {'AddSolution=AgNO3_Concentration': 0, 'AddSolution=AgNO3_Volume': 650, 'AddSolution=AgNO3_Injectionrate': 150}
2023-07-11 00:39:01,752 - BO_format_1::INFO -- [Algorithm [1]] : next_point 1: {'AddSolution=AgNO3_Concentration': 0, 'AddSolution=AgNO3_Volume': 150, 'AddSolution=AgNO3_Injectionrate': 150}
2023-07-11 00:39:01,752 - BO_format_1::INFO -- [Algorithm [2]] : next_point 2: {'AddSolution=AgNO3_Concentration': 0, 'AddSolution=AgNO3_Volume': 1000, 'AddSolution=AgNO3_Injectionrate': 50}
2023-07-11 00:39:01,754 - BO_format_1::INFO -- [RecipeGenerator] : Allocate all of process based on job script!
2023-07-11 00:39:01,754 - BO_format_1::INFO -- [JobExecution] : ######### Cycle 2/2 is running #########
2023-07-11 00:39:01,754 - BO_format_1::INFO -- [TaskScheduler] : check location: {'BatchSynthesis': {'Stirrer': ['?', '?', '?', 2, 2, 2, 2, '?', '?', '?', '?', '?', '?', '?', '?', '?'], 'vialHolder': ['?', '?', '?', 2, 2, 2, 2, '?']}, 'UV': {'vialHolder': ['?', '?', '?', '?', '?', '?', '?', '?']}}
2023-07-11 00:39:01,754 - BO_format_1::INFO -- [TaskScheduler] : BatchSynthesis allocate location: {'Stirrer': [0, 1, 2], 'vialHolder': [0, 1, 2]}
2023-07-11 00:39:01,754 - BO_format_1::INFO -- [TaskScheduler] : check location after allocation: {'BatchSynthesis': {'Stirrer': [1, 1, 1, 2, 2, 2, 2, '?', '?', '?', '?', '?', '?', '?', '?', '?'], 'vialHolder': [1, 1, 1, 2, 2, 2, 2, '?']}, 'UV': {'vialHolder': ['?', '?', '?', '?', '?', '?', '?', '?']}}
2023-07-11 00:39:13,774 - BO_format_1::INFO -- [Batch] : storage_empty_to_stirrer is started.
2023-07-11 00:39:13,775 - BO_format_1::INFO -- [Batch] : vial_num_list: [7, 8, 9]
2023-07-11 00:39:13,775 - BO_format_1::INFO -- [Batch] : line_num_list: [0, 0, 0]
2023-07-11 00:39:13,776 - BO_format_1::INFO -- [Batch] : vialHolder_list: [0, 1, 2]
2023-07-11 00:39:13,776 - BO_format_1::INFO -- [Batch] : Start Robot Queue : storage_empty_to_stirrer is started.
2023-07-11 00:39:20,397 - BO_format_1::INFO -- [Batch] : Finish Robot Queue : storage_empty_to_stirrer is done.
2023-07-11 00:39:22,403 - BO_format_1::INFO -- [Batch] : storage_empty_to_stirrer is started.
2023-07-11 00:39:22,403 - BO_format_1::INFO -- [Batch] : Start Robot Queue : storage_empty_to_stirrer is started.
2023-07-11 00:39:28,871 - BO_format_1::INFO -- [Batch] : Finish Robot Queue : storage_empty_to_stirrer is done.
2023-07-11 00:39:42,893 - BO_format_1::INFO -- [Batch] : storage_empty_to_stirrer is started.
2023-07-11 00:39:42,893 - BO_format_1::INFO -- [Batch] : Start Robot Queue : storage_empty_to_stirrer is started.
2023-07-11 00:39:49,332 - BO_format_1::INFO -- [Batch] : Finish Robot Queue : storage_empty_to_stirrer is done.
2023-07-11 00:40:13,371 - BO_format_1::INFO -- [Batch] : Prepare Injection Queue --> Citrate,0.02mM,5000uL,200uL/s
2023-07-11 00:40:17,585 - BO_format_1::INFO -- [Batch] : Start Injection Queue --> Citrate,0.02mM,1200μL,200μL/s
2023-07-11 00:40:22,741 - BO_format_1::INFO -- [Batch] : Finish Injection Queue
2023-07-11 00:40:46,775 - BO_format_1::INFO -- [Batch] : Prepare Injection Queue --> Citrate,0.02mM,5000uL,200uL/s
2023-07-11 00:40:50,915 - BO_format_1::INFO -- [Batch] : Start Injection Queue --> Citrate,0.02mM,1200μL,200μL/s
2023-07-11 00:40:56,196 - BO_format_1::INFO -- [Batch] : Finish Injection Queue
2023-07-11 00:41:20,236 - BO_format_1::INFO -- [Batch] : Prepare Injection Queue --> Citrate,0.02mM,5000uL,200uL/s
2023-07-11 00:41:24,312 - BO_format_1::INFO -- [Batch] : Start Injection Queue --> Citrate,0.02mM,1200μL,200μL/s
2023-07-11 00:41:29,441 - BO_format_1::INFO -- [Batch] : Finish Injection Queue
2023-07-11 00:41:53,476 - BO_format_1::INFO -- [Batch] : Prepare Injection Queue --> H2O2,0.375mM,5000uL,200uL/s
2023-07-11 00:41:57,482 - BO_format_1::INFO -- [Batch] : Start Injection Queue --> H2O2,0.375mM,1200μL,200μL/s
2023-07-11 00:42:02,721 - BO_format_1::INFO -- [Batch] : Finish Injection Queue
2023-07-11 00:42:26,826 - BO_format_1::INFO -- [Batch] : Prepare Injection Queue --> H2O2,0.375mM,5000uL,200uL/s
2023-07-11 00:42:30,958 - BO_format_1::INFO -- [Batch] : Start Injection Queue --> H2O2,0.375mM,1200μL,200μL/s
2023-07-11 00:42:36,297 - BO_format_1::INFO -- [Batch] : Finish Injection Queue
2023-07-11 00:42:38,407 - BO_format_1::INFO -- [Batch] : Prepare Injection Queue --> H2O2,0.375mM,5000uL,200uL/s
2023-07-11 00:42:42,692 - BO_format_1::INFO -- [Batch] : Start Injection Queue --> H2O2,0.375mM,1200μL,200μL/s
2023-07-11 00:42:48,030 - BO_format_1::INFO -- [Batch] : Finish Injection Queue
2023-07-11 00:42:50,115 - BO_format_1::INFO -- [Batch] : Prepare Injection Queue --> NaBH4,0.01mM,5000uL,200uL/s
2023-07-11 00:42:54,313 - BO_format_1::INFO -- [Batch] : Start Injection Queue --> NaBH4,0.01mM,3000μL,200μL/s
2023-07-11 00:42:59,802 - BO_format_1::INFO -- [Batch] : Finish Injection Queue
2023-07-11 00:43:01,882 - BO_format_1::INFO -- [Batch] : Prepare Injection Queue --> NaBH4,0.01mM,5000uL,200uL/s
2023-07-11 00:43:06,033 - BO_format_1::INFO -- [Batch] : Start Injection Queue --> NaBH4,0.01mM,3000μL,200μL/s
2023-07-11 00:43:11,524 - BO_format_1::INFO -- [Batch] : Finish Injection Queue
2023-07-11 00:43:13,594 - BO_format_1::INFO -- [Batch] : Prepare Injection Queue --> NaBH4,0.01mM,5000uL,200uL/s
2023-07-11 00:43:17,845 - BO_format_1::INFO -- [Batch] : Start Injection Queue --> NaBH4,0.01mM,3000μL,200μL/s
2023-07-11 00:43:35,463 - BO_format_1::INFO -- [Batch] : Finish Injection Queue
2023-07-11 00:43:35,510 - BO_format_1::INFO -- [Batch] : Start Stir Queue 0 (Stirrer)
2023-07-11 00:43:36,662 - BO_format_1::INFO -- [Batch] : Start Stir Queue 1 (Stirrer)
2023-07-11 00:43:37,804 - BO_format_1::INFO -- [Batch] : Start Stir Queue 2 (Stirrer)
2023-07-11 00:43:38,961 - BO_format_1::INFO -- [Batch] : Finish Stir Queue 0 (Stirrer)
2023-07-11 00:43:38,976 - BO_format_1::INFO -- [Batch] : Finish Stir Queue 1 (Stirrer)
2023-07-11 00:43:38,997 - BO_format_1::INFO -- [Batch] : Finish Stir Queue 2 (Stirrer)
2023-07-11 00:43:39,017 - BO_format_1::INFO -- [Batch] : Start Heat Queue 0 (Stirrer)
2023-07-11 00:43:40,185 - BO_format_1::INFO -- [Batch] : Start Heat Queue 1 (Stirrer)
2023-07-11 00:43:41,317 - BO_format_1::INFO -- [Batch] : Start Heat Queue 2 (Stirrer)
2023-07-11 00:43:42,469 - BO_format_1::INFO -- [Batch] : Finish Heat Queue 0 (Stirrer)
2023-07-11 00:43:42,469 - BO_format_1::INFO -- [Batch] : Finish Heat Queue 1 (Stirrer)
2023-07-11 00:43:42,490 - BO_format_1::INFO -- [Batch] : Finish Heat Queue 2 (Stirrer)
2023-07-11 00:43:42,501 - BO_format_1::INFO -- [Batch] : Start Wait:1s
2023-07-11 00:43:42,506 - BO_format_1::INFO -- [Batch] : check Wait:1s
2023-07-11 00:43:42,506 - BO_format_1::INFO -- [Batch] : Finish Wait:1s
2023-07-11 00:43:42,516 - BO_format_1::INFO -- [Batch] : Start Wait:1s
2023-07-11 00:43:42,522 - BO_format_1::INFO -- [Batch] : check Wait:1s
2023-07-11 00:43:42,527 - BO_format_1::INFO -- [Batch] : Finish Wait:1s
2023-07-11 00:43:42,537 - BO_format_1::INFO -- [Batch] : Start Wait:1s
2023-07-11 00:43:42,542 - BO_format_1::INFO -- [Batch] : check Wait:1s
2023-07-11 00:43:42,548 - BO_format_1::INFO -- [Batch] : Finish Wait:1s
2023-07-11 00:43:44,659 - BO_format_1::INFO -- [Batch] : Prepare Injection Queue --> AgNO3,0mM,5000uL,200uL/s
2023-07-11 00:43:48,977 - BO_format_1::INFO -- [Batch] : Start Injection Queue --> AgNO3,0mM,650μL,150μL/s
2023-07-11 00:43:54,252 - BO_format_1::INFO -- [Batch] : Finish Injection Queue
2023-07-11 00:43:56,311 - BO_format_1::INFO -- [Batch] : Prepare Injection Queue --> AgNO3,0mM,5000uL,200uL/s
2023-07-11 00:44:00,549 - BO_format_1::INFO -- [Batch] : Start Injection Queue --> AgNO3,0mM,150μL,150μL/s
2023-07-11 00:44:05,814 - BO_format_1::INFO -- [Batch] : Finish Injection Queue
2023-07-11 00:44:07,884 - BO_format_1::INFO -- [Batch] : Prepare Injection Queue --> AgNO3,0mM,5000uL,200uL/s
2023-07-11 00:44:12,155 - BO_format_1::INFO -- [Batch] : Start Injection Queue --> AgNO3,0mM,1000μL,50μL/s
2023-07-11 00:44:17,725 - BO_format_1::INFO -- [Batch] : Finish Injection Queue
2023-07-11 00:44:17,792 - BO_format_1::INFO -- [Batch] : Start React:1s
2023-07-11 00:44:17,807 - BO_format_1::INFO -- [Batch] : Start React:1s
2023-07-11 00:44:17,833 - BO_format_1::INFO -- [Batch] : Start React:1s
2023-07-11 00:44:27,832 - BO_format_1::INFO -- [Batch] : check React:1s
2023-07-11 00:44:27,850 - BO_format_1::INFO -- [Batch] : check React:1s
2023-07-11 00:44:27,855 - BO_format_1::INFO -- [Batch] : check React:1s
2023-07-11 00:44:32,232 - BO_format_1::INFO -- [Batch] : Finish React:1s
2023-07-11 00:44:36,244 - BO_format_1::INFO -- [Batch] : Finish React:1s
2023-07-11 00:44:40,184 - BO_format_1::INFO -- [Batch] : Finish React:1s
2023-07-11 00:44:40,221 - BO_format_1::INFO -- [TaskScheduler] : UV allocate location: {'vialHolder': [0, 1, 2]}
2023-07-11 00:44:40,241 - BO_format_1::INFO -- [TaskScheduler] : check location after allocation: {'BatchSynthesis': {'Stirrer': [1, 1, 1, '?', '?', '?', '?', '?', '?', '?', '?', '?', '?', '?', '?', '?'], 'vialHolder': [1, 1, 1, '?', '?', '?', '?', '?']}, 'UV': {'vialHolder': [1, 1, 1, '?', '?', '?', '?', '?']}}
2023-07-11 00:44:42,300 - BO_format_1::INFO -- [UV] : Prepare UV-VIS container
2023-07-11 00:44:57,103 - BO_format_1::INFO -- [UV] : Start UV-VIS Characterization
2023-07-11 00:45:06,198 - BO_format_1::INFO -- [UV] : 0 result : OrderedDict([('lambdamax', 689.156425), ('intensity', 0.022625951917051065), ('FWHM', 26.97896300000002)])
2023-07-11 00:45:06,229 - BO_format_1::INFO -- [UV] : Finish UV-VIS Characterization
2023-07-11 00:45:08,294 - BO_format_1::INFO -- [UV] : Prepare UV-VIS container
2023-07-11 00:45:21,907 - BO_format_1::INFO -- [UV] : Start UV-VIS Characterization
2023-07-11 00:45:30,867 - BO_format_1::INFO -- [UV] : 1 result : OrderedDict([('lambdamax', 679.524237), ('intensity', 0.021184464004134027), ('FWHM', 20.881982000000107)])
2023-07-11 00:45:30,883 - BO_format_1::INFO -- [UV] : Finish UV-VIS Characterization
2023-07-11 00:45:33,004 - BO_format_1::INFO -- [UV] : Prepare UV-VIS container
2023-07-11 00:45:46,635 - BO_format_1::INFO -- [UV] : Start UV-VIS Characterization
2023-07-11 00:45:55,779 - BO_format_1::INFO -- [UV] : 2 result : OrderedDict([('lambdamax', 520.071604), ('intensity', 0.01625831159143353), ('FWHM', 11.426975999999968)])
2023-07-11 00:45:55,779 - BO_format_1::INFO -- [UV] : Finish UV-VIS Characterization
2023-07-11 00:45:57,920 - BO_format_1::INFO -- [RobotArm] : Start Robot Queue : Batch motion (holder_to_storage_filled) is started.
2023-07-11 00:45:57,966 - BO_format_1::INFO -- [RobotArm] : vial_num_list:[9, 10, 11]
2023-07-11 00:45:57,976 - BO_format_1::INFO -- [RobotArm] : line_num_list:[0, 0, 0]
2023-07-11 00:45:57,977 - BO_format_1::INFO -- [RobotArm] : vialHolder_list:[0, 1, 2]
2023-07-11 00:46:06,553 - BO_format_1::INFO -- [RobotArm] : Finish Robot Queue : Batch motion (holder_to_storage_filled) is done.
2023-07-11 00:46:06,553 - BO_format_1::INFO -- [RobotArm] : Start Robot Queue : Batch motion (holder_to_storage_filled) is started.
2023-07-11 00:46:10,029 - BO_format_1::INFO -- [RobotArm] : Finish Robot Queue : Batch motion (holder_to_storage_filled) is done.
2023-07-11 00:46:10,034 - BO_format_1::INFO -- [RobotArm] : Start Robot Queue : Batch motion (holder_to_storage_filled) is started.
2023-07-11 00:46:16,853 - BO_format_1::INFO -- [RobotArm] : Finish Robot Queue : Batch motion (holder_to_storage_filled) is done.
2023-07-11 00:46:16,915 - BO_format_1::INFO -- [TaskScheduler] : refresh location: {'BatchSynthesis': {'Stirrer': ['?', '?', '?', '?', '?', '?', '?', '?', '?', '?', '?', '?', '?', '?', '?', '?'], 'vialHolder': ['?', '?', '?', '?', '?', '?', '?', '?']}, 'UV': {'vialHolder': ['?', '?', '?', '?', '?', '?', '?', '?']}}
2023-07-11 00:46:16,998 - BO_format_1::INFO -- [Algorithm] : 0 optimal_value : -0.44729131009721446
2023-07-11 00:46:16,998 - BO_format_1::INFO -- [Algorithm] : 1 optimal_value : -0.41576373396158783
2023-07-11 00:46:17,003 - BO_format_1::INFO -- [Algorithm] : 2 optimal_value : -0.2414547254781304
2023-07-11 00:46:17,128 - BO_format_1::INFO -- [JobExecution] : ######### Cycle 2/2 is done #########
2023-07-11 00:46:17,190 - BO_format_1::INFO -- [Algorithm] : Save our model object, filename=20230711_0039_2_obj
2023-07-11 00:46:17,206 - BO_format_1::INFO -- [JobExecution] : ######### All Cycle is done #########
