2023-09-10 22:08:08,478 - jobID_1_Batch::INFO -- [JobExecution] : [jobID=0] Algorithm, model : Automatic
2023-09-10 22:08:08,484 - jobID_1_Batch::INFO -- [JobExecution] : ######### Cycle start #########
2023-09-10 22:08:08,484 - jobID_1_Batch::INFO -- [Automatic] : total experiments=4
2023-09-10 22:08:08,484 - jobID_1_Batch::INFO -- [Automatic [0]] : next_point 0: {'AddSolution=AgNO3_Concentration': 1250, 'AddSolution=AgNO3_Volume': 2000, 'AddSolution=AgNO3_Injectionrate': 200}
2023-09-10 22:08:08,484 - jobID_1_Batch::INFO -- [Automatic [1]] : next_point 1: {'AddSolution=AgNO3_Concentration': 1250, 'AddSolution=AgNO3_Volume': 2000, 'AddSolution=AgNO3_Injectionrate': 200}
2023-09-10 22:08:08,500 - jobID_1_Batch::INFO -- [Automatic [2]] : next_point 2: {'AddSolution=AgNO3_Concentration': 1250, 'AddSolution=AgNO3_Volume': 2000, 'AddSolution=AgNO3_Injectionrate': 200}
2023-09-10 22:08:08,510 - jobID_1_Batch::INFO -- [Automatic [3]] : next_point 3: {'AddSolution=AgNO3_Concentration': 1250, 'AddSolution=AgNO3_Volume': 2000, 'AddSolution=AgNO3_Injectionrate': 200}
2023-09-10 22:08:08,620 - jobID_1_Batch::INFO -- [ProcessGenerator] : Allocate all of process based on job script!
2023-09-10 22:08:08,625 - jobID_1_Batch::INFO -- [JobExecution] : ######### [jobID_1_Batch-HJ] Experiment 4 is running #########
2023-09-10 22:08:08,766 - jobID_1_Batch::INFO -- [TaskScheduler] : check location: {'BatchSynthesis': {'Stirrer': ['?', '?', '?', '?', '?', '?', '?', '?'], 'vialHolder': ['?', '?', '?', '?', '?', '?', '?', '?']}, 'UV': {'vialHolder': ['?', '?', '?', '?', '?', '?', '?', '?']}}
2023-09-10 22:08:08,771 - jobID_1_Batch::INFO -- [TaskScheduler] : BatchSynthesis is started, allocate location: {'Stirrer': [0, 1, 2, 3], 'vialHolder': [0, 1, 2, 3]}
2023-09-10 22:08:08,771 - jobID_1_Batch::INFO -- [TaskScheduler] : check location after allocation: {'BatchSynthesis': {'Stirrer': [0, 0, 0, 0, '?', '?', '?', '?'], 'vialHolder': [0, 0, 0, 0, '?', '?', '?', '?']}, 'UV': {'vialHolder': ['?', '?', '?', '?', '?', '?', '?', '?']}}
2023-09-10 22:08:11,862 - jobID_1_Batch::DEBUG -- [Batch] : storage_empty_to_stirrer is started.
2023-09-10 22:08:11,872 - jobID_1_Batch::DEBUG -- [Batch] : vial_num_list: [0, 1, 2, 3]
2023-09-10 22:08:11,882 - jobID_1_Batch::DEBUG -- [Batch] : line_num_list: [0, 0, 0, 0]
2023-09-10 22:08:11,887 - jobID_1_Batch::DEBUG -- [Batch] : vialHolder_list: [0, 1, 2, 3]
2023-09-10 22:08:11,897 - jobID_1_Batch::DEBUG -- [Batch] : Start Robot Queue : storage_empty_to_stirrer is started.
2023-09-10 22:08:11,908 - jobID_1_Batch::DEBUG -- [LA] : move center-->Start!
2023-09-10 22:08:21,403 - jobID_1_Batch::DEBUG -- [LA] : move center-->Done!
2023-09-10 22:08:22,451 - jobID_1_Batch::DEBUG -- [STORAGE] : open-->Start!
2023-09-10 22:08:33,898 - jobID_1_Batch::DEBUG -- [STORAGE] : open-->Done!
2023-09-10 22:08:36,963 - jobID_1_Batch::DEBUG -- [DS_B] : prepare container-->Start!
2023-09-10 22:09:09,060 - jobID_1_Batch::DEBUG -- [DS_B] : prepare container-->Done!
2023-09-10 22:09:09,060 - jobID_1_Batch::DEBUG -- [Batch] : Finish Robot Queue : storage_empty_to_stirrer is done.
2023-09-10 22:09:13,197 - jobID_1_Batch::DEBUG -- [Batch] : storage_empty_to_stirrer is started.
2023-09-10 22:09:13,208 - jobID_1_Batch::DEBUG -- [Batch] : Start Robot Queue : storage_empty_to_stirrer is started.
2023-09-10 22:09:13,218 - jobID_1_Batch::DEBUG -- [LA] : move center-->Start!
2023-09-10 22:09:15,648 - jobID_1_Batch::DEBUG -- [LA] : move center-->Done!
2023-09-10 22:09:16,705 - jobID_1_Batch::DEBUG -- [STORAGE] : open-->Start!
2023-09-10 22:09:28,276 - jobID_1_Batch::DEBUG -- [STORAGE] : open-->Done!
2023-09-10 22:09:31,330 - jobID_1_Batch::DEBUG -- [DS_B] : prepare container-->Start!
2023-09-10 22:10:01,975 - jobID_1_Batch::DEBUG -- [DS_B] : prepare container-->Done!
2023-09-10 22:10:01,985 - jobID_1_Batch::DEBUG -- [Batch] : Finish Robot Queue : storage_empty_to_stirrer is done.
2023-09-10 22:10:06,193 - jobID_1_Batch::DEBUG -- [Batch] : storage_empty_to_stirrer is started.
2023-09-10 22:10:06,193 - jobID_1_Batch::DEBUG -- [Batch] : Start Robot Queue : storage_empty_to_stirrer is started.
2023-09-10 22:10:06,203 - jobID_1_Batch::DEBUG -- [LA] : move center-->Start!
2023-09-10 22:10:08,377 - jobID_1_Batch::DEBUG -- [LA] : move center-->Done!
2023-09-10 22:10:09,434 - jobID_1_Batch::DEBUG -- [STORAGE] : open-->Start!
2023-09-10 22:10:21,102 - jobID_1_Batch::DEBUG -- [STORAGE] : open-->Done!
2023-09-10 22:10:24,157 - jobID_1_Batch::DEBUG -- [DS_B] : prepare container-->Start!
2023-09-10 22:10:54,490 - jobID_1_Batch::DEBUG -- [DS_B] : prepare container-->Done!
2023-09-10 22:10:54,501 - jobID_1_Batch::DEBUG -- [Batch] : Finish Robot Queue : storage_empty_to_stirrer is done.
2023-09-10 22:10:58,654 - jobID_1_Batch::DEBUG -- [Batch] : storage_empty_to_stirrer is started.
2023-09-10 22:10:58,664 - jobID_1_Batch::DEBUG -- [Batch] : Start Robot Queue : storage_empty_to_stirrer is started.
2023-09-10 22:10:58,674 - jobID_1_Batch::DEBUG -- [LA] : move center-->Start!
2023-09-10 22:11:01,058 - jobID_1_Batch::DEBUG -- [LA] : move center-->Done!
2023-09-10 22:11:02,135 - jobID_1_Batch::DEBUG -- [STORAGE] : open-->Start!
2023-09-10 22:11:13,780 - jobID_1_Batch::DEBUG -- [STORAGE] : open-->Done!
2023-09-10 22:11:16,814 - jobID_1_Batch::DEBUG -- [DS_B] : prepare container-->Start!
2023-09-10 22:11:47,433 - jobID_1_Batch::DEBUG -- [DS_B] : prepare container-->Done!
2023-09-10 22:11:47,443 - jobID_1_Batch::DEBUG -- [Batch] : Finish Robot Queue : storage_empty_to_stirrer is done.
2023-09-10 22:11:51,538 - jobID_1_Batch::DEBUG -- [Batch] : Prepare Injection Queue --> Citrate,20mM,500uL,200uL/s
2023-09-10 22:11:51,548 - jobID_1_Batch::DEBUG -- [PUMP] : prepare solution-->Start!
2023-09-10 22:11:51,558 - jobID_1_Batch::DEBUG -- [PUMP] : prepare solution-->Done!
2023-09-10 22:11:52,595 - jobID_1_Batch::DEBUG -- [LA] : move down-->Start!
2023-09-10 22:12:04,178 - jobID_1_Batch::DEBUG -- [LA] : move down-->Done!
2023-09-10 22:12:04,189 - jobID_1_Batch::DEBUG -- [Batch] : Start Injection Queue --> Citrate,20mM,1200μL,200μL/s
2023-09-10 22:12:04,199 - jobID_1_Batch::DEBUG -- [PUMP] : prepare solution-->Start!
2023-09-10 22:12:07,982 - jobID_1_Batch::DEBUG -- [PUMP] : prepare solution-->Done!
2023-09-10 22:12:10,046 - jobID_1_Batch::DEBUG -- [LA] : move up-->Start!
2023-09-10 22:12:13,359 - jobID_1_Batch::DEBUG -- [LA] : move up-->Done!
2023-09-10 22:12:15,417 - jobID_1_Batch::DEBUG -- [LA] : move center-->Start!
2023-09-10 22:12:25,792 - jobID_1_Batch::DEBUG -- [LA] : move center-->Done!
2023-09-10 22:12:25,792 - jobID_1_Batch::DEBUG -- [Batch] : Finish Injection Queue
2023-09-10 22:12:29,799 - jobID_1_Batch::DEBUG -- [Batch] : Prepare Injection Queue --> Citrate,20mM,500uL,200uL/s
2023-09-10 22:12:29,799 - jobID_1_Batch::DEBUG -- [PUMP] : prepare solution-->Start!
2023-09-10 22:12:29,799 - jobID_1_Batch::DEBUG -- [PUMP] : prepare solution-->Done!
2023-09-10 22:12:30,802 - jobID_1_Batch::DEBUG -- [LA] : move down-->Start!
2023-09-10 22:12:41,800 - jobID_1_Batch::DEBUG -- [LA] : move down-->Done!
2023-09-10 22:12:41,800 - jobID_1_Batch::DEBUG -- [Batch] : Start Injection Queue --> Citrate,20mM,1200μL,200μL/s
2023-09-10 22:12:41,801 - jobID_1_Batch::DEBUG -- [PUMP] : prepare solution-->Start!
2023-09-10 22:12:45,754 - jobID_1_Batch::DEBUG -- [PUMP] : prepare solution-->Done!
2023-09-10 22:12:47,758 - jobID_1_Batch::DEBUG -- [LA] : move up-->Start!
2023-09-10 22:12:51,347 - jobID_1_Batch::DEBUG -- [LA] : move up-->Done!
2023-09-10 22:12:53,351 - jobID_1_Batch::DEBUG -- [LA] : move center-->Start!
2023-09-10 22:13:03,040 - jobID_1_Batch::DEBUG -- [LA] : move center-->Done!
2023-09-10 22:13:03,041 - jobID_1_Batch::DEBUG -- [Batch] : Finish Injection Queue
2023-09-10 22:13:07,047 - jobID_1_Batch::DEBUG -- [Batch] : Prepare Injection Queue --> Citrate,20mM,500uL,200uL/s
2023-09-10 22:13:07,047 - jobID_1_Batch::DEBUG -- [PUMP] : prepare solution-->Start!
2023-09-10 22:13:07,048 - jobID_1_Batch::DEBUG -- [PUMP] : prepare solution-->Done!
2023-09-10 22:13:08,050 - jobID_1_Batch::DEBUG -- [LA] : move down-->Start!
2023-09-10 22:13:20,331 - jobID_1_Batch::DEBUG -- [LA] : move down-->Done!
2023-09-10 22:13:20,331 - jobID_1_Batch::DEBUG -- [Batch] : Start Injection Queue --> Citrate,20mM,1200μL,200μL/s
2023-09-10 22:13:20,331 - jobID_1_Batch::DEBUG -- [PUMP] : prepare solution-->Start!
2023-09-10 22:13:24,178 - jobID_1_Batch::DEBUG -- [PUMP] : prepare solution-->Done!
2023-09-10 22:13:26,182 - jobID_1_Batch::DEBUG -- [LA] : move up-->Start!
2023-09-10 22:13:29,600 - jobID_1_Batch::DEBUG -- [LA] : move up-->Done!
2023-09-10 22:13:31,603 - jobID_1_Batch::DEBUG -- [LA] : move center-->Start!
2023-09-10 22:13:42,897 - jobID_1_Batch::DEBUG -- [LA] : move center-->Done!
2023-09-10 22:13:42,898 - jobID_1_Batch::DEBUG -- [Batch] : Finish Injection Queue
2023-09-10 22:13:46,905 - jobID_1_Batch::DEBUG -- [Batch] : Prepare Injection Queue --> Citrate,20mM,500uL,200uL/s
2023-09-10 22:13:46,905 - jobID_1_Batch::DEBUG -- [PUMP] : prepare solution-->Start!
2023-09-10 22:13:46,905 - jobID_1_Batch::DEBUG -- [PUMP] : prepare solution-->Done!
2023-09-10 22:13:47,907 - jobID_1_Batch::DEBUG -- [LA] : move down-->Start!
2023-09-10 22:13:58,734 - jobID_1_Batch::DEBUG -- [LA] : move down-->Done!
2023-09-10 22:13:58,734 - jobID_1_Batch::DEBUG -- [Batch] : Start Injection Queue --> Citrate,20mM,1200μL,200μL/s
2023-09-10 22:13:58,735 - jobID_1_Batch::DEBUG -- [PUMP] : prepare solution-->Start!
2023-09-10 22:14:02,704 - jobID_1_Batch::DEBUG -- [PUMP] : prepare solution-->Done!
2023-09-10 22:14:04,707 - jobID_1_Batch::DEBUG -- [LA] : move up-->Start!
2023-09-10 22:14:08,218 - jobID_1_Batch::DEBUG -- [LA] : move up-->Done!
2023-09-10 22:14:10,222 - jobID_1_Batch::DEBUG -- [LA] : move center-->Start!
2023-09-10 22:14:19,986 - jobID_1_Batch::DEBUG -- [LA] : move center-->Done!
2023-09-10 22:14:19,987 - jobID_1_Batch::DEBUG -- [Batch] : Finish Injection Queue
2023-09-10 22:14:23,994 - jobID_1_Batch::DEBUG -- [Batch] : Prepare Injection Queue --> H2O2,375mM,500uL,200uL/s
2023-09-10 22:14:23,994 - jobID_1_Batch::DEBUG -- [PUMP] : prepare solution-->Start!
2023-09-10 22:14:23,994 - jobID_1_Batch::DEBUG -- [PUMP] : prepare solution-->Done!
2023-09-10 22:14:24,996 - jobID_1_Batch::DEBUG -- [LA] : move down-->Start!
2023-09-10 22:14:36,402 - jobID_1_Batch::DEBUG -- [LA] : move down-->Done!
2023-09-10 22:14:36,403 - jobID_1_Batch::DEBUG -- [Batch] : Start Injection Queue --> H2O2,375mM,1200μL,200μL/s
2023-09-10 22:14:36,403 - jobID_1_Batch::DEBUG -- [PUMP] : prepare solution-->Start!
2023-09-10 22:14:40,188 - jobID_1_Batch::DEBUG -- [PUMP] : prepare solution-->Done!
2023-09-10 22:14:42,192 - jobID_1_Batch::DEBUG -- [LA] : move up-->Start!
2023-09-10 22:14:45,503 - jobID_1_Batch::DEBUG -- [LA] : move up-->Done!
2023-09-10 22:14:47,507 - jobID_1_Batch::DEBUG -- [LA] : move center-->Start!
2023-09-10 22:14:57,940 - jobID_1_Batch::DEBUG -- [LA] : move center-->Done!
2023-09-10 22:14:57,940 - jobID_1_Batch::DEBUG -- [Batch] : Finish Injection Queue
2023-09-10 22:15:01,946 - jobID_1_Batch::DEBUG -- [Batch] : Prepare Injection Queue --> H2O2,375mM,500uL,200uL/s
2023-09-10 22:15:01,946 - jobID_1_Batch::DEBUG -- [PUMP] : prepare solution-->Start!
2023-09-10 22:15:01,947 - jobID_1_Batch::DEBUG -- [PUMP] : prepare solution-->Done!
2023-09-10 22:15:02,949 - jobID_1_Batch::DEBUG -- [LA] : move down-->Start!
2023-09-10 22:15:13,901 - jobID_1_Batch::DEBUG -- [LA] : move down-->Done!
2023-09-10 22:15:13,901 - jobID_1_Batch::DEBUG -- [Batch] : Start Injection Queue --> H2O2,375mM,1200μL,200μL/s
2023-09-10 22:15:13,901 - jobID_1_Batch::DEBUG -- [PUMP] : prepare solution-->Start!
2023-09-10 22:15:17,641 - jobID_1_Batch::DEBUG -- [PUMP] : prepare solution-->Done!
2023-09-10 22:15:19,645 - jobID_1_Batch::DEBUG -- [LA] : move up-->Start!
2023-09-10 22:15:22,955 - jobID_1_Batch::DEBUG -- [LA] : move up-->Done!
2023-09-10 22:15:24,959 - jobID_1_Batch::DEBUG -- [LA] : move center-->Start!
2023-09-10 22:15:34,708 - jobID_1_Batch::DEBUG -- [LA] : move center-->Done!
2023-09-10 22:15:34,709 - jobID_1_Batch::DEBUG -- [Batch] : Finish Injection Queue
2023-09-10 22:15:38,716 - jobID_1_Batch::DEBUG -- [Batch] : Prepare Injection Queue --> H2O2,375mM,500uL,200uL/s
2023-09-10 22:15:38,716 - jobID_1_Batch::DEBUG -- [PUMP] : prepare solution-->Start!
2023-09-10 22:15:38,716 - jobID_1_Batch::DEBUG -- [PUMP] : prepare solution-->Done!
2023-09-10 22:15:39,718 - jobID_1_Batch::DEBUG -- [LA] : move down-->Start!
2023-09-10 22:15:52,137 - jobID_1_Batch::DEBUG -- [LA] : move down-->Done!
2023-09-10 22:15:52,137 - jobID_1_Batch::DEBUG -- [Batch] : Start Injection Queue --> H2O2,375mM,1200μL,200μL/s
2023-09-10 22:15:52,137 - jobID_1_Batch::DEBUG -- [PUMP] : prepare solution-->Start!
2023-09-10 22:15:55,970 - jobID_1_Batch::DEBUG -- [PUMP] : prepare solution-->Done!
2023-09-10 22:15:57,975 - jobID_1_Batch::DEBUG -- [LA] : move up-->Start!
2023-09-10 22:16:01,309 - jobID_1_Batch::DEBUG -- [LA] : move up-->Done!
2023-09-10 22:16:03,313 - jobID_1_Batch::DEBUG -- [LA] : move center-->Start!
2023-09-10 22:16:14,447 - jobID_1_Batch::DEBUG -- [LA] : move center-->Done!
2023-09-10 22:16:14,447 - jobID_1_Batch::DEBUG -- [Batch] : Finish Injection Queue
2023-09-10 22:16:18,454 - jobID_1_Batch::DEBUG -- [Batch] : Prepare Injection Queue --> H2O2,375mM,500uL,200uL/s
2023-09-10 22:16:18,454 - jobID_1_Batch::DEBUG -- [PUMP] : prepare solution-->Start!
2023-09-10 22:16:18,454 - jobID_1_Batch::DEBUG -- [PUMP] : prepare solution-->Done!
2023-09-10 22:16:19,456 - jobID_1_Batch::DEBUG -- [LA] : move down-->Start!
2023-09-10 22:16:30,312 - jobID_1_Batch::DEBUG -- [LA] : move down-->Done!
2023-09-10 22:16:30,312 - jobID_1_Batch::DEBUG -- [Batch] : Start Injection Queue --> H2O2,375mM,1200μL,200μL/s
2023-09-10 22:16:30,313 - jobID_1_Batch::DEBUG -- [PUMP] : prepare solution-->Start!
2023-09-10 22:16:34,352 - jobID_1_Batch::DEBUG -- [PUMP] : prepare solution-->Done!
2023-09-10 22:16:36,355 - jobID_1_Batch::DEBUG -- [LA] : move up-->Start!
2023-09-10 22:16:39,714 - jobID_1_Batch::DEBUG -- [LA] : move up-->Done!
2023-09-10 22:16:41,743 - jobID_1_Batch::DEBUG -- [LA] : move center-->Start!
2023-09-10 22:16:51,400 - jobID_1_Batch::DEBUG -- [LA] : move center-->Done!
2023-09-10 22:16:51,410 - jobID_1_Batch::DEBUG -- [Batch] : Finish Injection Queue
2023-09-10 22:16:55,501 - jobID_1_Batch::DEBUG -- [Batch] : Prepare Injection Queue --> NaBH4,10mM,500uL,200uL/s
2023-09-10 22:16:55,512 - jobID_1_Batch::DEBUG -- [PUMP] : prepare solution-->Start!
2023-09-10 22:16:55,522 - jobID_1_Batch::DEBUG -- [PUMP] : prepare solution-->Done!
2023-09-10 22:16:56,559 - jobID_1_Batch::DEBUG -- [LA] : move down-->Start!
2023-09-10 22:17:07,981 - jobID_1_Batch::DEBUG -- [LA] : move down-->Done!
2023-09-10 22:17:07,981 - jobID_1_Batch::DEBUG -- [Batch] : Start Injection Queue --> NaBH4,10mM,3000μL,200μL/s
2023-09-10 22:17:07,982 - jobID_1_Batch::DEBUG -- [PUMP] : prepare solution-->Start!
2023-09-10 22:17:11,993 - jobID_1_Batch::DEBUG -- [PUMP] : prepare solution-->Done!
2023-09-10 22:17:14,057 - jobID_1_Batch::DEBUG -- [LA] : move up-->Start!
2023-09-10 22:17:17,409 - jobID_1_Batch::DEBUG -- [LA] : move up-->Done!
2023-09-10 22:17:19,473 - jobID_1_Batch::DEBUG -- [LA] : move center-->Start!
2023-09-10 22:17:29,862 - jobID_1_Batch::DEBUG -- [LA] : move center-->Done!
2023-09-10 22:17:29,862 - jobID_1_Batch::DEBUG -- [Batch] : Finish Injection Queue
2023-09-10 22:17:33,929 - jobID_1_Batch::DEBUG -- [Batch] : Prepare Injection Queue --> NaBH4,10mM,500uL,200uL/s
2023-09-10 22:17:33,939 - jobID_1_Batch::DEBUG -- [PUMP] : prepare solution-->Start!
2023-09-10 22:17:33,949 - jobID_1_Batch::DEBUG -- [PUMP] : prepare solution-->Done!
2023-09-10 22:17:34,986 - jobID_1_Batch::DEBUG -- [LA] : move down-->Start!
2023-09-10 22:17:45,942 - jobID_1_Batch::DEBUG -- [LA] : move down-->Done!
2023-09-10 22:17:45,942 - jobID_1_Batch::DEBUG -- [Batch] : Start Injection Queue --> NaBH4,10mM,3000μL,200μL/s
2023-09-10 22:17:45,942 - jobID_1_Batch::DEBUG -- [PUMP] : prepare solution-->Start!
2023-09-10 22:17:49,731 - jobID_1_Batch::DEBUG -- [PUMP] : prepare solution-->Done!
2023-09-10 22:17:51,789 - jobID_1_Batch::DEBUG -- [LA] : move up-->Start!
2023-09-10 22:17:55,351 - jobID_1_Batch::DEBUG -- [LA] : move up-->Done!
2023-09-10 22:17:57,410 - jobID_1_Batch::DEBUG -- [LA] : move center-->Start!
2023-09-10 22:18:07,186 - jobID_1_Batch::DEBUG -- [LA] : move center-->Done!
2023-09-10 22:18:07,196 - jobID_1_Batch::DEBUG -- [Batch] : Finish Injection Queue
2023-09-10 22:18:11,262 - jobID_1_Batch::DEBUG -- [Batch] : Prepare Injection Queue --> NaBH4,10mM,500uL,200uL/s
2023-09-10 22:18:11,267 - jobID_1_Batch::DEBUG -- [PUMP] : prepare solution-->Start!
2023-09-10 22:18:11,267 - jobID_1_Batch::DEBUG -- [PUMP] : prepare solution-->Done!
2023-09-10 22:18:12,304 - jobID_1_Batch::DEBUG -- [LA] : move down-->Start!
2023-09-10 22:18:24,648 - jobID_1_Batch::DEBUG -- [LA] : move down-->Done!
2023-09-10 22:18:24,658 - jobID_1_Batch::DEBUG -- [Batch] : Start Injection Queue --> NaBH4,10mM,3000μL,200μL/s
2023-09-10 22:18:24,669 - jobID_1_Batch::DEBUG -- [PUMP] : prepare solution-->Start!
2023-09-10 22:18:28,450 - jobID_1_Batch::DEBUG -- [PUMP] : prepare solution-->Done!
2023-09-10 22:18:30,504 - jobID_1_Batch::DEBUG -- [LA] : move up-->Start!
2023-09-10 22:18:33,829 - jobID_1_Batch::DEBUG -- [LA] : move up-->Done!
2023-09-10 22:18:35,893 - jobID_1_Batch::DEBUG -- [LA] : move center-->Start!
2023-09-10 22:18:47,128 - jobID_1_Batch::DEBUG -- [LA] : move center-->Done!
2023-09-10 22:18:47,128 - jobID_1_Batch::DEBUG -- [Batch] : Finish Injection Queue
2023-09-10 22:18:51,194 - jobID_1_Batch::DEBUG -- [Batch] : Prepare Injection Queue --> NaBH4,10mM,500uL,200uL/s
2023-09-10 22:18:51,205 - jobID_1_Batch::DEBUG -- [PUMP] : prepare solution-->Start!
2023-09-10 22:18:51,215 - jobID_1_Batch::DEBUG -- [PUMP] : prepare solution-->Done!
2023-09-10 22:18:52,252 - jobID_1_Batch::DEBUG -- [LA] : move down-->Start!
2023-09-10 22:19:03,112 - jobID_1_Batch::DEBUG -- [LA] : move down-->Done!
2023-09-10 22:19:03,117 - jobID_1_Batch::DEBUG -- [Batch] : Start Injection Queue --> NaBH4,10mM,3000μL,200μL/s
2023-09-10 22:19:03,117 - jobID_1_Batch::DEBUG -- [PUMP] : prepare solution-->Start!
2023-09-10 22:19:06,836 - jobID_1_Batch::DEBUG -- [PUMP] : prepare solution-->Done!
2023-09-10 22:19:08,900 - jobID_1_Batch::DEBUG -- [LA] : move up-->Start!
2023-09-10 22:19:12,395 - jobID_1_Batch::DEBUG -- [LA] : move up-->Done!
2023-09-10 22:19:14,428 - jobID_1_Batch::DEBUG -- [LA] : move center-->Start!
2023-09-10 22:19:24,012 - jobID_1_Batch::DEBUG -- [LA] : move center-->Done!
2023-09-10 22:19:24,012 - jobID_1_Batch::DEBUG -- [Batch] : Finish Injection Queue
2023-09-10 22:19:25,029 - jobID_1_Batch::DEBUG -- [Batch] : Start Stir Queue 0 (Stirrer)
