2023-09-04 21:09:41,247 - jobID_10_AI::INFO -- [JobExecution] : [jobID=10] Algorithm, model : BayesianOptimization
2023-09-04 21:35:15,039 - jobID_10_AI::INFO -- [JobExecution] : ######### Cycle start #########
2023-09-04 21:35:15,054 - jobID_10_AI::INFO -- [BayesianOptimization] : batchSize=3
2023-09-04 21:35:15,068 - jobID_10_AI::INFO -- [Algorithm [0]] : next_point 0: {'AddSolution=AgNO3_Concentration': 225, 'AddSolution=AgNO3_Volume': 450, 'AddSolution=AgNO3_Injectionrate': 50}
2023-09-04 21:35:15,079 - jobID_10_AI::INFO -- [Algorithm [1]] : next_point 1: {'AddSolution=AgNO3_Concentration': 100, 'AddSolution=AgNO3_Volume': 500, 'AddSolution=AgNO3_Injectionrate': 100}
2023-09-04 21:35:15,089 - jobID_10_AI::INFO -- [Algorithm [2]] : next_point 2: {'AddSolution=AgNO3_Concentration': 350, 'AddSolution=AgNO3_Volume': 1100, 'AddSolution=AgNO3_Injectionrate': 150}
2023-09-04 21:35:15,170 - jobID_10_AI::INFO -- [ProcessGenerator] : Allocate all of process based on job script!
2023-09-04 21:35:15,180 - jobID_10_AI::INFO -- [JobExecution] : ######### [jobID_10_AI-HJ] Cycle 1/1 is running #########
2023-09-04 21:35:15,222 - jobID_10_AI::INFO -- [TaskScheduler] : check location: {'BatchSynthesis': {'Stirrer': ['?', '?', '?', '?', '?', '?', '?', '?'], 'vialHolder': ['?', '?', '?', '?', '?', '?', '?', '?']}, 'UV': {'vialHolder': ['?', '?', '?', '?', '?', '?', '?', '?']}}
2023-09-04 21:35:15,232 - jobID_10_AI::INFO -- [TaskScheduler] : BatchSynthesis is started, allocate location: {'Stirrer': [0, 1, 2], 'vialHolder': [0, 1, 2]}
2023-09-04 21:35:15,237 - jobID_10_AI::INFO -- [TaskScheduler] : check location after allocation: {'BatchSynthesis': {'Stirrer': [10, 10, 10, '?', '?', '?', '?', '?'], 'vialHolder': [10, 10, 10, '?', '?', '?', '?', '?']}, 'UV': {'vialHolder': ['?', '?', '?', '?', '?', '?', '?', '?']}}
2023-09-04 21:37:40,972 - jobID_10_AI::INFO -- [TaskScheduler] : BatchSynthesis is finished, location: {'Stirrer': ['?', '?', '?', '?', '?', '?', '?', '?'], 'vialHolder': ['?', '?', '?', '?', '?', '?', '?', '?']}
2023-09-04 21:37:40,983 - jobID_10_AI::INFO -- [TaskScheduler] : UV is started, allocate location: {'vialHolder': [0, 1, 2]}
2023-09-04 21:37:40,993 - jobID_10_AI::INFO -- [TaskScheduler] : check location after allocation: {'BatchSynthesis': {'Stirrer': ['?', '?', '?', '?', '?', '?', '?', '?'], 'vialHolder': ['?', '?', '?', '?', '?', '?', '?', '?']}, 'UV': {'vialHolder': [10, 10, 10, '?', '?', '?', '?', '?']}}
2023-09-04 21:39:26,078 - jobID_10_AI::INFO -- [TaskScheduler] : UV is finished, location: {'vialHolder': ['?', '?', '?', '?', '?', '?', '?', '?']}
2023-09-04 21:39:26,088 - jobID_10_AI::INFO -- [TaskScheduler] : refresh location: {'BatchSynthesis': {'Stirrer': ['?', '?', '?', '?', '?', '?', '?', '?'], 'vialHolder': ['?', '?', '?', '?', '?', '?', '?', '?']}, 'UV': {'vialHolder': ['?', '?', '?', '?', '?', '?', '?', '?']}}
2023-09-04 21:39:26,138 - jobID_10_AI::INFO -- [Algorithm] : 0 optimal_value : -0.6936278038886377
2023-09-04 21:39:26,185 - jobID_10_AI::INFO -- [Algorithm] : 1 optimal_value : -0.12051883404588101
2023-09-04 21:39:26,255 - jobID_10_AI::INFO -- [Algorithm] : 2 optimal_value : -0.16559950418197117
2023-09-04 21:39:26,395 - jobID_10_AI::INFO -- [JobExecution] : ######### [jobID_10_AI-HJ] Cycle 1/1 is done #########
2023-09-04 21:39:26,460 - jobID_10_AI::INFO -- [Algorithm] : Save our model object, filename=20230904_213926_1_obj
2023-09-04 21:39:26,588 - jobID_10_AI::INFO -- [JobExecution] : ######### [jobID_10_AI-HJ] All Cycle is done #########
