2023-06-21 20:43:50,385 - BO_format_2::INFO -- [JobExecution] : [jobID=1] Algorithm, model : BayesianOptimization, batchSize : 4
2023-06-21 20:43:50,386 - BO_format_2::INFO -- [JobExecution] : ######### Cycle start #########
2023-06-21 20:43:50,386 - BO_format_2::INFO -- [Algorithm] : utility_type=ucb, iter_num=0, batchSize=4
2023-06-21 20:43:50,386 - BO_format_2::INFO -- [Algorithm [0]] : next_point 0: {'AddSolution=AgNO3_Concentration': 0, 'AddSolution=AgNO3_Volume': 750, 'AddSolution=AgNO3_Injectionrate': 150}
2023-06-21 20:43:50,386 - BO_format_2::INFO -- [Algorithm [1]] : next_point 1: {'AddSolution=AgNO3_Concentration': 0, 'AddSolution=AgNO3_Volume': 800, 'AddSolution=AgNO3_Injectionrate': 100}
2023-06-21 20:43:50,386 - BO_format_2::INFO -- [Algorithm [2]] : next_point 2: {'AddSolution=AgNO3_Concentration': 0, 'AddSolution=AgNO3_Volume': 1150, 'AddSolution=AgNO3_Injectionrate': 150}
2023-06-21 20:43:50,386 - BO_format_2::INFO -- [Algorithm [3]] : next_point 3: {'AddSolution=AgNO3_Concentration': 0, 'AddSolution=AgNO3_Volume': 650, 'AddSolution=AgNO3_Injectionrate': 150}
2023-06-21 20:43:50,389 - BO_format_2::INFO -- [JobExecution] : ######### Cycle 1/1 is running #########
2023-06-21 20:43:50,389 - BO_format_2::INFO -- [Batch] : Start Robot Queue : Batch motion (storage_empty_to_stirrer) is started.
2023-06-21 20:43:55,109 - BO_format_2::INFO -- [Batch] : vial_num_list: [4, 5, 6, 7]
2023-06-21 20:43:55,109 - BO_format_2::INFO -- [Batch] : line_num_list: [0, 0, 0, 0]
2023-06-21 20:43:55,109 - BO_format_2::INFO -- [Batch] : vialHolder_list: [0, 1, 2, 3]
2023-06-21 20:44:01,574 - BO_format_2::INFO -- [Batch] : Finish Robot Queue : Batch motion (storage_empty_to_stirrer) is done.
2023-06-21 20:44:01,585 - BO_format_2::INFO -- [Batch] : Start Robot Queue : Batch motion (storage_empty_to_stirrer) is started.
2023-06-21 20:44:16,155 - BO_format_2::INFO -- [Batch] : Finish Robot Queue : Batch motion (storage_empty_to_stirrer) is done.
2023-06-21 20:44:16,165 - BO_format_2::INFO -- [Batch] : Start Robot Queue : Batch motion (storage_empty_to_stirrer) is started.
2023-06-21 20:46:43,640 - BO_format_2::INFO -- [Batch] : Finish Robot Queue : Batch motion (storage_empty_to_stirrer) is done.
2023-06-21 20:46:43,650 - BO_format_2::INFO -- [Batch] : Start Robot Queue : Batch motion (storage_empty_to_stirrer) is started.
2023-06-21 20:46:58,573 - BO_format_2::INFO -- [Batch] : Finish Robot Queue : Batch motion (storage_empty_to_stirrer) is done.
2023-06-21 20:46:58,583 - BO_format_2::INFO -- [Batch] : Prepare Injection Queue (LA, Pump)
2023-06-21 20:47:00,990 - BO_format_2::INFO -- [Batch] : Start Injection Queue (LA, Pump)
2023-06-21 20:47:06,767 - BO_format_2::INFO -- [Batch] : Finish Injection Queue (LA, Pump)
2023-06-21 20:47:15,316 - BO_format_2::INFO -- [Batch] : Prepare Injection Queue (LA, Pump)
2023-06-21 20:47:17,736 - BO_format_2::INFO -- [Batch] : Start Injection Queue (LA, Pump)
2023-06-21 20:47:23,849 - BO_format_2::INFO -- [Batch] : Finish Injection Queue (LA, Pump)
2023-06-21 20:47:32,322 - BO_format_2::INFO -- [Batch] : Prepare Injection Queue (LA, Pump)
2023-06-21 20:47:34,888 - BO_format_2::INFO -- [Batch] : Start Injection Queue (LA, Pump)
2023-06-21 20:47:40,723 - BO_format_2::INFO -- [Batch] : Finish Injection Queue (LA, Pump)
2023-06-21 20:47:48,933 - BO_format_2::INFO -- [Batch] : Prepare Injection Queue (LA, Pump)
2023-06-21 20:47:51,645 - BO_format_2::INFO -- [Batch] : Start Injection Queue (LA, Pump)
2023-06-21 20:47:57,585 - BO_format_2::INFO -- [Batch] : Finish Injection Queue (LA, Pump)
2023-06-21 20:48:05,852 - BO_format_2::INFO -- [Batch] : Prepare Injection Queue (LA, Pump)
2023-06-21 20:48:08,343 - BO_format_2::INFO -- [Batch] : Start Injection Queue (LA, Pump)
2023-06-21 20:48:14,141 - BO_format_2::INFO -- [Batch] : Finish Injection Queue (LA, Pump)
2023-06-21 20:48:22,576 - BO_format_2::INFO -- [Batch] : Prepare Injection Queue (LA, Pump)
2023-06-21 20:48:25,027 - BO_format_2::INFO -- [Batch] : Start Injection Queue (LA, Pump)
2023-06-21 20:48:30,804 - BO_format_2::INFO -- [Batch] : Finish Injection Queue (LA, Pump)
2023-06-21 20:48:39,106 - BO_format_2::INFO -- [Batch] : Prepare Injection Queue (LA, Pump)
2023-06-21 20:48:41,510 - BO_format_2::INFO -- [Batch] : Start Injection Queue (LA, Pump)
2023-06-21 20:48:47,393 - BO_format_2::INFO -- [Batch] : Finish Injection Queue (LA, Pump)
2023-06-21 20:48:55,699 - BO_format_2::INFO -- [Batch] : Prepare Injection Queue (LA, Pump)
2023-06-21 20:48:58,119 - BO_format_2::INFO -- [Batch] : Start Injection Queue (LA, Pump)
2023-06-21 20:49:03,975 - BO_format_2::INFO -- [Batch] : Finish Injection Queue (LA, Pump)
2023-06-21 20:49:12,350 - BO_format_2::INFO -- [Batch] : Prepare Injection Queue (LA, Pump)
2023-06-21 20:49:14,783 - BO_format_2::INFO -- [Batch] : Start Injection Queue (LA, Pump)
2023-06-21 20:49:20,418 - BO_format_2::INFO -- [Batch] : Finish Injection Queue (LA, Pump)
2023-06-21 20:49:22,420 - BO_format_2::INFO -- [Batch] : Prepare Injection Queue (LA, Pump)
2023-06-21 20:49:24,940 - BO_format_2::INFO -- [Batch] : Start Injection Queue (LA, Pump)
2023-06-21 20:49:30,958 - BO_format_2::INFO -- [Batch] : Finish Injection Queue (LA, Pump)
2023-06-21 20:49:39,298 - BO_format_2::INFO -- [Batch] : Prepare Injection Queue (LA, Pump)
2023-06-21 20:49:41,897 - BO_format_2::INFO -- [Batch] : Start Injection Queue (LA, Pump)
2023-06-21 20:49:47,703 - BO_format_2::INFO -- [Batch] : Finish Injection Queue (LA, Pump)
2023-06-21 20:49:55,823 - BO_format_2::INFO -- [Batch] : Prepare Injection Queue (LA, Pump)
2023-06-21 20:49:58,238 - BO_format_2::INFO -- [Batch] : Start Injection Queue (LA, Pump)
2023-06-21 20:50:04,162 - BO_format_2::INFO -- [Batch] : Finish Injection Queue (LA, Pump)
2023-06-21 20:50:06,174 - BO_format_2::INFO -- [Batch] : Start Stir Queue 0 (Stirrer)
2023-06-21 20:50:07,336 - BO_format_2::INFO -- [Batch] : Start Stir Queue 1 (Stirrer)
2023-06-21 20:50:08,447 - BO_format_2::INFO -- [Batch] : Start Stir Queue 2 (Stirrer)
2023-06-21 20:50:09,596 - BO_format_2::INFO -- [Batch] : Start Stir Queue 3 (Stirrer)
2023-06-21 20:50:10,703 - BO_format_2::INFO -- [Batch] : Finish Stir Queue 0 (Stirrer)
2023-06-21 20:50:10,703 - BO_format_2::INFO -- [Batch] : Finish Stir Queue 1 (Stirrer)
2023-06-21 20:50:10,703 - BO_format_2::INFO -- [Batch] : Finish Stir Queue 2 (Stirrer)
2023-06-21 20:50:10,703 - BO_format_2::INFO -- [Batch] : Finish Stir Queue 3 (Stirrer)
2023-06-21 20:50:10,704 - BO_format_2::INFO -- [Batch] : Start Heat Queue (Stirrer)
2023-06-21 20:50:11,783 - BO_format_2::INFO -- [Batch] : Start Heat Queue (Stirrer)
2023-06-21 20:50:12,947 - BO_format_2::INFO -- [Batch] : Start Heat Queue (Stirrer)
2023-06-21 20:50:14,000 - BO_format_2::INFO -- [Batch] : Start Heat Queue (Stirrer)
2023-06-21 20:50:15,126 - BO_format_2::INFO -- [Batch] : Finish Heat Queue 0 (Stirrer)
2023-06-21 20:50:15,127 - BO_format_2::INFO -- [Batch] : Finish Heat Queue 1 (Stirrer)
2023-06-21 20:50:15,127 - BO_format_2::INFO -- [Batch] : Finish Heat Queue 2 (Stirrer)
2023-06-21 20:50:15,127 - BO_format_2::INFO -- [Batch] : Finish Heat Queue 3 (Stirrer)
2023-06-21 20:50:15,128 - BO_format_2::INFO -- [Batch] : Start Wait:1s
2023-06-21 20:50:15,128 - BO_format_2::INFO -- [Batch] : Start Wait:1s
2023-06-21 20:50:15,129 - BO_format_2::INFO -- [Batch] : Start Wait:1s
2023-06-21 20:50:15,129 - BO_format_2::INFO -- [Batch] : check Wait:1s
2023-06-21 20:50:15,130 - BO_format_2::INFO -- [Batch] : Start Wait:1s
2023-06-21 20:50:15,130 - BO_format_2::INFO -- [Batch] : check Wait:1s
2023-06-21 20:50:15,130 - BO_format_2::INFO -- [Batch] : check Wait:1s
2023-06-21 20:50:15,130 - BO_format_2::INFO -- [Batch] : Finish Wait:1s
2023-06-21 20:50:15,130 - BO_format_2::INFO -- [Batch] : check Wait:1s
2023-06-21 20:50:15,130 - BO_format_2::INFO -- [Batch] : Finish Wait:1s
2023-06-21 20:50:15,130 - BO_format_2::INFO -- [Batch] : Finish Wait:1s
2023-06-21 20:50:15,131 - BO_format_2::INFO -- [Batch] : Finish Wait:1s
2023-06-21 20:50:23,327 - BO_format_2::INFO -- [Batch] : Prepare Injection Queue (LA, Pump)
2023-06-21 20:50:25,741 - BO_format_2::INFO -- [Batch] : Start Injection Queue (LA, Pump)
2023-06-21 20:50:31,474 - BO_format_2::INFO -- [Batch] : Finish Injection Queue (LA, Pump)
2023-06-21 20:50:33,476 - BO_format_2::INFO -- [Batch] : Prepare Injection Queue (LA, Pump)
2023-06-21 20:50:35,905 - BO_format_2::INFO -- [Batch] : Start Injection Queue (LA, Pump)
2023-06-21 20:50:41,513 - BO_format_2::INFO -- [Batch] : Finish Injection Queue (LA, Pump)
2023-06-21 20:50:43,514 - BO_format_2::INFO -- [Batch] : Prepare Injection Queue (LA, Pump)
2023-06-21 20:50:45,887 - BO_format_2::INFO -- [Batch] : Start Injection Queue (LA, Pump)
2023-06-21 20:50:51,500 - BO_format_2::INFO -- [Batch] : Finish Injection Queue (LA, Pump)
2023-06-21 20:50:53,503 - BO_format_2::INFO -- [Batch] : Prepare Injection Queue (LA, Pump)
2023-06-21 20:50:55,998 - BO_format_2::INFO -- [Batch] : Start Injection Queue (LA, Pump)
2023-06-21 20:51:01,803 - BO_format_2::INFO -- [Batch] : Finish Injection Queue (LA, Pump)
2023-06-21 20:51:03,806 - BO_format_2::INFO -- [Batch] : Start React:1s
2023-06-21 20:51:03,806 - BO_format_2::INFO -- [Batch] : Start React:1s
2023-06-21 20:51:03,807 - BO_format_2::INFO -- [Batch] : Start React:1s
2023-06-21 20:51:03,807 - BO_format_2::INFO -- [Batch] : Start React:1s
2023-06-21 20:52:03,812 - BO_format_2::INFO -- [Batch] : check React:1s
2023-06-21 20:52:03,825 - BO_format_2::INFO -- [Batch] : check React:1s
2023-06-21 20:52:03,870 - BO_format_2::INFO -- [Batch] : check React:1s
2023-06-21 20:52:03,926 - BO_format_2::INFO -- [Batch] : check React:1s
2023-06-21 20:52:07,308 - BO_format_2::INFO -- [Batch] : Finish React:1s
2023-06-21 20:52:10,728 - BO_format_2::INFO -- [Batch] : Finish React:1s
2023-06-21 20:52:14,065 - BO_format_2::INFO -- [Batch] : Finish React:1s
2023-06-21 20:52:17,311 - BO_format_2::INFO -- [Batch] : Finish React:1s
2023-06-21 20:53:08,493 - BO_format_2::INFO -- [UV] : Start UV Characterization
2023-06-21 20:53:30,771 - BO_format_2::INFO -- [UV] : 0 result : OrderedDict([('lambdamax', 629.31969), ('intensity', 0.0169865208294562), ('FWHM', 18.521363000000065)])
2023-06-21 20:53:30,782 - BO_format_2::INFO -- [UV] : Finish UV Characterization
2023-06-21 20:53:30,792 - BO_format_2::INFO -- [UV] : Start UV Characterization
2023-06-21 20:53:53,213 - BO_format_2::INFO -- [UV] : 1 result : OrderedDict([('lambdamax', 550.347327), ('intensity', 0.01942984564677104), ('FWHM', 12.990812000000005)])
2023-06-21 20:53:53,223 - BO_format_2::INFO -- [UV] : Finish UV Characterization
2023-06-21 20:53:53,228 - BO_format_2::INFO -- [UV] : Start UV Characterization
2023-06-21 20:54:15,564 - BO_format_2::INFO -- [UV] : 2 result : OrderedDict([('lambdamax', 548.294971), ('intensity', 0.020216066993441285), ('FWHM', 17.110209999999938)])
2023-06-21 20:54:15,574 - BO_format_2::INFO -- [UV] : Finish UV Characterization
2023-06-21 20:54:15,585 - BO_format_2::INFO -- [UV] : Start UV Characterization
2023-06-21 20:54:37,915 - BO_format_2::INFO -- [UV] : 3 result : OrderedDict([('lambdamax', 436.013321), ('intensity', 0.020724496179633827), ('FWHM', 14.63962799999996)])
2023-06-21 20:54:37,925 - BO_format_2::INFO -- [UV] : Finish UV Characterization
2023-06-21 20:54:37,936 - BO_format_2::INFO -- [RobotArm] : Start Robot Queue : Batch motion (holder_to_storage_filled) is started.
2023-06-21 20:54:37,946 - BO_format_2::INFO -- [RobotArm] : vial_num_list:[12, 13, 14, 15]
2023-06-21 20:54:37,956 - BO_format_2::INFO -- [RobotArm] : line_num_list:[0, 0, 0, 0]
2023-06-21 20:54:37,967 - BO_format_2::INFO -- [RobotArm] : vialHolder_list:[0, 1, 2, 3]
2023-06-21 20:54:46,500 - BO_format_2::INFO -- [RobotArm] : Finish Robot Queue : Batch motion (holder_to_storage_filled) is done.
2023-06-21 20:54:46,510 - BO_format_2::INFO -- [RobotArm] : Start Robot Queue : Batch motion (holder_to_storage_filled) is started.
2023-06-21 20:54:49,751 - BO_format_2::INFO -- [RobotArm] : Finish Robot Queue : Batch motion (holder_to_storage_filled) is done.
2023-06-21 20:54:49,761 - BO_format_2::INFO -- [RobotArm] : Start Robot Queue : Batch motion (holder_to_storage_filled) is started.
2023-06-21 20:54:53,183 - BO_format_2::INFO -- [RobotArm] : Finish Robot Queue : Batch motion (holder_to_storage_filled) is done.
2023-06-21 20:54:53,183 - BO_format_2::INFO -- [RobotArm] : Start Robot Queue : Batch motion (holder_to_storage_filled) is started.
2023-06-21 20:54:59,559 - BO_format_2::INFO -- [RobotArm] : Finish Robot Queue : Batch motion (holder_to_storage_filled) is done.
2023-06-21 20:54:59,679 - BO_format_2::INFO -- [Algorithm] : 0 optimal_value : -0.2528093621604482
2023-06-21 20:54:59,684 - BO_format_2::INFO -- [Algorithm] : 1 optimal_value : -0.14294924314945873
2023-06-21 20:54:59,684 - BO_format_2::INFO -- [Algorithm] : 2 optimal_value : -0.14978720678469598
2023-06-21 20:54:59,684 - BO_format_2::INFO -- [Algorithm] : 3 optimal_value : -0.5144308829942389
2023-06-21 20:54:59,685 - BO_format_2::INFO -- [JobExecution] : ######### Cycle 1/1 is done #########
2023-06-21 20:54:59,756 - BO_format_2::INFO -- [Algorithm] : Save our model object, filename=20230621_2043_multi3_0_obj
2023-06-21 20:54:59,767 - BO_format_2::INFO -- [JobExecution] : ######### All Cycle is done #########
