2023-06-21 19:54:37,009 - BO_format_2::INFO -- [JobExecution] : [jobID=1] Algorithm, model : BayesianOptimization, batchSize : 4
2023-06-21 19:54:37,014 - BO_format_2::INFO -- [JobExecution] : ######### Cycle start #########
2023-06-21 19:54:37,014 - BO_format_2::INFO -- [Algorithm] : utility_type=ucb, iter_num=0, batchSize=4
2023-06-21 19:54:37,015 - BO_format_2::INFO -- [Algorithm [0]] : next_point 0: {'AddSolution=AgNO3_Concentration': 0, 'AddSolution=AgNO3_Volume': 750, 'AddSolution=AgNO3_Injectionrate': 150}
2023-06-21 19:54:37,015 - BO_format_2::INFO -- [Algorithm [1]] : next_point 1: {'AddSolution=AgNO3_Concentration': 0, 'AddSolution=AgNO3_Volume': 800, 'AddSolution=AgNO3_Injectionrate': 100}
2023-06-21 19:54:37,015 - BO_format_2::INFO -- [Algorithm [2]] : next_point 2: {'AddSolution=AgNO3_Concentration': 0, 'AddSolution=AgNO3_Volume': 1150, 'AddSolution=AgNO3_Injectionrate': 150}
2023-06-21 19:54:37,015 - BO_format_2::INFO -- [Algorithm [3]] : next_point 3: {'AddSolution=AgNO3_Concentration': 0, 'AddSolution=AgNO3_Volume': 650, 'AddSolution=AgNO3_Injectionrate': 150}
2023-06-21 19:54:37,018 - BO_format_2::INFO -- [JobExecution] : ######### Cycle 1/1 is running #########
2023-06-21 19:54:37,018 - BO_format_2::INFO -- [Batch] : Start Robot Queue : Batch motion (storage_empty_to_stirrer) is started.
2023-06-21 19:54:39,544 - BO_format_2::INFO -- [Batch] : vial_num_list: [4, 5, 6, 7]
2023-06-21 19:54:39,544 - BO_format_2::INFO -- [Batch] : line_num_list: [0, 0, 0, 0]
2023-06-21 19:54:39,544 - BO_format_2::INFO -- [Batch] : vialHolder_list: [0, 1, 2, 3]
2023-06-21 19:54:46,417 - BO_format_2::INFO -- [Batch] : Finish Robot Queue : Batch motion (storage_empty_to_stirrer) is done.
2023-06-21 19:54:46,427 - BO_format_2::INFO -- [Batch] : Start Robot Queue : Batch motion (storage_empty_to_stirrer) is started.
2023-06-21 19:54:59,621 - BO_format_2::INFO -- [Batch] : Finish Robot Queue : Batch motion (storage_empty_to_stirrer) is done.
2023-06-21 19:54:59,631 - BO_format_2::INFO -- [Batch] : Start Robot Queue : Batch motion (storage_empty_to_stirrer) is started.
2023-06-21 19:56:54,443 - BO_format_2::INFO -- [Batch] : Finish Robot Queue : Batch motion (storage_empty_to_stirrer) is done.
2023-06-21 19:56:54,444 - BO_format_2::INFO -- [Batch] : Start Robot Queue : Batch motion (storage_empty_to_stirrer) is started.
2023-06-21 19:57:00,909 - BO_format_2::INFO -- [Batch] : Finish Robot Queue : Batch motion (storage_empty_to_stirrer) is done.
2023-06-21 19:57:00,919 - BO_format_2::INFO -- [Batch] : Prepare Injection Queue (LA, Pump)
2023-06-21 19:57:03,343 - BO_format_2::INFO -- [Batch] : Start Injection Queue (LA, Pump)
2023-06-21 19:57:09,321 - BO_format_2::INFO -- [Batch] : Finish Injection Queue (LA, Pump)
2023-06-21 19:57:09,326 - BO_format_2::INFO -- [Batch] : Prepare Injection Queue (LA, Pump)
2023-06-21 19:57:11,808 - BO_format_2::INFO -- [Batch] : Start Injection Queue (LA, Pump)
2023-06-21 19:57:17,688 - BO_format_2::INFO -- [Batch] : Finish Injection Queue (LA, Pump)
2023-06-21 19:57:17,698 - BO_format_2::INFO -- [Batch] : Prepare Injection Queue (LA, Pump)
2023-06-21 19:57:20,110 - BO_format_2::INFO -- [Batch] : Start Injection Queue (LA, Pump)
2023-06-21 19:57:26,104 - BO_format_2::INFO -- [Batch] : Finish Injection Queue (LA, Pump)
2023-06-21 19:57:26,114 - BO_format_2::INFO -- [Batch] : Prepare Injection Queue (LA, Pump)
2023-06-21 19:57:28,543 - BO_format_2::INFO -- [Batch] : Start Injection Queue (LA, Pump)
2023-06-21 19:57:34,684 - BO_format_2::INFO -- [Batch] : Finish Injection Queue (LA, Pump)
2023-06-21 19:57:34,694 - BO_format_2::INFO -- [Batch] : Prepare Injection Queue (LA, Pump)
2023-06-21 19:57:37,054 - BO_format_2::INFO -- [Batch] : Start Injection Queue (LA, Pump)
2023-06-21 19:57:43,083 - BO_format_2::INFO -- [Batch] : Finish Injection Queue (LA, Pump)
2023-06-21 19:57:43,093 - BO_format_2::INFO -- [Batch] : Prepare Injection Queue (LA, Pump)
2023-06-21 19:57:45,615 - BO_format_2::INFO -- [Batch] : Start Injection Queue (LA, Pump)
2023-06-21 19:57:51,607 - BO_format_2::INFO -- [Batch] : Finish Injection Queue (LA, Pump)
2023-06-21 19:57:51,618 - BO_format_2::INFO -- [Batch] : Prepare Injection Queue (LA, Pump)
2023-06-21 19:57:54,034 - BO_format_2::INFO -- [Batch] : Start Injection Queue (LA, Pump)
2023-06-21 19:57:59,794 - BO_format_2::INFO -- [Batch] : Finish Injection Queue (LA, Pump)
2023-06-21 19:57:59,804 - BO_format_2::INFO -- [Batch] : Prepare Injection Queue (LA, Pump)
2023-06-21 19:58:02,246 - BO_format_2::INFO -- [Batch] : Start Injection Queue (LA, Pump)
2023-06-21 19:58:08,212 - BO_format_2::INFO -- [Batch] : Finish Injection Queue (LA, Pump)
2023-06-21 19:58:08,212 - BO_format_2::INFO -- [Batch] : Prepare Injection Queue (LA, Pump)
2023-06-21 19:58:10,695 - BO_format_2::INFO -- [Batch] : Start Injection Queue (LA, Pump)
2023-06-21 19:58:16,878 - BO_format_2::INFO -- [Batch] : Finish Injection Queue (LA, Pump)
2023-06-21 19:58:16,888 - BO_format_2::INFO -- [Batch] : Prepare Injection Queue (LA, Pump)
2023-06-21 19:58:19,281 - BO_format_2::INFO -- [Batch] : Start Injection Queue (LA, Pump)
2023-06-21 19:58:25,276 - BO_format_2::INFO -- [Batch] : Finish Injection Queue (LA, Pump)
2023-06-21 19:58:25,286 - BO_format_2::INFO -- [Batch] : Prepare Injection Queue (LA, Pump)
2023-06-21 19:58:27,763 - BO_format_2::INFO -- [Batch] : Start Injection Queue (LA, Pump)
2023-06-21 19:58:33,758 - BO_format_2::INFO -- [Batch] : Finish Injection Queue (LA, Pump)
2023-06-21 19:58:33,769 - BO_format_2::INFO -- [Batch] : Prepare Injection Queue (LA, Pump)
2023-06-21 19:58:36,286 - BO_format_2::INFO -- [Batch] : Start Injection Queue (LA, Pump)
2023-06-21 19:58:42,379 - BO_format_2::INFO -- [Batch] : Finish Injection Queue (LA, Pump)
2023-06-21 19:58:42,389 - BO_format_2::INFO -- [Batch] : Start Stir Queue 0 (Stirrer)
2023-06-21 19:58:43,501 - BO_format_2::INFO -- [Batch] : Start Stir Queue 1 (Stirrer)
2023-06-21 19:58:44,570 - BO_format_2::INFO -- [Batch] : Start Stir Queue 2 (Stirrer)
2023-06-21 19:58:45,643 - BO_format_2::INFO -- [Batch] : Start Stir Queue 3 (Stirrer)
2023-06-21 19:58:46,756 - BO_format_2::INFO -- [Batch] : Finish Stir Queue 0 (Stirrer)
2023-06-21 19:58:46,756 - BO_format_2::INFO -- [Batch] : Finish Stir Queue 1 (Stirrer)
2023-06-21 19:58:46,756 - BO_format_2::INFO -- [Batch] : Finish Stir Queue 2 (Stirrer)
2023-06-21 19:58:46,756 - BO_format_2::INFO -- [Batch] : Finish Stir Queue 3 (Stirrer)
2023-06-21 19:58:46,756 - BO_format_2::INFO -- [Batch] : Start Heat Queue (Stirrer)
2023-06-21 19:58:47,881 - BO_format_2::INFO -- [Batch] : Start Heat Queue (Stirrer)
2023-06-21 19:58:49,104 - BO_format_2::INFO -- [Batch] : Start Heat Queue (Stirrer)
2023-06-21 19:58:50,251 - BO_format_2::INFO -- [Batch] : Start Heat Queue (Stirrer)
2023-06-21 19:58:51,301 - BO_format_2::INFO -- [Batch] : Finish Heat Queue 0 (Stirrer)
2023-06-21 19:58:51,301 - BO_format_2::INFO -- [Batch] : Finish Heat Queue 1 (Stirrer)
2023-06-21 19:58:51,301 - BO_format_2::INFO -- [Batch] : Finish Heat Queue 2 (Stirrer)
2023-06-21 19:58:51,301 - BO_format_2::INFO -- [Batch] : Finish Heat Queue 3 (Stirrer)
2023-06-21 19:58:51,302 - BO_format_2::INFO -- [Batch] : Start Wait:1s
2023-06-21 19:58:51,302 - BO_format_2::INFO -- [Batch] : check Wait:1s
2023-06-21 19:58:51,302 - BO_format_2::INFO -- [Batch] : Finish Wait:1s
2023-06-21 19:58:51,302 - BO_format_2::INFO -- [Batch] : Start Wait:1s
2023-06-21 19:58:51,302 - BO_format_2::INFO -- [Batch] : check Wait:1s
2023-06-21 19:58:51,302 - BO_format_2::INFO -- [Batch] : Start Wait:1s
2023-06-21 19:58:51,302 - BO_format_2::INFO -- [Batch] : Finish Wait:1s
2023-06-21 19:58:51,302 - BO_format_2::INFO -- [Batch] : Start Wait:1s
2023-06-21 19:58:51,302 - BO_format_2::INFO -- [Batch] : check Wait:1s
2023-06-21 19:58:51,302 - BO_format_2::INFO -- [Batch] : check Wait:1s
2023-06-21 19:58:51,302 - BO_format_2::INFO -- [Batch] : Finish Wait:1s
2023-06-21 19:58:51,302 - BO_format_2::INFO -- [Batch] : Finish Wait:1s
2023-06-21 19:59:16,209 - BO_format_2::INFO -- [Batch] : Prepare Injection Queue (LA, Pump)
2023-06-21 19:59:18,607 - BO_format_2::INFO -- [Batch] : Start Injection Queue (LA, Pump)
2023-06-21 19:59:25,094 - BO_format_2::INFO -- [Batch] : Finish Injection Queue (LA, Pump)
2023-06-21 19:59:25,094 - BO_format_2::INFO -- [Batch] : Prepare Injection Queue (LA, Pump)
2023-06-21 19:59:27,775 - BO_format_2::INFO -- [Batch] : Start Injection Queue (LA, Pump)
2023-06-21 19:59:33,576 - BO_format_2::INFO -- [Batch] : Finish Injection Queue (LA, Pump)
2023-06-21 19:59:33,576 - BO_format_2::INFO -- [Batch] : Prepare Injection Queue (LA, Pump)
2023-06-21 19:59:36,039 - BO_format_2::INFO -- [Batch] : Start Injection Queue (LA, Pump)
2023-06-21 19:59:42,930 - BO_format_2::INFO -- [Batch] : Finish Injection Queue (LA, Pump)
2023-06-21 19:59:42,931 - BO_format_2::INFO -- [Batch] : Prepare Injection Queue (LA, Pump)
2023-06-21 19:59:45,443 - BO_format_2::INFO -- [Batch] : Start Injection Queue (LA, Pump)
2023-06-21 19:59:51,573 - BO_format_2::INFO -- [Batch] : Finish Injection Queue (LA, Pump)
2023-06-21 19:59:51,574 - BO_format_2::INFO -- [Batch] : Start React:1s
2023-06-21 19:59:51,574 - BO_format_2::INFO -- [Batch] : check React:1s
2023-06-21 19:59:51,579 - BO_format_2::INFO -- [Batch] : Start React:1s
2023-06-21 19:59:51,594 - BO_format_2::INFO -- [Batch] : check React:1s
2023-06-21 19:59:51,640 - BO_format_2::INFO -- [Batch] : Start React:1s
2023-06-21 19:59:51,687 - BO_format_2::INFO -- [Batch] : check React:1s
2023-06-21 19:59:52,194 - BO_format_2::INFO -- [Batch] : Start React:1s
2023-06-21 19:59:52,194 - BO_format_2::INFO -- [Batch] : check React:1s
2023-06-21 19:59:55,560 - BO_format_2::INFO -- [Batch] : Finish React:1s
2023-06-21 20:00:02,955 - BO_format_2::INFO -- [Batch] : Finish React:1s
2023-06-21 20:00:10,055 - BO_format_2::INFO -- [Batch] : Finish React:1s
2023-06-21 20:00:13,314 - BO_format_2::INFO -- [Batch] : Finish React:1s
2023-06-21 20:00:17,027 - BO_format_2::INFO -- [UV] : Start UV Characterization
2023-06-21 20:00:39,398 - BO_format_2::INFO -- [UV] : 0 result : OrderedDict([('lambdamax', 510.013194), ('intensity', 0.019183770819530398), ('FWHM', 39.82056600000004)])
2023-06-21 20:00:39,408 - BO_format_2::INFO -- [UV] : Finish UV Characterization
2023-06-21 20:00:39,418 - BO_format_2::INFO -- [UV] : Start UV Characterization
2023-06-21 20:01:01,683 - BO_format_2::INFO -- [UV] : 1 result : OrderedDict([('lambdamax', 581.59504), ('intensity', 0.017805894138365704), ('FWHM', 8.774095999999986)])
2023-06-21 20:01:01,693 - BO_format_2::INFO -- [UV] : Finish UV Characterization
2023-06-21 20:01:01,704 - BO_format_2::INFO -- [UV] : Start UV Characterization
2023-06-21 20:01:24,041 - BO_format_2::INFO -- [UV] : 2 result : OrderedDict([('lambdamax', 530.089997), ('intensity', 0.021371111212888802), ('FWHM', 9.656178999999952)])
2023-06-21 20:01:24,052 - BO_format_2::INFO -- [UV] : Finish UV Characterization
2023-06-21 20:01:24,062 - BO_format_2::INFO -- [UV] : Start UV Characterization
2023-06-21 20:01:46,523 - BO_format_2::INFO -- [UV] : 3 result : OrderedDict([('lambdamax', 793.293338), ('intensity', 0.02092001280226336), ('FWHM', 14.79197099999999)])
2023-06-21 20:01:46,533 - BO_format_2::INFO -- [UV] : Finish UV Characterization
2023-06-21 20:01:46,543 - BO_format_2::INFO -- [RobotArm] : Start Robot Queue : Batch motion (holder_to_storage_filled) is started.
2023-06-21 20:01:49,732 - BO_format_2::INFO -- [RobotArm] : vial_num_list:[8, 9, 10, 11]
2023-06-21 20:01:49,733 - BO_format_2::INFO -- [RobotArm] : line_num_list:[0, 0, 0, 0]
2023-06-21 20:01:49,733 - BO_format_2::INFO -- [RobotArm] : vialHolder_list:[0, 1, 2, 3]
2023-06-21 20:01:58,104 - BO_format_2::INFO -- [RobotArm] : Finish Robot Queue : Batch motion (holder_to_storage_filled) is done.
2023-06-21 20:01:58,105 - BO_format_2::INFO -- [RobotArm] : Start Robot Queue : Batch motion (holder_to_storage_filled) is started.
2023-06-21 20:03:22,636 - BO_format_2::INFO -- [RobotArm] : Finish Robot Queue : Batch motion (holder_to_storage_filled) is done.
2023-06-21 20:03:22,636 - BO_format_2::INFO -- [RobotArm] : Start Robot Queue : Batch motion (holder_to_storage_filled) is started.
2023-06-21 20:03:26,237 - BO_format_2::INFO -- [RobotArm] : Finish Robot Queue : Batch motion (holder_to_storage_filled) is done.
2023-06-21 20:03:26,237 - BO_format_2::INFO -- [RobotArm] : Start Robot Queue : Batch motion (holder_to_storage_filled) is started.
2023-06-21 20:03:32,721 - BO_format_2::INFO -- [RobotArm] : Finish Robot Queue : Batch motion (holder_to_storage_filled) is done.
2023-06-21 20:03:32,737 - BO_format_2::INFO -- [Algorithm] : 0 optimal_value : -0.2754794391175262
2023-06-21 20:03:32,738 - BO_format_2::INFO -- [Algorithm] : 1 optimal_value : -0.0971582972085423
2023-06-21 20:03:32,738 - BO_format_2::INFO -- [Algorithm] : 2 optimal_value : -0.20844950519829425
2023-06-21 20:03:32,738 - BO_format_2::INFO -- [Algorithm] : 3 optimal_value : -0.7850969616834935
2023-06-21 20:03:32,738 - BO_format_2::INFO -- [JobExecution] : ######### Cycle 1/1 is done #########
2023-06-21 20:03:32,739 - BO_format_2::INFO -- [Algorithm] : Save our model object, filename=20230621_1954_multi3_0_obj
2023-06-21 20:03:32,739 - BO_format_2::INFO -- [JobExecution] : ######### All Cycle is done #########
