2023-06-21 20:07:34,598 - BO_format_1::INFO -- [JobExecution] : [jobID=0] Algorithm, model : BayesianOptimization, batchSize : 4
2023-06-21 20:07:34,603 - BO_format_1::INFO -- [JobExecution] : ######### Cycle start #########
2023-06-21 20:07:34,614 - BO_format_1::INFO -- [Algorithm] : utility_type=ucb, iter_num=0, batchSize=4
2023-06-21 20:07:34,614 - BO_format_1::INFO -- [Algorithm [0]] : next_point 0: {'AddSolution=AgNO3_Concentration': 0, 'AddSolution=AgNO3_Volume': 750, 'AddSolution=AgNO3_Injectionrate': 150}
2023-06-21 20:07:34,619 - BO_format_1::INFO -- [Algorithm [1]] : next_point 1: {'AddSolution=AgNO3_Concentration': 0, 'AddSolution=AgNO3_Volume': 800, 'AddSolution=AgNO3_Injectionrate': 100}
2023-06-21 20:07:34,619 - BO_format_1::INFO -- [Algorithm [2]] : next_point 2: {'AddSolution=AgNO3_Concentration': 0, 'AddSolution=AgNO3_Volume': 1150, 'AddSolution=AgNO3_Injectionrate': 150}
2023-06-21 20:07:34,629 - BO_format_1::INFO -- [Algorithm [3]] : next_point 3: {'AddSolution=AgNO3_Concentration': 0, 'AddSolution=AgNO3_Volume': 650, 'AddSolution=AgNO3_Injectionrate': 150}
2023-06-21 20:07:34,760 - BO_format_1::INFO -- [JobExecution] : ######### Cycle 1/1 is running #########
2023-06-21 20:07:34,795 - BO_format_1::INFO -- [Batch] : Start Robot Queue : Batch motion (storage_empty_to_stirrer) is started.
2023-06-21 20:07:34,806 - BO_format_1::INFO -- [Batch] : vial_num_list: [0, 1, 2, 3]
2023-06-21 20:07:34,816 - BO_format_1::INFO -- [Batch] : line_num_list: [0, 0, 0, 0]
2023-06-21 20:07:34,826 - BO_format_1::INFO -- [Batch] : vialHolder_list: [0, 1, 2, 3]
2023-06-21 20:07:41,157 - BO_format_1::INFO -- [Batch] : Finish Robot Queue : Batch motion (storage_empty_to_stirrer) is done.
2023-06-21 20:07:41,168 - BO_format_1::INFO -- [Batch] : Start Robot Queue : Batch motion (storage_empty_to_stirrer) is started.
2023-06-21 20:07:47,651 - BO_format_1::INFO -- [Batch] : Finish Robot Queue : Batch motion (storage_empty_to_stirrer) is done.
2023-06-21 20:07:47,661 - BO_format_1::INFO -- [Batch] : Start Robot Queue : Batch motion (storage_empty_to_stirrer) is started.
2023-06-21 20:07:54,161 - BO_format_1::INFO -- [Batch] : Finish Robot Queue : Batch motion (storage_empty_to_stirrer) is done.
2023-06-21 20:07:54,171 - BO_format_1::INFO -- [Batch] : Start Robot Queue : Batch motion (storage_empty_to_stirrer) is started.
2023-06-21 20:08:00,527 - BO_format_1::INFO -- [Batch] : Finish Robot Queue : Batch motion (storage_empty_to_stirrer) is done.
2023-06-21 20:08:00,537 - BO_format_1::INFO -- [Batch] : Prepare Injection Queue (LA, Pump)
2023-06-21 20:08:02,989 - BO_format_1::INFO -- [Batch] : Start Injection Queue (LA, Pump)
2023-06-21 20:08:08,707 - BO_format_1::INFO -- [Batch] : Finish Injection Queue (LA, Pump)
2023-06-21 20:08:10,724 - BO_format_1::INFO -- [Batch] : Prepare Injection Queue (LA, Pump)
2023-06-21 20:08:13,147 - BO_format_1::INFO -- [Batch] : Start Injection Queue (LA, Pump)
2023-06-21 20:08:18,786 - BO_format_1::INFO -- [Batch] : Finish Injection Queue (LA, Pump)
2023-06-21 20:08:20,803 - BO_format_1::INFO -- [Batch] : Prepare Injection Queue (LA, Pump)
2023-06-21 20:08:23,290 - BO_format_1::INFO -- [Batch] : Start Injection Queue (LA, Pump)
2023-06-21 20:08:29,250 - BO_format_1::INFO -- [Batch] : Finish Injection Queue (LA, Pump)
2023-06-21 20:08:31,267 - BO_format_1::INFO -- [Batch] : Prepare Injection Queue (LA, Pump)
2023-06-21 20:08:33,680 - BO_format_1::INFO -- [Batch] : Start Injection Queue (LA, Pump)
2023-06-21 20:08:39,823 - BO_format_1::INFO -- [Batch] : Finish Injection Queue (LA, Pump)
2023-06-21 20:08:41,841 - BO_format_1::INFO -- [Batch] : Prepare Injection Queue (LA, Pump)
2023-06-21 20:08:44,516 - BO_format_1::INFO -- [Batch] : Start Injection Queue (LA, Pump)
2023-06-21 20:08:50,527 - BO_format_1::INFO -- [Batch] : Finish Injection Queue (LA, Pump)
2023-06-21 20:08:52,539 - BO_format_1::INFO -- [Batch] : Prepare Injection Queue (LA, Pump)
2023-06-21 20:08:55,013 - BO_format_1::INFO -- [Batch] : Start Injection Queue (LA, Pump)
2023-06-21 20:09:01,160 - BO_format_1::INFO -- [Batch] : Finish Injection Queue (LA, Pump)
2023-06-21 20:09:03,177 - BO_format_1::INFO -- [Batch] : Prepare Injection Queue (LA, Pump)
2023-06-21 20:09:05,670 - BO_format_1::INFO -- [Batch] : Start Injection Queue (LA, Pump)
2023-06-21 20:09:11,691 - BO_format_1::INFO -- [Batch] : Finish Injection Queue (LA, Pump)
2023-06-21 20:09:13,709 - BO_format_1::INFO -- [Batch] : Prepare Injection Queue (LA, Pump)
2023-06-21 20:09:16,136 - BO_format_1::INFO -- [Batch] : Start Injection Queue (LA, Pump)
2023-06-21 20:09:21,946 - BO_format_1::INFO -- [Batch] : Finish Injection Queue (LA, Pump)
2023-06-21 20:09:23,963 - BO_format_1::INFO -- [Batch] : Prepare Injection Queue (LA, Pump)
2023-06-21 20:09:26,440 - BO_format_1::INFO -- [Batch] : Start Injection Queue (LA, Pump)
2023-06-21 20:09:32,343 - BO_format_1::INFO -- [Batch] : Finish Injection Queue (LA, Pump)
2023-06-21 20:09:34,361 - BO_format_1::INFO -- [Batch] : Prepare Injection Queue (LA, Pump)
2023-06-21 20:09:36,904 - BO_format_1::INFO -- [Batch] : Start Injection Queue (LA, Pump)
2023-06-21 20:09:42,707 - BO_format_1::INFO -- [Batch] : Finish Injection Queue (LA, Pump)
2023-06-21 20:09:44,724 - BO_format_1::INFO -- [Batch] : Prepare Injection Queue (LA, Pump)
2023-06-21 20:09:47,095 - BO_format_1::INFO -- [Batch] : Start Injection Queue (LA, Pump)
2023-06-21 20:09:53,043 - BO_format_1::INFO -- [Batch] : Finish Injection Queue (LA, Pump)
2023-06-21 20:09:55,060 - BO_format_1::INFO -- [Batch] : Prepare Injection Queue (LA, Pump)
2023-06-21 20:09:57,551 - BO_format_1::INFO -- [Batch] : Start Injection Queue (LA, Pump)
2023-06-21 20:10:03,304 - BO_format_1::INFO -- [Batch] : Finish Injection Queue (LA, Pump)
2023-06-21 20:10:05,316 - BO_format_1::INFO -- [Batch] : Start Stir Queue 0 (Stirrer)
2023-06-21 20:10:06,481 - BO_format_1::INFO -- [Batch] : Start Stir Queue 1 (Stirrer)
2023-06-21 20:10:07,624 - BO_format_1::INFO -- [Batch] : Start Stir Queue 2 (Stirrer)
2023-06-21 20:10:08,799 - BO_format_1::INFO -- [Batch] : Start Stir Queue 3 (Stirrer)
2023-06-21 20:10:09,999 - BO_format_1::INFO -- [Batch] : Finish Stir Queue 0 (Stirrer)
2023-06-21 20:10:10,009 - BO_format_1::INFO -- [Batch] : Finish Stir Queue 1 (Stirrer)
2023-06-21 20:10:10,014 - BO_format_1::INFO -- [Batch] : Finish Stir Queue 2 (Stirrer)
2023-06-21 20:10:10,015 - BO_format_1::INFO -- [Batch] : Finish Stir Queue 3 (Stirrer)
2023-06-21 20:10:10,025 - BO_format_1::INFO -- [Batch] : Start Heat Queue (Stirrer)
2023-06-21 20:10:11,163 - BO_format_1::INFO -- [Batch] : Start Heat Queue (Stirrer)
2023-06-21 20:10:12,274 - BO_format_1::INFO -- [Batch] : Start Heat Queue (Stirrer)
2023-06-21 20:10:13,438 - BO_format_1::INFO -- [Batch] : Start Heat Queue (Stirrer)
2023-06-21 20:10:14,567 - BO_format_1::INFO -- [Batch] : Finish Heat Queue 0 (Stirrer)
2023-06-21 20:10:14,577 - BO_format_1::INFO -- [Batch] : Finish Heat Queue 1 (Stirrer)
2023-06-21 20:10:14,587 - BO_format_1::INFO -- [Batch] : Finish Heat Queue 2 (Stirrer)
2023-06-21 20:10:14,598 - BO_format_1::INFO -- [Batch] : Finish Heat Queue 3 (Stirrer)
2023-06-21 20:10:14,613 - BO_format_1::INFO -- [Batch] : Start Wait:1s
2023-06-21 20:10:14,618 - BO_format_1::INFO -- [Batch] : Start Wait:1s
2023-06-21 20:10:14,619 - BO_format_1::INFO -- [Batch] : Start Wait:1s
2023-06-21 20:10:14,619 - BO_format_1::INFO -- [Batch] : Start Wait:1s
2023-06-21 20:10:14,629 - BO_format_1::INFO -- [Batch] : check Wait:1s
2023-06-21 20:10:14,634 - BO_format_1::INFO -- [Batch] : check Wait:1s
2023-06-21 20:10:14,665 - BO_format_1::INFO -- [Batch] : check Wait:1s
2023-06-21 20:10:14,671 - BO_format_1::INFO -- [Batch] : check Wait:1s
2023-06-21 20:10:14,676 - BO_format_1::INFO -- [Batch] : Finish Wait:1s
2023-06-21 20:10:14,681 - BO_format_1::INFO -- [Batch] : Finish Wait:1s
2023-06-21 20:10:14,691 - BO_format_1::INFO -- [Batch] : Finish Wait:1s
2023-06-21 20:10:14,702 - BO_format_1::INFO -- [Batch] : Finish Wait:1s
2023-06-21 20:10:14,748 - BO_format_1::INFO -- [Batch] : Prepare Injection Queue (LA, Pump)
2023-06-21 20:10:17,207 - BO_format_1::INFO -- [Batch] : Start Injection Queue (LA, Pump)
2023-06-21 20:10:23,122 - BO_format_1::INFO -- [Batch] : Finish Injection Queue (LA, Pump)
2023-06-21 20:10:29,486 - BO_format_1::INFO -- [Batch] : Prepare Injection Queue (LA, Pump)
2023-06-21 20:10:31,940 - BO_format_1::INFO -- [Batch] : Start Injection Queue (LA, Pump)
2023-06-21 20:10:37,743 - BO_format_1::INFO -- [Batch] : Finish Injection Queue (LA, Pump)
2023-06-21 20:10:44,004 - BO_format_1::INFO -- [Batch] : Prepare Injection Queue (LA, Pump)
2023-06-21 20:10:46,549 - BO_format_1::INFO -- [Batch] : Start Injection Queue (LA, Pump)
2023-06-21 20:10:52,568 - BO_format_1::INFO -- [Batch] : Finish Injection Queue (LA, Pump)
2023-06-21 20:10:59,252 - BO_format_1::INFO -- [Batch] : Prepare Injection Queue (LA, Pump)
2023-06-21 20:11:01,819 - BO_format_1::INFO -- [Batch] : Start Injection Queue (LA, Pump)
2023-06-21 20:11:07,821 - BO_format_1::INFO -- [Batch] : Finish Injection Queue (LA, Pump)
2023-06-21 20:11:09,834 - BO_format_1::INFO -- [Batch] : Start React:1s
2023-06-21 20:11:09,835 - BO_format_1::INFO -- [Batch] : Start React:1s
2023-06-21 20:11:09,836 - BO_format_1::INFO -- [Batch] : Start React:1s
2023-06-21 20:11:09,837 - BO_format_1::INFO -- [Batch] : Start React:1s
2023-06-21 20:12:09,857 - BO_format_1::INFO -- [Batch] : check React:1s
2023-06-21 20:12:09,898 - BO_format_1::INFO -- [Batch] : check React:1s
2023-06-21 20:12:09,908 - BO_format_1::INFO -- [Batch] : check React:1s
2023-06-21 20:12:09,908 - BO_format_1::INFO -- [Batch] : check React:1s
2023-06-21 20:12:17,094 - BO_format_1::INFO -- [Batch] : Finish React:1s
2023-06-21 20:12:20,531 - BO_format_1::INFO -- [Batch] : Finish React:1s
2023-06-21 20:12:32,506 - BO_format_1::INFO -- [Batch] : Finish React:1s
2023-06-21 20:12:35,720 - BO_format_1::INFO -- [Batch] : Finish React:1s
2023-06-21 20:12:43,843 - BO_format_1::INFO -- [UV] : Start UV Characterization
2023-06-21 20:13:06,393 - BO_format_1::INFO -- [UV] : 0 result : OrderedDict([('lambdamax', 739.066618), ('intensity', 0.019934909847956164), ('FWHM', 20.21340299999997)])
2023-06-21 20:13:06,404 - BO_format_1::INFO -- [UV] : Finish UV Characterization
2023-06-21 20:13:06,414 - BO_format_1::INFO -- [UV] : Start UV Characterization
2023-06-21 20:13:28,745 - BO_format_1::INFO -- [UV] : 1 result : OrderedDict([('lambdamax', 734.70061), ('intensity', 0.02778657185625928), ('FWHM', 9.677229000000011)])
2023-06-21 20:13:28,755 - BO_format_1::INFO -- [UV] : Finish UV Characterization
2023-06-21 20:13:28,765 - BO_format_1::INFO -- [UV] : Start UV Characterization
2023-06-21 20:13:51,521 - BO_format_1::INFO -- [UV] : 2 result : OrderedDict([('lambdamax', 684.667494), ('intensity', 0.01536411731887248), ('FWHM', 7.7031449999999495)])
2023-06-21 20:13:51,531 - BO_format_1::INFO -- [UV] : Finish UV Characterization
2023-06-21 20:13:51,541 - BO_format_1::INFO -- [UV] : Start UV Characterization
2023-06-21 20:14:13,916 - BO_format_1::INFO -- [UV] : 3 result : OrderedDict([('lambdamax', 678.236254), ('intensity', 0.027804483588877327), ('FWHM', 9.986045999999988)])
2023-06-21 20:14:13,926 - BO_format_1::INFO -- [UV] : Finish UV Characterization
2023-06-21 20:14:13,931 - BO_format_1::INFO -- [RobotArm] : Start Robot Queue : Batch motion (holder_to_storage_filled) is started.
2023-06-21 20:14:22,318 - BO_format_1::INFO -- [RobotArm] : vial_num_list:[8, 9, 10, 11]
2023-06-21 20:14:22,318 - BO_format_1::INFO -- [RobotArm] : line_num_list:[0, 0, 0, 0]
2023-06-21 20:14:22,318 - BO_format_1::INFO -- [RobotArm] : vialHolder_list:[0, 1, 2, 3]
2023-06-21 20:14:30,713 - BO_format_1::INFO -- [RobotArm] : Finish Robot Queue : Batch motion (holder_to_storage_filled) is done.
2023-06-21 20:14:30,713 - BO_format_1::INFO -- [RobotArm] : Start Robot Queue : Batch motion (holder_to_storage_filled) is started.
2023-06-21 20:14:35,948 - BO_format_1::INFO -- [RobotArm] : Finish Robot Queue : Batch motion (holder_to_storage_filled) is done.
2023-06-21 20:14:35,948 - BO_format_1::INFO -- [RobotArm] : Start Robot Queue : Batch motion (holder_to_storage_filled) is started.
2023-06-21 20:14:46,024 - BO_format_1::INFO -- [RobotArm] : Finish Robot Queue : Batch motion (holder_to_storage_filled) is done.
2023-06-21 20:14:46,025 - BO_format_1::INFO -- [RobotArm] : Start Robot Queue : Batch motion (holder_to_storage_filled) is started.
2023-06-21 20:14:59,313 - BO_format_1::INFO -- [RobotArm] : Finish Robot Queue : Batch motion (holder_to_storage_filled) is done.
2023-06-21 20:14:59,332 - BO_format_1::INFO -- [Algorithm] : 0 optimal_value : -0.6092737344460548
2023-06-21 20:14:59,332 - BO_format_1::INFO -- [Algorithm] : 1 optimal_value : -0.593963832145907
2023-06-21 20:14:59,332 - BO_format_1::INFO -- [Algorithm] : 2 optimal_value : -0.4321632558963105
2023-06-21 20:14:59,332 - BO_format_1::INFO -- [Algorithm] : 3 optimal_value : -0.4105212264983685
2023-06-21 20:14:59,332 - BO_format_1::INFO -- [JobExecution] : ######### Cycle 1/1 is done #########
2023-06-21 20:14:59,332 - BO_format_1::INFO -- [Algorithm] : Save our model object, filename=20230621_2007_multi3_0_obj
2023-06-21 20:14:59,332 - BO_format_1::INFO -- [JobExecution] : ######### All Cycle is done #########
