2023-07-03 15:45:50,864 - BO_format_2::INFO -- [JobExecution] : [jobID=1] Algorithm, model : BayesianOptimization, batchSize : 4
2023-07-03 15:45:50,874 - BO_format_2::INFO -- [JobExecution] : ######### Cycle start #########
2023-07-03 15:45:50,874 - BO_format_2::INFO -- [Algorithm] : utility_type=ucb, iter_num=0, batchSize=4
2023-07-03 15:45:50,875 - BO_format_2::INFO -- [Algorithm [0]] : next_point 0: {'AddSolution=AgNO3_Concentration': 0, 'AddSolution=AgNO3_Volume': 750, 'AddSolution=AgNO3_Injectionrate': 150}
2023-07-03 15:45:50,875 - BO_format_2::INFO -- [Algorithm [1]] : next_point 1: {'AddSolution=AgNO3_Concentration': 0, 'AddSolution=AgNO3_Volume': 800, 'AddSolution=AgNO3_Injectionrate': 100}
2023-07-03 15:45:50,875 - BO_format_2::INFO -- [Algorithm [2]] : next_point 2: {'AddSolution=AgNO3_Concentration': 0, 'AddSolution=AgNO3_Volume': 1150, 'AddSolution=AgNO3_Injectionrate': 150}
2023-07-03 15:45:50,875 - BO_format_2::INFO -- [Algorithm [3]] : next_point 3: {'AddSolution=AgNO3_Concentration': 0, 'AddSolution=AgNO3_Volume': 650, 'AddSolution=AgNO3_Injectionrate': 150}
2023-07-03 15:45:50,878 - BO_format_2::INFO -- [RecipeGenerator] : Allocate all of process based on job script!
2023-07-03 15:45:50,878 - BO_format_2::INFO -- [JobExecution] : ######### Cycle 1/1 is running #########
2023-07-03 15:45:50,878 - BO_format_2::INFO -- [TaskScheduler] : check location: {'BatchSynthesis': {'Stirrer': [0, 0, 0, 0, '?', '?', '?', '?', '?', '?', '?', '?', '?', '?', '?', '?'], 'vialHolder': [0, 0, 0, 0, '?', '?', '?', '?']}, 'UV': {'vialHolder': [0, 0, 0, 0, '?', '?', '?', '?']}}
2023-07-03 15:45:50,878 - BO_format_2::INFO -- [TaskScheduler] : BatchSynthesis allocate location: {'Stirrer': [4, 5, 6, 7], 'vialHolder': [4, 5, 6, 7]}
2023-07-03 15:45:55,625 - BO_format_2::INFO -- [Batch] : vial_num_list: [4, 5, 6, 7]
2023-07-03 15:45:55,625 - BO_format_2::INFO -- [Batch] : line_num_list: [0, 0, 0, 0]
2023-07-03 15:45:55,626 - BO_format_2::INFO -- [Batch] : vialHolder_list: [4, 5, 6, 7]
2023-07-03 15:45:55,626 - BO_format_2::INFO -- [Batch] : Start Robot Queue : storage_empty_to_stirrer is started.
2023-07-03 15:46:02,402 - BO_format_2::INFO -- [Batch] : Finish Robot Queue : Batch motion (storage_empty_to_stirrer) is done.
2023-07-03 15:46:02,406 - BO_format_2::INFO -- [Batch] : Start Robot Queue : storage_empty_to_stirrer is started.
2023-07-03 15:46:08,930 - BO_format_2::INFO -- [Batch] : Finish Robot Queue : Batch motion (storage_empty_to_stirrer) is done.
2023-07-03 15:46:08,935 - BO_format_2::INFO -- [Batch] : Start Robot Queue : storage_empty_to_stirrer is started.
2023-07-03 15:46:15,429 - BO_format_2::INFO -- [Batch] : Finish Robot Queue : Batch motion (storage_empty_to_stirrer) is done.
2023-07-03 15:46:15,430 - BO_format_2::INFO -- [Batch] : Start Robot Queue : storage_empty_to_stirrer is started.
2023-07-03 15:46:22,182 - BO_format_2::INFO -- [Batch] : Finish Robot Queue : Batch motion (storage_empty_to_stirrer) is done.
2023-07-03 15:46:24,795 - BO_format_2::INFO -- [Batch] : Prepare Injection Queue --> Citrate,0.02mM,5000uL,200uL/s
2023-07-03 15:46:28,951 - BO_format_2::INFO -- [Batch] : Start Injection Queue --> Citrate,0.02mM,1200μL,200μL/s
2023-07-03 15:46:34,214 - BO_format_2::INFO -- [Batch] : Finish Injection Queue
2023-07-03 15:46:43,606 - BO_format_2::INFO -- [Batch] : Prepare Injection Queue --> Citrate,0.02mM,5000uL,200uL/s
2023-07-03 15:46:47,661 - BO_format_2::INFO -- [Batch] : Start Injection Queue --> Citrate,0.02mM,1200μL,200μL/s
2023-07-03 15:46:52,782 - BO_format_2::INFO -- [Batch] : Finish Injection Queue
2023-07-03 15:47:02,187 - BO_format_2::INFO -- [Batch] : Prepare Injection Queue --> Citrate,0.02mM,5000uL,200uL/s
2023-07-03 15:47:06,404 - BO_format_2::INFO -- [Batch] : Start Injection Queue --> Citrate,0.02mM,1200μL,200μL/s
2023-07-03 15:47:11,622 - BO_format_2::INFO -- [Batch] : Finish Injection Queue
2023-07-03 15:47:21,084 - BO_format_2::INFO -- [Batch] : Prepare Injection Queue --> Citrate,0.02mM,5000uL,200uL/s
2023-07-03 15:47:25,109 - BO_format_2::INFO -- [Batch] : Start Injection Queue --> Citrate,0.02mM,1200μL,200μL/s
2023-07-03 15:47:30,437 - BO_format_2::INFO -- [Batch] : Finish Injection Queue
2023-07-03 15:47:39,931 - BO_format_2::INFO -- [Batch] : Prepare Injection Queue --> H2O2,0.375mM,5000uL,200uL/s
2023-07-03 15:47:43,936 - BO_format_2::INFO -- [Batch] : Start Injection Queue --> H2O2,0.375mM,1200μL,200μL/s
2023-07-03 15:47:49,413 - BO_format_2::INFO -- [Batch] : Finish Injection Queue
2023-07-03 15:47:58,860 - BO_format_2::INFO -- [Batch] : Prepare Injection Queue --> H2O2,0.375mM,5000uL,200uL/s
2023-07-03 15:48:03,107 - BO_format_2::INFO -- [Batch] : Start Injection Queue --> H2O2,0.375mM,1200μL,200μL/s
2023-07-03 15:48:08,481 - BO_format_2::INFO -- [Batch] : Finish Injection Queue
2023-07-03 15:48:17,890 - BO_format_2::INFO -- [Batch] : Prepare Injection Queue --> H2O2,0.375mM,5000uL,200uL/s
2023-07-03 15:48:21,952 - BO_format_2::INFO -- [Batch] : Start Injection Queue --> H2O2,0.375mM,1200μL,200μL/s
2023-07-03 15:48:27,181 - BO_format_2::INFO -- [Batch] : Finish Injection Queue
2023-07-03 15:48:36,646 - BO_format_2::INFO -- [Batch] : Prepare Injection Queue --> H2O2,0.375mM,5000uL,200uL/s
2023-07-03 15:48:40,726 - BO_format_2::INFO -- [Batch] : Start Injection Queue --> H2O2,0.375mM,1200μL,200μL/s
2023-07-03 15:48:45,965 - BO_format_2::INFO -- [Batch] : Finish Injection Queue
2023-07-03 15:48:55,718 - BO_format_2::INFO -- [Batch] : Prepare Injection Queue --> NaBH4,0.01mM,5000uL,200uL/s
2023-07-03 15:48:59,726 - BO_format_2::INFO -- [Batch] : Start Injection Queue --> NaBH4,0.01mM,3000μL,200μL/s
2023-07-03 15:49:04,858 - BO_format_2::INFO -- [Batch] : Finish Injection Queue
2023-07-03 15:49:14,080 - BO_format_2::INFO -- [Batch] : Prepare Injection Queue --> NaBH4,0.01mM,5000uL,200uL/s
2023-07-03 15:49:18,057 - BO_format_2::INFO -- [Batch] : Start Injection Queue --> NaBH4,0.01mM,3000μL,200μL/s
2023-07-03 15:49:23,344 - BO_format_2::INFO -- [Batch] : Finish Injection Queue
2023-07-03 15:49:33,230 - BO_format_2::INFO -- [Batch] : Prepare Injection Queue --> NaBH4,0.01mM,5000uL,200uL/s
2023-07-03 15:49:37,401 - BO_format_2::INFO -- [Batch] : Start Injection Queue --> NaBH4,0.01mM,3000μL,200μL/s
2023-07-03 15:49:42,630 - BO_format_2::INFO -- [Batch] : Finish Injection Queue
2023-07-03 15:49:53,956 - BO_format_2::INFO -- [Batch] : Prepare Injection Queue --> NaBH4,0.01mM,5000uL,200uL/s
2023-07-03 15:49:58,198 - BO_format_2::INFO -- [Batch] : Start Injection Queue --> NaBH4,0.01mM,3000μL,200μL/s
2023-07-03 15:50:03,412 - BO_format_2::INFO -- [Batch] : Finish Injection Queue
2023-07-03 15:50:05,415 - BO_format_2::INFO -- [Batch] : Start Stir Queue 0 (Stirrer)
2023-07-03 15:50:06,502 - BO_format_2::INFO -- [Batch] : Start Stir Queue 1 (Stirrer)
2023-07-03 15:50:07,750 - BO_format_2::INFO -- [Batch] : Start Stir Queue 2 (Stirrer)
2023-07-03 15:50:08,891 - BO_format_2::INFO -- [Batch] : Start Stir Queue 3 (Stirrer)
2023-07-03 15:50:10,047 - BO_format_2::INFO -- [Batch] : Finish Stir Queue 0 (Stirrer)
2023-07-03 15:50:10,047 - BO_format_2::INFO -- [Batch] : Finish Stir Queue 1 (Stirrer)
2023-07-03 15:50:10,047 - BO_format_2::INFO -- [Batch] : Finish Stir Queue 2 (Stirrer)
2023-07-03 15:50:10,047 - BO_format_2::INFO -- [Batch] : Finish Stir Queue 3 (Stirrer)
2023-07-03 15:50:10,047 - BO_format_2::INFO -- [Batch] : Start Heat Queue 0 (Stirrer)
2023-07-03 15:50:11,263 - BO_format_2::INFO -- [Batch] : Start Heat Queue 1 (Stirrer)
2023-07-03 15:50:12,353 - BO_format_2::INFO -- [Batch] : Start Heat Queue 2 (Stirrer)
2023-07-03 15:50:13,460 - BO_format_2::INFO -- [Batch] : Start Heat Queue 3 (Stirrer)
2023-07-03 15:50:14,727 - BO_format_2::INFO -- [Batch] : Finish Heat Queue 0 (Stirrer)
2023-07-03 15:50:14,728 - BO_format_2::INFO -- [Batch] : Finish Heat Queue 1 (Stirrer)
2023-07-03 15:50:14,728 - BO_format_2::INFO -- [Batch] : Finish Heat Queue 2 (Stirrer)
2023-07-03 15:50:14,728 - BO_format_2::INFO -- [Batch] : Finish Heat Queue 3 (Stirrer)
2023-07-03 15:50:14,729 - BO_format_2::INFO -- [Batch] : Start Wait:1s
2023-07-03 15:50:14,729 - BO_format_2::INFO -- [Batch] : check Wait:1s
2023-07-03 15:50:14,729 - BO_format_2::INFO -- [Batch] : Finish Wait:1s
2023-07-03 15:50:14,730 - BO_format_2::INFO -- [Batch] : Start Wait:1s
2023-07-03 15:50:14,730 - BO_format_2::INFO -- [Batch] : Start Wait:1s
2023-07-03 15:50:14,731 - BO_format_2::INFO -- [Batch] : Start Wait:1s
2023-07-03 15:50:14,732 - BO_format_2::INFO -- [Batch] : check Wait:1s
2023-07-03 15:50:14,732 - BO_format_2::INFO -- [Batch] : check Wait:1s
2023-07-03 15:50:14,732 - BO_format_2::INFO -- [Batch] : check Wait:1s
2023-07-03 15:50:14,733 - BO_format_2::INFO -- [Batch] : Finish Wait:1s
2023-07-03 15:50:14,733 - BO_format_2::INFO -- [Batch] : Finish Wait:1s
2023-07-03 15:50:14,734 - BO_format_2::INFO -- [Batch] : Finish Wait:1s
2023-07-03 15:50:14,737 - BO_format_2::INFO -- [Batch] : Prepare Injection Queue --> AgNO3,0mM,5000uL,200uL/s
2023-07-03 15:50:18,784 - BO_format_2::INFO -- [Batch] : Start Injection Queue --> AgNO3,0mM,750μL,150μL/s
2023-07-03 15:50:24,335 - BO_format_2::INFO -- [Batch] : Finish Injection Queue
2023-07-03 15:50:33,722 - BO_format_2::INFO -- [Batch] : Prepare Injection Queue --> AgNO3,0mM,5000uL,200uL/s
2023-07-03 15:50:37,780 - BO_format_2::INFO -- [Batch] : Start Injection Queue --> AgNO3,0mM,800μL,100μL/s
2023-07-03 15:50:43,003 - BO_format_2::INFO -- [Batch] : Finish Injection Queue
2023-07-03 15:50:52,490 - BO_format_2::INFO -- [Batch] : Prepare Injection Queue --> AgNO3,0mM,5000uL,200uL/s
2023-07-03 15:50:56,796 - BO_format_2::INFO -- [Batch] : Start Injection Queue --> AgNO3,0mM,1150μL,150μL/s
2023-07-03 15:51:02,064 - BO_format_2::INFO -- [Batch] : Finish Injection Queue
2023-07-03 15:51:04,070 - BO_format_2::INFO -- [Batch] : Prepare Injection Queue --> AgNO3,0mM,5000uL,200uL/s
2023-07-03 15:51:08,175 - BO_format_2::INFO -- [Batch] : Start Injection Queue --> AgNO3,0mM,650μL,150μL/s
2023-07-03 15:51:13,485 - BO_format_2::INFO -- [Batch] : Finish Injection Queue
2023-07-03 15:51:15,488 - BO_format_2::INFO -- [Batch] : Start React:1s
2023-07-03 15:51:15,489 - BO_format_2::INFO -- [Batch] : Start React:1s
2023-07-03 15:51:15,489 - BO_format_2::INFO -- [Batch] : Start React:1s
2023-07-03 15:51:15,490 - BO_format_2::INFO -- [Batch] : Start React:1s
2023-07-03 15:51:25,490 - BO_format_2::INFO -- [Batch] : check React:1s
2023-07-03 15:51:25,500 - BO_format_2::INFO -- [Batch] : check React:1s
2023-07-03 15:51:25,503 - BO_format_2::INFO -- [Batch] : check React:1s
2023-07-03 15:51:25,504 - BO_format_2::INFO -- [Batch] : check React:1s
2023-07-03 15:51:43,078 - BO_format_2::INFO -- [Batch] : Finish React:1s
2023-07-03 15:51:43,138 - BO_format_2::INFO -- [Batch] : Finish React:1s
2023-07-03 15:51:43,311 - BO_format_2::INFO -- [Batch] : Finish React:1s
2023-07-03 15:51:46,552 - BO_format_2::INFO -- [Batch] : Finish React:1s
2023-07-03 15:51:46,554 - BO_format_2::INFO -- [TaskScheduler] : UV allocate location: {'Stirrer': [4, 5, 6, 7], 'vialHolder': [4, 5, 6, 7]}
2023-07-03 15:52:05,523 - BO_format_2::INFO -- [UV] : Prepare UV-VIS container
2023-07-03 15:52:18,928 - BO_format_2::INFO -- [UV] : Start UV-VIS Characterization
2023-07-03 15:52:28,133 - BO_format_2::INFO -- [UV] : 0 result : OrderedDict([('lambdamax', 725.621513), ('intensity', 0.022337013245105012), ('FWHM', 10.979195000000004)])
2023-07-03 15:52:28,133 - BO_format_2::INFO -- [UV] : Finish UV-VIS Characterization
2023-07-03 15:52:28,134 - BO_format_2::INFO -- [UV] : Prepare UV-VIS container
2023-07-03 15:52:41,551 - BO_format_2::INFO -- [UV] : Start UV-VIS Characterization
2023-07-03 15:52:50,540 - BO_format_2::INFO -- [UV] : 1 result : OrderedDict([('lambdamax', 639.855053), ('intensity', 0.02035525679422098), ('FWHM', 18.764552999999978)])
2023-07-03 15:52:50,540 - BO_format_2::INFO -- [UV] : Finish UV-VIS Characterization
2023-07-03 15:52:50,541 - BO_format_2::INFO -- [UV] : Prepare UV-VIS container
2023-07-03 15:53:03,962 - BO_format_2::INFO -- [UV] : Start UV-VIS Characterization
2023-07-03 15:53:13,184 - BO_format_2::INFO -- [UV] : 2 result : OrderedDict([('lambdamax', 577.880993), ('intensity', 0.023370789251045347), ('FWHM', 24.31531099999995)])
2023-07-03 15:53:13,194 - BO_format_2::INFO -- [UV] : Finish UV-VIS Characterization
2023-07-03 15:53:13,393 - BO_format_2::INFO -- [UV] : Prepare UV-VIS container
2023-07-03 15:53:27,104 - BO_format_2::INFO -- [UV] : Start UV-VIS Characterization
2023-07-03 15:53:36,218 - BO_format_2::INFO -- [UV] : 3 result : OrderedDict([('lambdamax', 548.979285), ('intensity', 0.020483450141606286), ('FWHM', 7.866800000000012)])
2023-07-03 15:53:36,229 - BO_format_2::INFO -- [UV] : Finish UV-VIS Characterization
2023-07-03 15:53:36,362 - BO_format_2::INFO -- [RobotArm] : Start Robot Queue : Batch motion (holder_to_storage_filled) is started.
2023-07-03 15:53:36,373 - BO_format_2::INFO -- [RobotArm] : vial_num_list:[4, 5, 6, 7]
2023-07-03 15:53:36,383 - BO_format_2::INFO -- [RobotArm] : line_num_list:[0, 0, 0, 0]
2023-07-03 15:53:36,393 - BO_format_2::INFO -- [RobotArm] : vialHolder_list:[4, 5, 6, 7]
2023-07-03 15:53:45,075 - BO_format_2::INFO -- [RobotArm] : Finish Robot Queue : Batch motion (holder_to_storage_filled) is done.
2023-07-03 15:53:45,086 - BO_format_2::INFO -- [RobotArm] : Start Robot Queue : Batch motion (holder_to_storage_filled) is started.
2023-07-03 15:53:48,670 - BO_format_2::INFO -- [RobotArm] : Finish Robot Queue : Batch motion (holder_to_storage_filled) is done.
2023-07-03 15:53:48,680 - BO_format_2::INFO -- [RobotArm] : Start Robot Queue : Batch motion (holder_to_storage_filled) is started.
2023-07-03 15:53:52,384 - BO_format_2::INFO -- [RobotArm] : Finish Robot Queue : Batch motion (holder_to_storage_filled) is done.
2023-07-03 15:53:52,394 - BO_format_2::INFO -- [RobotArm] : Start Robot Queue : Batch motion (holder_to_storage_filled) is started.
2023-07-03 15:53:59,317 - BO_format_2::INFO -- [RobotArm] : Finish Robot Queue : Batch motion (holder_to_storage_filled) is done.
2023-07-03 15:53:59,369 - BO_format_2::INFO -- [TaskScheduler] : refresh location: {'BatchSynthesis': {'Stirrer': ['?', '?', '?', '?', '?', '?', '?', '?', '?', '?', '?', '?', '?', '?', '?', '?'], 'vialHolder': ['?', '?', '?', '?', '?', '?', '?', '?']}, 'UV': {'vialHolder': ['?', '?', '?', '?', '?', '?', '?', '?']}}
2023-07-03 15:53:59,498 - BO_format_2::INFO -- [Algorithm] : 0 optimal_value : -0.5649174464568271
2023-07-03 15:53:59,498 - BO_format_2::INFO -- [Algorithm] : 1 optimal_value : -0.28681723685164445
2023-07-03 15:53:59,503 - BO_format_2::INFO -- [Algorithm] : 2 optimal_value : -0.08554915646499654
2023-07-03 15:53:59,514 - BO_format_2::INFO -- [Algorithm] : 3 optimal_value : -0.14704090107623788
2023-07-03 15:53:59,524 - BO_format_2::INFO -- [JobExecution] : ######### Cycle 1/1 is done #########
2023-07-03 15:53:59,575 - BO_format_2::INFO -- [Algorithm] : Save our model object, filename=20230703_1545_multi3_0_obj
2023-07-03 15:53:59,586 - BO_format_2::INFO -- [JobExecution] : ######### All Cycle is done #########
