2023-07-03 16:23:12,457 - BO_format_2::INFO -- [JobExecution] : [jobID=1] Algorithm, model : BayesianOptimization, batchSize : 4
2023-07-03 16:23:12,463 - BO_format_2::INFO -- [JobExecution] : ######### Cycle start #########
2023-07-03 16:23:12,463 - BO_format_2::INFO -- [Algorithm] : utility_type=ucb, iter_num=0, batchSize=4
2023-07-03 16:23:12,463 - BO_format_2::INFO -- [Algorithm [0]] : next_point 0: {'AddSolution=AgNO3_Concentration': 0, 'AddSolution=AgNO3_Volume': 750, 'AddSolution=AgNO3_Injectionrate': 150}
2023-07-03 16:23:12,464 - BO_format_2::INFO -- [Algorithm [1]] : next_point 1: {'AddSolution=AgNO3_Concentration': 0, 'AddSolution=AgNO3_Volume': 800, 'AddSolution=AgNO3_Injectionrate': 100}
2023-07-03 16:23:12,464 - BO_format_2::INFO -- [Algorithm [2]] : next_point 2: {'AddSolution=AgNO3_Concentration': 0, 'AddSolution=AgNO3_Volume': 1150, 'AddSolution=AgNO3_Injectionrate': 150}
2023-07-03 16:23:12,464 - BO_format_2::INFO -- [Algorithm [3]] : next_point 3: {'AddSolution=AgNO3_Concentration': 0, 'AddSolution=AgNO3_Volume': 650, 'AddSolution=AgNO3_Injectionrate': 150}
2023-07-03 16:23:12,467 - BO_format_2::INFO -- [RecipeGenerator] : Allocate all of process based on job script!
2023-07-03 16:23:12,467 - BO_format_2::INFO -- [JobExecution] : ######### Cycle 1/1 is running #########
2023-07-03 16:23:12,467 - BO_format_2::INFO -- [TaskScheduler] : check location: {'BatchSynthesis': {'Stirrer': [0, 0, 0, 0, '?', '?', '?', '?', '?', '?', '?', '?', '?', '?', '?', '?'], 'vialHolder': [0, 0, 0, 0, '?', '?', '?', '?']}, 'UV': {'vialHolder': [0, 0, 0, 0, '?', '?', '?', '?']}}
2023-07-03 16:23:12,467 - BO_format_2::INFO -- [TaskScheduler] : BatchSynthesis allocate location: {'Stirrer': [4, 5, 6, 7], 'vialHolder': [4, 5, 6, 7]}
2023-07-03 16:23:17,673 - BO_format_2::INFO -- [Batch] : Batch motion (storage_empty_to_stirrer) is started.
2023-07-03 16:23:17,674 - BO_format_2::INFO -- [Batch] : vial_num_list: [4, 5, 6, 7]
2023-07-03 16:23:17,674 - BO_format_2::INFO -- [Batch] : line_num_list: [0, 0, 0, 0]
2023-07-03 16:23:17,674 - BO_format_2::INFO -- [Batch] : vialHolder_list: [4, 5, 6, 7]
2023-07-03 16:23:17,674 - BO_format_2::INFO -- [Batch] : Start Robot Queue : Batch motion (storage_empty_to_stirrer) is started.
2023-07-03 16:23:24,340 - BO_format_2::INFO -- [Batch] : Finish Robot Queue : Batch motion (storage_empty_to_stirrer) is done.
2023-07-03 16:23:24,344 - BO_format_2::INFO -- [Batch] : Batch motion (storage_empty_to_stirrer) is started.
2023-07-03 16:23:24,345 - BO_format_2::INFO -- [Batch] : Start Robot Queue : Batch motion (storage_empty_to_stirrer) is started.
2023-07-03 16:23:31,159 - BO_format_2::INFO -- [Batch] : Finish Robot Queue : Batch motion (storage_empty_to_stirrer) is done.
2023-07-03 16:23:31,164 - BO_format_2::INFO -- [Batch] : Batch motion (storage_empty_to_stirrer) is started.
2023-07-03 16:23:31,164 - BO_format_2::INFO -- [Batch] : Start Robot Queue : Batch motion (storage_empty_to_stirrer) is started.
2023-07-03 16:23:38,076 - BO_format_2::INFO -- [Batch] : Finish Robot Queue : Batch motion (storage_empty_to_stirrer) is done.
2023-07-03 16:23:38,080 - BO_format_2::INFO -- [Batch] : Batch motion (storage_empty_to_stirrer) is started.
2023-07-03 16:23:38,081 - BO_format_2::INFO -- [Batch] : Start Robot Queue : Batch motion (storage_empty_to_stirrer) is started.
2023-07-03 16:23:44,769 - BO_format_2::INFO -- [Batch] : Finish Robot Queue : Batch motion (storage_empty_to_stirrer) is done.
2023-07-03 16:23:50,163 - BO_format_2::INFO -- [Batch] : Prepare Injection Queue --> Citrate,0.02mM,5000uL,200uL/s
2023-07-03 16:23:54,329 - BO_format_2::INFO -- [Batch] : Start Injection Queue --> Citrate,0.02mM,1200μL,200μL/s
2023-07-03 16:23:59,751 - BO_format_2::INFO -- [Batch] : Finish Injection Queue
2023-07-03 16:23:59,754 - BO_format_2::INFO -- [Batch] : Prepare Injection Queue --> Citrate,0.02mM,5000uL,200uL/s
2023-07-03 16:24:03,670 - BO_format_2::INFO -- [Batch] : Start Injection Queue --> Citrate,0.02mM,1200μL,200μL/s
2023-07-03 16:24:08,980 - BO_format_2::INFO -- [Batch] : Finish Injection Queue
2023-07-03 16:24:08,983 - BO_format_2::INFO -- [Batch] : Prepare Injection Queue --> Citrate,0.02mM,5000uL,200uL/s
2023-07-03 16:24:13,413 - BO_format_2::INFO -- [Batch] : Start Injection Queue --> Citrate,0.02mM,1200μL,200μL/s
2023-07-03 16:24:18,689 - BO_format_2::INFO -- [Batch] : Finish Injection Queue
2023-07-03 16:24:18,692 - BO_format_2::INFO -- [Batch] : Prepare Injection Queue --> Citrate,0.02mM,5000uL,200uL/s
2023-07-03 16:24:22,951 - BO_format_2::INFO -- [Batch] : Start Injection Queue --> Citrate,0.02mM,1200μL,200μL/s
2023-07-03 16:24:28,335 - BO_format_2::INFO -- [Batch] : Finish Injection Queue
2023-07-03 16:24:28,339 - BO_format_2::INFO -- [Batch] : Prepare Injection Queue --> H2O2,0.375mM,5000uL,200uL/s
2023-07-03 16:24:32,354 - BO_format_2::INFO -- [Batch] : Start Injection Queue --> H2O2,0.375mM,1200μL,200μL/s
2023-07-03 16:24:37,816 - BO_format_2::INFO -- [Batch] : Finish Injection Queue
2023-07-03 16:24:37,819 - BO_format_2::INFO -- [Batch] : Prepare Injection Queue --> H2O2,0.375mM,5000uL,200uL/s
2023-07-03 16:24:41,864 - BO_format_2::INFO -- [Batch] : Start Injection Queue --> H2O2,0.375mM,1200μL,200μL/s
2023-07-03 16:24:47,324 - BO_format_2::INFO -- [Batch] : Finish Injection Queue
2023-07-03 16:24:47,327 - BO_format_2::INFO -- [Batch] : Prepare Injection Queue --> H2O2,0.375mM,5000uL,200uL/s
2023-07-03 16:24:51,499 - BO_format_2::INFO -- [Batch] : Start Injection Queue --> H2O2,0.375mM,1200μL,200μL/s
2023-07-03 16:24:56,707 - BO_format_2::INFO -- [Batch] : Finish Injection Queue
2023-07-03 16:24:56,710 - BO_format_2::INFO -- [Batch] : Prepare Injection Queue --> H2O2,0.375mM,5000uL,200uL/s
2023-07-03 16:25:00,785 - BO_format_2::INFO -- [Batch] : Start Injection Queue --> H2O2,0.375mM,1200μL,200μL/s
2023-07-03 16:25:05,984 - BO_format_2::INFO -- [Batch] : Finish Injection Queue
2023-07-03 16:25:05,987 - BO_format_2::INFO -- [Batch] : Prepare Injection Queue --> NaBH4,0.01mM,5000uL,200uL/s
2023-07-03 16:25:09,966 - BO_format_2::INFO -- [Batch] : Start Injection Queue --> NaBH4,0.01mM,3000μL,200μL/s
2023-07-03 16:25:15,097 - BO_format_2::INFO -- [Batch] : Finish Injection Queue
2023-07-03 16:25:15,100 - BO_format_2::INFO -- [Batch] : Prepare Injection Queue --> NaBH4,0.01mM,5000uL,200uL/s
2023-07-03 16:25:19,286 - BO_format_2::INFO -- [Batch] : Start Injection Queue --> NaBH4,0.01mM,3000μL,200μL/s
2023-07-03 16:25:24,393 - BO_format_2::INFO -- [Batch] : Finish Injection Queue
2023-07-03 16:25:24,397 - BO_format_2::INFO -- [Batch] : Prepare Injection Queue --> NaBH4,0.01mM,5000uL,200uL/s
2023-07-03 16:25:28,375 - BO_format_2::INFO -- [Batch] : Start Injection Queue --> NaBH4,0.01mM,3000μL,200μL/s
2023-07-03 16:25:33,544 - BO_format_2::INFO -- [Batch] : Finish Injection Queue
2023-07-03 16:25:33,548 - BO_format_2::INFO -- [Batch] : Prepare Injection Queue --> NaBH4,0.01mM,5000uL,200uL/s
2023-07-03 16:25:37,636 - BO_format_2::INFO -- [Batch] : Start Injection Queue --> NaBH4,0.01mM,3000μL,200μL/s
2023-07-03 16:25:42,834 - BO_format_2::INFO -- [Batch] : Finish Injection Queue
2023-07-03 16:25:42,835 - BO_format_2::INFO -- [Batch] : Start Stir Queue 0 (Stirrer)
2023-07-03 16:25:43,965 - BO_format_2::INFO -- [Batch] : Start Stir Queue 1 (Stirrer)
2023-07-03 16:25:45,151 - BO_format_2::INFO -- [Batch] : Start Stir Queue 2 (Stirrer)
2023-07-03 16:25:46,338 - BO_format_2::INFO -- [Batch] : Start Stir Queue 3 (Stirrer)
2023-07-03 16:25:47,507 - BO_format_2::INFO -- [Batch] : Finish Stir Queue 0 (Stirrer)
2023-07-03 16:25:47,508 - BO_format_2::INFO -- [Batch] : Finish Stir Queue 1 (Stirrer)
2023-07-03 16:25:47,508 - BO_format_2::INFO -- [Batch] : Finish Stir Queue 2 (Stirrer)
2023-07-03 16:25:47,508 - BO_format_2::INFO -- [Batch] : Finish Stir Queue 3 (Stirrer)
2023-07-03 16:25:47,509 - BO_format_2::INFO -- [Batch] : Start Heat Queue 0 (Stirrer)
2023-07-03 16:25:48,712 - BO_format_2::INFO -- [Batch] : Start Heat Queue 1 (Stirrer)
2023-07-03 16:25:49,719 - BO_format_2::INFO -- [Batch] : Start Heat Queue 2 (Stirrer)
2023-07-03 16:25:50,822 - BO_format_2::INFO -- [Batch] : Start Heat Queue 3 (Stirrer)
2023-07-03 16:25:51,967 - BO_format_2::INFO -- [Batch] : Finish Heat Queue 0 (Stirrer)
2023-07-03 16:25:51,967 - BO_format_2::INFO -- [Batch] : Finish Heat Queue 1 (Stirrer)
2023-07-03 16:25:51,968 - BO_format_2::INFO -- [Batch] : Finish Heat Queue 2 (Stirrer)
2023-07-03 16:25:51,968 - BO_format_2::INFO -- [Batch] : Finish Heat Queue 3 (Stirrer)
2023-07-03 16:25:51,968 - BO_format_2::INFO -- [Batch] : Start Wait:1s
2023-07-03 16:25:51,969 - BO_format_2::INFO -- [Batch] : check Wait:1s
2023-07-03 16:25:51,969 - BO_format_2::INFO -- [Batch] : Finish Wait:1s
2023-07-03 16:25:51,970 - BO_format_2::INFO -- [Batch] : Start Wait:1s
2023-07-03 16:25:51,970 - BO_format_2::INFO -- [Batch] : check Wait:1s
2023-07-03 16:25:51,970 - BO_format_2::INFO -- [Batch] : Finish Wait:1s
2023-07-03 16:25:51,971 - BO_format_2::INFO -- [Batch] : Start Wait:1s
2023-07-03 16:25:51,971 - BO_format_2::INFO -- [Batch] : check Wait:1s
2023-07-03 16:25:51,971 - BO_format_2::INFO -- [Batch] : Finish Wait:1s
2023-07-03 16:25:51,972 - BO_format_2::INFO -- [Batch] : Start Wait:1s
2023-07-03 16:25:51,972 - BO_format_2::INFO -- [Batch] : check Wait:1s
2023-07-03 16:25:51,973 - BO_format_2::INFO -- [Batch] : Finish Wait:1s
2023-07-03 16:25:52,474 - BO_format_2::INFO -- [Batch] : Prepare Injection Queue --> AgNO3,0mM,5000uL,200uL/s
2023-07-03 16:25:56,657 - BO_format_2::INFO -- [Batch] : Start Injection Queue --> AgNO3,0mM,750μL,150μL/s
2023-07-03 16:26:01,765 - BO_format_2::INFO -- [Batch] : Finish Injection Queue
2023-07-03 16:26:01,768 - BO_format_2::INFO -- [Batch] : Prepare Injection Queue --> AgNO3,0mM,5000uL,200uL/s
2023-07-03 16:26:05,750 - BO_format_2::INFO -- [Batch] : Start Injection Queue --> AgNO3,0mM,800μL,100μL/s
2023-07-03 16:26:11,193 - BO_format_2::INFO -- [Batch] : Finish Injection Queue
2023-07-03 16:26:11,196 - BO_format_2::INFO -- [Batch] : Prepare Injection Queue --> AgNO3,0mM,5000uL,200uL/s
2023-07-03 16:26:15,465 - BO_format_2::INFO -- [Batch] : Start Injection Queue --> AgNO3,0mM,1150μL,150μL/s
2023-07-03 16:26:20,592 - BO_format_2::INFO -- [Batch] : Finish Injection Queue
2023-07-03 16:26:20,596 - BO_format_2::INFO -- [Batch] : Prepare Injection Queue --> AgNO3,0mM,5000uL,200uL/s
2023-07-03 16:26:24,792 - BO_format_2::INFO -- [Batch] : Start Injection Queue --> AgNO3,0mM,650μL,150μL/s
2023-07-03 16:26:29,931 - BO_format_2::INFO -- [Batch] : Finish Injection Queue
2023-07-03 16:26:29,933 - BO_format_2::INFO -- [Batch] : Start React:1s
2023-07-03 16:26:29,933 - BO_format_2::INFO -- [Batch] : Start React:1s
2023-07-03 16:26:29,934 - BO_format_2::INFO -- [Batch] : Start React:1s
2023-07-03 16:26:29,935 - BO_format_2::INFO -- [Batch] : Start React:1s
2023-07-03 16:26:39,941 - BO_format_2::INFO -- [Batch] : check React:1s
2023-07-03 16:26:39,945 - BO_format_2::INFO -- [Batch] : check React:1s
2023-07-03 16:26:39,945 - BO_format_2::INFO -- [Batch] : check React:1s
2023-07-03 16:26:39,946 - BO_format_2::INFO -- [Batch] : check React:1s
2023-07-03 16:26:45,741 - BO_format_2::INFO -- [Batch] : Finish React:1s
2023-07-03 16:26:45,770 - BO_format_2::INFO -- [Batch] : Finish React:1s
2023-07-03 16:26:45,832 - BO_format_2::INFO -- [Batch] : Finish React:1s
2023-07-03 16:26:46,097 - BO_format_2::INFO -- [Batch] : Finish React:1s
2023-07-03 16:26:46,098 - BO_format_2::INFO -- [TaskScheduler] : UV allocate location: {'Stirrer': [4, 5, 6, 7], 'vialHolder': [4, 5, 6, 7]}
2023-07-03 16:27:04,793 - BO_format_2::INFO -- [UV] : Prepare UV-VIS container
2023-07-03 16:27:18,120 - BO_format_2::INFO -- [UV] : Start UV-VIS Characterization
2023-07-03 16:27:27,029 - BO_format_2::INFO -- [UV] : 0 result : OrderedDict([('lambdamax', 614.081863), ('intensity', 0.02074556826611658), ('FWHM', 12.299457999999959)])
2023-07-03 16:27:27,029 - BO_format_2::INFO -- [UV] : Finish UV-VIS Characterization
2023-07-03 16:27:27,031 - BO_format_2::INFO -- [UV] : Prepare UV-VIS container
2023-07-03 16:27:40,982 - BO_format_2::INFO -- [UV] : Start UV-VIS Characterization
2023-07-03 16:27:50,139 - BO_format_2::INFO -- [UV] : 1 result : OrderedDict([('lambdamax', 554.105416), ('intensity', 0.018691485239091702), ('FWHM', 42.04846199999997)])
2023-07-03 16:27:50,139 - BO_format_2::INFO -- [UV] : Finish UV-VIS Characterization
2023-07-03 16:27:50,140 - BO_format_2::INFO -- [UV] : Prepare UV-VIS container
2023-07-03 16:28:03,661 - BO_format_2::INFO -- [UV] : Start UV-VIS Characterization
2023-07-03 16:28:12,732 - BO_format_2::INFO -- [UV] : 2 result : OrderedDict([('lambdamax', 541.441134), ('intensity', 0.024333887014756667), ('FWHM', 17.18779799999993)])
2023-07-03 16:28:12,732 - BO_format_2::INFO -- [UV] : Finish UV-VIS Characterization
2023-07-03 16:28:12,734 - BO_format_2::INFO -- [UV] : Prepare UV-VIS container
2023-07-03 16:28:26,176 - BO_format_2::INFO -- [UV] : Start UV-VIS Characterization
2023-07-03 16:28:35,281 - BO_format_2::INFO -- [UV] : 3 result : OrderedDict([('lambdamax', 777.855532), ('intensity', 0.01865373505389458), ('FWHM', 7.602790000000027)])
2023-07-03 16:28:35,281 - BO_format_2::INFO -- [UV] : Finish UV-VIS Characterization
2023-07-03 16:28:55,406 - BO_format_2::INFO -- [RobotArm] : Start Robot Queue : Batch motion (holder_to_storage_filled) is started.
2023-07-03 16:28:55,406 - BO_format_2::INFO -- [RobotArm] : vial_num_list:[4, 5, 6, 7]
2023-07-03 16:28:55,407 - BO_format_2::INFO -- [RobotArm] : line_num_list:[0, 0, 0, 0]
2023-07-03 16:28:55,407 - BO_format_2::INFO -- [RobotArm] : vialHolder_list:[4, 5, 6, 7]
2023-07-03 16:29:04,152 - BO_format_2::INFO -- [RobotArm] : Finish Robot Queue : Batch motion (holder_to_storage_filled) is done.
2023-07-03 16:29:04,162 - BO_format_2::INFO -- [RobotArm] : Start Robot Queue : Batch motion (holder_to_storage_filled) is started.
2023-07-03 16:29:07,663 - BO_format_2::INFO -- [RobotArm] : Finish Robot Queue : Batch motion (holder_to_storage_filled) is done.
2023-07-03 16:29:07,673 - BO_format_2::INFO -- [RobotArm] : Start Robot Queue : Batch motion (holder_to_storage_filled) is started.
2023-07-03 16:29:11,057 - BO_format_2::INFO -- [RobotArm] : Finish Robot Queue : Batch motion (holder_to_storage_filled) is done.
2023-07-03 16:29:11,063 - BO_format_2::INFO -- [RobotArm] : Start Robot Queue : Batch motion (holder_to_storage_filled) is started.
2023-07-03 16:29:17,756 - BO_format_2::INFO -- [RobotArm] : Finish Robot Queue : Batch motion (holder_to_storage_filled) is done.
2023-07-03 16:29:17,808 - BO_format_2::INFO -- [TaskScheduler] : refresh location: {'BatchSynthesis': {'Stirrer': ['?', '?', '?', '?', '?', '?', '?', '?', '?', '?', '?', '?', '?', '?', '?', '?'], 'vialHolder': ['?', '?', '?', '?', '?', '?', '?', '?']}, 'UV': {'vialHolder': ['?', '?', '?', '?', '?', '?', '?', '?']}}
2023-07-03 16:29:17,916 - BO_format_2::INFO -- [Algorithm] : 0 optimal_value : -0.20269766700496228
2023-07-03 16:29:17,927 - BO_format_2::INFO -- [Algorithm] : 1 optimal_value : -0.1323754936323447
2023-07-03 16:29:17,937 - BO_format_2::INFO -- [Algorithm] : 2 optimal_value : -0.17177197593246546
2023-07-03 16:29:17,947 - BO_format_2::INFO -- [Algorithm] : 3 optimal_value : -0.7347045275183312
2023-07-03 16:29:17,957 - BO_format_2::INFO -- [JobExecution] : ######### Cycle 1/1 is done #########
2023-07-03 16:29:18,009 - BO_format_2::INFO -- [Algorithm] : Save our model object, filename=20230703_1623_multi3_0_obj
2023-07-03 16:29:18,019 - BO_format_2::INFO -- [JobExecution] : ######### All Cycle is done #########
