2023-07-03 17:15:23,092 - BO_format_2::INFO -- [JobExecution] : [jobID=1] Algorithm, model : BayesianOptimization, batchSize : 4
2023-07-03 17:15:23,102 - BO_format_2::INFO -- [JobExecution] : ######### Cycle start #########
2023-07-03 17:15:23,103 - BO_format_2::INFO -- [Algorithm] : utility_type=ucb, iter_num=0, batchSize=4
2023-07-03 17:15:23,103 - BO_format_2::INFO -- [Algorithm [0]] : next_point 0: {'AddSolution=AgNO3_Concentration': 0, 'AddSolution=AgNO3_Volume': 750, 'AddSolution=AgNO3_Injectionrate': 150}
2023-07-03 17:15:23,103 - BO_format_2::INFO -- [Algorithm [1]] : next_point 1: {'AddSolution=AgNO3_Concentration': 0, 'AddSolution=AgNO3_Volume': 800, 'AddSolution=AgNO3_Injectionrate': 100}
2023-07-03 17:15:23,103 - BO_format_2::INFO -- [Algorithm [2]] : next_point 2: {'AddSolution=AgNO3_Concentration': 0, 'AddSolution=AgNO3_Volume': 1150, 'AddSolution=AgNO3_Injectionrate': 150}
2023-07-03 17:15:23,103 - BO_format_2::INFO -- [Algorithm [3]] : next_point 3: {'AddSolution=AgNO3_Concentration': 0, 'AddSolution=AgNO3_Volume': 650, 'AddSolution=AgNO3_Injectionrate': 150}
2023-07-03 17:15:23,105 - BO_format_2::INFO -- [RecipeGenerator] : Allocate all of process based on job script!
2023-07-03 17:15:23,105 - BO_format_2::INFO -- [JobExecution] : ######### Cycle 1/1 is running #########
2023-07-03 17:15:23,106 - BO_format_2::INFO -- [TaskScheduler] : check location: {'BatchSynthesis': {'Stirrer': [0, 0, 0, 0, '?', '?', '?', '?', '?', '?', '?', '?', '?', '?', '?', '?'], 'vialHolder': [0, 0, 0, 0, '?', '?', '?', '?']}, 'UV': {'vialHolder': [0, 0, 0, 0, '?', '?', '?', '?']}}
2023-07-03 17:15:23,106 - BO_format_2::INFO -- [TaskScheduler] : BatchSynthesis allocate location: {'Stirrer': [4, 5, 6, 7], 'vialHolder': [4, 5, 6, 7]}
2023-07-03 17:15:27,219 - BO_format_2::INFO -- [Batch] : storage_empty_to_stirrer is started.
2023-07-03 17:15:27,219 - BO_format_2::INFO -- [Batch] : vial_num_list: [4, 5, 6, 7]
2023-07-03 17:15:27,219 - BO_format_2::INFO -- [Batch] : line_num_list: [0, 0, 0, 0]
2023-07-03 17:15:27,219 - BO_format_2::INFO -- [Batch] : vialHolder_list: [4, 5, 6, 7]
2023-07-03 17:15:27,219 - BO_format_2::INFO -- [Batch] : Start Robot Queue : storage_empty_to_stirrer is started.
2023-07-03 17:15:33,507 - BO_format_2::INFO -- [Batch] : Finish Robot Queue : storage_empty_to_stirrer is done.
2023-07-03 17:15:33,509 - BO_format_2::INFO -- [Batch] : storage_empty_to_stirrer is started.
2023-07-03 17:15:33,509 - BO_format_2::INFO -- [Batch] : Start Robot Queue : storage_empty_to_stirrer is started.
2023-07-03 17:15:40,111 - BO_format_2::INFO -- [Batch] : Finish Robot Queue : storage_empty_to_stirrer is done.
2023-07-03 17:15:40,117 - BO_format_2::INFO -- [Batch] : storage_empty_to_stirrer is started.
2023-07-03 17:15:40,117 - BO_format_2::INFO -- [Batch] : Start Robot Queue : storage_empty_to_stirrer is started.
2023-07-03 17:15:46,362 - BO_format_2::INFO -- [Batch] : Finish Robot Queue : storage_empty_to_stirrer is done.
2023-07-03 17:15:46,368 - BO_format_2::INFO -- [Batch] : storage_empty_to_stirrer is started.
2023-07-03 17:15:46,368 - BO_format_2::INFO -- [Batch] : Start Robot Queue : storage_empty_to_stirrer is started.
2023-07-03 17:15:53,003 - BO_format_2::INFO -- [Batch] : Finish Robot Queue : storage_empty_to_stirrer is done.
2023-07-03 17:16:00,988 - BO_format_2::INFO -- [Batch] : Prepare Injection Queue --> Citrate,0.02mM,5000uL,200uL/s
2023-07-03 17:16:04,984 - BO_format_2::INFO -- [Batch] : Start Injection Queue --> Citrate,0.02mM,1200μL,200μL/s
2023-07-03 17:16:10,286 - BO_format_2::INFO -- [Batch] : Finish Injection Queue
2023-07-03 17:16:10,291 - BO_format_2::INFO -- [Batch] : Prepare Injection Queue --> Citrate,0.02mM,5000uL,200uL/s
2023-07-03 17:16:14,495 - BO_format_2::INFO -- [Batch] : Start Injection Queue --> Citrate,0.02mM,1200μL,200μL/s
2023-07-03 17:16:19,720 - BO_format_2::INFO -- [Batch] : Finish Injection Queue
2023-07-03 17:16:19,724 - BO_format_2::INFO -- [Batch] : Prepare Injection Queue --> Citrate,0.02mM,5000uL,200uL/s
2023-07-03 17:16:24,049 - BO_format_2::INFO -- [Batch] : Start Injection Queue --> Citrate,0.02mM,1200μL,200μL/s
2023-07-03 17:16:29,212 - BO_format_2::INFO -- [Batch] : Finish Injection Queue
2023-07-03 17:16:29,217 - BO_format_2::INFO -- [Batch] : Prepare Injection Queue --> Citrate,0.02mM,5000uL,200uL/s
2023-07-03 17:16:33,388 - BO_format_2::INFO -- [Batch] : Start Injection Queue --> Citrate,0.02mM,1200μL,200μL/s
2023-07-03 17:16:38,668 - BO_format_2::INFO -- [Batch] : Finish Injection Queue
2023-07-03 17:16:38,673 - BO_format_2::INFO -- [Batch] : Prepare Injection Queue --> H2O2,0.375mM,5000uL,200uL/s
2023-07-03 17:16:42,792 - BO_format_2::INFO -- [Batch] : Start Injection Queue --> H2O2,0.375mM,1200μL,200μL/s
2023-07-03 17:16:47,996 - BO_format_2::INFO -- [Batch] : Finish Injection Queue
2023-07-03 17:16:48,001 - BO_format_2::INFO -- [Batch] : Prepare Injection Queue --> H2O2,0.375mM,5000uL,200uL/s
2023-07-03 17:16:52,290 - BO_format_2::INFO -- [Batch] : Start Injection Queue --> H2O2,0.375mM,1200μL,200μL/s
2023-07-03 17:16:57,525 - BO_format_2::INFO -- [Batch] : Finish Injection Queue
2023-07-03 17:16:57,530 - BO_format_2::INFO -- [Batch] : Prepare Injection Queue --> H2O2,0.375mM,5000uL,200uL/s
2023-07-03 17:17:01,637 - BO_format_2::INFO -- [Batch] : Start Injection Queue --> H2O2,0.375mM,1200μL,200μL/s
2023-07-03 17:17:06,870 - BO_format_2::INFO -- [Batch] : Finish Injection Queue
2023-07-03 17:17:06,874 - BO_format_2::INFO -- [Batch] : Prepare Injection Queue --> H2O2,0.375mM,5000uL,200uL/s
2023-07-03 17:17:11,116 - BO_format_2::INFO -- [Batch] : Start Injection Queue --> H2O2,0.375mM,1200μL,200μL/s
2023-07-03 17:17:16,405 - BO_format_2::INFO -- [Batch] : Finish Injection Queue
2023-07-03 17:17:16,408 - BO_format_2::INFO -- [Batch] : Prepare Injection Queue --> NaBH4,0.01mM,5000uL,200uL/s
2023-07-03 17:17:20,398 - BO_format_2::INFO -- [Batch] : Start Injection Queue --> NaBH4,0.01mM,3000μL,200μL/s
2023-07-03 17:17:25,631 - BO_format_2::INFO -- [Batch] : Finish Injection Queue
2023-07-03 17:17:25,636 - BO_format_2::INFO -- [Batch] : Prepare Injection Queue --> NaBH4,0.01mM,5000uL,200uL/s
2023-07-03 17:17:29,944 - BO_format_2::INFO -- [Batch] : Start Injection Queue --> NaBH4,0.01mM,3000μL,200μL/s
2023-07-03 17:17:34,946 - BO_format_2::INFO -- [Batch] : Finish Injection Queue
2023-07-03 17:17:34,951 - BO_format_2::INFO -- [Batch] : Prepare Injection Queue --> NaBH4,0.01mM,5000uL,200uL/s
2023-07-03 17:17:38,982 - BO_format_2::INFO -- [Batch] : Start Injection Queue --> NaBH4,0.01mM,3000μL,200μL/s
2023-07-03 17:17:44,074 - BO_format_2::INFO -- [Batch] : Finish Injection Queue
2023-07-03 17:17:44,076 - BO_format_2::INFO -- [Batch] : Prepare Injection Queue --> NaBH4,0.01mM,5000uL,200uL/s
2023-07-03 17:17:48,750 - BO_format_2::INFO -- [Batch] : Start Injection Queue --> NaBH4,0.01mM,3000μL,200μL/s
2023-07-03 17:17:53,976 - BO_format_2::INFO -- [Batch] : Finish Injection Queue
2023-07-03 17:17:53,978 - BO_format_2::INFO -- [Batch] : Start Stir Queue 0 (Stirrer)
2023-07-03 17:17:55,135 - BO_format_2::INFO -- [Batch] : Start Stir Queue 1 (Stirrer)
2023-07-03 17:17:56,155 - BO_format_2::INFO -- [Batch] : Start Stir Queue 2 (Stirrer)
2023-07-03 17:17:57,369 - BO_format_2::INFO -- [Batch] : Start Stir Queue 3 (Stirrer)
2023-07-03 17:17:58,600 - BO_format_2::INFO -- [Batch] : Finish Stir Queue 0 (Stirrer)
2023-07-03 17:17:58,601 - BO_format_2::INFO -- [Batch] : Finish Stir Queue 1 (Stirrer)
2023-07-03 17:17:58,601 - BO_format_2::INFO -- [Batch] : Finish Stir Queue 2 (Stirrer)
2023-07-03 17:17:58,601 - BO_format_2::INFO -- [Batch] : Finish Stir Queue 3 (Stirrer)
2023-07-03 17:17:58,601 - BO_format_2::INFO -- [Batch] : Start Heat Queue 0 (Stirrer)
2023-07-03 17:17:59,703 - BO_format_2::INFO -- [Batch] : Start Heat Queue 1 (Stirrer)
2023-07-03 17:18:01,143 - BO_format_2::INFO -- [Batch] : Start Heat Queue 2 (Stirrer)
2023-07-03 17:18:02,358 - BO_format_2::INFO -- [Batch] : Start Heat Queue 3 (Stirrer)
2023-07-03 17:18:03,634 - BO_format_2::INFO -- [Batch] : Finish Heat Queue 0 (Stirrer)
2023-07-03 17:18:03,634 - BO_format_2::INFO -- [Batch] : Finish Heat Queue 1 (Stirrer)
2023-07-03 17:18:03,635 - BO_format_2::INFO -- [Batch] : Finish Heat Queue 2 (Stirrer)
2023-07-03 17:18:03,635 - BO_format_2::INFO -- [Batch] : Finish Heat Queue 3 (Stirrer)
2023-07-03 17:18:03,636 - BO_format_2::INFO -- [Batch] : Start Wait:1s
2023-07-03 17:18:03,636 - BO_format_2::INFO -- [Batch] : check Wait:1s
2023-07-03 17:18:03,636 - BO_format_2::INFO -- [Batch] : Finish Wait:1s
2023-07-03 17:18:03,637 - BO_format_2::INFO -- [Batch] : Start Wait:1s
2023-07-03 17:18:03,637 - BO_format_2::INFO -- [Batch] : Start Wait:1s
2023-07-03 17:18:03,637 - BO_format_2::INFO -- [Batch] : check Wait:1s
2023-07-03 17:18:03,638 - BO_format_2::INFO -- [Batch] : check Wait:1s
2023-07-03 17:18:03,639 - BO_format_2::INFO -- [Batch] : Start Wait:1s
2023-07-03 17:18:03,639 - BO_format_2::INFO -- [Batch] : Finish Wait:1s
2023-07-03 17:18:03,640 - BO_format_2::INFO -- [Batch] : Finish Wait:1s
2023-07-03 17:18:03,640 - BO_format_2::INFO -- [Batch] : check Wait:1s
2023-07-03 17:18:03,641 - BO_format_2::INFO -- [Batch] : Finish Wait:1s
2023-07-03 17:18:12,323 - BO_format_2::INFO -- [Batch] : Prepare Injection Queue --> AgNO3,0mM,5000uL,200uL/s
2023-07-03 17:18:17,200 - BO_format_2::INFO -- [Batch] : Start Injection Queue --> AgNO3,0mM,750μL,150μL/s
2023-07-03 17:18:22,302 - BO_format_2::INFO -- [Batch] : Finish Injection Queue
2023-07-03 17:18:22,307 - BO_format_2::INFO -- [Batch] : Prepare Injection Queue --> AgNO3,0mM,5000uL,200uL/s
2023-07-03 17:18:26,456 - BO_format_2::INFO -- [Batch] : Start Injection Queue --> AgNO3,0mM,800μL,100μL/s
2023-07-03 17:18:31,737 - BO_format_2::INFO -- [Batch] : Finish Injection Queue
2023-07-03 17:18:33,953 - BO_format_2::INFO -- [Batch] : Prepare Injection Queue --> AgNO3,0mM,5000uL,200uL/s
2023-07-03 17:18:38,561 - BO_format_2::INFO -- [Batch] : Start Injection Queue --> AgNO3,0mM,1150μL,150μL/s
2023-07-03 17:18:43,821 - BO_format_2::INFO -- [Batch] : Finish Injection Queue
2023-07-03 17:18:43,827 - BO_format_2::INFO -- [Batch] : Prepare Injection Queue --> AgNO3,0mM,5000uL,200uL/s
2023-07-03 17:18:48,058 - BO_format_2::INFO -- [Batch] : Start Injection Queue --> AgNO3,0mM,650μL,150μL/s
2023-07-03 17:18:53,323 - BO_format_2::INFO -- [Batch] : Finish Injection Queue
2023-07-03 17:18:53,325 - BO_format_2::INFO -- [Batch] : Start React:1s
2023-07-03 17:18:53,326 - BO_format_2::INFO -- [Batch] : Start React:1s
2023-07-03 17:18:53,326 - BO_format_2::INFO -- [Batch] : Start React:1s
2023-07-03 17:18:53,327 - BO_format_2::INFO -- [Batch] : Start React:1s
2023-07-03 17:19:03,335 - BO_format_2::INFO -- [Batch] : check React:1s
2023-07-03 17:19:03,337 - BO_format_2::INFO -- [Batch] : check React:1s
2023-07-03 17:19:03,338 - BO_format_2::INFO -- [Batch] : check React:1s
2023-07-03 17:19:03,339 - BO_format_2::INFO -- [Batch] : check React:1s
2023-07-03 17:19:25,893 - BO_format_2::INFO -- [Batch] : Finish React:1s
2023-07-03 17:19:26,303 - BO_format_2::INFO -- [Batch] : Finish React:1s
2023-07-03 17:19:26,472 - BO_format_2::INFO -- [Batch] : Finish React:1s
2023-07-03 17:19:26,472 - BO_format_2::INFO -- [Batch] : Finish React:1s
2023-07-03 17:19:26,477 - BO_format_2::INFO -- [TaskScheduler] : UV allocate location: {'Stirrer': [4, 5, 6, 7], 'vialHolder': [4, 5, 6, 7]}
2023-07-03 17:19:45,771 - BO_format_2::INFO -- [UV] : Prepare UV-VIS container
2023-07-03 17:19:59,115 - BO_format_2::INFO -- [UV] : Start UV-VIS Characterization
2023-07-03 17:20:07,991 - BO_format_2::INFO -- [UV] : 0 result : OrderedDict([('lambdamax', 751.788647), ('intensity', 0.021648871667342213), ('FWHM', 22.917173000000048)])
2023-07-03 17:20:07,991 - BO_format_2::INFO -- [UV] : Finish UV-VIS Characterization
2023-07-03 17:20:07,993 - BO_format_2::INFO -- [UV] : Prepare UV-VIS container
2023-07-03 17:20:21,791 - BO_format_2::INFO -- [UV] : Start UV-VIS Characterization
2023-07-03 17:20:30,674 - BO_format_2::INFO -- [UV] : 1 result : OrderedDict([('lambdamax', 615.411229), ('intensity', 0.016463535668821284), ('FWHM', 28.767268999999942)])
2023-07-03 17:20:30,674 - BO_format_2::INFO -- [UV] : Finish UV-VIS Characterization
2023-07-03 17:20:30,675 - BO_format_2::INFO -- [UV] : Prepare UV-VIS container
2023-07-03 17:20:44,235 - BO_format_2::INFO -- [UV] : Start UV-VIS Characterization
2023-07-03 17:20:53,273 - BO_format_2::INFO -- [UV] : 2 result : OrderedDict([('lambdamax', 386.676643), ('intensity', 0.019551734554765384), ('FWHM', 9.805705999999986)])
2023-07-03 17:20:53,283 - BO_format_2::INFO -- [UV] : Finish UV-VIS Characterization
2023-07-03 17:20:53,494 - BO_format_2::INFO -- [UV] : Prepare UV-VIS container
2023-07-03 17:21:07,612 - BO_format_2::INFO -- [UV] : Start UV-VIS Characterization
2023-07-03 17:21:16,850 - BO_format_2::INFO -- [UV] : 3 result : OrderedDict([('lambdamax', 621.714457), ('intensity', 0.021523203535829503), ('FWHM', 16.215103)])
2023-07-03 17:21:16,861 - BO_format_2::INFO -- [UV] : Finish UV-VIS Characterization
2023-07-03 17:21:17,056 - BO_format_2::INFO -- [RobotArm] : Start Robot Queue : Batch motion (holder_to_storage_filled) is started.
2023-07-03 17:21:17,066 - BO_format_2::INFO -- [RobotArm] : vial_num_list:[4, 5, 6, 7]
2023-07-03 17:21:17,076 - BO_format_2::INFO -- [RobotArm] : line_num_list:[0, 0, 0, 0]
2023-07-03 17:21:17,086 - BO_format_2::INFO -- [RobotArm] : vialHolder_list:[4, 5, 6, 7]
2023-07-03 17:21:25,766 - BO_format_2::INFO -- [RobotArm] : Finish Robot Queue : Batch motion (holder_to_storage_filled) is done.
2023-07-03 17:21:25,776 - BO_format_2::INFO -- [RobotArm] : Start Robot Queue : Batch motion (holder_to_storage_filled) is started.
2023-07-03 17:21:29,345 - BO_format_2::INFO -- [RobotArm] : Finish Robot Queue : Batch motion (holder_to_storage_filled) is done.
2023-07-03 17:21:29,355 - BO_format_2::INFO -- [RobotArm] : Start Robot Queue : Batch motion (holder_to_storage_filled) is started.
2023-07-03 17:21:33,064 - BO_format_2::INFO -- [RobotArm] : Finish Robot Queue : Batch motion (holder_to_storage_filled) is done.
2023-07-03 17:21:33,075 - BO_format_2::INFO -- [RobotArm] : Start Robot Queue : Batch motion (holder_to_storage_filled) is started.
2023-07-03 17:21:39,514 - BO_format_2::INFO -- [RobotArm] : Finish Robot Queue : Batch motion (holder_to_storage_filled) is done.
2023-07-03 17:21:39,586 - BO_format_2::INFO -- [TaskScheduler] : refresh location: {'BatchSynthesis': {'Stirrer': ['?', '?', '?', '?', '?', '?', '?', '?', '?', '?', '?', '?', '?', '?', '?', '?'], 'vialHolder': ['?', '?', '?', '?', '?', '?', '?', '?']}, 'UV': {'vialHolder': ['?', '?', '?', '?', '?', '?', '?', '?']}}
2023-07-03 17:21:39,690 - BO_format_2::INFO -- [Algorithm] : 0 optimal_value : -0.6506363477567024
2023-07-03 17:21:39,690 - BO_format_2::INFO -- [Algorithm] : 1 optimal_value : -0.20821489323432807
2023-07-03 17:21:39,690 - BO_format_2::INFO -- [Algorithm] : 2 optimal_value : -0.6745489836475268
2023-07-03 17:21:39,690 - BO_format_2::INFO -- [Algorithm] : 3 optimal_value : -0.22765585504970243
2023-07-03 17:21:39,701 - BO_format_2::INFO -- [JobExecution] : ######### Cycle 1/1 is done #########
2023-07-03 17:21:39,762 - BO_format_2::INFO -- [Algorithm] : Save our model object, filename=20230703_1715_multi3_0_obj
2023-07-03 17:21:39,773 - BO_format_2::INFO -- [JobExecution] : ######### All Cycle is done #########
