2023-07-03 17:09:50,392 - BO_format_2::INFO -- [JobExecution] : [jobID=1] Algorithm, model : BayesianOptimization, batchSize : 4
2023-07-03 17:09:50,403 - BO_format_2::INFO -- [JobExecution] : ######### Cycle start #########
2023-07-03 17:09:50,403 - BO_format_2::INFO -- [Algorithm] : utility_type=ucb, iter_num=0, batchSize=4
2023-07-03 17:09:50,403 - BO_format_2::INFO -- [Algorithm [0]] : next_point 0: {'AddSolution=AgNO3_Concentration': 0, 'AddSolution=AgNO3_Volume': 750, 'AddSolution=AgNO3_Injectionrate': 150}
2023-07-03 17:09:50,404 - BO_format_2::INFO -- [Algorithm [1]] : next_point 1: {'AddSolution=AgNO3_Concentration': 0, 'AddSolution=AgNO3_Volume': 800, 'AddSolution=AgNO3_Injectionrate': 100}
2023-07-03 17:09:50,404 - BO_format_2::INFO -- [Algorithm [2]] : next_point 2: {'AddSolution=AgNO3_Concentration': 0, 'AddSolution=AgNO3_Volume': 1150, 'AddSolution=AgNO3_Injectionrate': 150}
2023-07-03 17:09:50,404 - BO_format_2::INFO -- [Algorithm [3]] : next_point 3: {'AddSolution=AgNO3_Concentration': 0, 'AddSolution=AgNO3_Volume': 650, 'AddSolution=AgNO3_Injectionrate': 150}
2023-07-03 17:09:50,407 - BO_format_2::INFO -- [RecipeGenerator] : Allocate all of process based on job script!
2023-07-03 17:09:50,407 - BO_format_2::INFO -- [JobExecution] : ######### Cycle 1/1 is running #########
2023-07-03 17:09:50,407 - BO_format_2::INFO -- [TaskScheduler] : check location: {'BatchSynthesis': {'Stirrer': [0, 0, 0, 0, '?', '?', '?', '?', '?', '?', '?', '?', '?', '?', '?', '?'], 'vialHolder': [0, 0, 0, 0, '?', '?', '?', '?']}, 'UV': {'vialHolder': [0, 0, 0, 0, '?', '?', '?', '?']}}
2023-07-03 17:09:50,407 - BO_format_2::INFO -- [TaskScheduler] : BatchSynthesis allocate location: {'Stirrer': [4, 5, 6, 7], 'vialHolder': [4, 5, 6, 7]}
2023-07-03 17:09:51,765 - BO_format_2::INFO -- [Batch] : storage_empty_to_stirrer is started.
2023-07-03 17:09:51,765 - BO_format_2::INFO -- [Batch] : vial_num_list: [4, 5, 6, 7]
2023-07-03 17:09:51,766 - BO_format_2::INFO -- [Batch] : line_num_list: [0, 0, 0, 0]
2023-07-03 17:09:51,766 - BO_format_2::INFO -- [Batch] : vialHolder_list: [4, 5, 6, 7]
2023-07-03 17:09:51,766 - BO_format_2::INFO -- [Batch] : Start Robot Queue : storage_empty_to_stirrer is started.
2023-07-03 17:09:58,782 - BO_format_2::INFO -- [Batch] : Finish Robot Queue : storage_empty_to_stirrer is done.
2023-07-03 17:09:58,786 - BO_format_2::INFO -- [Batch] : storage_empty_to_stirrer is started.
2023-07-03 17:09:58,786 - BO_format_2::INFO -- [Batch] : Start Robot Queue : storage_empty_to_stirrer is started.
2023-07-03 17:10:05,411 - BO_format_2::INFO -- [Batch] : Finish Robot Queue : storage_empty_to_stirrer is done.
2023-07-03 17:10:05,415 - BO_format_2::INFO -- [Batch] : storage_empty_to_stirrer is started.
2023-07-03 17:10:05,415 - BO_format_2::INFO -- [Batch] : Start Robot Queue : storage_empty_to_stirrer is started.
2023-07-03 17:10:11,937 - BO_format_2::INFO -- [Batch] : Finish Robot Queue : storage_empty_to_stirrer is done.
2023-07-03 17:10:11,941 - BO_format_2::INFO -- [Batch] : storage_empty_to_stirrer is started.
2023-07-03 17:10:11,941 - BO_format_2::INFO -- [Batch] : Start Robot Queue : storage_empty_to_stirrer is started.
2023-07-03 17:10:18,203 - BO_format_2::INFO -- [Batch] : Finish Robot Queue : storage_empty_to_stirrer is done.
2023-07-03 17:10:18,207 - BO_format_2::INFO -- [Batch] : Prepare Injection Queue --> Citrate,0.02mM,5000uL,200uL/s
