2023-06-26 13:44:33,470 - BO_format_2::INFO -- [JobExecution] : [jobID=1] Algorithm, model : BayesianOptimization, batchSize : 4
2023-06-26 13:44:33,481 - BO_format_2::INFO -- [JobExecution] : ######### Cycle start #########
2023-06-26 13:44:33,481 - BO_format_2::INFO -- [Algorithm] : utility_type=ucb, iter_num=0, batchSize=4
2023-06-26 13:44:33,481 - BO_format_2::INFO -- [Algorithm [0]] : next_point 0: {'AddSolution=AgNO3_Concentration': 0, 'AddSolution=AgNO3_Volume': 750, 'AddSolution=AgNO3_Injectionrate': 150}
2023-06-26 13:44:33,481 - BO_format_2::INFO -- [Algorithm [1]] : next_point 1: {'AddSolution=AgNO3_Concentration': 0, 'AddSolution=AgNO3_Volume': 800, 'AddSolution=AgNO3_Injectionrate': 100}
2023-06-26 13:44:33,482 - BO_format_2::INFO -- [Algorithm [2]] : next_point 2: {'AddSolution=AgNO3_Concentration': 0, 'AddSolution=AgNO3_Volume': 1150, 'AddSolution=AgNO3_Injectionrate': 150}
2023-06-26 13:44:33,482 - BO_format_2::INFO -- [Algorithm [3]] : next_point 3: {'AddSolution=AgNO3_Concentration': 0, 'AddSolution=AgNO3_Volume': 650, 'AddSolution=AgNO3_Injectionrate': 150}
2023-06-26 13:44:33,485 - BO_format_2::INFO -- [JobExecution] : ######### Cycle 1/1 is running #########
2023-06-26 13:44:33,485 - BO_format_2::INFO -- [Batch] : Start Robot Queue : Batch motion (storage_empty_to_stirrer) is started.
2023-06-26 13:44:39,100 - BO_format_2::INFO -- [Batch] : vial_num_list: [4, 5, 6, 7]
2023-06-26 13:44:39,100 - BO_format_2::INFO -- [Batch] : line_num_list: [0, 0, 0, 0]
2023-06-26 13:44:39,100 - BO_format_2::INFO -- [Batch] : vialHolder_list: [4, 5, 6, 7]
2023-06-26 13:44:45,702 - BO_format_2::INFO -- [Batch] : Finish Robot Queue : Batch motion (storage_empty_to_stirrer) is done.
2023-06-26 13:44:45,712 - BO_format_2::INFO -- [Batch] : Start Robot Queue : Batch motion (storage_empty_to_stirrer) is started.
2023-06-26 13:49:41,323 - BO_format_2::INFO -- [Batch] : Finish Robot Queue : Batch motion (storage_empty_to_stirrer) is done.
2023-06-26 13:49:41,333 - BO_format_2::INFO -- [Batch] : Start Robot Queue : Batch motion (storage_empty_to_stirrer) is started.
2023-06-26 13:50:48,897 - BO_format_2::INFO -- [Batch] : Finish Robot Queue : Batch motion (storage_empty_to_stirrer) is done.
2023-06-26 13:50:48,907 - BO_format_2::INFO -- [Batch] : Start Robot Queue : Batch motion (storage_empty_to_stirrer) is started.
2023-06-26 13:51:03,886 - BO_format_2::INFO -- [Batch] : Finish Robot Queue : Batch motion (storage_empty_to_stirrer) is done.
2023-06-26 13:51:03,896 - BO_format_2::INFO -- [Batch] : Prepare Injection Queue (LA, Pump)
2023-06-26 13:51:06,145 - BO_format_2::INFO -- [Batch] : Start Injection Queue (LA, Pump)
2023-06-26 13:51:12,078 - BO_format_2::INFO -- [Batch] : Finish Injection Queue (LA, Pump)
2023-06-26 13:52:44,096 - BO_format_2::INFO -- [Batch] : Prepare Injection Queue (LA, Pump)
2023-06-26 13:52:46,454 - BO_format_2::INFO -- [Batch] : Start Injection Queue (LA, Pump)
2023-06-26 13:52:52,332 - BO_format_2::INFO -- [Batch] : Finish Injection Queue (LA, Pump)
2023-06-26 14:08:14,209 - BO_format_2::INFO -- [Batch] : Prepare Injection Queue (LA, Pump)
2023-06-26 14:08:16,747 - BO_format_2::INFO -- [Batch] : Start Injection Queue (LA, Pump)
2023-06-26 14:08:22,729 - BO_format_2::INFO -- [Batch] : Finish Injection Queue (LA, Pump)
2023-06-26 14:08:30,848 - BO_format_2::INFO -- [Batch] : Prepare Injection Queue (LA, Pump)
2023-06-26 14:08:33,180 - BO_format_2::INFO -- [Batch] : Start Injection Queue (LA, Pump)
2023-06-26 14:08:39,129 - BO_format_2::INFO -- [Batch] : Finish Injection Queue (LA, Pump)
2023-06-26 14:08:47,363 - BO_format_2::INFO -- [Batch] : Prepare Injection Queue (LA, Pump)
2023-06-26 14:08:49,675 - BO_format_2::INFO -- [Batch] : Start Injection Queue (LA, Pump)
2023-06-26 14:08:55,525 - BO_format_2::INFO -- [Batch] : Finish Injection Queue (LA, Pump)
2023-06-26 14:09:03,741 - BO_format_2::INFO -- [Batch] : Prepare Injection Queue (LA, Pump)
2023-06-26 14:09:06,119 - BO_format_2::INFO -- [Batch] : Start Injection Queue (LA, Pump)
2023-06-26 14:09:12,264 - BO_format_2::INFO -- [Batch] : Finish Injection Queue (LA, Pump)
2023-06-26 14:09:20,616 - BO_format_2::INFO -- [Batch] : Prepare Injection Queue (LA, Pump)
2023-06-26 14:09:22,973 - BO_format_2::INFO -- [Batch] : Start Injection Queue (LA, Pump)
2023-06-26 14:09:28,950 - BO_format_2::INFO -- [Batch] : Finish Injection Queue (LA, Pump)
2023-06-26 14:09:36,972 - BO_format_2::INFO -- [Batch] : Prepare Injection Queue (LA, Pump)
2023-06-26 14:09:39,224 - BO_format_2::INFO -- [Batch] : Start Injection Queue (LA, Pump)
2023-06-26 14:09:44,969 - BO_format_2::INFO -- [Batch] : Finish Injection Queue (LA, Pump)
2023-06-26 14:09:53,168 - BO_format_2::INFO -- [Batch] : Prepare Injection Queue (LA, Pump)
2023-06-26 14:09:55,447 - BO_format_2::INFO -- [Batch] : Start Injection Queue (LA, Pump)
2023-06-26 14:10:00,936 - BO_format_2::INFO -- [Batch] : Finish Injection Queue (LA, Pump)
2023-06-26 14:10:08,848 - BO_format_2::INFO -- [Batch] : Prepare Injection Queue (LA, Pump)
2023-06-26 14:10:11,048 - BO_format_2::INFO -- [Batch] : Start Injection Queue (LA, Pump)
2023-06-26 14:10:17,156 - BO_format_2::INFO -- [Batch] : Finish Injection Queue (LA, Pump)
2023-06-26 14:10:19,158 - BO_format_2::INFO -- [Batch] : Prepare Injection Queue (LA, Pump)
2023-06-26 14:10:21,513 - BO_format_2::INFO -- [Batch] : Start Injection Queue (LA, Pump)
2023-06-26 14:10:27,616 - BO_format_2::INFO -- [Batch] : Finish Injection Queue (LA, Pump)
2023-06-26 14:10:36,038 - BO_format_2::INFO -- [Batch] : Prepare Injection Queue (LA, Pump)
2023-06-26 14:10:38,288 - BO_format_2::INFO -- [Batch] : Start Injection Queue (LA, Pump)
2023-06-26 14:10:44,003 - BO_format_2::INFO -- [Batch] : Finish Injection Queue (LA, Pump)
2023-06-26 14:10:46,016 - BO_format_2::INFO -- [Batch] : Start Stir Queue 0 (Stirrer)
2023-06-26 14:10:47,166 - BO_format_2::INFO -- [Batch] : Start Stir Queue 1 (Stirrer)
2023-06-26 14:10:48,237 - BO_format_2::INFO -- [Batch] : Start Stir Queue 2 (Stirrer)
2023-06-26 14:10:49,385 - BO_format_2::INFO -- [Batch] : Start Stir Queue 3 (Stirrer)
2023-06-26 14:10:50,580 - BO_format_2::INFO -- [Batch] : Finish Stir Queue 0 (Stirrer)
2023-06-26 14:10:50,581 - BO_format_2::INFO -- [Batch] : Finish Stir Queue 1 (Stirrer)
2023-06-26 14:10:50,581 - BO_format_2::INFO -- [Batch] : Finish Stir Queue 2 (Stirrer)
2023-06-26 14:10:50,581 - BO_format_2::INFO -- [Batch] : Finish Stir Queue 3 (Stirrer)
2023-06-26 14:10:50,582 - BO_format_2::INFO -- [Batch] : Start Heat Queue (Stirrer)
2023-06-26 14:10:51,740 - BO_format_2::INFO -- [Batch] : Start Heat Queue (Stirrer)
2023-06-26 14:10:52,901 - BO_format_2::INFO -- [Batch] : Start Heat Queue (Stirrer)
2023-06-26 14:10:53,953 - BO_format_2::INFO -- [Batch] : Start Heat Queue (Stirrer)
2023-06-26 14:10:55,081 - BO_format_2::INFO -- [Batch] : Finish Heat Queue 0 (Stirrer)
2023-06-26 14:10:55,081 - BO_format_2::INFO -- [Batch] : Finish Heat Queue 1 (Stirrer)
2023-06-26 14:10:55,081 - BO_format_2::INFO -- [Batch] : Finish Heat Queue 2 (Stirrer)
2023-06-26 14:10:55,081 - BO_format_2::INFO -- [Batch] : Finish Heat Queue 3 (Stirrer)
2023-06-26 14:10:55,083 - BO_format_2::INFO -- [Batch] : Start Wait:1s
2023-06-26 14:10:55,083 - BO_format_2::INFO -- [Batch] : check Wait:1s
2023-06-26 14:10:55,083 - BO_format_2::INFO -- [Batch] : Finish Wait:1s
2023-06-26 14:10:55,083 - BO_format_2::INFO -- [Batch] : Start Wait:1s
2023-06-26 14:10:55,083 - BO_format_2::INFO -- [Batch] : Start Wait:1s
2023-06-26 14:10:55,084 - BO_format_2::INFO -- [Batch] : Start Wait:1s
2023-06-26 14:10:55,084 - BO_format_2::INFO -- [Batch] : check Wait:1s
2023-06-26 14:10:55,084 - BO_format_2::INFO -- [Batch] : check Wait:1s
2023-06-26 14:10:55,084 - BO_format_2::INFO -- [Batch] : check Wait:1s
2023-06-26 14:10:55,085 - BO_format_2::INFO -- [Batch] : Finish Wait:1s
2023-06-26 14:10:55,085 - BO_format_2::INFO -- [Batch] : Finish Wait:1s
2023-06-26 14:10:55,085 - BO_format_2::INFO -- [Batch] : Finish Wait:1s
2023-06-26 14:11:03,055 - BO_format_2::INFO -- [Batch] : Prepare Injection Queue (LA, Pump)
2023-06-26 14:11:05,679 - BO_format_2::INFO -- [Batch] : Start Injection Queue (LA, Pump)
2023-06-26 14:11:11,543 - BO_format_2::INFO -- [Batch] : Finish Injection Queue (LA, Pump)
2023-06-26 14:11:19,892 - BO_format_2::INFO -- [Batch] : Prepare Injection Queue (LA, Pump)
2023-06-26 14:11:22,167 - BO_format_2::INFO -- [Batch] : Start Injection Queue (LA, Pump)
2023-06-26 14:11:28,094 - BO_format_2::INFO -- [Batch] : Finish Injection Queue (LA, Pump)
2023-06-26 14:11:30,096 - BO_format_2::INFO -- [Batch] : Prepare Injection Queue (LA, Pump)
2023-06-26 14:11:32,315 - BO_format_2::INFO -- [Batch] : Start Injection Queue (LA, Pump)
2023-06-26 14:11:38,413 - BO_format_2::INFO -- [Batch] : Finish Injection Queue (LA, Pump)
2023-06-26 14:11:40,415 - BO_format_2::INFO -- [Batch] : Prepare Injection Queue (LA, Pump)
2023-06-26 14:11:42,746 - BO_format_2::INFO -- [Batch] : Start Injection Queue (LA, Pump)
2023-06-26 14:11:48,720 - BO_format_2::INFO -- [Batch] : Finish Injection Queue (LA, Pump)
2023-06-26 14:11:50,723 - BO_format_2::INFO -- [Batch] : Start React:1s
2023-06-26 14:11:50,724 - BO_format_2::INFO -- [Batch] : Start React:1s
2023-06-26 14:11:50,725 - BO_format_2::INFO -- [Batch] : Start React:1s
2023-06-26 14:11:50,725 - BO_format_2::INFO -- [Batch] : Start React:1s
2023-06-26 14:12:50,752 - BO_format_2::INFO -- [Batch] : check React:1s
2023-06-26 14:12:50,784 - BO_format_2::INFO -- [Batch] : check React:1s
2023-06-26 14:12:50,789 - BO_format_2::INFO -- [Batch] : check React:1s
2023-06-26 14:12:50,790 - BO_format_2::INFO -- [Batch] : check React:1s
2023-06-26 14:12:54,166 - BO_format_2::INFO -- [Batch] : Finish React:1s
2023-06-26 14:12:57,466 - BO_format_2::INFO -- [Batch] : Finish React:1s
2023-06-26 14:13:01,196 - BO_format_2::INFO -- [Batch] : Finish React:1s
2023-06-26 14:13:04,538 - BO_format_2::INFO -- [Batch] : Finish React:1s
