2023-07-11 00:25:31,327 - Automatic_onlyUV::INFO -- [JobExecution] : [jobID=0] Algorithm, model : Automatic
2023-07-11 00:25:31,338 - Automatic_onlyUV::INFO -- [JobExecution] : ######### Cycle start #########
2023-07-11 00:25:31,338 - Automatic_onlyUV::INFO -- [Automatic] : total experiments=2
2023-07-11 00:25:31,374 - Automatic_onlyUV::INFO -- [RecipeGenerator] : Allocate all of process based on job script!
2023-07-11 00:25:31,380 - Automatic_onlyUV::INFO -- [JobExecution] : ######### Experiment 2 is running #########
2023-07-11 00:25:31,415 - Automatic_onlyUV::INFO -- [TaskScheduler] : check location: {'BatchSynthesis': {'Stirrer': ['?', '?', '?', '?', '?', '?', '?', '?', '?', '?', '?', '?', '?', '?', '?', '?'], 'vialHolder': ['?', '?', '?', '?', '?', '?', '?', '?']}, 'UV': {'vialHolder': ['?', '?', '?', '?', '?', '?', '?', '?']}}
2023-07-11 00:25:31,426 - Automatic_onlyUV::INFO -- [TaskScheduler] : UV allocate location: {'vialHolder': [0, 1]}
2023-07-11 00:25:33,525 - Automatic_onlyUV::INFO -- [UV] : Prepare UV-VIS container
2023-07-11 00:25:47,468 - Automatic_onlyUV::INFO -- [UV] : Start UV-VIS Characterization
2023-07-11 00:25:56,473 - Automatic_onlyUV::INFO -- [UV] : 0 result : OrderedDict([('lambdamax', 625.355166), ('intensity', 0.022106316100937842), ('FWHM', 26.516913000000045)])
2023-07-11 00:25:56,483 - Automatic_onlyUV::INFO -- [UV] : Finish UV-VIS Characterization
2023-07-11 00:25:58,624 - Automatic_onlyUV::INFO -- [UV] : Prepare UV-VIS container
2023-07-11 00:26:12,186 - Automatic_onlyUV::INFO -- [UV] : Start UV-VIS Characterization
2023-07-11 00:26:21,206 - Automatic_onlyUV::INFO -- [UV] : 1 result : OrderedDict([('lambdamax', 580.920209), ('intensity', 0.019694051158835112), ('FWHM', 16.556564000000094)])
2023-07-11 00:26:21,217 - Automatic_onlyUV::INFO -- [UV] : Finish UV-VIS Characterization
2023-07-11 00:26:23,352 - Automatic_onlyUV::INFO -- [RobotArm] : Start Robot Queue : Batch motion (holder_to_storage_filled) is started.
2023-07-11 00:26:23,362 - Automatic_onlyUV::INFO -- [RobotArm] : vial_num_list:[0, 1]
2023-07-11 00:26:23,373 - Automatic_onlyUV::INFO -- [RobotArm] : line_num_list:[0, 0]
2023-07-11 00:26:23,383 - Automatic_onlyUV::INFO -- [RobotArm] : vialHolder_list:[0, 1]
2023-07-11 00:26:31,812 - Automatic_onlyUV::INFO -- [RobotArm] : Finish Robot Queue : Batch motion (holder_to_storage_filled) is done.
2023-07-11 00:26:31,823 - Automatic_onlyUV::INFO -- [RobotArm] : Start Robot Queue : Batch motion (holder_to_storage_filled) is started.
2023-07-11 00:26:38,367 - Automatic_onlyUV::INFO -- [RobotArm] : Finish Robot Queue : Batch motion (holder_to_storage_filled) is done.
2023-07-11 00:26:38,424 - Automatic_onlyUV::INFO -- [TaskScheduler] : refresh location: {'BatchSynthesis': {'Stirrer': ['?', '?', '?', '?', '?', '?', '?', '?', '?', '?', '?', '?', '?', '?', '?', '?'], 'vialHolder': ['?', '?', '?', '?', '?', '?', '?', '?']}, 'UV': {'vialHolder': ['?', '?', '?', '?', '?', '?', '?', '?']}}
