2023-07-11 00:27:30,918 - Automatic_onlyUV::INFO -- [JobExecution] : [jobID=0] Algorithm, model : Automatic
2023-07-11 00:27:30,918 - Automatic_onlyUV::INFO -- [JobExecution] : ######### Cycle start #########
2023-07-11 00:27:30,923 - Automatic_onlyUV::INFO -- [Automatic] : total experiments=2
2023-07-11 00:27:30,980 - Automatic_onlyUV::INFO -- [RecipeGenerator] : Allocate all of process based on job script!
2023-07-11 00:27:30,991 - Automatic_onlyUV::INFO -- [JobExecution] : ######### Experiment 2 is running #########
2023-07-11 00:27:31,021 - Automatic_onlyUV::INFO -- [TaskScheduler] : check location: {'BatchSynthesis': {'Stirrer': ['?', '?', '?', '?', '?', '?', '?', '?', '?', '?', '?', '?', '?', '?', '?', '?'], 'vialHolder': ['?', '?', '?', '?', '?', '?', '?', '?']}, 'UV': {'vialHolder': ['?', '?', '?', '?', '?', '?', '?', '?']}}
2023-07-11 00:27:31,032 - Automatic_onlyUV::INFO -- [TaskScheduler] : UV allocate location: {'vialHolder': [0, 1]}
2023-07-11 00:27:33,131 - Automatic_onlyUV::INFO -- [UV] : Prepare UV-VIS container
2023-07-11 00:27:46,404 - Automatic_onlyUV::INFO -- [UV] : Start UV-VIS Characterization
2023-07-11 00:27:55,309 - Automatic_onlyUV::INFO -- [UV] : 0 result : OrderedDict([('lambdamax', 626.016439), ('intensity', 0.022879420773019656), ('FWHM', 12.895807999999988)])
2023-07-11 00:27:55,319 - Automatic_onlyUV::INFO -- [UV] : Finish UV-VIS Characterization
2023-07-11 00:27:57,460 - Automatic_onlyUV::INFO -- [UV] : Prepare UV-VIS container
2023-07-11 00:28:10,975 - Automatic_onlyUV::INFO -- [UV] : Start UV-VIS Characterization
2023-07-11 00:28:19,974 - Automatic_onlyUV::INFO -- [UV] : 1 result : OrderedDict([('lambdamax', 759.191037), ('intensity', 0.02028748491840327), ('FWHM', 31.37146299999995)])
2023-07-11 00:28:19,985 - Automatic_onlyUV::INFO -- [UV] : Finish UV-VIS Characterization
2023-07-11 00:28:22,110 - Automatic_onlyUV::INFO -- [RobotArm] : Start Robot Queue : Batch motion (holder_to_storage_filled) is started.
2023-07-11 00:28:22,121 - Automatic_onlyUV::INFO -- [RobotArm] : vial_num_list:[0, 1]
2023-07-11 00:28:22,131 - Automatic_onlyUV::INFO -- [RobotArm] : line_num_list:[0, 0]
2023-07-11 00:28:22,141 - Automatic_onlyUV::INFO -- [RobotArm] : vialHolder_list:[0, 1]
2023-07-11 00:28:30,569 - Automatic_onlyUV::INFO -- [RobotArm] : Finish Robot Queue : Batch motion (holder_to_storage_filled) is done.
2023-07-11 00:28:30,579 - Automatic_onlyUV::INFO -- [RobotArm] : Start Robot Queue : Batch motion (holder_to_storage_filled) is started.
2023-07-11 00:28:37,071 - Automatic_onlyUV::INFO -- [RobotArm] : Finish Robot Queue : Batch motion (holder_to_storage_filled) is done.
2023-07-11 00:28:37,123 - Automatic_onlyUV::INFO -- [TaskScheduler] : refresh location: {'BatchSynthesis': {'Stirrer': ['?', '?', '?', '?', '?', '?', '?', '?', '?', '?', '?', '?', '?', '?', '?', '?'], 'vialHolder': ['?', '?', '?', '?', '?', '?', '?', '?']}, 'UV': {'vialHolder': ['?', '?', '?', '?', '?', '?', '?', '?']}}
2023-07-11 00:28:37,220 - Automatic_onlyUV::INFO -- [JobExecution] : ######### Experiment 2 is done #########
2023-07-11 00:28:37,226 - Automatic_onlyUV::INFO -- [JobExecution] : ######### All Cycle is done #########
