2023-09-13 12:17:58,370 - figure_5_add::INFO -- [JobExecution] : [jobID=0] Algorithm, model : Automatic
2023-09-13 12:17:58,375 - figure_5_add::INFO -- [JobExecution] : ######### Cycle start #########
2023-09-13 12:17:58,380 - figure_5_add::INFO -- [Automatic] : total experiments=2
2023-09-13 12:17:58,386 - figure_5_add::INFO -- [Automatic [0]] : next_point 0: {'AddSolution=AgNO3_Concentration': 0.0125, 'AddSolution=AgNO3_Volume': 1000, 'AddSolution=AgNO3_Injectionrate': 100}
2023-09-13 12:17:58,386 - figure_5_add::INFO -- [Automatic [1]] : next_point 1: {'AddSolution=AgNO3_Concentration': 0.0125, 'AddSolution=AgNO3_Volume': 1000, 'AddSolution=AgNO3_Injectionrate': 100}
2023-09-13 12:17:58,443 - figure_5_add::INFO -- [ProcessGenerator] : Allocate all of process based on job script!
2023-09-13 12:17:58,453 - figure_5_add::INFO -- [JobExecution] : ######### [figure_5_add-HJ] Experiment 2 is running #########
2023-09-13 12:17:58,594 - figure_5_add::INFO -- [TaskScheduler] : check location: {'BatchSynthesis': {'Stirrer': ['?', '?', '?', '?', '?', '?', '?', '?'], 'vialHolder': ['?', '?', '?', '?', '?', '?', '?', '?']}, 'UV': {'vialHolder': ['?', '?', '?', '?', '?', '?', '?', '?']}}
2023-09-13 12:17:58,599 - figure_5_add::INFO -- [TaskScheduler] : BatchSynthesis is started, allocate location: {'Stirrer': [0, 1], 'vialHolder': [0, 1]}
2023-09-13 12:17:58,599 - figure_5_add::INFO -- [TaskScheduler] : check location after allocation: {'BatchSynthesis': {'Stirrer': [0, 0, '?', '?', '?', '?', '?', '?'], 'vialHolder': [0, 0, '?', '?', '?', '?', '?', '?']}, 'UV': {'vialHolder': ['?', '?', '?', '?', '?', '?', '?', '?']}}
2023-09-13 12:18:01,684 - figure_5_add::DEBUG -- [Batch] : storage_empty_to_stirrer is started.
2023-09-13 12:18:01,694 - figure_5_add::DEBUG -- [Batch] : vial_num_list: [0, 1]
2023-09-13 12:18:01,704 - figure_5_add::DEBUG -- [Batch] : line_num_list: [0, 0]
2023-09-13 12:18:01,714 - figure_5_add::DEBUG -- [Batch] : vialHolder_list: [0, 1]
2023-09-13 12:18:01,720 - figure_5_add::DEBUG -- [Batch] : Start Robot Queue : storage_empty_to_stirrer is started.
2023-09-13 12:18:01,730 - figure_5_add::DEBUG -- [LA] : move center-->Start!
2023-09-13 12:18:11,357 - figure_5_add::DEBUG -- [LA] : move center-->Done!
2023-09-13 12:18:12,409 - figure_5_add::DEBUG -- [STORAGE] : open-->Start!
2023-09-13 12:18:24,060 - figure_5_add::DEBUG -- [STORAGE] : open-->Done!
2023-09-13 12:18:27,115 - figure_5_add::DEBUG -- [DS_B] : prepare container-->Start!
2023-09-13 12:18:57,544 - figure_5_add::DEBUG -- [DS_B] : prepare container-->Done!
2023-09-13 12:18:57,549 - figure_5_add::DEBUG -- [Batch] : Finish Robot Queue : storage_empty_to_stirrer is done.
2023-09-13 12:19:01,695 - figure_5_add::DEBUG -- [Batch] : storage_empty_to_stirrer is started.
2023-09-13 12:19:01,705 - figure_5_add::DEBUG -- [Batch] : Start Robot Queue : storage_empty_to_stirrer is started.
2023-09-13 12:19:01,715 - figure_5_add::DEBUG -- [LA] : move center-->Start!
2023-09-13 12:19:04,082 - figure_5_add::DEBUG -- [LA] : move center-->Done!
2023-09-13 12:19:05,114 - figure_5_add::DEBUG -- [STORAGE] : open-->Start!
2023-09-13 12:19:16,793 - figure_5_add::DEBUG -- [STORAGE] : open-->Done!
2023-09-13 12:19:19,847 - figure_5_add::DEBUG -- [DS_B] : prepare container-->Start!
2023-09-13 12:19:50,564 - figure_5_add::DEBUG -- [DS_B] : prepare container-->Done!
2023-09-13 12:19:50,569 - figure_5_add::DEBUG -- [Batch] : Finish Robot Queue : storage_empty_to_stirrer is done.
2023-09-13 12:19:54,650 - figure_5_add::DEBUG -- [LA] : move down-->Start!
2023-09-13 12:20:02,798 - figure_5_add::DEBUG -- [LA] : move down-->Done!
2023-09-13 12:20:02,803 - figure_5_add::DEBUG -- [Batch] : Start Injection Queue --> Citrate,0.04mM,1100μL,100μL/s
2023-09-13 12:20:02,803 - figure_5_add::DEBUG -- [PUMP] : prepare solution-->Start!
2023-09-13 12:20:28,014 - figure_5_add::DEBUG -- [PUMP] : prepare solution-->Done!
2023-09-13 12:20:28,019 - figure_5_add::DEBUG -- [LA] : move up-->Start!
2023-09-13 12:20:31,165 - figure_5_add::DEBUG -- [LA] : move up-->Done!
2023-09-13 12:20:31,165 - figure_5_add::DEBUG -- [LA] : move center-->Start!
2023-09-13 12:20:37,694 - figure_5_add::DEBUG -- [LA] : move center-->Done!
2023-09-13 12:20:38,731 - figure_5_add::DEBUG -- [Batch] : Finish Injection Queue
2023-09-13 12:20:41,795 - figure_5_add::DEBUG -- [LA] : move down-->Start!
