2023-07-02 22:44:21,744 - BO_format_1::INFO -- [JobExecution] : [jobID=0] Algorithm, model : BayesianOptimization, batchSize : 4
2023-07-02 22:44:21,750 - BO_format_1::INFO -- [JobExecution] : ######### Cycle start #########
2023-07-02 22:44:21,750 - BO_format_1::INFO -- [Algorithm] : utility_type=ucb, iter_num=0, batchSize=4
2023-07-02 22:44:21,750 - BO_format_1::INFO -- [Algorithm [0]] : next_point 0: {'AddSolution=AgNO3_Concentration': 0, 'AddSolution=AgNO3_Volume': 750, 'AddSolution=AgNO3_Injectionrate': 150}
2023-07-02 22:44:21,761 - BO_format_1::INFO -- [Algorithm [1]] : next_point 1: {'AddSolution=AgNO3_Concentration': 0, 'AddSolution=AgNO3_Volume': 800, 'AddSolution=AgNO3_Injectionrate': 100}
2023-07-02 22:44:21,781 - BO_format_1::INFO -- [Algorithm [2]] : next_point 2: {'AddSolution=AgNO3_Concentration': 0, 'AddSolution=AgNO3_Volume': 1150, 'AddSolution=AgNO3_Injectionrate': 150}
2023-07-02 22:44:21,791 - BO_format_1::INFO -- [Algorithm [3]] : next_point 3: {'AddSolution=AgNO3_Concentration': 0, 'AddSolution=AgNO3_Volume': 650, 'AddSolution=AgNO3_Injectionrate': 150}
2023-07-02 22:44:21,885 - BO_format_1::INFO -- [RecipeGenerator] : Allocate all of process based on job script!
2023-07-02 22:44:21,895 - BO_format_1::INFO -- [JobExecution] : ######### Cycle 1/1 is running #########
2023-07-02 22:44:21,931 - BO_format_1::INFO -- [TaskScheduler] : check location: {'BatchSynthesis': {'Stirrer': ['?', '?', '?', '?', '?', '?', '?', '?', '?', '?', '?', '?', '?', '?', '?', '?'], 'vialHolder': ['?', '?', '?', '?', '?', '?', '?', '?']}, 'UV': {'vialHolder': ['?', '?', '?', '?', '?', '?', '?', '?']}}
2023-07-02 22:44:21,947 - BO_format_1::INFO -- [TaskScheduler] : BatchSynthesis allocate location: {'Stirrer': [0, 1, 2, 3], 'vialHolder': [0, 1, 2, 3]}
2023-07-02 22:44:22,039 - BO_format_1::INFO -- [Batch] : vial_num_list: [0, 1, 2, 3]
2023-07-02 22:44:22,049 - BO_format_1::INFO -- [Batch] : line_num_list: [0, 0, 0, 0]
2023-07-02 22:44:22,059 - BO_format_1::INFO -- [Batch] : vialHolder_list: [0, 1, 2, 3]
2023-07-02 22:44:22,070 - BO_format_1::INFO -- [Batch] : Start Robot Queue : storage_empty_to_stirrer is started.
2023-07-02 22:44:28,709 - BO_format_1::INFO -- [Batch] : Finish Robot Queue : Batch motion (storage_empty_to_stirrer) is done.
2023-07-02 22:44:28,843 - BO_format_1::INFO -- [Batch] : Start Robot Queue : storage_empty_to_stirrer is started.
2023-07-02 22:44:35,643 - BO_format_1::INFO -- [Batch] : Finish Robot Queue : Batch motion (storage_empty_to_stirrer) is done.
2023-07-02 22:44:35,777 - BO_format_1::INFO -- [Batch] : Start Robot Queue : storage_empty_to_stirrer is started.
2023-07-02 22:44:42,416 - BO_format_1::INFO -- [Batch] : Finish Robot Queue : Batch motion (storage_empty_to_stirrer) is done.
2023-07-02 22:44:42,550 - BO_format_1::INFO -- [Batch] : Start Robot Queue : storage_empty_to_stirrer is started.
2023-07-02 22:44:49,586 - BO_format_1::INFO -- [Batch] : Finish Robot Queue : Batch motion (storage_empty_to_stirrer) is done.
2023-07-02 22:44:49,699 - BO_format_1::INFO -- [Batch] : Prepare Injection Queue --> Citrate,0.02mM,5000uL,200uL/s
2023-07-02 22:44:53,911 - BO_format_1::INFO -- [Batch] : Start Injection Queue --> Citrate,0.02mM,1200μL,200μL/s
2023-07-02 22:44:59,497 - BO_format_1::INFO -- [Batch] : Finish Injection Queue
2023-07-02 22:45:00,601 - BO_format_1::INFO -- [Batch] : Prepare Injection Queue --> Citrate,0.02mM,5000uL,200uL/s
2023-07-02 22:45:04,711 - BO_format_1::INFO -- [Batch] : Start Injection Queue --> Citrate,0.02mM,1200μL,200μL/s
2023-07-02 22:45:10,091 - BO_format_1::INFO -- [Batch] : Finish Injection Queue
2023-07-02 22:45:11,195 - BO_format_1::INFO -- [Batch] : Prepare Injection Queue --> Citrate,0.02mM,5000uL,200uL/s
2023-07-02 22:45:15,386 - BO_format_1::INFO -- [Batch] : Start Injection Queue --> Citrate,0.02mM,1200μL,200μL/s
2023-07-02 22:45:20,846 - BO_format_1::INFO -- [Batch] : Finish Injection Queue
2023-07-02 22:45:21,950 - BO_format_1::INFO -- [Batch] : Prepare Injection Queue --> Citrate,0.02mM,5000uL,200uL/s
2023-07-02 22:45:26,447 - BO_format_1::INFO -- [Batch] : Start Injection Queue --> Citrate,0.02mM,1200μL,200μL/s
2023-07-02 22:45:31,798 - BO_format_1::INFO -- [Batch] : Finish Injection Queue
2023-07-02 22:45:32,907 - BO_format_1::INFO -- [Batch] : Prepare Injection Queue --> H2O2,0.375mM,5000uL,200uL/s
2023-07-02 22:45:37,449 - BO_format_1::INFO -- [Batch] : Start Injection Queue --> H2O2,0.375mM,1200μL,200μL/s
2023-07-02 22:45:42,833 - BO_format_1::INFO -- [Batch] : Finish Injection Queue
2023-07-02 22:45:43,947 - BO_format_1::INFO -- [Batch] : Prepare Injection Queue --> H2O2,0.375mM,5000uL,200uL/s
2023-07-02 22:45:48,272 - BO_format_1::INFO -- [Batch] : Start Injection Queue --> H2O2,0.375mM,1200μL,200μL/s
2023-07-02 22:45:53,660 - BO_format_1::INFO -- [Batch] : Finish Injection Queue
2023-07-02 22:45:54,769 - BO_format_1::INFO -- [Batch] : Prepare Injection Queue --> H2O2,0.375mM,5000uL,200uL/s
2023-07-02 22:45:59,234 - BO_format_1::INFO -- [Batch] : Start Injection Queue --> H2O2,0.375mM,1200μL,200μL/s
2023-07-02 22:46:04,810 - BO_format_1::INFO -- [Batch] : Finish Injection Queue
2023-07-02 22:46:05,904 - BO_format_1::INFO -- [Batch] : Prepare Injection Queue --> H2O2,0.375mM,5000uL,200uL/s
2023-07-02 22:46:09,982 - BO_format_1::INFO -- [Batch] : Start Injection Queue --> H2O2,0.375mM,1200μL,200μL/s
2023-07-02 22:46:15,212 - BO_format_1::INFO -- [Batch] : Finish Injection Queue
2023-07-02 22:46:16,316 - BO_format_1::INFO -- [Batch] : Prepare Injection Queue --> NaBH4,0.01mM,5000uL,200uL/s
2023-07-02 22:46:20,584 - BO_format_1::INFO -- [Batch] : Start Injection Queue --> NaBH4,0.01mM,3000μL,200μL/s
2023-07-02 22:46:25,883 - BO_format_1::INFO -- [Batch] : Finish Injection Queue
2023-07-02 22:46:26,972 - BO_format_1::INFO -- [Batch] : Prepare Injection Queue --> NaBH4,0.01mM,5000uL,200uL/s
2023-07-02 22:46:31,061 - BO_format_1::INFO -- [Batch] : Start Injection Queue --> NaBH4,0.01mM,3000μL,200μL/s
2023-07-02 22:46:36,498 - BO_format_1::INFO -- [Batch] : Finish Injection Queue
2023-07-02 22:46:37,607 - BO_format_1::INFO -- [Batch] : Prepare Injection Queue --> NaBH4,0.01mM,5000uL,200uL/s
2023-07-02 22:46:41,883 - BO_format_1::INFO -- [Batch] : Start Injection Queue --> NaBH4,0.01mM,3000μL,200μL/s
2023-07-02 22:46:47,241 - BO_format_1::INFO -- [Batch] : Finish Injection Queue
2023-07-02 22:46:48,329 - BO_format_1::INFO -- [Batch] : Prepare Injection Queue --> NaBH4,0.01mM,5000uL,200uL/s
2023-07-02 22:46:52,541 - BO_format_1::INFO -- [Batch] : Start Injection Queue --> NaBH4,0.01mM,3000μL,200μL/s
2023-07-02 22:46:57,836 - BO_format_1::INFO -- [Batch] : Finish Injection Queue
2023-07-02 22:46:58,884 - BO_format_1::INFO -- [Batch] : Start Stir Queue 0 (Stirrer)
2023-07-02 22:47:00,093 - BO_format_1::INFO -- [Batch] : Start Stir Queue 1 (Stirrer)
2023-07-02 22:47:01,295 - BO_format_1::INFO -- [Batch] : Start Stir Queue 2 (Stirrer)
2023-07-02 22:47:02,380 - BO_format_1::INFO -- [Batch] : Start Stir Queue 3 (Stirrer)
2023-07-02 22:47:03,723 - BO_format_1::INFO -- [Batch] : Finish Stir Queue 0 (Stirrer)
2023-07-02 22:47:03,734 - BO_format_1::INFO -- [Batch] : Finish Stir Queue 1 (Stirrer)
2023-07-02 22:47:03,744 - BO_format_1::INFO -- [Batch] : Finish Stir Queue 2 (Stirrer)
2023-07-02 22:47:03,754 - BO_format_1::INFO -- [Batch] : Finish Stir Queue 3 (Stirrer)
2023-07-02 22:47:03,765 - BO_format_1::INFO -- [Batch] : Start Heat Queue 0 (Stirrer)
2023-07-02 22:47:04,910 - BO_format_1::INFO -- [Batch] : Start Heat Queue 1 (Stirrer)
2023-07-02 22:47:06,188 - BO_format_1::INFO -- [Batch] : Start Heat Queue 2 (Stirrer)
2023-07-02 22:47:07,271 - BO_format_1::INFO -- [Batch] : Start Heat Queue 3 (Stirrer)
2023-07-02 22:47:08,596 - BO_format_1::INFO -- [Batch] : Finish Heat Queue 0 (Stirrer)
2023-07-02 22:47:08,606 - BO_format_1::INFO -- [Batch] : Finish Heat Queue 1 (Stirrer)
2023-07-02 22:47:08,616 - BO_format_1::INFO -- [Batch] : Finish Heat Queue 2 (Stirrer)
2023-07-02 22:47:08,626 - BO_format_1::INFO -- [Batch] : Finish Heat Queue 3 (Stirrer)
2023-07-02 22:47:08,642 - BO_format_1::INFO -- [Batch] : Start Wait:1s
2023-07-02 22:47:08,647 - BO_format_1::INFO -- [Batch] : Start Wait:1s
2023-07-02 22:47:08,662 - BO_format_1::INFO -- [Batch] : Start Wait:1s
2023-07-02 22:47:08,668 - BO_format_1::INFO -- [Batch] : check Wait:1s
2023-07-02 22:47:08,678 - BO_format_1::INFO -- [Batch] : Start Wait:1s
2023-07-02 22:47:08,683 - BO_format_1::INFO -- [Batch] : check Wait:1s
2023-07-02 22:47:08,704 - BO_format_1::INFO -- [Batch] : check Wait:1s
2023-07-02 22:47:08,734 - BO_format_1::INFO -- [Batch] : Finish Wait:1s
2023-07-02 22:47:08,740 - BO_format_1::INFO -- [Batch] : check Wait:1s
2023-07-02 22:47:08,745 - BO_format_1::INFO -- [Batch] : Finish Wait:1s
2023-07-02 22:47:08,755 - BO_format_1::INFO -- [Batch] : Finish Wait:1s
2023-07-02 22:47:08,786 - BO_format_1::INFO -- [Batch] : Finish Wait:1s
2023-07-02 22:47:08,894 - BO_format_1::INFO -- [Batch] : Prepare Injection Queue --> AgNO3,0mM,5000uL,200uL/s
2023-07-02 22:47:13,223 - BO_format_1::INFO -- [Batch] : Start Injection Queue --> AgNO3,0mM,750μL,150μL/s
2023-07-02 22:47:18,862 - BO_format_1::INFO -- [Batch] : Finish Injection Queue
2023-07-02 22:47:19,966 - BO_format_1::INFO -- [Batch] : Prepare Injection Queue --> AgNO3,0mM,5000uL,200uL/s
2023-07-02 22:47:24,310 - BO_format_1::INFO -- [Batch] : Start Injection Queue --> AgNO3,0mM,800μL,100μL/s
2023-07-02 22:47:29,884 - BO_format_1::INFO -- [Batch] : Finish Injection Queue
2023-07-02 22:47:30,993 - BO_format_1::INFO -- [Batch] : Prepare Injection Queue --> AgNO3,0mM,5000uL,200uL/s
2023-07-02 22:47:35,399 - BO_format_1::INFO -- [Batch] : Start Injection Queue --> AgNO3,0mM,1150μL,150μL/s
2023-07-02 22:47:40,706 - BO_format_1::INFO -- [Batch] : Finish Injection Queue
2023-07-02 22:47:41,810 - BO_format_1::INFO -- [Batch] : Prepare Injection Queue --> AgNO3,0mM,5000uL,200uL/s
2023-07-02 22:47:46,154 - BO_format_1::INFO -- [Batch] : Start Injection Queue --> AgNO3,0mM,650μL,150μL/s
2023-07-02 22:47:51,694 - BO_format_1::INFO -- [Batch] : Finish Injection Queue
2023-07-02 22:47:52,741 - BO_format_1::INFO -- [Batch] : Start React:1s
2023-07-02 22:47:52,746 - BO_format_1::INFO -- [Batch] : Start React:1s
2023-07-02 22:47:52,762 - BO_format_1::INFO -- [Batch] : Start React:1s
2023-07-02 22:47:52,772 - BO_format_1::INFO -- [Batch] : Start React:1s
2023-07-02 22:48:02,790 - BO_format_1::INFO -- [Batch] : check React:1s
2023-07-02 22:48:02,805 - BO_format_1::INFO -- [Batch] : check React:1s
2023-07-02 22:48:02,816 - BO_format_1::INFO -- [Batch] : check React:1s
2023-07-02 22:48:02,832 - BO_format_1::INFO -- [Batch] : check React:1s
2023-07-02 22:48:06,383 - BO_format_1::INFO -- [Batch] : Finish React:1s
2023-07-02 22:48:09,746 - BO_format_1::INFO -- [Batch] : Finish React:1s
2023-07-02 22:48:09,807 - BO_format_1::INFO -- [Batch] : Finish React:1s
2023-07-02 22:48:13,322 - BO_format_1::INFO -- [Batch] : Finish React:1s
2023-07-02 22:48:13,399 - BO_format_1::INFO -- [TaskScheduler] : UV allocate location: {'Stirrer': [0, 1, 2, 3], 'vialHolder': [0, 1, 2, 3]}
2023-07-02 22:48:13,491 - BO_format_1::INFO -- [UV] : Prepare UV-VIS container
2023-07-02 22:48:27,320 - BO_format_1::INFO -- [UV] : Start UV-VIS Characterization
2023-07-02 22:48:36,556 - BO_format_1::INFO -- [UV] : 0 result : OrderedDict([('lambdamax', 772.980858), ('intensity', 0.021311568140045867), ('FWHM', 10.374531000000047)])
2023-07-02 22:48:36,567 - BO_format_1::INFO -- [UV] : Finish UV-VIS Characterization
2023-07-02 22:48:36,700 - BO_format_1::INFO -- [UV] : Prepare UV-VIS container
2023-07-02 22:48:50,095 - BO_format_1::INFO -- [UV] : Start UV-VIS Characterization
2023-07-02 22:48:59,157 - BO_format_1::INFO -- [UV] : 1 result : OrderedDict([('lambdamax', 748.384839), ('intensity', 0.020952511966781252), ('FWHM', 18.24653999999998)])
2023-07-02 22:48:59,167 - BO_format_1::INFO -- [UV] : Finish UV-VIS Characterization
2023-07-02 22:48:59,349 - BO_format_1::INFO -- [UV] : Prepare UV-VIS container
2023-07-02 22:49:13,148 - BO_format_1::INFO -- [UV] : Start UV-VIS Characterization
2023-07-02 22:49:22,416 - BO_format_1::INFO -- [UV] : 2 result : OrderedDict([('lambdamax', 487.324851), ('intensity', 0.024155963802988623), ('FWHM', 23.131038999999987)])
2023-07-02 22:49:22,426 - BO_format_1::INFO -- [UV] : Finish UV-VIS Characterization
2023-07-02 22:49:22,619 - BO_format_1::INFO -- [UV] : Prepare UV-VIS container
2023-07-02 22:49:36,621 - BO_format_1::INFO -- [UV] : Start UV-VIS Characterization
2023-07-02 22:49:45,676 - BO_format_1::INFO -- [UV] : 3 result : OrderedDict([('lambdamax', 701.92287), ('intensity', 0.021234118303470835), ('FWHM', 20.306347999999957)])
2023-07-02 22:49:45,686 - BO_format_1::INFO -- [UV] : Finish UV-VIS Characterization
2023-07-02 22:49:45,880 - BO_format_1::INFO -- [RobotArm] : Start Robot Queue : Batch motion (holder_to_storage_filled) is started.
2023-07-02 22:49:45,890 - BO_format_1::INFO -- [RobotArm] : vial_num_list:[4, 5, 6, 7]
2023-07-02 22:49:45,900 - BO_format_1::INFO -- [RobotArm] : line_num_list:[0, 0, 0, 0]
2023-07-02 22:49:45,910 - BO_format_1::INFO -- [RobotArm] : vialHolder_list:[0, 1, 2, 3]
2023-07-02 22:49:54,477 - BO_format_1::INFO -- [RobotArm] : Finish Robot Queue : Batch motion (holder_to_storage_filled) is done.
2023-07-02 22:49:54,487 - BO_format_1::INFO -- [RobotArm] : Start Robot Queue : Batch motion (holder_to_storage_filled) is started.
2023-07-02 22:49:57,986 - BO_format_1::INFO -- [RobotArm] : Finish Robot Queue : Batch motion (holder_to_storage_filled) is done.
2023-07-02 22:49:57,996 - BO_format_1::INFO -- [RobotArm] : Start Robot Queue : Batch motion (holder_to_storage_filled) is started.
2023-07-02 22:50:01,569 - BO_format_1::INFO -- [RobotArm] : Finish Robot Queue : Batch motion (holder_to_storage_filled) is done.
2023-07-02 22:50:01,580 - BO_format_1::INFO -- [RobotArm] : Start Robot Queue : Batch motion (holder_to_storage_filled) is started.
2023-07-02 22:50:08,420 - BO_format_1::INFO -- [RobotArm] : Finish Robot Queue : Batch motion (holder_to_storage_filled) is done.
