2023-07-02 21:48:07,135 - BO_format_1::INFO -- [JobExecution] : [jobID=0] Algorithm, model : BayesianOptimization, batchSize : 4
2023-07-02 21:48:07,135 - BO_format_1::INFO -- [JobExecution] : ######### Cycle start #########
2023-07-02 21:48:07,136 - BO_format_1::INFO -- [Algorithm] : utility_type=ucb, iter_num=0, batchSize=4
2023-07-02 21:48:07,141 - BO_format_1::INFO -- [Algorithm [0]] : next_point 0: {'AddSolution=AgNO3_Concentration': 0, 'AddSolution=AgNO3_Volume': 750, 'AddSolution=AgNO3_Injectionrate': 150}
2023-07-02 21:48:07,146 - BO_format_1::INFO -- [Algorithm [1]] : next_point 1: {'AddSolution=AgNO3_Concentration': 0, 'AddSolution=AgNO3_Volume': 800, 'AddSolution=AgNO3_Injectionrate': 100}
2023-07-02 21:48:07,162 - BO_format_1::INFO -- [Algorithm [2]] : next_point 2: {'AddSolution=AgNO3_Concentration': 0, 'AddSolution=AgNO3_Volume': 1150, 'AddSolution=AgNO3_Injectionrate': 150}
2023-07-02 21:48:07,172 - BO_format_1::INFO -- [Algorithm [3]] : next_point 3: {'AddSolution=AgNO3_Concentration': 0, 'AddSolution=AgNO3_Volume': 650, 'AddSolution=AgNO3_Injectionrate': 150}
2023-07-02 21:48:07,205 - BO_format_1::INFO -- [RecipeGenerator] : Allocate all of process based on job script!
2023-07-02 21:48:07,215 - BO_format_1::INFO -- [JobExecution] : ######### Cycle 1/1 is running #########
2023-07-02 21:48:07,256 - BO_format_1::INFO -- [TaskScheduler] : check location: {'BatchSynthesis': {'Stirrer': ['?', '?', '?', '?', '?', '?', '?', '?', '?', '?', '?', '?', '?', '?', '?', '?'], 'vialHolder': ['?', '?', '?', '?', '?', '?', '?', '?']}, 'UV': {'vialHolder': ['?', '?', '?', '?', '?', '?', '?', '?']}}
2023-07-02 21:48:07,271 - BO_format_1::INFO -- [TaskScheduler] : BatchSynthesis allocate location: {'Stirrer': [0, 1, 2, 3], 'vialHolder': [0, 1, 2, 3]}
2023-07-02 21:48:07,282 - BO_format_1::INFO -- [Batch] : Start Robot Queue : Batch motion (storage_empty_to_stirrer) is started.
2023-07-02 21:48:07,379 - BO_format_1::INFO -- [Batch] : vial_num_list: [0, 1, 2, 3]
2023-07-02 21:48:07,389 - BO_format_1::INFO -- [Batch] : line_num_list: [0, 0, 0, 0]
2023-07-02 21:48:07,400 - BO_format_1::INFO -- [Batch] : vialHolder_list: [0, 1, 2, 3]
2023-07-02 21:48:14,141 - BO_format_1::INFO -- [Batch] : Finish Robot Queue : Batch motion (storage_empty_to_stirrer) is done.
2023-07-02 21:48:14,187 - BO_format_1::INFO -- [Batch] : Start Robot Queue : Batch motion (storage_empty_to_stirrer) is started.
2023-07-02 21:48:31,215 - BO_format_1::INFO -- [Batch] : Finish Robot Queue : Batch motion (storage_empty_to_stirrer) is done.
2023-07-02 21:48:31,261 - BO_format_1::INFO -- [Batch] : Start Robot Queue : Batch motion (storage_empty_to_stirrer) is started.
2023-07-02 21:48:38,401 - BO_format_1::INFO -- [Batch] : Finish Robot Queue : Batch motion (storage_empty_to_stirrer) is done.
2023-07-02 21:48:38,452 - BO_format_1::INFO -- [Batch] : Start Robot Queue : Batch motion (storage_empty_to_stirrer) is started.
2023-07-02 21:48:45,226 - BO_format_1::INFO -- [Batch] : Finish Robot Queue : Batch motion (storage_empty_to_stirrer) is done.
2023-07-02 21:48:45,334 - BO_format_1::INFO -- [Batch] : Prepare Injection Queue --> Citrate,0.02mM,5000uL,200uL/s
2023-07-02 21:48:49,628 - BO_format_1::INFO -- [Batch] : Start Injection Queue --> Citrate,0.02mM,1200μL,200μL/s
2023-07-02 21:48:54,770 - BO_format_1::INFO -- [Batch] : Finish Injection Queue
2023-07-02 21:49:01,223 - BO_format_1::INFO -- [Batch] : Prepare Injection Queue --> Citrate,0.02mM,5000uL,200uL/s
2023-07-02 21:49:05,305 - BO_format_1::INFO -- [Batch] : Start Injection Queue --> Citrate,0.02mM,1200μL,200μL/s
2023-07-02 21:49:10,454 - BO_format_1::INFO -- [Batch] : Finish Injection Queue
2023-07-02 21:49:16,941 - BO_format_1::INFO -- [Batch] : Prepare Injection Queue --> Citrate,0.02mM,5000uL,200uL/s
2023-07-02 21:49:20,971 - BO_format_1::INFO -- [Batch] : Start Injection Queue --> Citrate,0.02mM,1200μL,200μL/s
2023-07-02 21:49:26,274 - BO_format_1::INFO -- [Batch] : Finish Injection Queue
2023-07-02 21:49:27,278 - BO_format_1::INFO -- [Batch] : Prepare Injection Queue --> Citrate,0.02mM,5000uL,200uL/s
2023-07-02 21:49:31,610 - BO_format_1::INFO -- [Batch] : Start Injection Queue --> Citrate,0.02mM,1200μL,200μL/s
2023-07-02 21:49:36,644 - BO_format_1::INFO -- [Batch] : Finish Injection Queue
2023-07-02 21:49:46,266 - BO_format_1::INFO -- [Batch] : Prepare Injection Queue --> H2O2,0.375mM,5000uL,200uL/s
2023-07-02 21:49:50,334 - BO_format_1::INFO -- [Batch] : Start Injection Queue --> H2O2,0.375mM,1200μL,200μL/s
2023-07-02 21:49:55,719 - BO_format_1::INFO -- [Batch] : Finish Injection Queue
2023-07-02 21:50:05,121 - BO_format_1::INFO -- [Batch] : Prepare Injection Queue --> H2O2,0.375mM,5000uL,200uL/s
2023-07-02 21:50:09,378 - BO_format_1::INFO -- [Batch] : Start Injection Queue --> H2O2,0.375mM,1200μL,200μL/s
2023-07-02 21:50:14,601 - BO_format_1::INFO -- [Batch] : Finish Injection Queue
2023-07-02 21:50:24,070 - BO_format_1::INFO -- [Batch] : Prepare Injection Queue --> H2O2,0.375mM,5000uL,200uL/s
2023-07-02 21:50:28,086 - BO_format_1::INFO -- [Batch] : Start Injection Queue --> H2O2,0.375mM,1200μL,200μL/s
2023-07-02 21:50:33,068 - BO_format_1::INFO -- [Batch] : Finish Injection Queue
2023-07-02 21:50:42,840 - BO_format_1::INFO -- [Batch] : Prepare Injection Queue --> H2O2,0.375mM,5000uL,200uL/s
2023-07-02 21:50:47,201 - BO_format_1::INFO -- [Batch] : Start Injection Queue --> H2O2,0.375mM,1200μL,200μL/s
2023-07-02 21:50:52,384 - BO_format_1::INFO -- [Batch] : Finish Injection Queue
2023-07-02 21:51:02,084 - BO_format_1::INFO -- [Batch] : Prepare Injection Queue --> NaBH4,0.01mM,5000uL,200uL/s
2023-07-02 21:51:06,218 - BO_format_1::INFO -- [Batch] : Start Injection Queue --> NaBH4,0.01mM,3000μL,200μL/s
2023-07-02 21:51:11,533 - BO_format_1::INFO -- [Batch] : Finish Injection Queue
2023-07-02 21:51:21,269 - BO_format_1::INFO -- [Batch] : Prepare Injection Queue --> NaBH4,0.01mM,5000uL,200uL/s
2023-07-02 21:51:25,462 - BO_format_1::INFO -- [Batch] : Start Injection Queue --> NaBH4,0.01mM,3000μL,200μL/s
2023-07-02 21:51:30,818 - BO_format_1::INFO -- [Batch] : Finish Injection Queue
2023-07-02 21:51:40,443 - BO_format_1::INFO -- [Batch] : Prepare Injection Queue --> NaBH4,0.01mM,5000uL,200uL/s
2023-07-02 21:51:44,702 - BO_format_1::INFO -- [Batch] : Start Injection Queue --> NaBH4,0.01mM,3000μL,200μL/s
2023-07-02 21:51:50,018 - BO_format_1::INFO -- [Batch] : Finish Injection Queue
2023-07-02 21:51:59,369 - BO_format_1::INFO -- [Batch] : Prepare Injection Queue --> NaBH4,0.01mM,5000uL,200uL/s
2023-07-02 21:52:03,430 - BO_format_1::INFO -- [Batch] : Start Injection Queue --> NaBH4,0.01mM,3000μL,200μL/s
2023-07-02 21:52:08,986 - BO_format_1::INFO -- [Batch] : Finish Injection Queue
2023-07-02 21:52:09,988 - BO_format_1::INFO -- [Batch] : Start Stir Queue 0 (Stirrer)
2023-07-02 21:52:11,101 - BO_format_1::INFO -- [Batch] : Start Stir Queue 1 (Stirrer)
2023-07-02 21:52:12,234 - BO_format_1::INFO -- [Batch] : Start Stir Queue 2 (Stirrer)
2023-07-02 21:52:13,316 - BO_format_1::INFO -- [Batch] : Start Stir Queue 3 (Stirrer)
2023-07-02 21:52:14,524 - BO_format_1::INFO -- [Batch] : Finish Stir Queue 0 (Stirrer)
2023-07-02 21:52:14,524 - BO_format_1::INFO -- [Batch] : Finish Stir Queue 1 (Stirrer)
2023-07-02 21:52:14,525 - BO_format_1::INFO -- [Batch] : Finish Stir Queue 2 (Stirrer)
2023-07-02 21:52:14,525 - BO_format_1::INFO -- [Batch] : Finish Stir Queue 3 (Stirrer)
2023-07-02 21:52:14,525 - BO_format_1::INFO -- [Batch] : Start Heat Queue 0 (Stirrer)
2023-07-02 21:52:15,786 - BO_format_1::INFO -- [Batch] : Start Heat Queue 1 (Stirrer)
2023-07-02 21:52:17,035 - BO_format_1::INFO -- [Batch] : Start Heat Queue 2 (Stirrer)
2023-07-02 21:52:18,225 - BO_format_1::INFO -- [Batch] : Start Heat Queue 3 (Stirrer)
2023-07-02 21:52:19,493 - BO_format_1::INFO -- [Batch] : Finish Heat Queue 0 (Stirrer)
2023-07-02 21:52:19,493 - BO_format_1::INFO -- [Batch] : Finish Heat Queue 1 (Stirrer)
2023-07-02 21:52:19,493 - BO_format_1::INFO -- [Batch] : Finish Heat Queue 2 (Stirrer)
2023-07-02 21:52:19,494 - BO_format_1::INFO -- [Batch] : Finish Heat Queue 3 (Stirrer)
2023-07-02 21:52:19,494 - BO_format_1::INFO -- [Batch] : Start Wait:1s
2023-07-02 21:52:19,494 - BO_format_1::INFO -- [Batch] : Start Wait:1s
2023-07-02 21:52:19,494 - BO_format_1::INFO -- [Batch] : check Wait:1s
2023-07-02 21:52:19,495 - BO_format_1::INFO -- [Batch] : Start Wait:1s
2023-07-02 21:52:19,495 - BO_format_1::INFO -- [Batch] : Start Wait:1s
2023-07-02 21:52:19,495 - BO_format_1::INFO -- [Batch] : check Wait:1s
2023-07-02 21:52:19,495 - BO_format_1::INFO -- [Batch] : Finish Wait:1s
2023-07-02 21:52:19,496 - BO_format_1::INFO -- [Batch] : check Wait:1s
2023-07-02 21:52:19,496 - BO_format_1::INFO -- [Batch] : check Wait:1s
2023-07-02 21:52:19,496 - BO_format_1::INFO -- [Batch] : Finish Wait:1s
2023-07-02 21:52:19,497 - BO_format_1::INFO -- [Batch] : Finish Wait:1s
2023-07-02 21:52:19,497 - BO_format_1::INFO -- [Batch] : Finish Wait:1s
2023-07-02 21:52:19,498 - BO_format_1::INFO -- [Batch] : Prepare Injection Queue --> AgNO3,0mM,5000uL,200uL/s
2023-07-02 21:52:23,695 - BO_format_1::INFO -- [Batch] : Start Injection Queue --> AgNO3,0mM,750μL,150μL/s
2023-07-02 21:52:28,862 - BO_format_1::INFO -- [Batch] : Finish Injection Queue
2023-07-02 21:52:38,227 - BO_format_1::INFO -- [Batch] : Prepare Injection Queue --> AgNO3,0mM,5000uL,200uL/s
2023-07-02 21:52:42,295 - BO_format_1::INFO -- [Batch] : Start Injection Queue --> AgNO3,0mM,800μL,100μL/s
2023-07-02 21:52:47,464 - BO_format_1::INFO -- [Batch] : Finish Injection Queue
2023-07-02 21:52:57,089 - BO_format_1::INFO -- [Batch] : Prepare Injection Queue --> AgNO3,0mM,5000uL,200uL/s
2023-07-02 21:53:01,269 - BO_format_1::INFO -- [Batch] : Start Injection Queue --> AgNO3,0mM,1150μL,150μL/s
2023-07-02 21:53:06,641 - BO_format_1::INFO -- [Batch] : Finish Injection Queue
2023-07-02 21:53:15,938 - BO_format_1::INFO -- [Batch] : Prepare Injection Queue --> AgNO3,0mM,5000uL,200uL/s
2023-07-02 21:53:20,335 - BO_format_1::INFO -- [Batch] : Start Injection Queue --> AgNO3,0mM,650μL,150μL/s
2023-07-02 21:53:25,643 - BO_format_1::INFO -- [Batch] : Finish Injection Queue
2023-07-02 21:53:26,645 - BO_format_1::INFO -- [Batch] : Start React:1s
2023-07-02 21:53:26,646 - BO_format_1::INFO -- [Batch] : Start React:1s
2023-07-02 21:53:26,647 - BO_format_1::INFO -- [Batch] : Start React:1s
2023-07-02 21:53:26,647 - BO_format_1::INFO -- [Batch] : Start React:1s
2023-07-02 21:53:46,666 - BO_format_1::INFO -- [Batch] : check React:1s
2023-07-02 21:53:46,667 - BO_format_1::INFO -- [Batch] : check React:1s
2023-07-02 21:53:46,668 - BO_format_1::INFO -- [Batch] : check React:1s
2023-07-02 21:53:46,668 - BO_format_1::INFO -- [Batch] : check React:1s
2023-07-02 21:53:49,963 - BO_format_1::INFO -- [Batch] : Finish React:1s
