2023-07-02 22:13:38,688 - BO_format_1::INFO -- [JobExecution] : [jobID=0] Algorithm, model : BayesianOptimization, batchSize : 4
2023-07-02 22:13:38,694 - BO_format_1::INFO -- [JobExecution] : ######### Cycle start #########
2023-07-02 22:13:38,694 - BO_format_1::INFO -- [Algorithm] : utility_type=ucb, iter_num=0, batchSize=4
2023-07-02 22:13:38,695 - BO_format_1::INFO -- [Algorithm [0]] : next_point 0: {'AddSolution=AgNO3_Concentration': 0, 'AddSolution=AgNO3_Volume': 750, 'AddSolution=AgNO3_Injectionrate': 150}
2023-07-02 22:13:38,705 - BO_format_1::INFO -- [Algorithm [1]] : next_point 1: {'AddSolution=AgNO3_Concentration': 0, 'AddSolution=AgNO3_Volume': 800, 'AddSolution=AgNO3_Injectionrate': 100}
2023-07-02 22:13:38,715 - BO_format_1::INFO -- [Algorithm [2]] : next_point 2: {'AddSolution=AgNO3_Concentration': 0, 'AddSolution=AgNO3_Volume': 1150, 'AddSolution=AgNO3_Injectionrate': 150}
2023-07-02 22:13:38,725 - BO_format_1::INFO -- [Algorithm [3]] : next_point 3: {'AddSolution=AgNO3_Concentration': 0, 'AddSolution=AgNO3_Volume': 650, 'AddSolution=AgNO3_Injectionrate': 150}
2023-07-02 22:13:38,773 - BO_format_1::INFO -- [RecipeGenerator] : Allocate all of process based on job script!
2023-07-02 22:13:38,774 - BO_format_1::INFO -- [JobExecution] : ######### Cycle 1/1 is running #########
2023-07-02 22:13:38,789 - BO_format_1::INFO -- [TaskScheduler] : check location: {'BatchSynthesis': {'Stirrer': ['?', '?', '?', '?', '?', '?', '?', '?', '?', '?', '?', '?', '?', '?', '?', '?'], 'vialHolder': ['?', '?', '?', '?', '?', '?', '?', '?']}, 'UV': {'vialHolder': ['?', '?', '?', '?', '?', '?', '?', '?']}}
2023-07-02 22:13:38,804 - BO_format_1::INFO -- [TaskScheduler] : BatchSynthesis allocate location: {'Stirrer': [0, 1, 2, 3], 'vialHolder': [0, 1, 2, 3]}
2023-07-02 22:13:38,897 - BO_format_1::INFO -- [Batch] : vial_num_list: [0, 1, 2, 3]
2023-07-02 22:13:38,907 - BO_format_1::INFO -- [Batch] : line_num_list: [0, 0, 0, 0]
2023-07-02 22:13:38,917 - BO_format_1::INFO -- [Batch] : vialHolder_list: [0, 1, 2, 3]
2023-07-02 22:13:38,927 - BO_format_1::INFO -- [Batch] : Start Robot Queue : storage_empty_to_stirrer is started.
2023-07-02 22:13:45,890 - BO_format_1::INFO -- [Batch] : Finish Robot Queue : Batch motion (storage_empty_to_stirrer) is done.
2023-07-02 22:13:46,018 - BO_format_1::INFO -- [Batch] : Start Robot Queue : storage_empty_to_stirrer is started.
2023-07-02 22:13:52,616 - BO_format_1::INFO -- [Batch] : Finish Robot Queue : Batch motion (storage_empty_to_stirrer) is done.
2023-07-02 22:13:52,749 - BO_format_1::INFO -- [Batch] : Start Robot Queue : storage_empty_to_stirrer is started.
2023-07-02 22:13:59,545 - BO_format_1::INFO -- [Batch] : Finish Robot Queue : Batch motion (storage_empty_to_stirrer) is done.
2023-07-02 22:13:59,684 - BO_format_1::INFO -- [Batch] : Start Robot Queue : storage_empty_to_stirrer is started.
2023-07-02 22:14:06,302 - BO_format_1::INFO -- [Batch] : Finish Robot Queue : Batch motion (storage_empty_to_stirrer) is done.
2023-07-02 22:14:06,415 - BO_format_1::INFO -- [Batch] : Prepare Injection Queue --> Citrate,0.02mM,5000uL,200uL/s
2023-07-02 22:14:10,585 - BO_format_1::INFO -- [Batch] : Start Injection Queue --> Citrate,0.02mM,1200μL,200μL/s
2023-07-02 22:14:15,984 - BO_format_1::INFO -- [Batch] : Finish Injection Queue
2023-07-02 22:14:17,078 - BO_format_1::INFO -- [Batch] : Prepare Injection Queue --> Citrate,0.02mM,5000uL,200uL/s
2023-07-02 22:14:21,399 - BO_format_1::INFO -- [Batch] : Start Injection Queue --> Citrate,0.02mM,1200μL,200μL/s
2023-07-02 22:14:26,711 - BO_format_1::INFO -- [Batch] : Finish Injection Queue
2023-07-02 22:14:27,820 - BO_format_1::INFO -- [Batch] : Prepare Injection Queue --> Citrate,0.02mM,5000uL,200uL/s
2023-07-02 22:14:31,962 - BO_format_1::INFO -- [Batch] : Start Injection Queue --> Citrate,0.02mM,1200μL,200μL/s
2023-07-02 22:14:37,487 - BO_format_1::INFO -- [Batch] : Finish Injection Queue
2023-07-02 22:14:38,596 - BO_format_1::INFO -- [Batch] : Prepare Injection Queue --> Citrate,0.02mM,5000uL,200uL/s
2023-07-02 22:14:42,830 - BO_format_1::INFO -- [Batch] : Start Injection Queue --> Citrate,0.02mM,1200μL,200μL/s
2023-07-02 22:14:48,287 - BO_format_1::INFO -- [Batch] : Finish Injection Queue
2023-07-02 22:14:49,386 - BO_format_1::INFO -- [Batch] : Prepare Injection Queue --> H2O2,0.375mM,5000uL,200uL/s
2023-07-02 22:14:53,622 - BO_format_1::INFO -- [Batch] : Start Injection Queue --> H2O2,0.375mM,1200μL,200μL/s
2023-07-02 22:14:59,096 - BO_format_1::INFO -- [Batch] : Finish Injection Queue
2023-07-02 22:15:00,204 - BO_format_1::INFO -- [Batch] : Prepare Injection Queue --> H2O2,0.375mM,5000uL,200uL/s
2023-07-02 22:15:04,547 - BO_format_1::INFO -- [Batch] : Start Injection Queue --> H2O2,0.375mM,1200μL,200μL/s
2023-07-02 22:15:09,767 - BO_format_1::INFO -- [Batch] : Finish Injection Queue
2023-07-02 22:15:10,875 - BO_format_1::INFO -- [Batch] : Prepare Injection Queue --> H2O2,0.375mM,5000uL,200uL/s
2023-07-02 22:15:15,227 - BO_format_1::INFO -- [Batch] : Start Injection Queue --> H2O2,0.375mM,1200μL,200μL/s
2023-07-02 22:15:20,756 - BO_format_1::INFO -- [Batch] : Finish Injection Queue
2023-07-02 22:15:21,862 - BO_format_1::INFO -- [Batch] : Prepare Injection Queue --> H2O2,0.375mM,5000uL,200uL/s
2023-07-02 22:15:26,460 - BO_format_1::INFO -- [Batch] : Start Injection Queue --> H2O2,0.375mM,1200μL,200μL/s
2023-07-02 22:15:31,982 - BO_format_1::INFO -- [Batch] : Finish Injection Queue
2023-07-02 22:15:33,091 - BO_format_1::INFO -- [Batch] : Prepare Injection Queue --> NaBH4,0.01mM,5000uL,200uL/s
2023-07-02 22:15:37,293 - BO_format_1::INFO -- [Batch] : Start Injection Queue --> NaBH4,0.01mM,3000μL,200μL/s
2023-07-02 22:15:42,952 - BO_format_1::INFO -- [Batch] : Finish Injection Queue
2023-07-02 22:15:44,061 - BO_format_1::INFO -- [Batch] : Prepare Injection Queue --> NaBH4,0.01mM,5000uL,200uL/s
2023-07-02 22:15:48,348 - BO_format_1::INFO -- [Batch] : Start Injection Queue --> NaBH4,0.01mM,3000μL,200μL/s
2023-07-02 22:15:53,811 - BO_format_1::INFO -- [Batch] : Finish Injection Queue
2023-07-02 22:15:54,904 - BO_format_1::INFO -- [Batch] : Prepare Injection Queue --> NaBH4,0.01mM,5000uL,200uL/s
2023-07-02 22:15:59,228 - BO_format_1::INFO -- [Batch] : Start Injection Queue --> NaBH4,0.01mM,3000μL,200μL/s
2023-07-02 22:16:04,806 - BO_format_1::INFO -- [Batch] : Finish Injection Queue
2023-07-02 22:16:05,926 - BO_format_1::INFO -- [Batch] : Prepare Injection Queue --> NaBH4,0.01mM,5000uL,200uL/s
2023-07-02 22:16:10,071 - BO_format_1::INFO -- [Batch] : Start Injection Queue --> NaBH4,0.01mM,3000μL,200μL/s
2023-07-02 22:16:15,645 - BO_format_1::INFO -- [Batch] : Finish Injection Queue
2023-07-02 22:16:16,693 - BO_format_1::INFO -- [Batch] : Start Stir Queue 0 (Stirrer)
2023-07-02 22:16:17,890 - BO_format_1::INFO -- [Batch] : Start Stir Queue 1 (Stirrer)
2023-07-02 22:16:19,086 - BO_format_1::INFO -- [Batch] : Start Stir Queue 2 (Stirrer)
2023-07-02 22:16:20,298 - BO_format_1::INFO -- [Batch] : Start Stir Queue 3 (Stirrer)
2023-07-02 22:16:21,524 - BO_format_1::INFO -- [Batch] : Finish Stir Queue 0 (Stirrer)
2023-07-02 22:16:21,535 - BO_format_1::INFO -- [Batch] : Finish Stir Queue 1 (Stirrer)
2023-07-02 22:16:21,545 - BO_format_1::INFO -- [Batch] : Finish Stir Queue 2 (Stirrer)
2023-07-02 22:16:21,555 - BO_format_1::INFO -- [Batch] : Finish Stir Queue 3 (Stirrer)
2023-07-02 22:16:21,565 - BO_format_1::INFO -- [Batch] : Start Heat Queue 0 (Stirrer)
2023-07-02 22:16:22,851 - BO_format_1::INFO -- [Batch] : Start Heat Queue 1 (Stirrer)
2023-07-02 22:16:23,933 - BO_format_1::INFO -- [Batch] : Start Heat Queue 2 (Stirrer)
2023-07-02 22:16:25,195 - BO_format_1::INFO -- [Batch] : Start Heat Queue 3 (Stirrer)
2023-07-02 22:16:26,422 - BO_format_1::INFO -- [Batch] : Finish Heat Queue 0 (Stirrer)
2023-07-02 22:16:26,432 - BO_format_1::INFO -- [Batch] : Finish Heat Queue 1 (Stirrer)
2023-07-02 22:16:26,442 - BO_format_1::INFO -- [Batch] : Finish Heat Queue 2 (Stirrer)
2023-07-02 22:16:26,452 - BO_format_1::INFO -- [Batch] : Finish Heat Queue 3 (Stirrer)
2023-07-02 22:16:26,468 - BO_format_1::INFO -- [Batch] : Start Wait:1s
2023-07-02 22:16:26,478 - BO_format_1::INFO -- [Batch] : check Wait:1s
2023-07-02 22:16:26,478 - BO_format_1::INFO -- [Batch] : Finish Wait:1s
2023-07-02 22:16:26,478 - BO_format_1::INFO -- [Batch] : Start Wait:1s
2023-07-02 22:16:26,484 - BO_format_1::INFO -- [Batch] : check Wait:1s
2023-07-02 22:16:26,484 - BO_format_1::INFO -- [Batch] : Finish Wait:1s
2023-07-02 22:16:26,494 - BO_format_1::INFO -- [Batch] : Start Wait:1s
2023-07-02 22:16:26,499 - BO_format_1::INFO -- [Batch] : check Wait:1s
2023-07-02 22:16:26,504 - BO_format_1::INFO -- [Batch] : Finish Wait:1s
2023-07-02 22:16:26,510 - BO_format_1::INFO -- [Batch] : Start Wait:1s
2023-07-02 22:16:26,535 - BO_format_1::INFO -- [Batch] : check Wait:1s
2023-07-02 22:16:26,546 - BO_format_1::INFO -- [Batch] : Finish Wait:1s
2023-07-02 22:16:26,623 - BO_format_1::INFO -- [Batch] : Prepare Injection Queue --> AgNO3,0mM,5000uL,200uL/s
2023-07-02 22:16:30,912 - BO_format_1::INFO -- [Batch] : Start Injection Queue --> AgNO3,0mM,750μL,150μL/s
2023-07-02 22:16:36,479 - BO_format_1::INFO -- [Batch] : Finish Injection Queue
2023-07-02 22:16:37,583 - BO_format_1::INFO -- [Batch] : Prepare Injection Queue --> AgNO3,0mM,5000uL,200uL/s
2023-07-02 22:16:41,965 - BO_format_1::INFO -- [Batch] : Start Injection Queue --> AgNO3,0mM,800μL,100μL/s
2023-07-02 22:16:47,234 - BO_format_1::INFO -- [Batch] : Finish Injection Queue
2023-07-02 22:16:48,333 - BO_format_1::INFO -- [Batch] : Prepare Injection Queue --> AgNO3,0mM,5000uL,200uL/s
2023-07-02 22:16:52,601 - BO_format_1::INFO -- [Batch] : Start Injection Queue --> AgNO3,0mM,1150μL,150μL/s
2023-07-02 22:16:58,146 - BO_format_1::INFO -- [Batch] : Finish Injection Queue
2023-07-02 22:16:59,239 - BO_format_1::INFO -- [Batch] : Prepare Injection Queue --> AgNO3,0mM,5000uL,200uL/s
2023-07-02 22:17:03,577 - BO_format_1::INFO -- [Batch] : Start Injection Queue --> AgNO3,0mM,650μL,150μL/s
2023-07-02 22:17:09,196 - BO_format_1::INFO -- [Batch] : Finish Injection Queue
2023-07-02 22:17:10,248 - BO_format_1::INFO -- [Batch] : Start React:1s
2023-07-02 22:17:10,258 - BO_format_1::INFO -- [Batch] : Start React:1s
2023-07-02 22:17:10,279 - BO_format_1::INFO -- [Batch] : Start React:1s
2023-07-02 22:17:10,289 - BO_format_1::INFO -- [Batch] : Start React:1s
2023-07-02 22:17:15,269 - BO_format_1::INFO -- [Batch] : check React:1s
2023-07-02 22:17:15,274 - BO_format_1::INFO -- [Batch] : check React:1s
2023-07-02 22:17:15,294 - BO_format_1::INFO -- [Batch] : check React:1s
2023-07-02 22:17:15,305 - BO_format_1::INFO -- [Batch] : check React:1s
2023-07-02 22:17:19,416 - BO_format_1::INFO -- [Batch] : Finish React:1s
2023-07-02 22:17:19,431 - BO_format_1::INFO -- [Batch] : Finish React:1s
2023-07-02 22:17:19,452 - BO_format_1::INFO -- [Batch] : Finish React:1s
2023-07-02 22:17:19,477 - BO_format_1::INFO -- [Batch] : Finish React:1s
2023-07-02 22:17:19,482 - BO_format_1::INFO -- [TaskScheduler] : UV allocate location: {'Stirrer': [0, 1, 2, 3], 'vialHolder': [0, 1, 2, 3]}
2023-07-02 22:17:19,569 - BO_format_1::INFO -- [UV] : Prepare UV-VIS container
2023-07-02 22:17:34,445 - BO_format_1::INFO -- [UV] : Start UV-VIS Characterization
2023-07-02 22:17:43,469 - BO_format_1::INFO -- [UV] : 0 result : OrderedDict([('lambdamax', 742.48925), ('intensity', 0.01963409009848649), ('FWHM', 28.925767999999948)])
2023-07-02 22:17:43,479 - BO_format_1::INFO -- [UV] : Finish UV-VIS Characterization
2023-07-02 22:17:43,613 - BO_format_1::INFO -- [UV] : Prepare UV-VIS container
2023-07-02 22:17:57,272 - BO_format_1::INFO -- [UV] : Start UV-VIS Characterization
2023-07-02 22:18:06,689 - BO_format_1::INFO -- [UV] : 1 result : OrderedDict([('lambdamax', 649.029428), ('intensity', 0.02029654205902091), ('FWHM', 14.08126100000004)])
2023-07-02 22:18:06,699 - BO_format_1::INFO -- [UV] : Finish UV-VIS Characterization
2023-07-02 22:18:06,833 - BO_format_1::INFO -- [UV] : Prepare UV-VIS container
2023-07-02 22:18:20,590 - BO_format_1::INFO -- [UV] : Start UV-VIS Characterization
2023-07-02 22:18:29,662 - BO_format_1::INFO -- [UV] : 2 result : OrderedDict([('lambdamax', 744.353239), ('intensity', 0.018678493322727294), ('FWHM', 8.071350000000052)])
2023-07-02 22:18:29,672 - BO_format_1::INFO -- [UV] : Finish UV-VIS Characterization
2023-07-02 22:18:29,806 - BO_format_1::INFO -- [UV] : Prepare UV-VIS container
2023-07-02 22:18:43,602 - BO_format_1::INFO -- [UV] : Start UV-VIS Characterization
2023-07-02 22:18:52,586 - BO_format_1::INFO -- [UV] : 3 result : OrderedDict([('lambdamax', 546.925759), ('intensity', 0.018549322031638598), ('FWHM', 13.013031999999953)])
2023-07-02 22:18:52,591 - BO_format_1::INFO -- [UV] : Finish UV-VIS Characterization
