2023-07-02 22:06:51,635 - BO_format_1::INFO -- [JobExecution] : [jobID=0] Algorithm, model : BayesianOptimization, batchSize : 4
2023-07-02 22:06:51,645 - BO_format_1::INFO -- [JobExecution] : ######### Cycle start #########
2023-07-02 22:06:51,646 - BO_format_1::INFO -- [Algorithm] : utility_type=ucb, iter_num=0, batchSize=4
2023-07-02 22:06:51,656 - BO_format_1::INFO -- [Algorithm [0]] : next_point 0: {'AddSolution=AgNO3_Concentration': 0, 'AddSolution=AgNO3_Volume': 750, 'AddSolution=AgNO3_Injectionrate': 150}
2023-07-02 22:06:51,677 - BO_format_1::INFO -- [Algorithm [1]] : next_point 1: {'AddSolution=AgNO3_Concentration': 0, 'AddSolution=AgNO3_Volume': 800, 'AddSolution=AgNO3_Injectionrate': 100}
2023-07-02 22:06:51,687 - BO_format_1::INFO -- [Algorithm [2]] : next_point 2: {'AddSolution=AgNO3_Concentration': 0, 'AddSolution=AgNO3_Volume': 1150, 'AddSolution=AgNO3_Injectionrate': 150}
2023-07-02 22:06:51,697 - BO_format_1::INFO -- [Algorithm [3]] : next_point 3: {'AddSolution=AgNO3_Concentration': 0, 'AddSolution=AgNO3_Volume': 650, 'AddSolution=AgNO3_Injectionrate': 150}
2023-07-02 22:06:51,761 - BO_format_1::INFO -- [RecipeGenerator] : Allocate all of process based on job script!
2023-07-02 22:06:51,766 - BO_format_1::INFO -- [JobExecution] : ######### Cycle 1/1 is running #########
2023-07-02 22:06:51,771 - BO_format_1::INFO -- [TaskScheduler] : check location: {'BatchSynthesis': {'Stirrer': ['?', '?', '?', '?', '?', '?', '?', '?', '?', '?', '?', '?', '?', '?', '?', '?'], 'vialHolder': ['?', '?', '?', '?', '?', '?', '?', '?']}, 'UV': {'vialHolder': ['?', '?', '?', '?', '?', '?', '?', '?']}}
2023-07-02 22:06:51,787 - BO_format_1::INFO -- [TaskScheduler] : BatchSynthesis allocate location: {'Stirrer': [0, 1, 2, 3], 'vialHolder': [0, 1, 2, 3]}
2023-07-02 22:06:51,879 - BO_format_1::INFO -- [Batch] : vial_num_list: [0, 1, 2, 3]
2023-07-02 22:06:51,889 - BO_format_1::INFO -- [Batch] : line_num_list: [0, 0, 0, 0]
2023-07-02 22:06:51,899 - BO_format_1::INFO -- [Batch] : vialHolder_list: [0, 1, 2, 3]
2023-07-02 22:06:51,910 - BO_format_1::INFO -- [Batch] : Start Robot Queue : storage_empty_to_stirrer is started.
2023-07-02 22:06:58,396 - BO_format_1::INFO -- [Batch] : Finish Robot Queue : Batch motion (storage_empty_to_stirrer) is done.
2023-07-02 22:06:58,529 - BO_format_1::INFO -- [Batch] : Start Robot Queue : storage_empty_to_stirrer is started.
2023-07-02 22:07:05,220 - BO_format_1::INFO -- [Batch] : Finish Robot Queue : Batch motion (storage_empty_to_stirrer) is done.
2023-07-02 22:07:05,353 - BO_format_1::INFO -- [Batch] : Start Robot Queue : storage_empty_to_stirrer is started.
2023-07-02 22:07:12,122 - BO_format_1::INFO -- [Batch] : Finish Robot Queue : Batch motion (storage_empty_to_stirrer) is done.
2023-07-02 22:07:12,255 - BO_format_1::INFO -- [Batch] : Start Robot Queue : storage_empty_to_stirrer is started.
2023-07-02 22:07:18,866 - BO_format_1::INFO -- [Batch] : Finish Robot Queue : Batch motion (storage_empty_to_stirrer) is done.
2023-07-02 22:07:18,974 - BO_format_1::INFO -- [Batch] : Prepare Injection Queue --> Citrate,0.02mM,5000uL,200uL/s
2023-07-02 22:07:23,113 - BO_format_1::INFO -- [Batch] : Start Injection Queue --> Citrate,0.02mM,1200μL,200μL/s
2023-07-02 22:07:28,538 - BO_format_1::INFO -- [Batch] : Finish Injection Queue
2023-07-02 22:07:29,646 - BO_format_1::INFO -- [Batch] : Prepare Injection Queue --> Citrate,0.02mM,5000uL,200uL/s
2023-07-02 22:07:33,958 - BO_format_1::INFO -- [Batch] : Start Injection Queue --> Citrate,0.02mM,1200μL,200μL/s
2023-07-02 22:07:39,646 - BO_format_1::INFO -- [Batch] : Finish Injection Queue
2023-07-02 22:07:40,755 - BO_format_1::INFO -- [Batch] : Prepare Injection Queue --> Citrate,0.02mM,5000uL,200uL/s
2023-07-02 22:07:45,051 - BO_format_1::INFO -- [Batch] : Start Injection Queue --> Citrate,0.02mM,1200μL,200μL/s
2023-07-02 22:07:50,341 - BO_format_1::INFO -- [Batch] : Finish Injection Queue
2023-07-02 22:07:51,450 - BO_format_1::INFO -- [Batch] : Prepare Injection Queue --> Citrate,0.02mM,5000uL,200uL/s
2023-07-02 22:07:55,670 - BO_format_1::INFO -- [Batch] : Start Injection Queue --> Citrate,0.02mM,1200μL,200μL/s
2023-07-02 22:08:00,839 - BO_format_1::INFO -- [Batch] : Finish Injection Queue
2023-07-02 22:08:01,948 - BO_format_1::INFO -- [Batch] : Prepare Injection Queue --> H2O2,0.375mM,5000uL,200uL/s
2023-07-02 22:08:06,309 - BO_format_1::INFO -- [Batch] : Start Injection Queue --> H2O2,0.375mM,1200μL,200μL/s
2023-07-02 22:08:11,761 - BO_format_1::INFO -- [Batch] : Finish Injection Queue
2023-07-02 22:08:12,870 - BO_format_1::INFO -- [Batch] : Prepare Injection Queue --> H2O2,0.375mM,5000uL,200uL/s
2023-07-02 22:08:17,096 - BO_format_1::INFO -- [Batch] : Start Injection Queue --> H2O2,0.375mM,1200μL,200μL/s
2023-07-02 22:08:22,474 - BO_format_1::INFO -- [Batch] : Finish Injection Queue
2023-07-02 22:08:23,578 - BO_format_1::INFO -- [Batch] : Prepare Injection Queue --> H2O2,0.375mM,5000uL,200uL/s
2023-07-02 22:08:27,844 - BO_format_1::INFO -- [Batch] : Start Injection Queue --> H2O2,0.375mM,1200μL,200μL/s
2023-07-02 22:08:33,125 - BO_format_1::INFO -- [Batch] : Finish Injection Queue
2023-07-02 22:08:34,239 - BO_format_1::INFO -- [Batch] : Prepare Injection Queue --> H2O2,0.375mM,5000uL,200uL/s
2023-07-02 22:08:38,365 - BO_format_1::INFO -- [Batch] : Start Injection Queue --> H2O2,0.375mM,1200μL,200μL/s
2023-07-02 22:08:43,913 - BO_format_1::INFO -- [Batch] : Finish Injection Queue
2023-07-02 22:08:45,022 - BO_format_1::INFO -- [Batch] : Prepare Injection Queue --> NaBH4,0.01mM,5000uL,200uL/s
2023-07-02 22:08:49,148 - BO_format_1::INFO -- [Batch] : Start Injection Queue --> NaBH4,0.01mM,3000μL,200μL/s
2023-07-02 22:08:54,504 - BO_format_1::INFO -- [Batch] : Finish Injection Queue
2023-07-02 22:08:55,613 - BO_format_1::INFO -- [Batch] : Prepare Injection Queue --> NaBH4,0.01mM,5000uL,200uL/s
2023-07-02 22:08:59,793 - BO_format_1::INFO -- [Batch] : Start Injection Queue --> NaBH4,0.01mM,3000μL,200μL/s
2023-07-02 22:09:05,230 - BO_format_1::INFO -- [Batch] : Finish Injection Queue
2023-07-02 22:09:06,339 - BO_format_1::INFO -- [Batch] : Prepare Injection Queue --> NaBH4,0.01mM,5000uL,200uL/s
2023-07-02 22:09:10,717 - BO_format_1::INFO -- [Batch] : Start Injection Queue --> NaBH4,0.01mM,3000μL,200μL/s
2023-07-02 22:09:16,152 - BO_format_1::INFO -- [Batch] : Finish Injection Queue
2023-07-02 22:09:17,231 - BO_format_1::INFO -- [Batch] : Prepare Injection Queue --> NaBH4,0.01mM,5000uL,200uL/s
2023-07-02 22:09:21,477 - BO_format_1::INFO -- [Batch] : Start Injection Queue --> NaBH4,0.01mM,3000μL,200μL/s
2023-07-02 22:09:27,135 - BO_format_1::INFO -- [Batch] : Finish Injection Queue
2023-07-02 22:09:28,183 - BO_format_1::INFO -- [Batch] : Start Stir Queue 0 (Stirrer)
2023-07-02 22:09:29,269 - BO_format_1::INFO -- [Batch] : Start Stir Queue 1 (Stirrer)
2023-07-02 22:09:30,462 - BO_format_1::INFO -- [Batch] : Start Stir Queue 2 (Stirrer)
2023-07-02 22:09:31,557 - BO_format_1::INFO -- [Batch] : Start Stir Queue 3 (Stirrer)
2023-07-02 22:09:32,717 - BO_format_1::INFO -- [Batch] : Finish Stir Queue 0 (Stirrer)
2023-07-02 22:09:32,728 - BO_format_1::INFO -- [Batch] : Finish Stir Queue 1 (Stirrer)
2023-07-02 22:09:32,738 - BO_format_1::INFO -- [Batch] : Finish Stir Queue 2 (Stirrer)
2023-07-02 22:09:32,748 - BO_format_1::INFO -- [Batch] : Finish Stir Queue 3 (Stirrer)
2023-07-02 22:09:32,758 - BO_format_1::INFO -- [Batch] : Start Heat Queue 0 (Stirrer)
2023-07-02 22:09:33,954 - BO_format_1::INFO -- [Batch] : Start Heat Queue 1 (Stirrer)
2023-07-02 22:09:35,286 - BO_format_1::INFO -- [Batch] : Start Heat Queue 2 (Stirrer)
2023-07-02 22:09:36,356 - BO_format_1::INFO -- [Batch] : Start Heat Queue 3 (Stirrer)
2023-07-02 22:09:37,485 - BO_format_1::INFO -- [Batch] : Finish Heat Queue 0 (Stirrer)
2023-07-02 22:09:37,496 - BO_format_1::INFO -- [Batch] : Finish Heat Queue 1 (Stirrer)
2023-07-02 22:09:37,506 - BO_format_1::INFO -- [Batch] : Finish Heat Queue 2 (Stirrer)
2023-07-02 22:09:37,516 - BO_format_1::INFO -- [Batch] : Finish Heat Queue 3 (Stirrer)
2023-07-02 22:09:37,532 - BO_format_1::INFO -- [Batch] : Start Wait:1s
2023-07-02 22:09:37,537 - BO_format_1::INFO -- [Batch] : Start Wait:1s
2023-07-02 22:09:37,542 - BO_format_1::INFO -- [Batch] : check Wait:1s
2023-07-02 22:09:37,558 - BO_format_1::INFO -- [Batch] : Start Wait:1s
2023-07-02 22:09:37,563 - BO_format_1::INFO -- [Batch] : check Wait:1s
2023-07-02 22:09:37,563 - BO_format_1::INFO -- [Batch] : Start Wait:1s
2023-07-02 22:09:37,573 - BO_format_1::INFO -- [Batch] : Finish Wait:1s
2023-07-02 22:09:37,584 - BO_format_1::INFO -- [Batch] : check Wait:1s
2023-07-02 22:09:37,599 - BO_format_1::INFO -- [Batch] : Finish Wait:1s
2023-07-02 22:09:37,604 - BO_format_1::INFO -- [Batch] : check Wait:1s
2023-07-02 22:09:37,615 - BO_format_1::INFO -- [Batch] : Finish Wait:1s
2023-07-02 22:09:37,636 - BO_format_1::INFO -- [Batch] : Finish Wait:1s
2023-07-02 22:09:37,718 - BO_format_1::INFO -- [Batch] : Prepare Injection Queue --> AgNO3,0mM,5000uL,200uL/s
2023-07-02 22:09:41,811 - BO_format_1::INFO -- [Batch] : Start Injection Queue --> AgNO3,0mM,750μL,150μL/s
2023-07-02 22:09:47,246 - BO_format_1::INFO -- [Batch] : Finish Injection Queue
2023-07-02 22:09:48,355 - BO_format_1::INFO -- [Batch] : Prepare Injection Queue --> AgNO3,0mM,5000uL,200uL/s
2023-07-02 22:09:52,591 - BO_format_1::INFO -- [Batch] : Start Injection Queue --> AgNO3,0mM,800μL,100μL/s
2023-07-02 22:09:57,910 - BO_format_1::INFO -- [Batch] : Finish Injection Queue
2023-07-02 22:09:59,013 - BO_format_1::INFO -- [Batch] : Prepare Injection Queue --> AgNO3,0mM,5000uL,200uL/s
2023-07-02 22:10:03,185 - BO_format_1::INFO -- [Batch] : Start Injection Queue --> AgNO3,0mM,1150μL,150μL/s
2023-07-02 22:10:08,680 - BO_format_1::INFO -- [Batch] : Finish Injection Queue
2023-07-02 22:10:09,784 - BO_format_1::INFO -- [Batch] : Prepare Injection Queue --> AgNO3,0mM,5000uL,200uL/s
2023-07-02 22:10:13,961 - BO_format_1::INFO -- [Batch] : Start Injection Queue --> AgNO3,0mM,650μL,150μL/s
2023-07-02 22:10:19,288 - BO_format_1::INFO -- [Batch] : Finish Injection Queue
2023-07-02 22:10:20,341 - BO_format_1::INFO -- [Batch] : Start React:1s
2023-07-02 22:10:20,346 - BO_format_1::INFO -- [Batch] : Start React:1s
2023-07-02 22:10:20,366 - BO_format_1::INFO -- [Batch] : Start React:1s
2023-07-02 22:10:20,377 - BO_format_1::INFO -- [Batch] : Start React:1s
2023-07-02 22:10:40,392 - BO_format_1::INFO -- [Batch] : check React:1s
2023-07-02 22:10:40,417 - BO_format_1::INFO -- [Batch] : check React:1s
2023-07-02 22:10:40,428 - BO_format_1::INFO -- [Batch] : check React:1s
2023-07-02 22:10:40,447 - BO_format_1::INFO -- [Batch] : check React:1s
2023-07-02 22:10:47,866 - BO_format_1::INFO -- [Batch] : Finish React:1s
