2023-07-02 21:37:53,855 - BO_format_1::INFO -- [JobExecution] : [jobID=0] Algorithm, model : BayesianOptimization, batchSize : 4
2023-07-02 21:37:53,860 - BO_format_1::INFO -- [JobExecution] : ######### Cycle start #########
2023-07-02 21:37:53,860 - BO_format_1::INFO -- [Algorithm] : utility_type=ucb, iter_num=0, batchSize=4
2023-07-02 21:37:53,861 - BO_format_1::INFO -- [Algorithm [0]] : next_point 0: {'AddSolution=AgNO3_Concentration': 0, 'AddSolution=AgNO3_Volume': 750, 'AddSolution=AgNO3_Injectionrate': 150}
2023-07-02 21:37:53,886 - BO_format_1::INFO -- [Algorithm [1]] : next_point 1: {'AddSolution=AgNO3_Concentration': 0, 'AddSolution=AgNO3_Volume': 800, 'AddSolution=AgNO3_Injectionrate': 100}
2023-07-02 21:37:53,897 - BO_format_1::INFO -- [Algorithm [2]] : next_point 2: {'AddSolution=AgNO3_Concentration': 0, 'AddSolution=AgNO3_Volume': 1150, 'AddSolution=AgNO3_Injectionrate': 150}
2023-07-02 21:37:53,907 - BO_format_1::INFO -- [Algorithm [3]] : next_point 3: {'AddSolution=AgNO3_Concentration': 0, 'AddSolution=AgNO3_Volume': 650, 'AddSolution=AgNO3_Injectionrate': 150}
2023-07-02 21:37:53,945 - BO_format_1::INFO -- [RecipeGenerator] : Allocate all of process based on job script!
2023-07-02 21:37:53,950 - BO_format_1::INFO -- [JobExecution] : ######### Cycle 1/1 is running #########
2023-07-02 21:37:53,970 - BO_format_1::INFO -- [TaskScheduler] : check location: {'BatchSynthesis': {'Stirrer': ['?', '?', '?', '?', '?', '?', '?', '?', '?', '?', '?', '?', '?', '?', '?', '?'], 'vialHolder': ['?', '?', '?', '?', '?', '?', '?', '?']}, 'UV': {'vialHolder': ['?', '?', '?', '?', '?', '?', '?', '?']}}
2023-07-02 21:37:53,986 - BO_format_1::INFO -- [TaskScheduler] : BatchSynthesis allocate location: {'Stirrer': [0, 1, 2, 3], 'vialHolder': [0, 1, 2, 3]}
2023-07-02 21:37:53,996 - BO_format_1::INFO -- [Batch] : Start Robot Queue : Batch motion (storage_empty_to_stirrer) is started.
2023-07-02 21:37:54,089 - BO_format_1::INFO -- [Batch] : vial_num_list: [0, 1, 2, 3]
2023-07-02 21:37:54,099 - BO_format_1::INFO -- [Batch] : line_num_list: [0, 0, 0, 0]
2023-07-02 21:37:54,109 - BO_format_1::INFO -- [Batch] : vialHolder_list: [0, 1, 2, 3]
2023-07-02 21:38:00,743 - BO_format_1::INFO -- [Batch] : Finish Robot Queue : Batch motion (storage_empty_to_stirrer) is done.
2023-07-02 21:38:00,789 - BO_format_1::INFO -- [Batch] : Start Robot Queue : Batch motion (storage_empty_to_stirrer) is started.
2023-07-02 21:38:40,096 - BO_format_1::INFO -- [Batch] : Finish Robot Queue : Batch motion (storage_empty_to_stirrer) is done.
2023-07-02 21:38:40,098 - BO_format_1::INFO -- [Batch] : Start Robot Queue : Batch motion (storage_empty_to_stirrer) is started.
2023-07-02 21:38:46,661 - BO_format_1::INFO -- [Batch] : Finish Robot Queue : Batch motion (storage_empty_to_stirrer) is done.
2023-07-02 21:38:46,663 - BO_format_1::INFO -- [Batch] : Start Robot Queue : Batch motion (storage_empty_to_stirrer) is started.
2023-07-02 21:38:53,044 - BO_format_1::INFO -- [Batch] : Finish Robot Queue : Batch motion (storage_empty_to_stirrer) is done.
2023-07-02 21:38:59,490 - BO_format_1::INFO -- [Batch] : Prepare Injection Queue --> Citrate,0.02mM,5000uL,200uL/s
2023-07-02 21:39:03,540 - BO_format_1::INFO -- [Batch] : Start Injection Queue --> Citrate,0.02mM,1200μL,200μL/s
2023-07-02 21:39:08,722 - BO_format_1::INFO -- [Batch] : Finish Injection Queue
2023-07-02 21:39:18,571 - BO_format_1::INFO -- [Batch] : Prepare Injection Queue --> Citrate,0.02mM,5000uL,200uL/s
2023-07-02 21:39:22,780 - BO_format_1::INFO -- [Batch] : Start Injection Queue --> Citrate,0.02mM,1200μL,200μL/s
2023-07-02 21:39:28,438 - BO_format_1::INFO -- [Batch] : Finish Injection Queue
2023-07-02 21:39:38,441 - BO_format_1::INFO -- [Batch] : Prepare Injection Queue --> Citrate,0.02mM,5000uL,200uL/s
2023-07-02 21:39:42,783 - BO_format_1::INFO -- [Batch] : Start Injection Queue --> Citrate,0.02mM,1200μL,200μL/s
2023-07-02 21:39:48,329 - BO_format_1::INFO -- [Batch] : Finish Injection Queue
2023-07-02 21:39:58,282 - BO_format_1::INFO -- [Batch] : Prepare Injection Queue --> Citrate,0.02mM,5000uL,200uL/s
2023-07-02 21:40:02,655 - BO_format_1::INFO -- [Batch] : Start Injection Queue --> Citrate,0.02mM,1200μL,200μL/s
2023-07-02 21:40:08,200 - BO_format_1::INFO -- [Batch] : Finish Injection Queue
2023-07-02 21:40:18,301 - BO_format_1::INFO -- [Batch] : Prepare Injection Queue --> H2O2,0.375mM,5000uL,200uL/s
2023-07-02 21:40:22,607 - BO_format_1::INFO -- [Batch] : Start Injection Queue --> H2O2,0.375mM,1200μL,200μL/s
2023-07-02 21:40:28,098 - BO_format_1::INFO -- [Batch] : Finish Injection Queue
2023-07-02 21:40:29,317 - BO_format_1::INFO -- [Batch] : Prepare Injection Queue --> H2O2,0.375mM,5000uL,200uL/s
2023-07-02 21:40:33,883 - BO_format_1::INFO -- [Batch] : Start Injection Queue --> H2O2,0.375mM,1200μL,200μL/s
2023-07-02 21:40:39,457 - BO_format_1::INFO -- [Batch] : Finish Injection Queue
2023-07-02 21:40:40,571 - BO_format_1::INFO -- [Batch] : Prepare Injection Queue --> H2O2,0.375mM,5000uL,200uL/s
2023-07-02 21:40:44,678 - BO_format_1::INFO -- [Batch] : Start Injection Queue --> H2O2,0.375mM,1200μL,200μL/s
2023-07-02 21:40:50,267 - BO_format_1::INFO -- [Batch] : Finish Injection Queue
2023-07-02 21:40:51,376 - BO_format_1::INFO -- [Batch] : Prepare Injection Queue --> H2O2,0.375mM,5000uL,200uL/s
2023-07-02 21:40:55,638 - BO_format_1::INFO -- [Batch] : Start Injection Queue --> H2O2,0.375mM,1200μL,200μL/s
2023-07-02 21:41:01,069 - BO_format_1::INFO -- [Batch] : Finish Injection Queue
2023-07-02 21:41:02,183 - BO_format_1::INFO -- [Batch] : Prepare Injection Queue --> NaBH4,0.01mM,5000uL,200uL/s
2023-07-02 21:41:06,601 - BO_format_1::INFO -- [Batch] : Start Injection Queue --> NaBH4,0.01mM,3000μL,200μL/s
2023-07-02 21:41:12,133 - BO_format_1::INFO -- [Batch] : Finish Injection Queue
2023-07-02 21:41:13,237 - BO_format_1::INFO -- [Batch] : Prepare Injection Queue --> NaBH4,0.01mM,5000uL,200uL/s
2023-07-02 21:41:17,575 - BO_format_1::INFO -- [Batch] : Start Injection Queue --> NaBH4,0.01mM,3000μL,200μL/s
2023-07-02 21:41:22,397 - BO_format_1::INFO -- [JobExecution] : [jobID=2] Algorithm, model : BayesianOptimization, batchSize : 4
2023-07-02 21:41:22,413 - BO_format_1::INFO -- [JobExecution] : ######### Cycle start #########
2023-07-02 21:41:22,413 - BO_format_1::INFO -- [Algorithm] : utility_type=ucb, iter_num=0, batchSize=4
2023-07-02 21:41:22,413 - BO_format_1::INFO -- [Algorithm [0]] : next_point 0: {'AddSolution=AgNO3_Concentration': 0, 'AddSolution=AgNO3_Volume': 750, 'AddSolution=AgNO3_Injectionrate': 150}
2023-07-02 21:41:22,413 - BO_format_1::INFO -- [Algorithm [1]] : next_point 1: {'AddSolution=AgNO3_Concentration': 0, 'AddSolution=AgNO3_Volume': 800, 'AddSolution=AgNO3_Injectionrate': 100}
2023-07-02 21:41:22,413 - BO_format_1::INFO -- [Algorithm [2]] : next_point 2: {'AddSolution=AgNO3_Concentration': 0, 'AddSolution=AgNO3_Volume': 1150, 'AddSolution=AgNO3_Injectionrate': 150}
2023-07-02 21:41:22,413 - BO_format_1::INFO -- [Algorithm [3]] : next_point 3: {'AddSolution=AgNO3_Concentration': 0, 'AddSolution=AgNO3_Volume': 650, 'AddSolution=AgNO3_Injectionrate': 150}
2023-07-02 21:41:22,417 - BO_format_1::INFO -- [RecipeGenerator] : Allocate all of process based on job script!
2023-07-02 21:41:22,417 - BO_format_1::INFO -- [JobExecution] : ######### Cycle 1/1 is running #########
2023-07-02 21:41:22,417 - BO_format_1::INFO -- [TaskScheduler] : check location: {'BatchSynthesis': {'Stirrer': [0, 0, 0, 0, 1, 1, 1, 1, '?', '?', '?', '?', '?', '?', '?', '?'], 'vialHolder': [0, 0, 0, 0, 1, 1, 1, 1]}, 'UV': {'vialHolder': [0, 0, 0, 0, 1, 1, 1, 1]}}
2023-07-02 21:41:23,290 - BO_format_1::INFO -- [Batch] : Finish Injection Queue
2023-07-02 21:41:25,917 - BO_format_1::INFO -- [Batch] : Prepare Injection Queue --> NaBH4,0.01mM,5000uL,200uL/s
2023-07-02 21:41:32,442 - BO_format_1::INFO -- [Batch] : Start Injection Queue --> NaBH4,0.01mM,3000μL,200μL/s
2023-07-02 21:41:41,059 - BO_format_1::INFO -- [Batch] : Finish Injection Queue
2023-07-02 21:41:43,753 - BO_format_1::INFO -- [Batch] : Prepare Injection Queue --> NaBH4,0.01mM,5000uL,200uL/s
2023-07-02 21:41:51,230 - BO_format_1::INFO -- [Batch] : Start Injection Queue --> NaBH4,0.01mM,3000μL,200μL/s
2023-07-02 21:42:00,213 - BO_format_1::INFO -- [Batch] : Finish Injection Queue
2023-07-02 21:42:02,315 - BO_format_1::INFO -- [Batch] : Start Stir Queue 0 (Stirrer)
2023-07-02 21:42:04,551 - BO_format_1::INFO -- [Batch] : Start Stir Queue 1 (Stirrer)
2023-07-02 21:42:07,602 - BO_format_1::INFO -- [Batch] : Start Stir Queue 2 (Stirrer)
2023-07-02 21:42:09,413 - BO_format_1::INFO -- [Batch] : Start Stir Queue 3 (Stirrer)
2023-07-02 21:42:11,736 - BO_format_1::INFO -- [Batch] : Finish Stir Queue 0 (Stirrer)
2023-07-02 21:42:12,197 - BO_format_1::INFO -- [Batch] : Finish Stir Queue 1 (Stirrer)
2023-07-02 21:42:12,450 - BO_format_1::INFO -- [Batch] : Finish Stir Queue 2 (Stirrer)
2023-07-02 21:42:12,450 - BO_format_1::INFO -- [Batch] : Finish Stir Queue 3 (Stirrer)
2023-07-02 21:42:12,450 - BO_format_1::INFO -- [Batch] : Start Heat Queue 0 (Stirrer)
2023-07-02 21:42:14,169 - BO_format_1::INFO -- [Batch] : Start Heat Queue 1 (Stirrer)
2023-07-02 21:42:16,053 - BO_format_1::INFO -- [Batch] : Start Heat Queue 2 (Stirrer)
2023-07-02 21:42:19,150 - BO_format_1::INFO -- [Batch] : Start Heat Queue 3 (Stirrer)
2023-07-02 21:42:21,409 - BO_format_1::INFO -- [Batch] : Finish Heat Queue 0 (Stirrer)
2023-07-02 21:42:21,561 - BO_format_1::INFO -- [Batch] : Finish Heat Queue 1 (Stirrer)
2023-07-02 21:42:21,813 - BO_format_1::INFO -- [Batch] : Finish Heat Queue 2 (Stirrer)
2023-07-02 21:42:21,870 - BO_format_1::INFO -- [Batch] : Finish Heat Queue 3 (Stirrer)
2023-07-02 21:42:21,997 - BO_format_1::INFO -- [Batch] : Start Wait:1s
2023-07-02 21:42:21,998 - BO_format_1::INFO -- [Batch] : check Wait:1s
2023-07-02 21:42:22,080 - BO_format_1::INFO -- [Batch] : Start Wait:1s
2023-07-02 21:42:22,309 - BO_format_1::INFO -- [Batch] : Start Wait:1s
2023-07-02 21:42:22,352 - BO_format_1::INFO -- [Batch] : Start Wait:1s
2023-07-02 21:42:22,517 - BO_format_1::INFO -- [Batch] : Finish Wait:1s
2023-07-02 21:42:22,517 - BO_format_1::INFO -- [Batch] : check Wait:1s
2023-07-02 21:42:22,555 - BO_format_1::INFO -- [Batch] : check Wait:1s
2023-07-02 21:42:22,555 - BO_format_1::INFO -- [Batch] : Finish Wait:1s
2023-07-02 21:42:22,949 - BO_format_1::INFO -- [Batch] : check Wait:1s
2023-07-02 21:42:23,104 - BO_format_1::INFO -- [Batch] : Finish Wait:1s
2023-07-02 21:42:23,246 - BO_format_1::INFO -- [Batch] : Finish Wait:1s
2023-07-02 21:42:24,653 - BO_format_1::INFO -- [Batch] : Prepare Injection Queue --> AgNO3,0mM,5000uL,200uL/s
2023-07-02 21:42:34,166 - BO_format_1::INFO -- [Batch] : Start Injection Queue --> AgNO3,0mM,750μL,150μL/s
2023-07-02 21:42:41,974 - BO_format_1::INFO -- [Batch] : Finish Injection Queue
2023-07-02 21:42:47,394 - BO_format_1::INFO -- [Batch] : Prepare Injection Queue --> AgNO3,0mM,5000uL,200uL/s
2023-07-02 21:42:54,410 - BO_format_1::INFO -- [Batch] : Start Injection Queue --> AgNO3,0mM,800μL,100μL/s
2023-07-02 21:43:06,017 - BO_format_1::INFO -- [Batch] : Finish Injection Queue
2023-07-02 21:43:09,537 - BO_format_1::INFO -- [Batch] : Prepare Injection Queue --> AgNO3,0mM,5000uL,200uL/s
2023-07-02 21:43:18,229 - BO_format_1::INFO -- [Batch] : Start Injection Queue --> AgNO3,0mM,1150μL,150μL/s
2023-07-02 21:43:26,649 - BO_format_1::INFO -- [Batch] : Finish Injection Queue
2023-07-02 21:43:29,715 - BO_format_1::INFO -- [Batch] : Prepare Injection Queue --> AgNO3,0mM,5000uL,200uL/s
2023-07-02 21:43:36,256 - BO_format_1::INFO -- [Batch] : Start Injection Queue --> AgNO3,0mM,650μL,150μL/s
2023-07-02 21:43:45,690 - BO_format_1::INFO -- [Batch] : Finish Injection Queue
2023-07-02 21:43:48,263 - BO_format_1::INFO -- [Batch] : Start React:1s
2023-07-02 21:43:48,417 - BO_format_1::INFO -- [Batch] : Start React:1s
2023-07-02 21:43:48,469 - BO_format_1::INFO -- [Batch] : Start React:1s
2023-07-02 21:43:48,641 - BO_format_1::INFO -- [Batch] : Start React:1s
2023-07-02 21:44:08,515 - BO_format_1::INFO -- [Batch] : check React:1s
2023-07-02 21:44:08,589 - BO_format_1::INFO -- [Batch] : check React:1s
2023-07-02 21:44:09,272 - BO_format_1::INFO -- [Batch] : check React:1s
2023-07-02 21:44:09,281 - BO_format_1::INFO -- [Batch] : check React:1s
2023-07-02 21:44:14,485 - BO_format_1::INFO -- [Batch] : Finish React:1s
2023-07-02 21:44:14,601 - BO_format_1::INFO -- [Batch] : Finish React:1s
2023-07-02 21:44:15,717 - BO_format_1::INFO -- [Batch] : Finish React:1s
