2023-09-05 22:25:43,221 - jobID_2_UV::INFO -- [JobExecution] : [jobID=2] Algorithm, model : Automatic
2023-09-05 22:32:22,621 - jobID_2_UV::INFO -- [JobExecution] : ######### Cycle start #########
2023-09-05 22:32:22,621 - jobID_2_UV::INFO -- [Automatic] : total experiments=4
2023-09-05 22:32:22,622 - jobID_2_UV::INFO -- [ProcessGenerator] : Allocate all of process based on job script!
2023-09-05 22:32:22,622 - jobID_2_UV::INFO -- [JobExecution] : ######### [jobID_2_UV-HJ] Experiment 4 is running #########
2023-09-05 22:32:22,622 - jobID_2_UV::INFO -- [TaskScheduler] : check location: {'BatchSynthesis': {'Stirrer': ['?', '?', '?', '?', '?', '?', '?', '?'], 'vialHolder': ['?', '?', '?', '?', '?', '?', '?', '?']}, 'UV': {'vialHolder': ['?', '?', '?', '?', '?', '?', '?', '?']}}
2023-09-05 22:32:22,622 - jobID_2_UV::INFO -- [TaskScheduler] : UV is started, allocate location: {'vialHolder': [0, 1, 2, 3]}
2023-09-05 22:32:22,622 - jobID_2_UV::INFO -- [TaskScheduler] : check location after allocation: {'BatchSynthesis': {'Stirrer': ['?', '?', '?', '?', '?', '?', '?', '?'], 'vialHolder': ['?', '?', '?', '?', '?', '?', '?', '?']}, 'UV': {'vialHolder': [2, 2, 2, 2, '?', '?', '?', '?']}}
2023-09-05 22:32:24,627 - jobID_2_UV::DEBUG -- [UV-Vis] : Trasfer colloid NP to UV vialholder
2023-09-05 22:32:24,627 - jobID_2_UV::DEBUG -- [DS_B] : vialholder_batchsynthesis_to_vialholder_UV-->Start!
2023-09-05 22:32:26,706 - jobID_2_UV::DEBUG -- [DS_B] : vialholder_batchsynthesis_to_vialholder_UV-->Done!
2023-09-05 22:32:26,707 - jobID_2_UV::DEBUG -- [UV-Vis] : Prepare UV-VIS container
2023-09-05 22:32:26,707 - jobID_2_UV::DEBUG -- [DS_B] : cuvette_storage_to_cuvette_holder-->Start!
2023-09-05 22:32:28,937 - jobID_2_UV::DEBUG -- [DS_B] : cuvette_storage_to_cuvette_holder-->Done!
2023-09-05 22:32:28,939 - jobID_2_UV::DEBUG -- [DS_B] : cuvette_holder_to_UV-->Start!
2023-09-05 22:32:31,107 - jobID_2_UV::DEBUG -- [DS_B] : cuvette_holder_to_UV-->Done!
2023-09-05 22:32:31,109 - jobID_2_UV::DEBUG -- [DS_B] : UV-VIS Characterization-->Start!
2023-09-05 22:32:37,818 - jobID_2_UV::DEBUG -- [DS_B] : UV-VIS Characterization-->Done!
2023-09-05 22:32:37,820 - jobID_2_UV::DEBUG -- [DS_B] : Cuvette2ExtractSolution-->Start!
2023-09-05 22:32:37,820 - jobID_2_UV::DEBUG -- [UV-Vis] : Start UV sample preparation
2023-09-05 22:32:39,935 - jobID_2_UV::DEBUG -- [UV-Vis] : Finish UV sample preparation
2023-09-05 22:32:39,936 - jobID_2_UV::DEBUG -- [DS_B] : Cuvette2ExtractSolution-->Done!
2023-09-05 22:32:39,937 - jobID_2_UV::DEBUG -- [UV-Vis] : Start UV-VIS Characterization
2023-09-05 22:32:39,937 - jobID_2_UV::DEBUG -- [DS_B] : UV-VIS Characterization-->Start!
2023-09-05 22:32:46,637 - jobID_2_UV::DEBUG -- [DS_B] : UV-VIS Characterization-->Done!
2023-09-05 22:32:46,638 - jobID_2_UV::DEBUG -- [DS_B] : UV_to_cuvette_storage-->Start!
2023-09-05 22:32:48,862 - jobID_2_UV::DEBUG -- [DS_B] : UV_to_cuvette_storage-->Done!
2023-09-05 22:32:48,865 - jobID_2_UV::DEBUG -- [UV-Vis] : 0 result : OrderedDict([('lambdamax', 327.313), ('intensity', 0.022999708831185888), ('FWHM', 19.621373000000006)])
2023-09-05 22:32:48,865 - jobID_2_UV::DEBUG -- [UV-Vis] : Finish UV-VIS Characterization
2023-09-05 22:32:50,870 - jobID_2_UV::DEBUG -- [UV-Vis] : Trasfer colloid NP to UV vialholder
2023-09-05 22:32:50,871 - jobID_2_UV::DEBUG -- [DS_B] : vialholder_batchsynthesis_to_vialholder_UV-->Start!
2023-09-05 22:32:53,224 - jobID_2_UV::DEBUG -- [DS_B] : vialholder_batchsynthesis_to_vialholder_UV-->Done!
2023-09-05 22:32:53,224 - jobID_2_UV::DEBUG -- [UV-Vis] : Prepare UV-VIS container
2023-09-05 22:32:53,225 - jobID_2_UV::DEBUG -- [DS_B] : cuvette_storage_to_cuvette_holder-->Start!
2023-09-05 22:32:55,377 - jobID_2_UV::DEBUG -- [DS_B] : cuvette_storage_to_cuvette_holder-->Done!
2023-09-05 22:32:55,379 - jobID_2_UV::DEBUG -- [DS_B] : cuvette_holder_to_UV-->Start!
2023-09-05 22:32:57,476 - jobID_2_UV::DEBUG -- [DS_B] : cuvette_holder_to_UV-->Done!
2023-09-05 22:32:57,478 - jobID_2_UV::DEBUG -- [DS_B] : UV-VIS Characterization-->Start!
2023-09-05 22:33:04,187 - jobID_2_UV::DEBUG -- [DS_B] : UV-VIS Characterization-->Done!
2023-09-05 22:33:04,189 - jobID_2_UV::DEBUG -- [DS_B] : Cuvette2ExtractSolution-->Start!
2023-09-05 22:33:04,189 - jobID_2_UV::DEBUG -- [UV-Vis] : Start UV sample preparation
2023-09-05 22:33:06,340 - jobID_2_UV::DEBUG -- [UV-Vis] : Finish UV sample preparation
2023-09-05 22:33:06,341 - jobID_2_UV::DEBUG -- [DS_B] : Cuvette2ExtractSolution-->Done!
2023-09-05 22:33:06,342 - jobID_2_UV::DEBUG -- [UV-Vis] : Start UV-VIS Characterization
2023-09-05 22:33:06,342 - jobID_2_UV::DEBUG -- [DS_B] : UV-VIS Characterization-->Start!
2023-09-05 22:33:13,048 - jobID_2_UV::DEBUG -- [DS_B] : UV-VIS Characterization-->Done!
2023-09-05 22:33:13,049 - jobID_2_UV::DEBUG -- [DS_B] : UV_to_cuvette_storage-->Start!
2023-09-05 22:33:15,286 - jobID_2_UV::DEBUG -- [DS_B] : UV_to_cuvette_storage-->Done!
2023-09-05 22:33:15,292 - jobID_2_UV::DEBUG -- [UV-Vis] : 1 result : OrderedDict([('lambdamax', 382.680324), ('intensity', 0.020580221046062774), ('FWHM', 23.973559999999964)])
2023-09-05 22:33:15,292 - jobID_2_UV::DEBUG -- [UV-Vis] : Finish UV-VIS Characterization
2023-09-05 22:33:17,297 - jobID_2_UV::DEBUG -- [UV-Vis] : Trasfer colloid NP to UV vialholder
2023-09-05 22:33:17,298 - jobID_2_UV::DEBUG -- [DS_B] : vialholder_batchsynthesis_to_vialholder_UV-->Start!
2023-09-05 22:33:19,384 - jobID_2_UV::DEBUG -- [DS_B] : vialholder_batchsynthesis_to_vialholder_UV-->Done!
2023-09-05 22:33:19,385 - jobID_2_UV::DEBUG -- [UV-Vis] : Prepare UV-VIS container
2023-09-05 22:33:19,385 - jobID_2_UV::DEBUG -- [DS_B] : cuvette_storage_to_cuvette_holder-->Start!
2023-09-05 22:33:21,577 - jobID_2_UV::DEBUG -- [DS_B] : cuvette_storage_to_cuvette_holder-->Done!
2023-09-05 22:33:21,577 - jobID_2_UV::DEBUG -- [DS_B] : cuvette_holder_to_UV-->Start!
2023-09-05 22:33:23,787 - jobID_2_UV::DEBUG -- [DS_B] : cuvette_holder_to_UV-->Done!
2023-09-05 22:33:23,789 - jobID_2_UV::DEBUG -- [DS_B] : UV-VIS Characterization-->Start!
2023-09-05 22:33:30,506 - jobID_2_UV::DEBUG -- [DS_B] : UV-VIS Characterization-->Done!
2023-09-05 22:33:30,508 - jobID_2_UV::DEBUG -- [DS_B] : Cuvette2ExtractSolution-->Start!
2023-09-05 22:33:30,508 - jobID_2_UV::DEBUG -- [UV-Vis] : Start UV sample preparation
2023-09-05 22:33:32,682 - jobID_2_UV::DEBUG -- [UV-Vis] : Finish UV sample preparation
2023-09-05 22:33:32,683 - jobID_2_UV::DEBUG -- [DS_B] : Cuvette2ExtractSolution-->Done!
2023-09-05 22:33:32,684 - jobID_2_UV::DEBUG -- [UV-Vis] : Start UV-VIS Characterization
2023-09-05 22:33:32,685 - jobID_2_UV::DEBUG -- [DS_B] : UV-VIS Characterization-->Start!
2023-09-05 22:33:39,374 - jobID_2_UV::DEBUG -- [DS_B] : UV-VIS Characterization-->Done!
2023-09-05 22:33:39,375 - jobID_2_UV::DEBUG -- [DS_B] : UV_to_cuvette_storage-->Start!
2023-09-05 22:33:41,610 - jobID_2_UV::DEBUG -- [DS_B] : UV_to_cuvette_storage-->Done!
2023-09-05 22:33:41,616 - jobID_2_UV::DEBUG -- [UV-Vis] : 2 result : OrderedDict([('lambdamax', 494.326884), ('intensity', 0.01866928233539724), ('FWHM', 8.389043000000015)])
2023-09-05 22:33:41,617 - jobID_2_UV::DEBUG -- [UV-Vis] : Finish UV-VIS Characterization
2023-09-05 22:33:43,622 - jobID_2_UV::DEBUG -- [UV-Vis] : Trasfer colloid NP to UV vialholder
2023-09-05 22:33:43,622 - jobID_2_UV::DEBUG -- [DS_B] : vialholder_batchsynthesis_to_vialholder_UV-->Start!
2023-09-05 22:33:45,708 - jobID_2_UV::DEBUG -- [DS_B] : vialholder_batchsynthesis_to_vialholder_UV-->Done!
2023-09-05 22:33:45,709 - jobID_2_UV::DEBUG -- [UV-Vis] : Prepare UV-VIS container
2023-09-05 22:33:45,709 - jobID_2_UV::DEBUG -- [DS_B] : cuvette_storage_to_cuvette_holder-->Start!
2023-09-05 22:33:48,000 - jobID_2_UV::DEBUG -- [DS_B] : cuvette_storage_to_cuvette_holder-->Done!
2023-09-05 22:33:48,002 - jobID_2_UV::DEBUG -- [DS_B] : cuvette_holder_to_UV-->Start!
2023-09-05 22:33:50,126 - jobID_2_UV::DEBUG -- [DS_B] : cuvette_holder_to_UV-->Done!
2023-09-05 22:33:50,128 - jobID_2_UV::DEBUG -- [DS_B] : UV-VIS Characterization-->Start!
2023-09-05 22:33:56,815 - jobID_2_UV::DEBUG -- [DS_B] : UV-VIS Characterization-->Done!
2023-09-05 22:33:56,815 - jobID_2_UV::DEBUG -- [DS_B] : Cuvette2ExtractSolution-->Start!
2023-09-05 22:33:56,815 - jobID_2_UV::DEBUG -- [UV-Vis] : Start UV sample preparation
2023-09-05 22:33:58,860 - jobID_2_UV::DEBUG -- [UV-Vis] : Finish UV sample preparation
2023-09-05 22:33:58,861 - jobID_2_UV::DEBUG -- [DS_B] : Cuvette2ExtractSolution-->Done!
2023-09-05 22:33:58,862 - jobID_2_UV::DEBUG -- [UV-Vis] : Start UV-VIS Characterization
2023-09-05 22:33:58,862 - jobID_2_UV::DEBUG -- [DS_B] : UV-VIS Characterization-->Start!
2023-09-05 22:34:05,559 - jobID_2_UV::DEBUG -- [DS_B] : UV-VIS Characterization-->Done!
2023-09-05 22:34:05,561 - jobID_2_UV::DEBUG -- [DS_B] : UV_to_cuvette_storage-->Start!
2023-09-05 22:34:07,729 - jobID_2_UV::DEBUG -- [DS_B] : UV_to_cuvette_storage-->Done!
2023-09-05 22:34:07,738 - jobID_2_UV::DEBUG -- [UV-Vis] : 3 result : OrderedDict([('lambdamax', 612.418999), ('intensity', 0.01819016648853397), ('FWHM', 14.956469000000084)])
2023-09-05 22:34:07,738 - jobID_2_UV::DEBUG -- [UV-Vis] : Finish UV-VIS Characterization
2023-09-05 22:34:09,743 - jobID_2_UV::DEBUG -- [RobotArm] : Start Robot Queue : Batch motion (vialholder_UV_to_storage_filled) is started.
2023-09-05 22:34:09,743 - jobID_2_UV::DEBUG -- [RobotArm] : vial_num_list:[0, 1, 2, 3]
2023-09-05 22:34:09,743 - jobID_2_UV::DEBUG -- [RobotArm] : line_num_list:[0, 0, 0, 0]
2023-09-05 22:34:09,744 - jobID_2_UV::DEBUG -- [RobotArm] : vialHolder_list:[0, 1, 2, 3]
2023-09-05 22:34:20,217 - jobID_2_UV::DEBUG -- [RobotArm] : Finish Robot Queue : Batch motion (vialholder_UV_to_storage_filled) is done.
2023-09-05 22:34:20,217 - jobID_2_UV::DEBUG -- [RobotArm] : Start Robot Queue : Batch motion (vialholder_UV_to_storage_filled) is started.
2023-09-05 22:34:23,503 - jobID_2_UV::DEBUG -- [RobotArm] : Finish Robot Queue : Batch motion (vialholder_UV_to_storage_filled) is done.
2023-09-05 22:34:23,503 - jobID_2_UV::DEBUG -- [RobotArm] : Start Robot Queue : Batch motion (vialholder_UV_to_storage_filled) is started.
2023-09-05 22:34:26,761 - jobID_2_UV::DEBUG -- [RobotArm] : Finish Robot Queue : Batch motion (vialholder_UV_to_storage_filled) is done.
2023-09-05 22:34:26,761 - jobID_2_UV::DEBUG -- [RobotArm] : Start Robot Queue : Batch motion (vialholder_UV_to_storage_filled) is started.
2023-09-05 22:34:35,152 - jobID_2_UV::DEBUG -- [RobotArm] : Finish Robot Queue : Batch motion (vialholder_UV_to_storage_filled) is done.
2023-09-05 22:34:35,153 - jobID_2_UV::INFO -- [TaskScheduler] : UV is finished, location: {'vialHolder': ['?', '?', '?', '?', '?', '?', '?', '?']}
2023-09-05 22:34:35,154 - jobID_2_UV::INFO -- [TaskScheduler] : refresh location: {'BatchSynthesis': {'Stirrer': ['?', '?', '?', '?', '?', '?', '?', '?'], 'vialHolder': ['?', '?', '?', '?', '?', '?', '?', '?']}, 'UV': {'vialHolder': ['?', '?', '?', '?', '?', '?', '?', '?']}}
2023-09-05 22:34:35,176 - jobID_2_UV::INFO -- [JobExecution] : ######### [jobID_2_UV-HJ] Experiment 4 is done #########
