2023-09-04 15:22:37,688 - Automatic_synthesis_UV::INFO -- [JobExecution] : [jobID=1] Algorithm, model : Automatic
2023-09-04 15:22:37,709 - Automatic_synthesis_UV::INFO -- [JobExecution] : ######### Cycle start #########
2023-09-04 15:22:37,720 - Automatic_synthesis_UV::INFO -- [Automatic] : total experiments=1
2023-09-04 15:22:37,735 - Automatic_synthesis_UV::INFO -- [Automatic [0]] : next_point 0: {'AddSolution=AgNO3_Concentration': 0.0125, 'AddSolution=AgNO3_Volume': 4000, 'AddSolution=AgNO3_Injectionrate': 100}
2023-09-04 15:22:37,766 - Automatic_synthesis_UV::INFO -- [ProcessGenerator] : Allocate all of process based on job script!
2023-09-04 15:22:37,782 - Automatic_synthesis_UV::INFO -- [JobExecution] : ######### [Automatic_synthesis_UV-HJ] Experiment 1 is running #########
2023-09-04 15:22:37,828 - Automatic_synthesis_UV::INFO -- [TaskScheduler] : check location: {'BatchSynthesis': {'Stirrer': ['?', '?', '?', '?', '?', '?', '?', '?'], 'vialHolder': ['?', '?', '?', '?', '?', '?', '?', '?']}, 'UV': {'vialHolder': ['?', '?', '?', '?', '?', '?', '?', '?']}}
2023-09-04 15:22:37,843 - Automatic_synthesis_UV::INFO -- [TaskScheduler] : BatchSynthesis is started, allocate location: {'Stirrer': [0], 'vialHolder': [0]}
2023-09-04 15:22:37,859 - Automatic_synthesis_UV::INFO -- [TaskScheduler] : check location after allocation: {'BatchSynthesis': {'Stirrer': [1, '?', '?', '?', '?', '?', '?', '?'], 'vialHolder': [1, '?', '?', '?', '?', '?', '?', '?']}, 'UV': {'vialHolder': ['?', '?', '?', '?', '?', '?', '?', '?']}}
2023-09-04 15:22:39,964 - Automatic_synthesis_UV::DEBUG -- [Batch] : storage_empty_to_stirrer is started.
2023-09-04 15:22:39,987 - Automatic_synthesis_UV::DEBUG -- [Batch] : vial_num_list: [1]
2023-09-04 15:22:40,003 - Automatic_synthesis_UV::DEBUG -- [Batch] : line_num_list: [0]
2023-09-04 15:22:40,018 - Automatic_synthesis_UV::DEBUG -- [Batch] : vialHolder_list: [0]
2023-09-04 15:22:40,033 - Automatic_synthesis_UV::DEBUG -- [Batch] : Start Robot Queue : storage_empty_to_stirrer is started.
2023-09-04 15:22:40,049 - Automatic_synthesis_UV::DEBUG -- [LA] : move center-->Start!
2023-09-04 15:22:41,195 - Automatic_synthesis_UV::DEBUG -- [LA] : move center-->Done!
2023-09-04 15:22:41,269 - Automatic_synthesis_UV::DEBUG -- [STORAGE] : open-->Start!
2023-09-04 15:22:44,758 - Automatic_synthesis_UV::DEBUG -- [STORAGE] : open-->Done!
2023-09-04 15:22:46,822 - Automatic_synthesis_UV::DEBUG -- [DS_B] : prepare container-->Start!
2023-09-04 15:22:49,041 - Automatic_synthesis_UV::DEBUG -- [DS_B] : prepare container-->Done!
2023-09-04 15:22:49,057 - Automatic_synthesis_UV::DEBUG -- [Batch] : Finish Robot Queue : storage_empty_to_stirrer is done.
2023-09-04 15:22:51,213 - Automatic_synthesis_UV::DEBUG -- [Batch] : Prepare Injection Queue --> NaBH4,0.01mM,500uL,200uL/s
2023-09-04 15:22:51,229 - Automatic_synthesis_UV::DEBUG -- [PUMP] : prepare solution-->Start!
2023-09-04 15:22:51,234 - Automatic_synthesis_UV::DEBUG -- [PUMP] : prepare solution-->Done!
2023-09-04 15:22:51,270 - Automatic_synthesis_UV::DEBUG -- [LA] : move down-->Start!
2023-09-04 15:22:52,443 - Automatic_synthesis_UV::DEBUG -- [LA] : move down-->Done!
2023-09-04 15:22:52,515 - Automatic_synthesis_UV::DEBUG -- [Batch] : Start Injection Queue --> NaBH4,0.01mM,4000μL,100μL/s
2023-09-04 15:22:52,530 - Automatic_synthesis_UV::DEBUG -- [PUMP] : prepare solution-->Start!
2023-09-04 15:22:56,361 - Automatic_synthesis_UV::DEBUG -- [PUMP] : prepare solution-->Done!
2023-09-04 15:22:56,433 - Automatic_synthesis_UV::DEBUG -- [LA] : move up-->Start!
2023-09-04 15:22:57,578 - Automatic_synthesis_UV::DEBUG -- [LA] : move up-->Done!
2023-09-04 15:22:57,649 - Automatic_synthesis_UV::DEBUG -- [LA] : move center-->Start!
2023-09-04 15:22:58,762 - Automatic_synthesis_UV::DEBUG -- [LA] : move center-->Done!
2023-09-04 15:22:58,777 - Automatic_synthesis_UV::DEBUG -- [Batch] : Finish Injection Queue
2023-09-04 15:22:58,849 - Automatic_synthesis_UV::DEBUG -- [Batch] : Start Stir Queue 0 (Stirrer)
2023-09-04 15:23:00,681 - Automatic_synthesis_UV::DEBUG -- [Batch] : Finish Stir Queue 0 (Stirrer)
2023-09-04 15:23:00,697 - Automatic_synthesis_UV::DEBUG -- [Batch] : Start Heat Queue 0 (Stirrer)
2023-09-04 15:23:02,691 - Automatic_synthesis_UV::DEBUG -- [Batch] : Finish Heat Queue 0 (Stirrer)
2023-09-04 15:23:02,711 - Automatic_synthesis_UV::DEBUG -- [Batch] : Start Wait:1s
2023-09-04 15:23:02,732 - Automatic_synthesis_UV::DEBUG -- [Batch] : check Wait:1s
2023-09-04 15:23:02,747 - Automatic_synthesis_UV::DEBUG -- [Batch] : Finish Wait:1s
2023-09-04 15:23:04,837 - Automatic_synthesis_UV::DEBUG -- [Batch] : Prepare Injection Queue --> AgNO3,0.0125mM,500uL,200uL/s
2023-09-04 15:23:04,860 - Automatic_synthesis_UV::DEBUG -- [PUMP] : prepare solution-->Start!
2023-09-04 15:23:04,870 - Automatic_synthesis_UV::DEBUG -- [PUMP] : prepare solution-->Done!
2023-09-04 15:23:04,932 - Automatic_synthesis_UV::DEBUG -- [LA] : move down-->Start!
2023-09-04 15:23:06,112 - Automatic_synthesis_UV::DEBUG -- [LA] : move down-->Done!
2023-09-04 15:23:06,174 - Automatic_synthesis_UV::DEBUG -- [Batch] : Start Injection Queue --> AgNO3,0.0125mM,4000μL,100μL/s
2023-09-04 15:23:06,189 - Automatic_synthesis_UV::DEBUG -- [PUMP] : prepare solution-->Start!
2023-09-04 15:23:10,272 - Automatic_synthesis_UV::DEBUG -- [PUMP] : prepare solution-->Done!
2023-09-04 15:23:10,352 - Automatic_synthesis_UV::DEBUG -- [LA] : move up-->Start!
2023-09-04 15:23:11,611 - Automatic_synthesis_UV::DEBUG -- [LA] : move up-->Done!
2023-09-04 15:23:11,678 - Automatic_synthesis_UV::DEBUG -- [LA] : move center-->Start!
2023-09-04 15:23:12,840 - Automatic_synthesis_UV::DEBUG -- [LA] : move center-->Done!
2023-09-04 15:23:12,855 - Automatic_synthesis_UV::DEBUG -- [Batch] : Finish Injection Queue
2023-09-04 15:23:12,931 - Automatic_synthesis_UV::DEBUG -- [Batch] : Start React:30s
2023-09-04 15:23:22,947 - Automatic_synthesis_UV::DEBUG -- [Batch] : check React:30s
2023-09-04 15:23:25,060 - Automatic_synthesis_UV::DEBUG -- [LA] : move center-->Start!
2023-09-04 15:23:26,264 - Automatic_synthesis_UV::DEBUG -- [LA] : move center-->Done!
2023-09-04 15:23:26,320 - Automatic_synthesis_UV::DEBUG -- [DS_B] : stirrer_to_holder-->Start!
2023-09-04 15:23:28,545 - Automatic_synthesis_UV::DEBUG -- [DS_B] : stirrer_to_holder-->Done!
2023-09-04 15:23:28,560 - Automatic_synthesis_UV::DEBUG -- [Batch] : Finish React:30s
2023-09-04 15:23:28,631 - Automatic_synthesis_UV::INFO -- [TaskScheduler] : BatchSynthesis is finished, location: {'Stirrer': ['?', '?', '?', '?', '?', '?', '?', '?'], 'vialHolder': ['?', '?', '?', '?', '?', '?', '?', '?']}
2023-09-04 15:23:28,631 - Automatic_synthesis_UV::INFO -- [TaskScheduler] : UV is started, allocate location: {'vialHolder': [0]}
2023-09-04 15:23:28,632 - Automatic_synthesis_UV::INFO -- [TaskScheduler] : check location after allocation: {'BatchSynthesis': {'Stirrer': ['?', '?', '?', '?', '?', '?', '?', '?'], 'vialHolder': ['?', '?', '?', '?', '?', '?', '?', '?']}, 'UV': {'vialHolder': [1, '?', '?', '?', '?', '?', '?', '?']}}
2023-09-04 15:23:30,721 - Automatic_synthesis_UV::DEBUG -- [UV-Vis] : Trasfer colloid NP to UV vialholder
2023-09-04 15:23:30,736 - Automatic_synthesis_UV::DEBUG -- [DS_B] : vialholder_batchsynthesis_to_vialholder_UV-->Start!
2023-09-04 15:23:32,960 - Automatic_synthesis_UV::DEBUG -- [DS_B] : vialholder_batchsynthesis_to_vialholder_UV-->Done!
2023-09-04 15:23:32,975 - Automatic_synthesis_UV::DEBUG -- [UV-Vis] : Prepare UV-VIS container
2023-09-04 15:23:32,991 - Automatic_synthesis_UV::DEBUG -- [DS_B] : cuvette_storage_to_cuvette_holder-->Start!
2023-09-04 15:23:35,174 - Automatic_synthesis_UV::DEBUG -- [DS_B] : cuvette_storage_to_cuvette_holder-->Done!
2023-09-04 15:23:35,250 - Automatic_synthesis_UV::DEBUG -- [DS_B] : cuvette_holder_to_UV-->Start!
2023-09-04 15:23:37,459 - Automatic_synthesis_UV::DEBUG -- [DS_B] : cuvette_holder_to_UV-->Done!
2023-09-04 15:23:37,525 - Automatic_synthesis_UV::DEBUG -- [DS_B] : UV-VIS Characterization-->Start!
2023-09-04 15:23:44,284 - Automatic_synthesis_UV::DEBUG -- [DS_B] : UV-VIS Characterization-->Start!
2023-09-04 15:23:44,356 - Automatic_synthesis_UV::DEBUG -- [DS_B] : Cuvette2ExtractSolution-->Start!
2023-09-04 15:23:44,361 - Automatic_synthesis_UV::DEBUG -- [UV-Vis] : Start UV sample preparation
2023-09-04 15:23:46,571 - Automatic_synthesis_UV::DEBUG -- [UV-Vis] : Finish UV sample preparation
2023-09-04 15:23:46,587 - Automatic_synthesis_UV::DEBUG -- [DS_B] : Cuvette2ExtractSolution-->Start!
2023-09-04 15:23:46,669 - Automatic_synthesis_UV::DEBUG -- [UV-Vis] : Start UV-VIS Characterization
2023-09-04 15:23:46,684 - Automatic_synthesis_UV::DEBUG -- [DS_B] : UV-VIS Characterization-->Start!
2023-09-04 15:23:53,428 - Automatic_synthesis_UV::DEBUG -- [DS_B] : UV-VIS Characterization-->Start!
2023-09-04 15:23:53,505 - Automatic_synthesis_UV::DEBUG -- [DS_B] : UV_to_cuvette_storage-->Start!
2023-09-04 15:23:55,705 - Automatic_synthesis_UV::DEBUG -- [DS_B] : UV_to_cuvette_storage-->Done!
2023-09-04 15:23:55,743 - Automatic_synthesis_UV::DEBUG -- [UV-Vis] : 0 result : OrderedDict([('lambdamax', 627.668714), ('intensity', 0.018649579053357738), ('FWHM', 20.808700000000044)])
2023-09-04 15:23:55,759 - Automatic_synthesis_UV::DEBUG -- [UV-Vis] : Finish UV-VIS Characterization
2023-09-04 15:23:57,935 - Automatic_synthesis_UV::INFO -- [RobotArm] : Start Robot Queue : Batch motion (vialholder_UV_to_storage_filled) is started.
2023-09-04 15:23:57,950 - Automatic_synthesis_UV::DEBUG -- [RobotArm] : vial_num_list:[1]
2023-09-04 15:23:57,966 - Automatic_synthesis_UV::DEBUG -- [RobotArm] : line_num_list:[0]
2023-09-04 15:23:57,981 - Automatic_synthesis_UV::DEBUG -- [RobotArm] : vialHolder_list:[0]
2023-09-04 15:24:14,000 - Automatic_synthesis_UV::DEBUG -- [RobotArm] : Finish Robot Queue : Batch motion (vialholder_UV_to_storage_filled) is done.
2023-09-04 15:24:14,072 - Automatic_synthesis_UV::INFO -- [TaskScheduler] : UV is finished, location: {'vialHolder': ['?', '?', '?', '?', '?', '?', '?', '?']}
2023-09-04 15:24:14,087 - Automatic_synthesis_UV::INFO -- [TaskScheduler] : refresh location: {'BatchSynthesis': {'Stirrer': ['?', '?', '?', '?', '?', '?', '?', '?'], 'vialHolder': ['?', '?', '?', '?', '?', '?', '?', '?']}, 'UV': {'vialHolder': ['?', '?', '?', '?', '?', '?', '?', '?']}}
2023-09-04 15:24:14,193 - Automatic_synthesis_UV::INFO -- [JobExecution] : ######### [Automatic_synthesis_UV-HJ] Experiment 1 is done #########
