2023-09-04 20:24:49,013 - Automatic_synthesis_UV::INFO -- [JobExecution] : [jobID=1] Algorithm, model : Automatic
2023-09-04 20:24:49,018 - Automatic_synthesis_UV::INFO -- [JobExecution] : ######### Cycle start #########
2023-09-04 20:24:49,024 - Automatic_synthesis_UV::INFO -- [Automatic] : total experiments=4
2023-09-04 20:24:49,024 - Automatic_synthesis_UV::INFO -- [Automatic [0]] : next_point 0: {'AddSolution=AgNO3_Concentration': 0.0125, 'AddSolution=AgNO3_Volume': 4000, 'AddSolution=AgNO3_Injectionrate': 100}
2023-09-04 20:24:49,029 - Automatic_synthesis_UV::INFO -- [Automatic [1]] : next_point 1: {'AddSolution=AgNO3_Concentration': 0.0125, 'AddSolution=AgNO3_Volume': 4000, 'AddSolution=AgNO3_Injectionrate': 100}
2023-09-04 20:24:49,039 - Automatic_synthesis_UV::INFO -- [Automatic [2]] : next_point 2: {'AddSolution=AgNO3_Concentration': 0.0125, 'AddSolution=AgNO3_Volume': 4000, 'AddSolution=AgNO3_Injectionrate': 100}
2023-09-04 20:24:49,050 - Automatic_synthesis_UV::INFO -- [Automatic [3]] : next_point 3: {'AddSolution=AgNO3_Concentration': 0.0125, 'AddSolution=AgNO3_Volume': 4000, 'AddSolution=AgNO3_Injectionrate': 100}
2023-09-04 20:24:49,154 - Automatic_synthesis_UV::INFO -- [ProcessGenerator] : Allocate all of process based on job script!
2023-09-04 20:24:49,154 - Automatic_synthesis_UV::INFO -- [JobExecution] : ######### [Automatic_synthesis_UV-HJ] Experiment 4 is running #########
2023-09-04 20:24:49,195 - Automatic_synthesis_UV::INFO -- [TaskScheduler] : check location: {'BatchSynthesis': {'Stirrer': ['?', '?', '?', '?', '?', '?', '?', '?'], 'vialHolder': ['?', '?', '?', '?', '?', '?', '?', '?']}, 'UV': {'vialHolder': ['?', '?', '?', '?', '?', '?', '?', '?']}}
2023-09-04 20:24:49,205 - Automatic_synthesis_UV::INFO -- [TaskScheduler] : BatchSynthesis is started, allocate location: {'Stirrer': [0, 1, 2, 3], 'vialHolder': [0, 1, 2, 3]}
2023-09-04 20:24:49,215 - Automatic_synthesis_UV::INFO -- [TaskScheduler] : check location after allocation: {'BatchSynthesis': {'Stirrer': [1, 1, 1, 1, '?', '?', '?', '?'], 'vialHolder': [1, 1, 1, 1, '?', '?', '?', '?']}, 'UV': {'vialHolder': ['?', '?', '?', '?', '?', '?', '?', '?']}}
2023-09-04 20:24:51,305 - Automatic_synthesis_UV::DEBUG -- [Batch] : storage_empty_to_stirrer is started.
2023-09-04 20:24:51,315 - Automatic_synthesis_UV::DEBUG -- [Batch] : vial_num_list: [1, 2, 3, 4]
2023-09-04 20:24:51,325 - Automatic_synthesis_UV::DEBUG -- [Batch] : line_num_list: [0, 0, 0, 0]
2023-09-04 20:24:51,336 - Automatic_synthesis_UV::DEBUG -- [Batch] : vialHolder_list: [0, 1, 2, 3]
2023-09-04 20:24:51,346 - Automatic_synthesis_UV::DEBUG -- [Batch] : Start Robot Queue : storage_empty_to_stirrer is started.
2023-09-04 20:24:51,356 - Automatic_synthesis_UV::DEBUG -- [LA] : move center-->Start!
2023-09-04 20:24:52,446 - Automatic_synthesis_UV::DEBUG -- [LA] : move center-->Done!
2023-09-04 20:24:52,503 - Automatic_synthesis_UV::DEBUG -- [STORAGE] : open-->Start!
2023-09-04 20:24:55,732 - Automatic_synthesis_UV::DEBUG -- [STORAGE] : open-->Done!
2023-09-04 20:24:57,789 - Automatic_synthesis_UV::DEBUG -- [DS_B] : prepare container-->Start!
2023-09-04 20:25:00,039 - Automatic_synthesis_UV::DEBUG -- [DS_B] : prepare container-->Done!
2023-09-04 20:25:00,049 - Automatic_synthesis_UV::DEBUG -- [Batch] : Finish Robot Queue : storage_empty_to_stirrer is done.
2023-09-04 20:25:02,216 - Automatic_synthesis_UV::DEBUG -- [Batch] : storage_empty_to_stirrer is started.
2023-09-04 20:25:02,226 - Automatic_synthesis_UV::DEBUG -- [Batch] : Start Robot Queue : storage_empty_to_stirrer is started.
2023-09-04 20:25:02,236 - Automatic_synthesis_UV::DEBUG -- [LA] : move center-->Start!
2023-09-04 20:25:03,406 - Automatic_synthesis_UV::DEBUG -- [LA] : move center-->Done!
2023-09-04 20:25:03,467 - Automatic_synthesis_UV::DEBUG -- [STORAGE] : open-->Start!
2023-09-04 20:25:06,605 - Automatic_synthesis_UV::DEBUG -- [STORAGE] : open-->Done!
2023-09-04 20:25:08,683 - Automatic_synthesis_UV::DEBUG -- [DS_B] : prepare container-->Start!
2023-09-04 20:25:10,827 - Automatic_synthesis_UV::DEBUG -- [DS_B] : prepare container-->Done!
2023-09-04 20:25:10,827 - Automatic_synthesis_UV::DEBUG -- [Batch] : Finish Robot Queue : storage_empty_to_stirrer is done.
2023-09-04 20:25:12,968 - Automatic_synthesis_UV::DEBUG -- [Batch] : storage_empty_to_stirrer is started.
2023-09-04 20:25:12,978 - Automatic_synthesis_UV::DEBUG -- [Batch] : Start Robot Queue : storage_empty_to_stirrer is started.
2023-09-04 20:25:12,988 - Automatic_synthesis_UV::DEBUG -- [LA] : move center-->Start!
2023-09-04 20:25:14,119 - Automatic_synthesis_UV::DEBUG -- [LA] : move center-->Done!
2023-09-04 20:25:14,170 - Automatic_synthesis_UV::DEBUG -- [STORAGE] : open-->Start!
2023-09-04 20:25:17,298 - Automatic_synthesis_UV::DEBUG -- [STORAGE] : open-->Done!
2023-09-04 20:25:19,350 - Automatic_synthesis_UV::DEBUG -- [DS_B] : prepare container-->Start!
2023-09-04 20:25:21,656 - Automatic_synthesis_UV::DEBUG -- [DS_B] : prepare container-->Done!
2023-09-04 20:25:21,666 - Automatic_synthesis_UV::DEBUG -- [Batch] : Finish Robot Queue : storage_empty_to_stirrer is done.
2023-09-04 20:25:23,802 - Automatic_synthesis_UV::DEBUG -- [Batch] : storage_empty_to_stirrer is started.
2023-09-04 20:25:23,812 - Automatic_synthesis_UV::DEBUG -- [Batch] : Start Robot Queue : storage_empty_to_stirrer is started.
2023-09-04 20:25:23,822 - Automatic_synthesis_UV::DEBUG -- [LA] : move center-->Start!
2023-09-04 20:25:24,880 - Automatic_synthesis_UV::DEBUG -- [LA] : move center-->Done!
2023-09-04 20:25:24,937 - Automatic_synthesis_UV::DEBUG -- [STORAGE] : open-->Start!
2023-09-04 20:25:28,114 - Automatic_synthesis_UV::DEBUG -- [STORAGE] : open-->Done!
2023-09-04 20:25:30,172 - Automatic_synthesis_UV::DEBUG -- [DS_B] : prepare container-->Start!
2023-09-04 20:25:32,360 - Automatic_synthesis_UV::DEBUG -- [DS_B] : prepare container-->Done!
2023-09-04 20:25:32,361 - Automatic_synthesis_UV::DEBUG -- [Batch] : Finish Robot Queue : storage_empty_to_stirrer is done.
2023-09-04 20:25:34,476 - Automatic_synthesis_UV::DEBUG -- [Batch] : Prepare Injection Queue --> NaBH4,0.01mM,500uL,200uL/s
2023-09-04 20:25:34,486 - Automatic_synthesis_UV::DEBUG -- [PUMP] : prepare solution-->Start!
2023-09-04 20:25:34,499 - Automatic_synthesis_UV::DEBUG -- [PUMP] : prepare solution-->Done!
2023-09-04 20:25:34,535 - Automatic_synthesis_UV::DEBUG -- [LA] : move down-->Start!
2023-09-04 20:25:35,640 - Automatic_synthesis_UV::DEBUG -- [LA] : move down-->Done!
2023-09-04 20:25:35,666 - Automatic_synthesis_UV::DEBUG -- [Batch] : Start Injection Queue --> NaBH4,0.01mM,4000μL,100μL/s
2023-09-04 20:25:35,677 - Automatic_synthesis_UV::DEBUG -- [PUMP] : prepare solution-->Start!
2023-09-04 20:25:39,390 - Automatic_synthesis_UV::DEBUG -- [PUMP] : prepare solution-->Done!
2023-09-04 20:25:39,431 - Automatic_synthesis_UV::DEBUG -- [LA] : move up-->Start!
2023-09-04 20:25:40,587 - Automatic_synthesis_UV::DEBUG -- [LA] : move up-->Done!
2023-09-04 20:25:40,648 - Automatic_synthesis_UV::DEBUG -- [LA] : move center-->Start!
2023-09-04 20:25:41,751 - Automatic_synthesis_UV::DEBUG -- [LA] : move center-->Done!
2023-09-04 20:25:41,761 - Automatic_synthesis_UV::DEBUG -- [Batch] : Finish Injection Queue
2023-09-04 20:25:43,881 - Automatic_synthesis_UV::DEBUG -- [Batch] : Prepare Injection Queue --> NaBH4,0.01mM,500uL,200uL/s
2023-09-04 20:25:43,891 - Automatic_synthesis_UV::DEBUG -- [PUMP] : prepare solution-->Start!
2023-09-04 20:25:43,902 - Automatic_synthesis_UV::DEBUG -- [PUMP] : prepare solution-->Done!
2023-09-04 20:25:43,943 - Automatic_synthesis_UV::DEBUG -- [LA] : move down-->Start!
2023-09-04 20:25:45,031 - Automatic_synthesis_UV::DEBUG -- [LA] : move down-->Done!
2023-09-04 20:25:45,067 - Automatic_synthesis_UV::DEBUG -- [Batch] : Start Injection Queue --> NaBH4,0.01mM,4000μL,100μL/s
2023-09-04 20:25:45,078 - Automatic_synthesis_UV::DEBUG -- [PUMP] : prepare solution-->Start!
2023-09-04 20:25:48,821 - Automatic_synthesis_UV::DEBUG -- [PUMP] : prepare solution-->Done!
2023-09-04 20:25:48,867 - Automatic_synthesis_UV::DEBUG -- [LA] : move up-->Start!
2023-09-04 20:25:49,966 - Automatic_synthesis_UV::DEBUG -- [LA] : move up-->Done!
2023-09-04 20:25:50,018 - Automatic_synthesis_UV::DEBUG -- [LA] : move center-->Start!
2023-09-04 20:25:51,162 - Automatic_synthesis_UV::DEBUG -- [LA] : move center-->Done!
2023-09-04 20:25:51,172 - Automatic_synthesis_UV::DEBUG -- [Batch] : Finish Injection Queue
2023-09-04 20:25:53,274 - Automatic_synthesis_UV::DEBUG -- [Batch] : Prepare Injection Queue --> NaBH4,0.01mM,500uL,200uL/s
2023-09-04 20:25:53,284 - Automatic_synthesis_UV::DEBUG -- [PUMP] : prepare solution-->Start!
2023-09-04 20:25:53,295 - Automatic_synthesis_UV::DEBUG -- [PUMP] : prepare solution-->Done!
2023-09-04 20:25:53,346 - Automatic_synthesis_UV::DEBUG -- [LA] : move down-->Start!
2023-09-04 20:25:54,397 - Automatic_synthesis_UV::DEBUG -- [LA] : move down-->Done!
2023-09-04 20:25:54,454 - Automatic_synthesis_UV::DEBUG -- [Batch] : Start Injection Queue --> NaBH4,0.01mM,4000μL,100μL/s
2023-09-04 20:25:54,464 - Automatic_synthesis_UV::DEBUG -- [PUMP] : prepare solution-->Start!
2023-09-04 20:25:58,209 - Automatic_synthesis_UV::DEBUG -- [PUMP] : prepare solution-->Done!
2023-09-04 20:25:58,265 - Automatic_synthesis_UV::DEBUG -- [LA] : move up-->Start!
2023-09-04 20:25:59,370 - Automatic_synthesis_UV::DEBUG -- [LA] : move up-->Done!
2023-09-04 20:25:59,426 - Automatic_synthesis_UV::DEBUG -- [LA] : move center-->Start!
2023-09-04 20:26:00,640 - Automatic_synthesis_UV::DEBUG -- [LA] : move center-->Done!
2023-09-04 20:26:00,650 - Automatic_synthesis_UV::DEBUG -- [Batch] : Finish Injection Queue
2023-09-04 20:26:02,770 - Automatic_synthesis_UV::DEBUG -- [Batch] : Prepare Injection Queue --> NaBH4,0.01mM,500uL,200uL/s
2023-09-04 20:26:02,780 - Automatic_synthesis_UV::DEBUG -- [PUMP] : prepare solution-->Start!
2023-09-04 20:26:02,790 - Automatic_synthesis_UV::DEBUG -- [PUMP] : prepare solution-->Done!
2023-09-04 20:26:02,832 - Automatic_synthesis_UV::DEBUG -- [LA] : move down-->Start!
2023-09-04 20:26:03,959 - Automatic_synthesis_UV::DEBUG -- [LA] : move down-->Done!
2023-09-04 20:26:04,020 - Automatic_synthesis_UV::DEBUG -- [Batch] : Start Injection Queue --> NaBH4,0.01mM,4000μL,100μL/s
2023-09-04 20:26:04,031 - Automatic_synthesis_UV::DEBUG -- [PUMP] : prepare solution-->Start!
2023-09-04 20:26:07,774 - Automatic_synthesis_UV::DEBUG -- [PUMP] : prepare solution-->Done!
2023-09-04 20:26:07,825 - Automatic_synthesis_UV::DEBUG -- [LA] : move up-->Start!
2023-09-04 20:26:08,967 - Automatic_synthesis_UV::DEBUG -- [LA] : move up-->Done!
2023-09-04 20:26:09,018 - Automatic_synthesis_UV::DEBUG -- [LA] : move center-->Start!
2023-09-04 20:26:10,123 - Automatic_synthesis_UV::DEBUG -- [LA] : move center-->Done!
2023-09-04 20:26:10,133 - Automatic_synthesis_UV::DEBUG -- [Batch] : Finish Injection Queue
2023-09-04 20:26:10,174 - Automatic_synthesis_UV::DEBUG -- [Batch] : Start Stir Queue 0 (Stirrer)
2023-09-04 20:26:11,715 - Automatic_synthesis_UV::DEBUG -- [Batch] : Start Stir Queue 1 (Stirrer)
2023-09-04 20:26:13,330 - Automatic_synthesis_UV::DEBUG -- [Batch] : Start Stir Queue 2 (Stirrer)
2023-09-04 20:26:14,845 - Automatic_synthesis_UV::DEBUG -- [Batch] : Start Stir Queue 3 (Stirrer)
2023-09-04 20:26:16,438 - Automatic_synthesis_UV::DEBUG -- [Batch] : Finish Stir Queue 0 (Stirrer)
2023-09-04 20:26:16,448 - Automatic_synthesis_UV::DEBUG -- [Batch] : Finish Stir Queue 1 (Stirrer)
2023-09-04 20:26:16,459 - Automatic_synthesis_UV::DEBUG -- [Batch] : Finish Stir Queue 2 (Stirrer)
2023-09-04 20:26:16,469 - Automatic_synthesis_UV::DEBUG -- [Batch] : Finish Stir Queue 3 (Stirrer)
2023-09-04 20:26:16,479 - Automatic_synthesis_UV::DEBUG -- [Batch] : Start Heat Queue 0 (Stirrer)
2023-09-04 20:26:17,999 - Automatic_synthesis_UV::DEBUG -- [Batch] : Start Heat Queue 1 (Stirrer)
2023-09-04 20:26:19,451 - Automatic_synthesis_UV::DEBUG -- [Batch] : Start Heat Queue 2 (Stirrer)
2023-09-04 20:26:21,172 - Automatic_synthesis_UV::DEBUG -- [Batch] : Start Heat Queue 3 (Stirrer)
2023-09-04 20:26:22,602 - Automatic_synthesis_UV::DEBUG -- [Batch] : Finish Heat Queue 0 (Stirrer)
2023-09-04 20:26:22,612 - Automatic_synthesis_UV::DEBUG -- [Batch] : Finish Heat Queue 1 (Stirrer)
2023-09-04 20:26:22,622 - Automatic_synthesis_UV::DEBUG -- [Batch] : Finish Heat Queue 2 (Stirrer)
2023-09-04 20:26:22,633 - Automatic_synthesis_UV::DEBUG -- [Batch] : Finish Heat Queue 3 (Stirrer)
2023-09-04 20:26:22,653 - Automatic_synthesis_UV::DEBUG -- [Batch] : Start Wait:1s
2023-09-04 20:26:22,669 - Automatic_synthesis_UV::DEBUG -- [Batch] : check Wait:1s
2023-09-04 20:26:22,674 - Automatic_synthesis_UV::DEBUG -- [Batch] : Start Wait:1s
2023-09-04 20:26:22,679 - Automatic_synthesis_UV::DEBUG -- [Batch] : Finish Wait:1s
2023-09-04 20:26:22,684 - Automatic_synthesis_UV::DEBUG -- [Batch] : check Wait:1s
2023-09-04 20:26:22,689 - Automatic_synthesis_UV::DEBUG -- [Batch] : Start Wait:1s
2023-09-04 20:26:22,710 - Automatic_synthesis_UV::DEBUG -- [Batch] : Start Wait:1s
2023-09-04 20:26:22,710 - Automatic_synthesis_UV::DEBUG -- [Batch] : Finish Wait:1s
2023-09-04 20:26:22,725 - Automatic_synthesis_UV::DEBUG -- [Batch] : check Wait:1s
2023-09-04 20:26:22,746 - Automatic_synthesis_UV::DEBUG -- [Batch] : check Wait:1s
2023-09-04 20:26:22,771 - Automatic_synthesis_UV::DEBUG -- [Batch] : Finish Wait:1s
2023-09-04 20:26:22,786 - Automatic_synthesis_UV::DEBUG -- [Batch] : Finish Wait:1s
2023-09-04 20:26:24,876 - Automatic_synthesis_UV::DEBUG -- [Batch] : Prepare Injection Queue --> AgNO3,0.0125mM,500uL,200uL/s
2023-09-04 20:26:24,886 - Automatic_synthesis_UV::DEBUG -- [PUMP] : prepare solution-->Start!
2023-09-04 20:26:24,896 - Automatic_synthesis_UV::DEBUG -- [PUMP] : prepare solution-->Done!
2023-09-04 20:26:24,948 - Automatic_synthesis_UV::DEBUG -- [LA] : move down-->Start!
2023-09-04 20:26:26,133 - Automatic_synthesis_UV::DEBUG -- [LA] : move down-->Done!
2023-09-04 20:26:26,194 - Automatic_synthesis_UV::DEBUG -- [Batch] : Start Injection Queue --> AgNO3,0.0125mM,4000μL,100μL/s
2023-09-04 20:26:26,200 - Automatic_synthesis_UV::DEBUG -- [PUMP] : prepare solution-->Start!
2023-09-04 20:26:29,985 - Automatic_synthesis_UV::DEBUG -- [PUMP] : prepare solution-->Done!
2023-09-04 20:26:30,026 - Automatic_synthesis_UV::DEBUG -- [LA] : move up-->Start!
2023-09-04 20:26:31,111 - Automatic_synthesis_UV::DEBUG -- [LA] : move up-->Done!
2023-09-04 20:26:31,152 - Automatic_synthesis_UV::DEBUG -- [LA] : move center-->Start!
2023-09-04 20:26:32,266 - Automatic_synthesis_UV::DEBUG -- [LA] : move center-->Done!
2023-09-04 20:26:32,276 - Automatic_synthesis_UV::DEBUG -- [Batch] : Finish Injection Queue
2023-09-04 20:26:34,376 - Automatic_synthesis_UV::DEBUG -- [Batch] : Prepare Injection Queue --> AgNO3,0.0125mM,500uL,200uL/s
2023-09-04 20:26:34,386 - Automatic_synthesis_UV::DEBUG -- [PUMP] : prepare solution-->Start!
2023-09-04 20:26:34,396 - Automatic_synthesis_UV::DEBUG -- [PUMP] : prepare solution-->Done!
2023-09-04 20:26:34,453 - Automatic_synthesis_UV::DEBUG -- [LA] : move down-->Start!
2023-09-04 20:26:35,609 - Automatic_synthesis_UV::DEBUG -- [LA] : move down-->Done!
2023-09-04 20:26:35,655 - Automatic_synthesis_UV::DEBUG -- [Batch] : Start Injection Queue --> AgNO3,0.0125mM,4000μL,100μL/s
2023-09-04 20:26:35,665 - Automatic_synthesis_UV::DEBUG -- [PUMP] : prepare solution-->Start!
2023-09-04 20:26:39,495 - Automatic_synthesis_UV::DEBUG -- [PUMP] : prepare solution-->Done!
2023-09-04 20:26:39,547 - Automatic_synthesis_UV::DEBUG -- [LA] : move up-->Start!
2023-09-04 20:26:40,653 - Automatic_synthesis_UV::DEBUG -- [LA] : move up-->Done!
2023-09-04 20:26:40,688 - Automatic_synthesis_UV::DEBUG -- [LA] : move center-->Start!
2023-09-04 20:26:41,783 - Automatic_synthesis_UV::DEBUG -- [LA] : move center-->Done!
2023-09-04 20:26:41,793 - Automatic_synthesis_UV::DEBUG -- [Batch] : Finish Injection Queue
2023-09-04 20:26:43,913 - Automatic_synthesis_UV::DEBUG -- [Batch] : Prepare Injection Queue --> AgNO3,0.0125mM,500uL,200uL/s
2023-09-04 20:26:43,923 - Automatic_synthesis_UV::DEBUG -- [PUMP] : prepare solution-->Start!
2023-09-04 20:26:43,934 - Automatic_synthesis_UV::DEBUG -- [PUMP] : prepare solution-->Done!
2023-09-04 20:26:43,990 - Automatic_synthesis_UV::DEBUG -- [LA] : move down-->Start!
2023-09-04 20:26:45,141 - Automatic_synthesis_UV::DEBUG -- [LA] : move down-->Done!
2023-09-04 20:26:45,197 - Automatic_synthesis_UV::DEBUG -- [Batch] : Start Injection Queue --> AgNO3,0.0125mM,4000μL,100μL/s
2023-09-04 20:26:45,208 - Automatic_synthesis_UV::DEBUG -- [PUMP] : prepare solution-->Start!
2023-09-04 20:26:49,060 - Automatic_synthesis_UV::DEBUG -- [PUMP] : prepare solution-->Done!
2023-09-04 20:26:49,107 - Automatic_synthesis_UV::DEBUG -- [LA] : move up-->Start!
2023-09-04 20:26:50,284 - Automatic_synthesis_UV::DEBUG -- [LA] : move up-->Done!
2023-09-04 20:26:50,331 - Automatic_synthesis_UV::DEBUG -- [LA] : move center-->Start!
2023-09-04 20:26:51,419 - Automatic_synthesis_UV::DEBUG -- [LA] : move center-->Done!
2023-09-04 20:26:51,429 - Automatic_synthesis_UV::DEBUG -- [Batch] : Finish Injection Queue
2023-09-04 20:26:53,544 - Automatic_synthesis_UV::DEBUG -- [Batch] : Prepare Injection Queue --> AgNO3,0.0125mM,500uL,200uL/s
2023-09-04 20:26:53,554 - Automatic_synthesis_UV::DEBUG -- [PUMP] : prepare solution-->Start!
2023-09-04 20:26:53,565 - Automatic_synthesis_UV::DEBUG -- [PUMP] : prepare solution-->Done!
2023-09-04 20:26:53,616 - Automatic_synthesis_UV::DEBUG -- [LA] : move down-->Start!
2023-09-04 20:26:54,710 - Automatic_synthesis_UV::DEBUG -- [LA] : move down-->Done!
2023-09-04 20:26:54,756 - Automatic_synthesis_UV::DEBUG -- [Batch] : Start Injection Queue --> AgNO3,0.0125mM,4000μL,100μL/s
2023-09-04 20:26:54,766 - Automatic_synthesis_UV::DEBUG -- [PUMP] : prepare solution-->Start!
2023-09-04 20:26:58,460 - Automatic_synthesis_UV::DEBUG -- [PUMP] : prepare solution-->Done!
2023-09-04 20:26:58,512 - Automatic_synthesis_UV::DEBUG -- [LA] : move up-->Start!
2023-09-04 20:26:59,602 - Automatic_synthesis_UV::DEBUG -- [LA] : move up-->Done!
2023-09-04 20:26:59,648 - Automatic_synthesis_UV::DEBUG -- [LA] : move center-->Start!
2023-09-04 20:27:00,734 - Automatic_synthesis_UV::DEBUG -- [LA] : move center-->Done!
2023-09-04 20:27:00,745 - Automatic_synthesis_UV::DEBUG -- [Batch] : Finish Injection Queue
2023-09-04 20:27:00,801 - Automatic_synthesis_UV::DEBUG -- [Batch] : Start React:30s
2023-09-04 20:27:00,806 - Automatic_synthesis_UV::DEBUG -- [Batch] : Start React:30s
2023-09-04 20:27:00,816 - Automatic_synthesis_UV::DEBUG -- [Batch] : Start React:30s
2023-09-04 20:27:00,842 - Automatic_synthesis_UV::DEBUG -- [Batch] : Start React:30s
2023-09-04 20:27:10,839 - Automatic_synthesis_UV::DEBUG -- [Batch] : check React:30s
2023-09-04 20:27:10,850 - Automatic_synthesis_UV::DEBUG -- [Batch] : check React:30s
2023-09-04 20:27:10,865 - Automatic_synthesis_UV::DEBUG -- [Batch] : check React:30s
2023-09-04 20:27:10,865 - Automatic_synthesis_UV::DEBUG -- [Batch] : check React:30s
2023-09-04 20:27:12,940 - Automatic_synthesis_UV::DEBUG -- [LA] : move center-->Start!
2023-09-04 20:27:12,956 - Automatic_synthesis_UV::DEBUG -- [LA] : move center-->Start!
2023-09-04 20:27:13,002 - Automatic_synthesis_UV::DEBUG -- [LA] : move center-->Start!
2023-09-04 20:27:14,195 - Automatic_synthesis_UV::DEBUG -- [LA] : move center-->Done!
2023-09-04 20:27:14,205 - Automatic_synthesis_UV::DEBUG -- [LA] : move center-->Done!
2023-09-04 20:27:14,236 - Automatic_synthesis_UV::DEBUG -- [DS_B] : stirrer_to_holder-->Start!
2023-09-04 20:27:14,246 - Automatic_synthesis_UV::DEBUG -- [LA] : move center-->Done!
2023-09-04 20:27:14,277 - Automatic_synthesis_UV::DEBUG -- [DS_B] : stirrer_to_holder-->Start!
2023-09-04 20:27:14,313 - Automatic_synthesis_UV::DEBUG -- [DS_B] : stirrer_to_holder-->Start!
2023-09-04 20:27:16,438 - Automatic_synthesis_UV::DEBUG -- [DS_B] : stirrer_to_holder-->Done!
2023-09-04 20:27:16,449 - Automatic_synthesis_UV::DEBUG -- [Batch] : Finish React:30s
2023-09-04 20:27:16,550 - Automatic_synthesis_UV::DEBUG -- [DS_B] : stirrer_to_holder-->Done!
2023-09-04 20:27:16,561 - Automatic_synthesis_UV::DEBUG -- [Batch] : Finish React:30s
2023-09-04 20:27:16,578 - Automatic_synthesis_UV::DEBUG -- [DS_B] : stirrer_to_holder-->Done!
2023-09-04 20:27:16,584 - Automatic_synthesis_UV::DEBUG -- [Batch] : Finish React:30s
2023-09-04 20:27:17,052 - Automatic_synthesis_UV::DEBUG -- [LA] : move center-->Start!
2023-09-04 20:27:18,113 - Automatic_synthesis_UV::DEBUG -- [LA] : move center-->Done!
2023-09-04 20:27:18,155 - Automatic_synthesis_UV::DEBUG -- [DS_B] : stirrer_to_holder-->Start!
2023-09-04 20:27:20,440 - Automatic_synthesis_UV::DEBUG -- [DS_B] : stirrer_to_holder-->Done!
2023-09-04 20:27:20,450 - Automatic_synthesis_UV::DEBUG -- [Batch] : Finish React:30s
2023-09-04 20:27:20,496 - Automatic_synthesis_UV::INFO -- [TaskScheduler] : BatchSynthesis is finished, location: {'Stirrer': ['?', '?', '?', '?', '?', '?', '?', '?'], 'vialHolder': ['?', '?', '?', '?', '?', '?', '?', '?']}
2023-09-04 20:27:20,496 - Automatic_synthesis_UV::INFO -- [TaskScheduler] : UV is started, allocate location: {'vialHolder': [0, 1, 2, 3]}
2023-09-04 20:27:20,496 - Automatic_synthesis_UV::INFO -- [TaskScheduler] : check location after allocation: {'BatchSynthesis': {'Stirrer': ['?', '?', '?', '?', '?', '?', '?', '?'], 'vialHolder': ['?', '?', '?', '?', '?', '?', '?', '?']}, 'UV': {'vialHolder': [1, 1, 1, 1, '?', '?', '?', '?']}}
2023-09-04 20:27:22,585 - Automatic_synthesis_UV::DEBUG -- [UV-Vis] : Trasfer colloid NP to UV vialholder
2023-09-04 20:27:22,595 - Automatic_synthesis_UV::DEBUG -- [DS_B] : vialholder_batchsynthesis_to_vialholder_UV-->Start!
2023-09-04 20:27:24,736 - Automatic_synthesis_UV::DEBUG -- [DS_B] : vialholder_batchsynthesis_to_vialholder_UV-->Done!
2023-09-04 20:27:24,742 - Automatic_synthesis_UV::DEBUG -- [UV-Vis] : Prepare UV-VIS container
2023-09-04 20:27:24,757 - Automatic_synthesis_UV::DEBUG -- [DS_B] : cuvette_storage_to_cuvette_holder-->Start!
2023-09-04 20:27:26,933 - Automatic_synthesis_UV::DEBUG -- [DS_B] : cuvette_storage_to_cuvette_holder-->Done!
2023-09-04 20:27:27,005 - Automatic_synthesis_UV::DEBUG -- [DS_B] : cuvette_holder_to_UV-->Start!
2023-09-04 20:27:29,266 - Automatic_synthesis_UV::DEBUG -- [DS_B] : cuvette_holder_to_UV-->Done!
2023-09-04 20:27:29,328 - Automatic_synthesis_UV::DEBUG -- [DS_B] : UV-VIS Characterization-->Start!
2023-09-04 20:27:36,055 - Automatic_synthesis_UV::DEBUG -- [DS_B] : UV-VIS Characterization-->Done!
2023-09-04 20:27:36,111 - Automatic_synthesis_UV::DEBUG -- [DS_B] : Cuvette2ExtractSolution-->Start!
2023-09-04 20:27:36,121 - Automatic_synthesis_UV::DEBUG -- [UV-Vis] : Start UV sample preparation
2023-09-04 20:27:38,342 - Automatic_synthesis_UV::DEBUG -- [UV-Vis] : Finish UV sample preparation
2023-09-04 20:27:38,352 - Automatic_synthesis_UV::DEBUG -- [DS_B] : Cuvette2ExtractSolution-->Done!
2023-09-04 20:27:38,409 - Automatic_synthesis_UV::DEBUG -- [UV-Vis] : Start UV-VIS Characterization
2023-09-04 20:27:38,419 - Automatic_synthesis_UV::DEBUG -- [DS_B] : UV-VIS Characterization-->Start!
2023-09-04 20:27:45,167 - Automatic_synthesis_UV::DEBUG -- [DS_B] : UV-VIS Characterization-->Done!
2023-09-04 20:27:45,234 - Automatic_synthesis_UV::DEBUG -- [DS_B] : UV_to_cuvette_storage-->Start!
2023-09-04 20:27:47,460 - Automatic_synthesis_UV::DEBUG -- [DS_B] : UV_to_cuvette_storage-->Done!
2023-09-04 20:27:47,509 - Automatic_synthesis_UV::DEBUG -- [UV-Vis] : 0 result : OrderedDict([('lambdamax', 665.633183), ('intensity', 0.023499619819454788), ('FWHM', 10.372787000000017)])
2023-09-04 20:27:47,514 - Automatic_synthesis_UV::DEBUG -- [UV-Vis] : Finish UV-VIS Characterization
2023-09-04 20:27:49,660 - Automatic_synthesis_UV::DEBUG -- [UV-Vis] : Trasfer colloid NP to UV vialholder
2023-09-04 20:27:49,670 - Automatic_synthesis_UV::DEBUG -- [DS_B] : vialholder_batchsynthesis_to_vialholder_UV-->Start!
2023-09-04 20:27:51,950 - Automatic_synthesis_UV::DEBUG -- [DS_B] : vialholder_batchsynthesis_to_vialholder_UV-->Done!
2023-09-04 20:27:51,955 - Automatic_synthesis_UV::DEBUG -- [UV-Vis] : Prepare UV-VIS container
2023-09-04 20:27:51,960 - Automatic_synthesis_UV::DEBUG -- [DS_B] : cuvette_storage_to_cuvette_holder-->Start!
2023-09-04 20:27:54,065 - Automatic_synthesis_UV::DEBUG -- [DS_B] : cuvette_storage_to_cuvette_holder-->Done!
2023-09-04 20:27:54,142 - Automatic_synthesis_UV::DEBUG -- [DS_B] : cuvette_holder_to_UV-->Start!
2023-09-04 20:27:56,313 - Automatic_synthesis_UV::DEBUG -- [DS_B] : cuvette_holder_to_UV-->Done!
2023-09-04 20:27:56,385 - Automatic_synthesis_UV::DEBUG -- [DS_B] : UV-VIS Characterization-->Start!
2023-09-04 20:28:03,115 - Automatic_synthesis_UV::DEBUG -- [DS_B] : UV-VIS Characterization-->Done!
2023-09-04 20:28:03,179 - Automatic_synthesis_UV::DEBUG -- [DS_B] : Cuvette2ExtractSolution-->Start!
2023-09-04 20:28:03,189 - Automatic_synthesis_UV::DEBUG -- [UV-Vis] : Start UV sample preparation
2023-09-04 20:28:05,503 - Automatic_synthesis_UV::DEBUG -- [UV-Vis] : Finish UV sample preparation
2023-09-04 20:28:05,514 - Automatic_synthesis_UV::DEBUG -- [DS_B] : Cuvette2ExtractSolution-->Done!
2023-09-04 20:28:05,595 - Automatic_synthesis_UV::DEBUG -- [UV-Vis] : Start UV-VIS Characterization
2023-09-04 20:28:05,605 - Automatic_synthesis_UV::DEBUG -- [DS_B] : UV-VIS Characterization-->Start!
2023-09-04 20:28:12,356 - Automatic_synthesis_UV::DEBUG -- [DS_B] : UV-VIS Characterization-->Done!
2023-09-04 20:28:12,438 - Automatic_synthesis_UV::DEBUG -- [DS_B] : UV_to_cuvette_storage-->Start!
2023-09-04 20:28:14,673 - Automatic_synthesis_UV::DEBUG -- [DS_B] : UV_to_cuvette_storage-->Done!
2023-09-04 20:28:14,717 - Automatic_synthesis_UV::DEBUG -- [UV-Vis] : 1 result : OrderedDict([('lambdamax', 390.667831), ('intensity', 0.01758835923123398), ('FWHM', 14.138940999999988)])
2023-09-04 20:28:14,727 - Automatic_synthesis_UV::DEBUG -- [UV-Vis] : Finish UV-VIS Characterization
2023-09-04 20:28:16,894 - Automatic_synthesis_UV::DEBUG -- [UV-Vis] : Trasfer colloid NP to UV vialholder
2023-09-04 20:28:16,905 - Automatic_synthesis_UV::DEBUG -- [DS_B] : vialholder_batchsynthesis_to_vialholder_UV-->Start!
2023-09-04 20:28:19,129 - Automatic_synthesis_UV::DEBUG -- [DS_B] : vialholder_batchsynthesis_to_vialholder_UV-->Done!
2023-09-04 20:28:19,139 - Automatic_synthesis_UV::DEBUG -- [UV-Vis] : Prepare UV-VIS container
2023-09-04 20:28:19,149 - Automatic_synthesis_UV::DEBUG -- [DS_B] : cuvette_storage_to_cuvette_holder-->Start!
2023-09-04 20:28:21,350 - Automatic_synthesis_UV::DEBUG -- [DS_B] : cuvette_storage_to_cuvette_holder-->Done!
2023-09-04 20:28:21,416 - Automatic_synthesis_UV::DEBUG -- [DS_B] : cuvette_holder_to_UV-->Start!
2023-09-04 20:28:23,570 - Automatic_synthesis_UV::DEBUG -- [DS_B] : cuvette_holder_to_UV-->Done!
2023-09-04 20:28:23,647 - Automatic_synthesis_UV::DEBUG -- [DS_B] : UV-VIS Characterization-->Start!
2023-09-04 20:28:30,377 - Automatic_synthesis_UV::DEBUG -- [DS_B] : UV-VIS Characterization-->Done!
2023-09-04 20:28:30,424 - Automatic_synthesis_UV::DEBUG -- [DS_B] : Cuvette2ExtractSolution-->Start!
2023-09-04 20:28:30,434 - Automatic_synthesis_UV::DEBUG -- [UV-Vis] : Start UV sample preparation
2023-09-04 20:28:32,555 - Automatic_synthesis_UV::DEBUG -- [UV-Vis] : Finish UV sample preparation
2023-09-04 20:28:32,566 - Automatic_synthesis_UV::DEBUG -- [DS_B] : Cuvette2ExtractSolution-->Done!
2023-09-04 20:28:32,647 - Automatic_synthesis_UV::DEBUG -- [UV-Vis] : Start UV-VIS Characterization
2023-09-04 20:28:32,657 - Automatic_synthesis_UV::DEBUG -- [DS_B] : UV-VIS Characterization-->Start!
2023-09-04 20:28:39,393 - Automatic_synthesis_UV::DEBUG -- [DS_B] : UV-VIS Characterization-->Done!
2023-09-04 20:28:39,471 - Automatic_synthesis_UV::DEBUG -- [DS_B] : UV_to_cuvette_storage-->Start!
2023-09-04 20:28:41,661 - Automatic_synthesis_UV::DEBUG -- [DS_B] : UV_to_cuvette_storage-->Done!
2023-09-04 20:28:41,684 - Automatic_synthesis_UV::DEBUG -- [UV-Vis] : 2 result : OrderedDict([('lambdamax', 712.388822), ('intensity', 0.019239960645318705), ('FWHM', 18.370525000000043)])
2023-09-04 20:28:41,694 - Automatic_synthesis_UV::DEBUG -- [UV-Vis] : Finish UV-VIS Characterization
2023-09-04 20:28:43,865 - Automatic_synthesis_UV::DEBUG -- [UV-Vis] : Trasfer colloid NP to UV vialholder
2023-09-04 20:28:43,875 - Automatic_synthesis_UV::DEBUG -- [DS_B] : vialholder_batchsynthesis_to_vialholder_UV-->Start!
2023-09-04 20:28:46,082 - Automatic_synthesis_UV::DEBUG -- [DS_B] : vialholder_batchsynthesis_to_vialholder_UV-->Done!
2023-09-04 20:28:46,093 - Automatic_synthesis_UV::DEBUG -- [UV-Vis] : Prepare UV-VIS container
2023-09-04 20:28:46,103 - Automatic_synthesis_UV::DEBUG -- [DS_B] : cuvette_storage_to_cuvette_holder-->Start!
2023-09-04 20:28:48,256 - Automatic_synthesis_UV::DEBUG -- [DS_B] : cuvette_storage_to_cuvette_holder-->Done!
2023-09-04 20:28:48,328 - Automatic_synthesis_UV::DEBUG -- [DS_B] : cuvette_holder_to_UV-->Start!
2023-09-04 20:28:50,609 - Automatic_synthesis_UV::DEBUG -- [DS_B] : cuvette_holder_to_UV-->Done!
2023-09-04 20:28:50,686 - Automatic_synthesis_UV::DEBUG -- [DS_B] : UV-VIS Characterization-->Start!
2023-09-04 20:28:57,414 - Automatic_synthesis_UV::DEBUG -- [DS_B] : UV-VIS Characterization-->Done!
2023-09-04 20:28:57,486 - Automatic_synthesis_UV::DEBUG -- [DS_B] : Cuvette2ExtractSolution-->Start!
2023-09-04 20:28:57,496 - Automatic_synthesis_UV::DEBUG -- [UV-Vis] : Start UV sample preparation
2023-09-04 20:28:59,766 - Automatic_synthesis_UV::DEBUG -- [UV-Vis] : Finish UV sample preparation
2023-09-04 20:28:59,776 - Automatic_synthesis_UV::DEBUG -- [DS_B] : Cuvette2ExtractSolution-->Done!
2023-09-04 20:28:59,864 - Automatic_synthesis_UV::DEBUG -- [UV-Vis] : Start UV-VIS Characterization
2023-09-04 20:28:59,874 - Automatic_synthesis_UV::DEBUG -- [DS_B] : UV-VIS Characterization-->Start!
2023-09-04 20:29:06,621 - Automatic_synthesis_UV::DEBUG -- [DS_B] : UV-VIS Characterization-->Done!
2023-09-04 20:29:06,657 - Automatic_synthesis_UV::DEBUG -- [DS_B] : UV_to_cuvette_storage-->Start!
2023-09-04 20:29:08,949 - Automatic_synthesis_UV::DEBUG -- [DS_B] : UV_to_cuvette_storage-->Done!
2023-09-04 20:29:09,003 - Automatic_synthesis_UV::DEBUG -- [UV-Vis] : 3 result : OrderedDict([('lambdamax', 581.59504), ('intensity', 0.01588185008057083), ('FWHM', 10.12245100000007)])
2023-09-04 20:29:09,014 - Automatic_synthesis_UV::DEBUG -- [UV-Vis] : Finish UV-VIS Characterization
2023-09-04 20:29:11,214 - Automatic_synthesis_UV::DEBUG -- [RobotArm] : Start Robot Queue : Batch motion (vialholder_UV_to_storage_filled) is started.
2023-09-04 20:29:11,225 - Automatic_synthesis_UV::DEBUG -- [RobotArm] : vial_num_list:[1, 2, 3, 4]
2023-09-04 20:29:11,235 - Automatic_synthesis_UV::DEBUG -- [RobotArm] : line_num_list:[0, 0, 0, 0]
2023-09-04 20:29:11,245 - Automatic_synthesis_UV::DEBUG -- [RobotArm] : vialHolder_list:[0, 1, 2, 3]
2023-09-04 20:29:22,090 - Automatic_synthesis_UV::DEBUG -- [RobotArm] : Finish Robot Queue : Batch motion (vialholder_UV_to_storage_filled) is done.
2023-09-04 20:29:22,100 - Automatic_synthesis_UV::DEBUG -- [RobotArm] : Start Robot Queue : Batch motion (vialholder_UV_to_storage_filled) is started.
2023-09-04 20:29:25,453 - Automatic_synthesis_UV::DEBUG -- [RobotArm] : Finish Robot Queue : Batch motion (vialholder_UV_to_storage_filled) is done.
2023-09-04 20:29:25,463 - Automatic_synthesis_UV::DEBUG -- [RobotArm] : Start Robot Queue : Batch motion (vialholder_UV_to_storage_filled) is started.
2023-09-04 20:29:28,787 - Automatic_synthesis_UV::DEBUG -- [RobotArm] : Finish Robot Queue : Batch motion (vialholder_UV_to_storage_filled) is done.
2023-09-04 20:29:28,797 - Automatic_synthesis_UV::DEBUG -- [RobotArm] : Start Robot Queue : Batch motion (vialholder_UV_to_storage_filled) is started.
2023-09-04 20:29:37,412 - Automatic_synthesis_UV::DEBUG -- [RobotArm] : Finish Robot Queue : Batch motion (vialholder_UV_to_storage_filled) is done.
2023-09-04 20:29:37,469 - Automatic_synthesis_UV::INFO -- [TaskScheduler] : UV is finished, location: {'vialHolder': ['?', '?', '?', '?', '?', '?', '?', '?']}
2023-09-04 20:29:37,479 - Automatic_synthesis_UV::INFO -- [TaskScheduler] : refresh location: {'BatchSynthesis': {'Stirrer': ['?', '?', '?', '?', '?', '?', '?', '?'], 'vialHolder': ['?', '?', '?', '?', '?', '?', '?', '?']}, 'UV': {'vialHolder': ['?', '?', '?', '?', '?', '?', '?', '?']}}
2023-09-04 20:29:37,744 - Automatic_synthesis_UV::INFO -- [JobExecution] : ######### [Automatic_synthesis_UV-HJ] Experiment 4 is done #########
