2023-09-06 16:57:56,208 - jobID_2_UV::INFO -- [JobExecution] : [jobID=1] Algorithm, model : Automatic
2023-09-06 16:57:56,218 - jobID_2_UV::INFO -- [JobExecution] : ######### Cycle start #########
2023-09-06 16:57:56,218 - jobID_2_UV::INFO -- [Automatic] : total experiments=4
2023-09-06 16:57:56,220 - jobID_2_UV::INFO -- [ProcessGenerator] : Allocate all of process based on job script!
2023-09-06 16:57:56,220 - jobID_2_UV::INFO -- [JobExecution] : ######### [jobID_2_UV-HJ] Experiment 4 is running #########
2023-09-06 16:57:56,220 - jobID_2_UV::INFO -- [TaskScheduler] : check location: {'BatchSynthesis': {'Stirrer': [0, 0, 0, 0, '?', '?', '?', '?'], 'vialHolder': [0, 0, 0, 0, '?', '?', '?', '?']}, 'UV': {'vialHolder': ['?', '?', '?', '?', '?', '?', '?', '?']}}
2023-09-06 16:57:56,220 - jobID_2_UV::INFO -- [TaskScheduler] : UV is started, allocate location: {'vialHolder': [0, 1, 2, 3]}
2023-09-06 16:57:56,220 - jobID_2_UV::INFO -- [TaskScheduler] : check location after allocation: {'BatchSynthesis': {'Stirrer': [0, 0, 0, 0, '?', '?', '?', '?'], 'vialHolder': [0, 0, 0, 0, '?', '?', '?', '?']}, 'UV': {'vialHolder': [1, 1, 1, 1, '?', '?', '?', '?']}}
2023-09-06 16:58:03,230 - jobID_2_UV::DEBUG -- [UV-Vis] : Trasfer colloid NP to UV vialholder
2023-09-06 16:58:03,231 - jobID_2_UV::DEBUG -- [DS_B] : vialholder_batchsynthesis_to_vialholder_UV-->Start!
2023-09-06 16:58:05,394 - jobID_2_UV::DEBUG -- [DS_B] : vialholder_batchsynthesis_to_vialholder_UV-->Done!
2023-09-06 16:58:05,395 - jobID_2_UV::DEBUG -- [UV-Vis] : Prepare UV-VIS container
2023-09-06 16:58:05,395 - jobID_2_UV::DEBUG -- [DS_B] : cuvette_storage_to_cuvette_holder-->Start!
2023-09-06 16:58:07,556 - jobID_2_UV::DEBUG -- [DS_B] : cuvette_storage_to_cuvette_holder-->Done!
2023-09-06 16:58:07,556 - jobID_2_UV::DEBUG -- [DS_B] : cuvette_holder_to_UV-->Start!
2023-09-06 16:58:09,716 - jobID_2_UV::DEBUG -- [DS_B] : cuvette_holder_to_UV-->Done!
2023-09-06 16:58:11,719 - jobID_2_UV::DEBUG -- [DS_B] : UV-VIS Characterization-->Start!
2023-09-06 16:58:18,436 - jobID_2_UV::DEBUG -- [DS_B] : UV-VIS Characterization-->Done!
2023-09-06 16:58:18,436 - jobID_2_UV::DEBUG -- [DS_B] : Cuvette2ExtractSolution-->Start!
2023-09-06 16:58:18,436 - jobID_2_UV::DEBUG -- [UV-Vis] : Start UV sample preparation
2023-09-06 17:01:19,461 - jobID_2_UV::DEBUG -- [UV-Vis] : Finish UV sample preparation
2023-09-06 17:01:19,461 - jobID_2_UV::DEBUG -- [DS_B] : Cuvette2ExtractSolution-->Done!
2023-09-06 17:01:19,462 - jobID_2_UV::DEBUG -- [UV-Vis] : Start UV-VIS Characterization
2023-09-06 17:01:19,462 - jobID_2_UV::DEBUG -- [DS_B] : UV-VIS Characterization-->Start!
2023-09-06 17:01:26,164 - jobID_2_UV::DEBUG -- [DS_B] : UV-VIS Characterization-->Done!
2023-09-06 17:01:28,169 - jobID_2_UV::DEBUG -- [DS_B] : UV_to_cuvette_storage-->Start!
2023-09-06 17:01:30,416 - jobID_2_UV::DEBUG -- [DS_B] : UV_to_cuvette_storage-->Done!
2023-09-06 17:01:30,422 - jobID_2_UV::DEBUG -- [UV-Vis] : 0 result : OrderedDict([('lambdamax', 761.34382), ('intensity', 0.022757091836418303), ('FWHM', 22.34460899999999)])
2023-09-06 17:01:30,423 - jobID_2_UV::DEBUG -- [UV-Vis] : Finish UV-VIS Characterization
2023-09-06 17:01:34,430 - jobID_2_UV::DEBUG -- [UV-Vis] : Trasfer colloid NP to UV vialholder
2023-09-06 17:01:34,431 - jobID_2_UV::DEBUG -- [DS_B] : vialholder_batchsynthesis_to_vialholder_UV-->Start!
2023-09-06 17:01:36,660 - jobID_2_UV::DEBUG -- [DS_B] : vialholder_batchsynthesis_to_vialholder_UV-->Done!
2023-09-06 17:01:36,660 - jobID_2_UV::DEBUG -- [UV-Vis] : Prepare UV-VIS container
2023-09-06 17:01:36,660 - jobID_2_UV::DEBUG -- [DS_B] : cuvette_storage_to_cuvette_holder-->Start!
2023-09-06 17:01:38,870 - jobID_2_UV::DEBUG -- [DS_B] : cuvette_storage_to_cuvette_holder-->Done!
2023-09-06 17:01:38,870 - jobID_2_UV::DEBUG -- [DS_B] : cuvette_holder_to_UV-->Start!
2023-09-06 17:01:41,077 - jobID_2_UV::DEBUG -- [DS_B] : cuvette_holder_to_UV-->Done!
2023-09-06 17:01:43,082 - jobID_2_UV::DEBUG -- [DS_B] : UV-VIS Characterization-->Start!
2023-09-06 17:01:49,782 - jobID_2_UV::DEBUG -- [DS_B] : UV-VIS Characterization-->Done!
2023-09-06 17:01:49,783 - jobID_2_UV::DEBUG -- [DS_B] : Cuvette2ExtractSolution-->Start!
2023-09-06 17:01:49,783 - jobID_2_UV::DEBUG -- [UV-Vis] : Start UV sample preparation
2023-09-06 17:04:50,801 - jobID_2_UV::DEBUG -- [UV-Vis] : Finish UV sample preparation
2023-09-06 17:04:50,802 - jobID_2_UV::DEBUG -- [DS_B] : Cuvette2ExtractSolution-->Done!
2023-09-06 17:04:50,802 - jobID_2_UV::DEBUG -- [UV-Vis] : Start UV-VIS Characterization
2023-09-06 17:04:50,802 - jobID_2_UV::DEBUG -- [DS_B] : UV-VIS Characterization-->Start!
2023-09-06 17:04:57,510 - jobID_2_UV::DEBUG -- [DS_B] : UV-VIS Characterization-->Done!
2023-09-06 17:04:59,515 - jobID_2_UV::DEBUG -- [DS_B] : UV_to_cuvette_storage-->Start!
2023-09-06 17:05:01,580 - jobID_2_UV::DEBUG -- [DS_B] : UV_to_cuvette_storage-->Done!
2023-09-06 17:05:01,587 - jobID_2_UV::DEBUG -- [UV-Vis] : 1 result : OrderedDict([('lambdamax', 790.278396), ('intensity', 0.018244571498304156), ('FWHM', 6.640668000000005)])
2023-09-06 17:05:01,587 - jobID_2_UV::DEBUG -- [UV-Vis] : Finish UV-VIS Characterization
2023-09-06 17:05:05,594 - jobID_2_UV::DEBUG -- [UV-Vis] : Trasfer colloid NP to UV vialholder
2023-09-06 17:05:05,594 - jobID_2_UV::DEBUG -- [DS_B] : vialholder_batchsynthesis_to_vialholder_UV-->Start!
