2023-09-06 16:04:18,651 - jobID_2_UV::INFO -- [JobExecution] : [jobID=0] Algorithm, model : Automatic
2023-09-06 16:04:18,667 - jobID_2_UV::INFO -- [JobExecution] : ######### Cycle start #########
2023-09-06 16:04:18,677 - jobID_2_UV::INFO -- [Automatic] : total experiments=4
2023-09-06 16:04:18,785 - jobID_2_UV::INFO -- [ProcessGenerator] : Allocate all of process based on job script!
2023-09-06 16:04:18,796 - jobID_2_UV::INFO -- [JobExecution] : ######### [jobID_2_UV-HJ] Experiment 4 is running #########
2023-09-06 16:04:18,827 - jobID_2_UV::INFO -- [TaskScheduler] : check location: {'BatchSynthesis': {'Stirrer': ['?', '?', '?', '?', '?', '?', '?', '?'], 'vialHolder': ['?', '?', '?', '?', '?', '?', '?', '?']}, 'UV': {'vialHolder': ['?', '?', '?', '?', '?', '?', '?', '?']}}
2023-09-06 16:04:18,833 - jobID_2_UV::INFO -- [TaskScheduler] : UV is started, allocate location: {'vialHolder': [0, 1, 2, 3]}
2023-09-06 16:04:18,833 - jobID_2_UV::INFO -- [TaskScheduler] : check location after allocation: {'BatchSynthesis': {'Stirrer': ['?', '?', '?', '?', '?', '?', '?', '?'], 'vialHolder': ['?', '?', '?', '?', '?', '?', '?', '?']}, 'UV': {'vialHolder': [0, 0, 0, 0, '?', '?', '?', '?']}}
2023-09-06 16:04:21,923 - jobID_2_UV::DEBUG -- [UV-Vis] : Trasfer colloid NP to UV vialholder
2023-09-06 16:04:21,934 - jobID_2_UV::DEBUG -- [DS_B] : vialholder_batchsynthesis_to_vialholder_UV-->Start!
2023-09-06 16:04:24,151 - jobID_2_UV::DEBUG -- [DS_B] : vialholder_batchsynthesis_to_vialholder_UV-->Done!
2023-09-06 16:04:24,162 - jobID_2_UV::DEBUG -- [UV-Vis] : Prepare UV-VIS container
2023-09-06 16:04:24,172 - jobID_2_UV::DEBUG -- [DS_B] : cuvette_storage_to_cuvette_holder-->Start!
2023-09-06 16:04:26,288 - jobID_2_UV::DEBUG -- [DS_B] : cuvette_storage_to_cuvette_holder-->Done!
2023-09-06 16:04:26,298 - jobID_2_UV::DEBUG -- [DS_B] : cuvette_holder_to_UV-->Start!
2023-09-06 16:04:28,485 - jobID_2_UV::DEBUG -- [DS_B] : cuvette_holder_to_UV-->Done!
2023-09-06 16:04:30,580 - jobID_2_UV::DEBUG -- [DS_B] : UV-VIS Characterization-->Start!
2023-09-06 16:04:37,320 - jobID_2_UV::DEBUG -- [DS_B] : UV-VIS Characterization-->Done!
2023-09-06 16:04:37,330 - jobID_2_UV::DEBUG -- [DS_B] : Cuvette2ExtractSolution-->Start!
2023-09-06 16:04:37,335 - jobID_2_UV::DEBUG -- [UV-Vis] : Start UV sample preparation
2023-09-06 16:04:38,367 - jobID_2_UV::DEBUG -- [UV-Vis] : Finish UV sample preparation
2023-09-06 16:04:38,377 - jobID_2_UV::DEBUG -- [DS_B] : Cuvette2ExtractSolution-->Done!
2023-09-06 16:04:38,388 - jobID_2_UV::DEBUG -- [UV-Vis] : Start UV-VIS Characterization
2023-09-06 16:04:38,398 - jobID_2_UV::DEBUG -- [DS_B] : UV-VIS Characterization-->Start!
2023-09-06 16:04:45,135 - jobID_2_UV::DEBUG -- [DS_B] : UV-VIS Characterization-->Done!
2023-09-06 16:04:46,172 - jobID_2_UV::DEBUG -- [DS_B] : UV_to_cuvette_storage-->Start!
2023-09-06 16:04:48,318 - jobID_2_UV::DEBUG -- [DS_B] : UV_to_cuvette_storage-->Done!
2023-09-06 16:04:48,367 - jobID_2_UV::DEBUG -- [UV-Vis] : 0 result : OrderedDict([('lambdamax', 498.17007), ('intensity', 0.019543882065585685), ('FWHM', 11.176429999999982)])
2023-09-06 16:04:48,377 - jobID_2_UV::DEBUG -- [UV-Vis] : Finish UV-VIS Characterization
2023-09-06 16:04:52,510 - jobID_2_UV::DEBUG -- [UV-Vis] : Trasfer colloid NP to UV vialholder
2023-09-06 16:04:52,520 - jobID_2_UV::DEBUG -- [DS_B] : vialholder_batchsynthesis_to_vialholder_UV-->Start!
2023-09-06 16:04:54,688 - jobID_2_UV::DEBUG -- [DS_B] : vialholder_batchsynthesis_to_vialholder_UV-->Done!
2023-09-06 16:04:54,699 - jobID_2_UV::DEBUG -- [UV-Vis] : Prepare UV-VIS container
2023-09-06 16:04:54,709 - jobID_2_UV::DEBUG -- [DS_B] : cuvette_storage_to_cuvette_holder-->Start!
2023-09-06 16:04:56,809 - jobID_2_UV::DEBUG -- [DS_B] : cuvette_storage_to_cuvette_holder-->Done!
2023-09-06 16:04:56,810 - jobID_2_UV::DEBUG -- [DS_B] : cuvette_holder_to_UV-->Start!
2023-09-06 16:04:58,929 - jobID_2_UV::DEBUG -- [DS_B] : cuvette_holder_to_UV-->Done!
2023-09-06 16:05:00,982 - jobID_2_UV::DEBUG -- [DS_B] : UV-VIS Characterization-->Start!
2023-09-06 16:05:07,742 - jobID_2_UV::DEBUG -- [DS_B] : UV-VIS Characterization-->Done!
2023-09-06 16:05:07,748 - jobID_2_UV::DEBUG -- [DS_B] : Cuvette2ExtractSolution-->Start!
2023-09-06 16:05:07,748 - jobID_2_UV::DEBUG -- [UV-Vis] : Start UV sample preparation
2023-09-06 16:05:08,790 - jobID_2_UV::DEBUG -- [UV-Vis] : Finish UV sample preparation
2023-09-06 16:05:08,800 - jobID_2_UV::DEBUG -- [DS_B] : Cuvette2ExtractSolution-->Done!
2023-09-06 16:05:08,811 - jobID_2_UV::DEBUG -- [UV-Vis] : Start UV-VIS Characterization
2023-09-06 16:05:08,821 - jobID_2_UV::DEBUG -- [DS_B] : UV-VIS Characterization-->Start!
2023-09-06 16:05:15,563 - jobID_2_UV::DEBUG -- [DS_B] : UV-VIS Characterization-->Done!
2023-09-06 16:05:16,600 - jobID_2_UV::DEBUG -- [DS_B] : UV_to_cuvette_storage-->Start!
2023-09-06 16:05:18,924 - jobID_2_UV::DEBUG -- [DS_B] : UV_to_cuvette_storage-->Done!
2023-09-06 16:05:18,977 - jobID_2_UV::DEBUG -- [UV-Vis] : 1 result : OrderedDict([('lambdamax', 396.825901), ('intensity', 0.021501715663218197), ('FWHM', 18.48500899999999)])
2023-09-06 16:05:18,988 - jobID_2_UV::DEBUG -- [UV-Vis] : Finish UV-VIS Characterization
2023-09-06 16:05:23,105 - jobID_2_UV::DEBUG -- [UV-Vis] : Trasfer colloid NP to UV vialholder
2023-09-06 16:05:23,115 - jobID_2_UV::DEBUG -- [DS_B] : vialholder_batchsynthesis_to_vialholder_UV-->Start!
2023-09-06 16:05:25,324 - jobID_2_UV::DEBUG -- [DS_B] : vialholder_batchsynthesis_to_vialholder_UV-->Done!
2023-09-06 16:05:25,334 - jobID_2_UV::DEBUG -- [UV-Vis] : Prepare UV-VIS container
2023-09-06 16:05:25,344 - jobID_2_UV::DEBUG -- [DS_B] : cuvette_storage_to_cuvette_holder-->Start!
2023-09-06 16:05:27,440 - jobID_2_UV::DEBUG -- [DS_B] : cuvette_storage_to_cuvette_holder-->Done!
2023-09-06 16:05:27,450 - jobID_2_UV::DEBUG -- [DS_B] : cuvette_holder_to_UV-->Start!
2023-09-06 16:05:29,601 - jobID_2_UV::DEBUG -- [DS_B] : cuvette_holder_to_UV-->Done!
2023-09-06 16:05:31,696 - jobID_2_UV::DEBUG -- [DS_B] : UV-VIS Characterization-->Start!
2023-09-06 16:05:38,441 - jobID_2_UV::DEBUG -- [DS_B] : UV-VIS Characterization-->Done!
2023-09-06 16:05:38,441 - jobID_2_UV::DEBUG -- [DS_B] : Cuvette2ExtractSolution-->Start!
2023-09-06 16:05:38,447 - jobID_2_UV::DEBUG -- [UV-Vis] : Start UV sample preparation
2023-09-06 16:05:39,489 - jobID_2_UV::DEBUG -- [UV-Vis] : Finish UV sample preparation
2023-09-06 16:05:39,499 - jobID_2_UV::DEBUG -- [DS_B] : Cuvette2ExtractSolution-->Done!
2023-09-06 16:05:39,509 - jobID_2_UV::DEBUG -- [UV-Vis] : Start UV-VIS Characterization
2023-09-06 16:05:39,520 - jobID_2_UV::DEBUG -- [DS_B] : UV-VIS Characterization-->Start!
2023-09-06 16:05:46,300 - jobID_2_UV::DEBUG -- [DS_B] : UV-VIS Characterization-->Done!
2023-09-06 16:05:47,347 - jobID_2_UV::DEBUG -- [DS_B] : UV_to_cuvette_storage-->Start!
2023-09-06 16:05:49,588 - jobID_2_UV::DEBUG -- [DS_B] : UV_to_cuvette_storage-->Done!
2023-09-06 16:05:49,633 - jobID_2_UV::DEBUG -- [UV-Vis] : 2 result : OrderedDict([('lambdamax', 583.955371), ('intensity', 0.019438685305539685), ('FWHM', 27.729196)])
2023-09-06 16:05:49,643 - jobID_2_UV::DEBUG -- [UV-Vis] : Finish UV-VIS Characterization
2023-09-06 16:05:53,765 - jobID_2_UV::DEBUG -- [UV-Vis] : Trasfer colloid NP to UV vialholder
2023-09-06 16:05:53,776 - jobID_2_UV::DEBUG -- [DS_B] : vialholder_batchsynthesis_to_vialholder_UV-->Start!
2023-09-06 16:05:56,110 - jobID_2_UV::DEBUG -- [DS_B] : vialholder_batchsynthesis_to_vialholder_UV-->Done!
2023-09-06 16:05:56,110 - jobID_2_UV::DEBUG -- [UV-Vis] : Prepare UV-VIS container
2023-09-06 16:05:56,120 - jobID_2_UV::DEBUG -- [DS_B] : cuvette_storage_to_cuvette_holder-->Start!
2023-09-06 16:05:58,418 - jobID_2_UV::DEBUG -- [DS_B] : cuvette_storage_to_cuvette_holder-->Done!
2023-09-06 16:05:58,418 - jobID_2_UV::DEBUG -- [DS_B] : cuvette_holder_to_UV-->Start!
2023-09-06 16:06:00,575 - jobID_2_UV::DEBUG -- [DS_B] : cuvette_holder_to_UV-->Done!
2023-09-06 16:06:02,644 - jobID_2_UV::DEBUG -- [DS_B] : UV-VIS Characterization-->Start!
2023-09-06 16:06:09,374 - jobID_2_UV::DEBUG -- [DS_B] : UV-VIS Characterization-->Done!
2023-09-06 16:06:09,374 - jobID_2_UV::DEBUG -- [DS_B] : Cuvette2ExtractSolution-->Start!
2023-09-06 16:06:09,375 - jobID_2_UV::DEBUG -- [UV-Vis] : Start UV sample preparation
