2023-09-06 15:44:21,601 - jobID_2_UV::INFO -- [JobExecution] : [jobID=0] Algorithm, model : Automatic
2023-09-06 15:44:21,616 - jobID_2_UV::INFO -- [JobExecution] : ######### Cycle start #########
2023-09-06 15:44:21,616 - jobID_2_UV::INFO -- [Automatic] : total experiments=4
2023-09-06 15:44:21,735 - jobID_2_UV::INFO -- [ProcessGenerator] : Allocate all of process based on job script!
2023-09-06 15:44:21,735 - jobID_2_UV::INFO -- [JobExecution] : ######### [jobID_2_UV-HJ] Experiment 4 is running #########
2023-09-06 15:44:21,782 - jobID_2_UV::INFO -- [TaskScheduler] : check location: {'BatchSynthesis': {'Stirrer': ['?', '?', '?', '?', '?', '?', '?', '?'], 'vialHolder': ['?', '?', '?', '?', '?', '?', '?', '?']}, 'UV': {'vialHolder': ['?', '?', '?', '?', '?', '?', '?', '?']}}
2023-09-06 15:44:21,792 - jobID_2_UV::INFO -- [TaskScheduler] : UV is started, allocate location: {'vialHolder': [0, 1, 2, 3]}
2023-09-06 15:44:21,802 - jobID_2_UV::INFO -- [TaskScheduler] : check location after allocation: {'BatchSynthesis': {'Stirrer': ['?', '?', '?', '?', '?', '?', '?', '?'], 'vialHolder': ['?', '?', '?', '?', '?', '?', '?', '?']}, 'UV': {'vialHolder': [0, 0, 0, 0, '?', '?', '?', '?']}}
2023-09-06 15:44:24,876 - jobID_2_UV::DEBUG -- [UV-Vis] : Trasfer colloid NP to UV vialholder
2023-09-06 15:44:24,887 - jobID_2_UV::DEBUG -- [DS_B] : vialholder_batchsynthesis_to_vialholder_UV-->Start!
2023-09-06 15:44:26,995 - jobID_2_UV::DEBUG -- [DS_B] : vialholder_batchsynthesis_to_vialholder_UV-->Done!
2023-09-06 15:44:27,005 - jobID_2_UV::DEBUG -- [UV-Vis] : Prepare UV-VIS container
2023-09-06 15:44:27,015 - jobID_2_UV::DEBUG -- [DS_B] : cuvette_storage_to_cuvette_holder-->Start!
2023-09-06 15:44:29,154 - jobID_2_UV::DEBUG -- [DS_B] : cuvette_storage_to_cuvette_holder-->Done!
2023-09-06 15:44:29,164 - jobID_2_UV::DEBUG -- [DS_B] : cuvette_holder_to_UV-->Start!
2023-09-06 15:44:31,312 - jobID_2_UV::DEBUG -- [DS_B] : cuvette_holder_to_UV-->Done!
2023-09-06 15:44:33,391 - jobID_2_UV::DEBUG -- [DS_B] : UV-VIS Characterization-->Start!
2023-09-06 15:44:40,116 - jobID_2_UV::DEBUG -- [DS_B] : UV-VIS Characterization-->Done!
2023-09-06 15:44:40,116 - jobID_2_UV::DEBUG -- [DS_B] : Cuvette2ExtractSolution-->Start!
2023-09-06 15:44:40,116 - jobID_2_UV::DEBUG -- [UV-Vis] : Start UV sample preparation
