2023-09-06 16:10:22,583 - jobID_2_UV::INFO -- [JobExecution] : [jobID=0] Algorithm, model : Automatic
2023-09-06 16:10:22,614 - jobID_2_UV::INFO -- [JobExecution] : ######### Cycle start #########
2023-09-06 16:10:22,619 - jobID_2_UV::INFO -- [Automatic] : total experiments=4
2023-09-06 16:10:22,698 - jobID_2_UV::INFO -- [ProcessGenerator] : Allocate all of process based on job script!
2023-09-06 16:10:22,708 - jobID_2_UV::INFO -- [JobExecution] : ######### [jobID_2_UV-HJ] Experiment 4 is running #########
2023-09-06 16:10:22,749 - jobID_2_UV::INFO -- [TaskScheduler] : check location: {'BatchSynthesis': {'Stirrer': ['?', '?', '?', '?', '?', '?', '?', '?'], 'vialHolder': ['?', '?', '?', '?', '?', '?', '?', '?']}, 'UV': {'vialHolder': ['?', '?', '?', '?', '?', '?', '?', '?']}}
2023-09-06 16:10:22,759 - jobID_2_UV::INFO -- [TaskScheduler] : UV is started, allocate location: {'vialHolder': [0, 1, 2, 3]}
2023-09-06 16:10:22,770 - jobID_2_UV::INFO -- [TaskScheduler] : check location after allocation: {'BatchSynthesis': {'Stirrer': ['?', '?', '?', '?', '?', '?', '?', '?'], 'vialHolder': ['?', '?', '?', '?', '?', '?', '?', '?']}, 'UV': {'vialHolder': [0, 0, 0, 0, '?', '?', '?', '?']}}
2023-09-06 16:10:25,854 - jobID_2_UV::DEBUG -- [UV-Vis] : Trasfer colloid NP to UV vialholder
2023-09-06 16:10:25,865 - jobID_2_UV::DEBUG -- [DS_B] : vialholder_batchsynthesis_to_vialholder_UV-->Start!
2023-09-06 16:10:28,130 - jobID_2_UV::DEBUG -- [DS_B] : vialholder_batchsynthesis_to_vialholder_UV-->Done!
2023-09-06 16:10:28,135 - jobID_2_UV::DEBUG -- [UV-Vis] : Prepare UV-VIS container
2023-09-06 16:10:28,135 - jobID_2_UV::DEBUG -- [DS_B] : cuvette_storage_to_cuvette_holder-->Start!
2023-09-06 16:10:30,295 - jobID_2_UV::DEBUG -- [DS_B] : cuvette_storage_to_cuvette_holder-->Done!
2023-09-06 16:10:30,300 - jobID_2_UV::DEBUG -- [DS_B] : cuvette_holder_to_UV-->Start!
2023-09-06 16:10:32,522 - jobID_2_UV::DEBUG -- [DS_B] : cuvette_holder_to_UV-->Done!
2023-09-06 16:10:34,602 - jobID_2_UV::DEBUG -- [DS_B] : UV-VIS Characterization-->Start!
2023-09-06 16:10:41,336 - jobID_2_UV::DEBUG -- [DS_B] : UV-VIS Characterization-->Done!
2023-09-06 16:10:41,346 - jobID_2_UV::DEBUG -- [DS_B] : Cuvette2ExtractSolution-->Start!
2023-09-06 16:10:41,356 - jobID_2_UV::DEBUG -- [UV-Vis] : Start UV sample preparation
