2023-10-05 17:35:18,947 - seq_task_0::INFO -- [JobExecution] : [jobID=0] Algorithm, model : Automatic
2023-10-05 17:35:18,968 - seq_task_0::INFO -- [JobExecution] : ######### Cycle start #########
2023-10-05 17:35:18,968 - seq_task_0::INFO -- [Automatic] : total experiments=1
2023-10-05 17:35:18,968 - seq_task_0::INFO -- [Automatic [0]] : next_point 0: {'AddSolution=AgNO3_Concentration': 1250, 'AddSolution=AgNO3_Volume': 2000, 'AddSolution=AgNO3_Injectionrate': 200}
2023-10-05 17:35:18,979 - seq_task_0::INFO -- [ProcessGenerator] : Allocate all of process based on job script!
2023-10-05 17:35:18,989 - seq_task_0::INFO -- [JobExecution] : ######### [seq_task_0-HJ] Experiment 1 is running #########
2023-10-05 17:35:19,020 - seq_task_0::INFO -- [TaskScheduler] : check location: {'BatchSynthesis': {'Stirrer': ['?', '?', '?', '?', '?', '?', '?', '?'], 'vialHolder': ['?', '?', '?', '?', '?', '?', '?', '?']}, 'UV': {'vialHolder': ['?', '?', '?', '?', '?', '?', '?', '?']}}
2023-10-05 17:35:19,030 - seq_task_0::INFO -- [TaskScheduler] : BatchSynthesis is started, allocate location: {'Stirrer': [0], 'vialHolder': [0]}
2023-10-05 17:35:19,040 - seq_task_0::INFO -- [TaskScheduler] : check location after allocation: {'BatchSynthesis': {'Stirrer': [0, '?', '?', '?', '?', '?', '?', '?'], 'vialHolder': [0, '?', '?', '?', '?', '?', '?', '?']}, 'UV': {'vialHolder': ['?', '?', '?', '?', '?', '?', '?', '?']}}
2023-10-05 17:35:22,146 - seq_task_0::DEBUG -- [Batch] : storage_empty_to_stirrer is started.
2023-10-05 17:35:22,157 - seq_task_0::DEBUG -- [Batch] : vial_num_list: [0]
2023-10-05 17:35:22,167 - seq_task_0::DEBUG -- [Batch] : line_num_list: [0]
2023-10-05 17:35:22,177 - seq_task_0::DEBUG -- [Batch] : vialHolder_list: [0]
2023-10-05 17:35:22,187 - seq_task_0::DEBUG -- [Batch] : Start Robot Queue : storage_empty_to_stirrer is started.
2023-10-05 17:35:22,197 - seq_task_0::DEBUG -- [LA] : move center-->Start!
2023-10-05 17:35:23,313 - seq_task_0::DEBUG -- [LA] : move center-->Done!
2023-10-05 17:35:24,371 - seq_task_0::DEBUG -- [STORAGE] : open-->Start!
2023-10-05 17:35:27,505 - seq_task_0::DEBUG -- [STORAGE] : open-->Done!
2023-10-05 17:35:30,570 - seq_task_0::DEBUG -- [DS_B] : prepare container-->Start!
2023-10-05 17:35:32,777 - seq_task_0::DEBUG -- [DS_B] : prepare container-->Done!
2023-10-05 17:35:32,788 - seq_task_0::DEBUG -- [Batch] : Finish Robot Queue : storage_empty_to_stirrer is done.
2023-10-05 17:35:36,900 - seq_task_0::DEBUG -- [LA] : move down-->Start!
2023-10-05 17:35:38,070 - seq_task_0::DEBUG -- [LA] : move down-->Done!
2023-10-05 17:35:38,070 - seq_task_0::DEBUG -- [Batch] : Start Injection Queue --> AgNO3,1250mM,2000μL,200μL/s
2023-10-05 17:35:38,070 - seq_task_0::DEBUG -- [PUMP] : prepare solution-->Start!
2023-10-05 17:35:41,811 - seq_task_0::DEBUG -- [PUMP] : prepare solution-->Done!
2023-10-05 17:35:41,811 - seq_task_0::DEBUG -- [LA] : move up-->Start!
2023-10-05 17:35:42,923 - seq_task_0::DEBUG -- [LA] : move up-->Done!
2023-10-05 17:35:42,933 - seq_task_0::DEBUG -- [LA] : move center-->Start!
2023-10-05 17:35:44,107 - seq_task_0::DEBUG -- [LA] : move center-->Done!
2023-10-05 17:35:45,144 - seq_task_0::DEBUG -- [Batch] : Finish Injection Queue
2023-10-05 17:35:48,209 - seq_task_0::DEBUG -- [LA] : move down-->Start!
2023-10-05 17:35:49,341 - seq_task_0::DEBUG -- [LA] : move down-->Done!
2023-10-05 17:35:49,352 - seq_task_0::DEBUG -- [Batch] : Start Injection Queue --> Citrate,20mM,1200μL,200μL/s
2023-10-05 17:35:49,362 - seq_task_0::DEBUG -- [PUMP] : prepare solution-->Start!
2023-10-05 17:35:53,047 - seq_task_0::DEBUG -- [PUMP] : prepare solution-->Done!
2023-10-05 17:35:53,057 - seq_task_0::DEBUG -- [LA] : move up-->Start!
2023-10-05 17:35:53,828 - seq_task_0::INFO -- [JobExecution] : [jobID=2] Algorithm, model : Automatic
2023-10-05 17:35:53,828 - seq_task_0::INFO -- [JobExecution] : [jobID=2] Algorithm, model : Automatic
2023-10-05 17:35:54,153 - seq_task_0::DEBUG -- [LA] : move up-->Done!
2023-10-05 17:35:54,153 - seq_task_0::DEBUG -- [LA] : move up-->Done!
2023-10-05 17:35:54,169 - seq_task_0::DEBUG -- [LA] : move center-->Start!
2023-10-05 17:35:54,169 - seq_task_0::DEBUG -- [LA] : move center-->Start!
2023-10-05 17:35:55,305 - seq_task_0::DEBUG -- [LA] : move center-->Done!
2023-10-05 17:35:55,305 - seq_task_0::DEBUG -- [LA] : move center-->Done!
2023-10-05 17:35:56,347 - seq_task_0::DEBUG -- [Batch] : Finish Injection Queue
2023-10-05 17:35:56,347 - seq_task_0::DEBUG -- [Batch] : Finish Injection Queue
2023-10-05 17:35:56,363 - seq_task_0::DEBUG -- [Batch] : Start Stir Queue 0 (Stirrer)
2023-10-05 17:35:56,363 - seq_task_0::DEBUG -- [Batch] : Start Stir Queue 0 (Stirrer)
2023-10-05 17:35:57,980 - seq_task_0::DEBUG -- [Batch] : Finish Stir Queue 0 (Stirrer)
2023-10-05 17:35:57,980 - seq_task_0::DEBUG -- [Batch] : Finish Stir Queue 0 (Stirrer)
2023-10-05 17:35:57,996 - seq_task_0::DEBUG -- [Batch] : Start Heat Queue 0 (Stirrer)
2023-10-05 17:35:57,996 - seq_task_0::DEBUG -- [Batch] : Start Heat Queue 0 (Stirrer)
2023-10-05 17:35:59,428 - seq_task_0::DEBUG -- [Batch] : Finish Heat Queue 0 (Stirrer)
2023-10-05 17:35:59,428 - seq_task_0::DEBUG -- [Batch] : Finish Heat Queue 0 (Stirrer)
2023-10-05 17:35:59,449 - seq_task_0::DEBUG -- [Batch] : Start Mix:300s
2023-10-05 17:35:59,449 - seq_task_0::DEBUG -- [Batch] : Start Mix:300s
2023-10-05 17:35:59,464 - seq_task_0::DEBUG -- [Batch] : check Mix:300s
2023-10-05 17:35:59,464 - seq_task_0::DEBUG -- [Batch] : check Mix:300s
2023-10-05 17:35:59,479 - seq_task_0::DEBUG -- [Batch] : Finish Mix:300s
2023-10-05 17:35:59,479 - seq_task_0::DEBUG -- [Batch] : Finish Mix:300s
2023-10-05 17:36:02,554 - seq_task_0::DEBUG -- [LA] : move down-->Start!
2023-10-05 17:36:02,554 - seq_task_0::DEBUG -- [LA] : move down-->Start!
2023-10-05 17:36:03,705 - seq_task_0::DEBUG -- [LA] : move down-->Done!
2023-10-05 17:36:03,705 - seq_task_0::DEBUG -- [LA] : move down-->Done!
2023-10-05 17:36:03,720 - seq_task_0::DEBUG -- [Batch] : Start Injection Queue --> NaBH4,10mM,3000μL,200μL/s
2023-10-05 17:36:03,720 - seq_task_0::DEBUG -- [Batch] : Start Injection Queue --> NaBH4,10mM,3000μL,200μL/s
2023-10-05 17:36:03,735 - seq_task_0::DEBUG -- [PUMP] : prepare solution-->Start!
2023-10-05 17:36:03,735 - seq_task_0::DEBUG -- [PUMP] : prepare solution-->Start!
2023-10-05 17:36:07,454 - seq_task_0::DEBUG -- [PUMP] : prepare solution-->Done!
2023-10-05 17:36:07,454 - seq_task_0::DEBUG -- [PUMP] : prepare solution-->Done!
2023-10-05 17:36:07,469 - seq_task_0::DEBUG -- [LA] : move up-->Start!
2023-10-05 17:36:07,469 - seq_task_0::DEBUG -- [LA] : move up-->Start!
2023-10-05 17:36:08,635 - seq_task_0::DEBUG -- [LA] : move up-->Done!
2023-10-05 17:36:08,635 - seq_task_0::DEBUG -- [LA] : move up-->Done!
2023-10-05 17:36:08,650 - seq_task_0::DEBUG -- [LA] : move center-->Start!
2023-10-05 17:36:08,650 - seq_task_0::DEBUG -- [LA] : move center-->Start!
2023-10-05 17:36:09,747 - seq_task_0::DEBUG -- [LA] : move center-->Done!
2023-10-05 17:36:09,747 - seq_task_0::DEBUG -- [LA] : move center-->Done!
2023-10-05 17:36:10,789 - seq_task_0::DEBUG -- [Batch] : Finish Injection Queue
2023-10-05 17:36:10,789 - seq_task_0::DEBUG -- [Batch] : Finish Injection Queue
2023-10-05 17:36:10,799 - seq_task_0::DEBUG -- [Batch] : Start React:2400s
2023-10-05 17:36:10,799 - seq_task_0::DEBUG -- [Batch] : Start React:2400s
2023-10-05 17:36:20,810 - seq_task_0::DEBUG -- [Batch] : check React:2400s
2023-10-05 17:36:20,810 - seq_task_0::DEBUG -- [Batch] : check React:2400s
2023-10-05 17:36:27,821 - seq_task_0::DEBUG -- [LA] : move center-->Start!
2023-10-05 17:36:27,821 - seq_task_0::DEBUG -- [LA] : move center-->Start!
2023-10-05 17:36:28,883 - seq_task_0::DEBUG -- [LA] : move center-->Done!
2023-10-05 17:36:28,883 - seq_task_0::DEBUG -- [LA] : move center-->Done!
2023-10-05 17:36:29,885 - seq_task_0::DEBUG -- [DS_B] : stirrer_to_holder-->Start!
2023-10-05 17:36:29,885 - seq_task_0::DEBUG -- [DS_B] : stirrer_to_holder-->Start!
2023-10-05 17:36:32,117 - seq_task_0::DEBUG -- [DS_B] : stirrer_to_holder-->Done!
2023-10-05 17:36:32,117 - seq_task_0::DEBUG -- [DS_B] : stirrer_to_holder-->Done!
2023-10-05 17:36:32,117 - seq_task_0::DEBUG -- [Batch] : Finish React:2400s
2023-10-05 17:36:32,117 - seq_task_0::DEBUG -- [Batch] : Finish React:2400s
2023-10-05 17:36:36,126 - seq_task_0::DEBUG -- [RobotArm] : Start Robot Queue : Batch motion (vialholder_BatchSynthesis_to_storage_filled) is started.
2023-10-05 17:36:36,126 - seq_task_0::DEBUG -- [RobotArm] : Start Robot Queue : Batch motion (vialholder_BatchSynthesis_to_storage_filled) is started.
2023-10-05 17:36:36,126 - seq_task_0::DEBUG -- [RobotArm] : vial_num_list:[0]
2023-10-05 17:36:36,126 - seq_task_0::DEBUG -- [RobotArm] : vial_num_list:[0]
2023-10-05 17:36:36,126 - seq_task_0::DEBUG -- [RobotArm] : line_num_list:[0]
2023-10-05 17:36:36,126 - seq_task_0::DEBUG -- [RobotArm] : line_num_list:[0]
2023-10-05 17:36:36,126 - seq_task_0::DEBUG -- [RobotArm] : vialHolder_list:[0]
2023-10-05 17:36:36,126 - seq_task_0::DEBUG -- [RobotArm] : vialHolder_list:[0]
2023-10-05 17:37:12,519 - seq_task_0::INFO -- [JobExecution] : ######### Cycle start #########
2023-10-05 17:37:12,519 - seq_task_0::INFO -- [JobExecution] : ######### Cycle start #########
2023-10-05 17:37:12,519 - seq_task_0::INFO -- [Automatic] : total experiments=1
2023-10-05 17:37:12,519 - seq_task_0::INFO -- [Automatic] : total experiments=1
2023-10-05 17:37:12,519 - seq_task_0::INFO -- [Automatic [0]] : next_point 0: {'AddSolution=AgNO3_Concentration': 1250, 'AddSolution=AgNO3_Volume': 2000, 'AddSolution=AgNO3_Injectionrate': 200}
2023-10-05 17:37:12,519 - seq_task_0::INFO -- [Automatic [0]] : next_point 0: {'AddSolution=AgNO3_Concentration': 1250, 'AddSolution=AgNO3_Volume': 2000, 'AddSolution=AgNO3_Injectionrate': 200}
2023-10-05 17:37:12,519 - seq_task_0::INFO -- [ProcessGenerator] : Allocate all of process based on job script!
2023-10-05 17:37:12,519 - seq_task_0::INFO -- [ProcessGenerator] : Allocate all of process based on job script!
2023-10-05 17:37:12,519 - seq_task_0::INFO -- [JobExecution] : ######### [seq_task_0-HJ] Experiment 1 is running #########
2023-10-05 17:37:12,519 - seq_task_0::INFO -- [JobExecution] : ######### [seq_task_0-HJ] Experiment 1 is running #########
2023-10-05 17:37:12,520 - seq_task_0::INFO -- [TaskScheduler] : check location: {'BatchSynthesis': {'Stirrer': [0, 1, '?', '?', '?', '?', '?', '?'], 'vialHolder': [0, 1, '?', '?', '?', '?', '?', '?']}, 'UV': {'vialHolder': ['?', '?', '?', '?', '?', '?', '?', '?']}}
2023-10-05 17:37:12,520 - seq_task_0::INFO -- [TaskScheduler] : check location: {'BatchSynthesis': {'Stirrer': [0, 1, '?', '?', '?', '?', '?', '?'], 'vialHolder': [0, 1, '?', '?', '?', '?', '?', '?']}, 'UV': {'vialHolder': ['?', '?', '?', '?', '?', '?', '?', '?']}}
2023-10-05 17:37:12,520 - seq_task_0::INFO -- [TaskScheduler] : BatchSynthesis is started, allocate location: {'Stirrer': [2], 'vialHolder': [2]}
2023-10-05 17:37:12,520 - seq_task_0::INFO -- [TaskScheduler] : BatchSynthesis is started, allocate location: {'Stirrer': [2], 'vialHolder': [2]}
2023-10-05 17:37:12,520 - seq_task_0::INFO -- [TaskScheduler] : check location after allocation: {'BatchSynthesis': {'Stirrer': [0, 1, 2, '?', '?', '?', '?', '?'], 'vialHolder': [0, 1, 2, '?', '?', '?', '?', '?']}, 'UV': {'vialHolder': ['?', '?', '?', '?', '?', '?', '?', '?']}}
2023-10-05 17:37:12,520 - seq_task_0::INFO -- [TaskScheduler] : check location after allocation: {'BatchSynthesis': {'Stirrer': [0, 1, 2, '?', '?', '?', '?', '?'], 'vialHolder': [0, 1, 2, '?', '?', '?', '?', '?']}, 'UV': {'vialHolder': ['?', '?', '?', '?', '?', '?', '?', '?']}}
