2023-09-10 22:12:23,659 - jobID_2_UV::INFO -- [JobExecution] : [jobID=1] Algorithm, model : Automatic
2023-09-10 22:12:23,660 - jobID_2_UV::INFO -- [JobExecution] : ######### Cycle start #########
2023-09-10 22:12:23,660 - jobID_2_UV::INFO -- [Automatic] : total experiments=4
2023-09-10 22:12:23,661 - jobID_2_UV::INFO -- [ProcessGenerator] : Allocate all of process based on job script!
2023-09-10 22:12:23,661 - jobID_2_UV::INFO -- [JobExecution] : ######### [jobID_2_UV-HJ] Experiment 4 is running #########
2023-09-10 22:12:23,692 - jobID_2_UV::INFO -- [TaskScheduler] : check location: {'BatchSynthesis': {'Stirrer': [0, 0, 0, 0, '?', '?', '?', '?'], 'vialHolder': [0, 0, 0, 0, '?', '?', '?', '?']}, 'UV': {'vialHolder': ['?', '?', '?', '?', '?', '?', '?', '?']}}
2023-09-10 22:12:23,692 - jobID_2_UV::INFO -- [TaskScheduler] : UV is started, allocate location: {'vialHolder': [0, 1, 2, 3]}
2023-09-10 22:12:23,693 - jobID_2_UV::INFO -- [TaskScheduler] : check location after allocation: {'BatchSynthesis': {'Stirrer': [0, 0, 0, 0, '?', '?', '?', '?'], 'vialHolder': [0, 0, 0, 0, '?', '?', '?', '?']}, 'UV': {'vialHolder': [1, 1, 1, 1, '?', '?', '?', '?']}}
2023-09-10 22:12:26,697 - jobID_2_UV::DEBUG -- [UV-Vis] : Trasfer colloid NP to UV vialholder
2023-09-10 22:12:26,698 - jobID_2_UV::DEBUG -- [DS_B] : vialholder_batchsynthesis_to_vialholder_UV-->Start!
2023-09-10 22:13:00,333 - jobID_2_UV::DEBUG -- [DS_B] : vialholder_batchsynthesis_to_vialholder_UV-->Done!
2023-09-10 22:13:00,333 - jobID_2_UV::DEBUG -- [UV-Vis] : Prepare UV-VIS container
2023-09-10 22:13:00,334 - jobID_2_UV::DEBUG -- [DS_B] : cuvette_storage_to_cuvette_holder-->Start!
2023-09-10 22:13:23,836 - jobID_2_UV::DEBUG -- [DS_B] : cuvette_storage_to_cuvette_holder-->Done!
2023-09-10 22:13:23,836 - jobID_2_UV::DEBUG -- [DS_B] : cuvette_holder_to_UV-->Start!
2023-09-10 22:13:45,622 - jobID_2_UV::DEBUG -- [DS_B] : cuvette_holder_to_UV-->Done!
2023-09-10 22:13:47,627 - jobID_2_UV::DEBUG -- [DS_B] : UV-VIS Characterization-->Start!
2023-09-10 22:13:55,153 - jobID_2_UV::DEBUG -- [DS_B] : UV-VIS Characterization-->Done!
2023-09-10 22:13:55,153 - jobID_2_UV::DEBUG -- [DS_B] : Cuvette2ExtractSolution-->Start!
2023-09-10 22:13:55,154 - jobID_2_UV::DEBUG -- [UV-Vis] : Start UV sample preparation
