2023-07-11 01:52:13,530 - BO_format_2::INFO -- [JobExecution] : [jobID=1] Algorithm, model : BayesianOptimization
2023-07-11 01:52:13,536 - BO_format_2::INFO -- [JobExecution] : ######### Cycle start #########
2023-07-11 01:52:13,536 - BO_format_2::INFO -- [BayesianOptimization] : batchSize=4
2023-07-11 01:52:13,536 - BO_format_2::INFO -- [Algorithm [0]] : next_point 0: {'AddSolution=AgNO3_Concentration': 0, 'AddSolution=AgNO3_Volume': 750, 'AddSolution=AgNO3_Injectionrate': 150}
2023-07-11 01:52:13,536 - BO_format_2::INFO -- [Algorithm [1]] : next_point 1: {'AddSolution=AgNO3_Concentration': 0, 'AddSolution=AgNO3_Volume': 800, 'AddSolution=AgNO3_Injectionrate': 100}
2023-07-11 01:52:13,536 - BO_format_2::INFO -- [Algorithm [2]] : next_point 2: {'AddSolution=AgNO3_Concentration': 0, 'AddSolution=AgNO3_Volume': 1150, 'AddSolution=AgNO3_Injectionrate': 150}
2023-07-11 01:52:13,536 - BO_format_2::INFO -- [Algorithm [3]] : next_point 3: {'AddSolution=AgNO3_Concentration': 0, 'AddSolution=AgNO3_Volume': 650, 'AddSolution=AgNO3_Injectionrate': 150}
2023-07-11 01:52:13,539 - BO_format_2::INFO -- [RecipeGenerator] : Allocate all of process based on job script!
2023-07-11 01:52:13,539 - BO_format_2::INFO -- [JobExecution] : ######### Cycle 1/1 is running #########
2023-07-11 01:52:13,540 - BO_format_2::INFO -- [TaskScheduler] : check location: {'BatchSynthesis': {'Stirrer': [0, 0, 0, 0, 0, 0, '?', '?', '?', '?', '?', '?', '?', '?', '?', '?'], 'vialHolder': [0, 0, 0, 0, 0, 0, '?', '?']}, 'UV': {'vialHolder': ['?', '?', '?', '?', '?', '?', '?', '?']}}
2023-07-11 01:52:13,540 - BO_format_2::INFO -- [TaskScheduler] : BatchSynthesis allocate location: {'Stirrer': [6, 7], 'vialHolder': [6, 7]}
2023-07-11 01:52:13,540 - BO_format_2::INFO -- [TaskScheduler] : check location after allocation: {'BatchSynthesis': {'Stirrer': [0, 0, 0, 0, 0, 0, 1, 1, '?', '?', '?', '?', '?', '?', '?', '?'], 'vialHolder': [0, 0, 0, 0, 0, 0, 1, 1]}, 'UV': {'vialHolder': ['?', '?', '?', '?', '?', '?', '?', '?']}}
2023-07-11 01:52:15,543 - BO_format_2::INFO -- [Batch] : storage_empty_to_stirrer is started.
2023-07-11 01:52:15,544 - BO_format_2::INFO -- [Batch] : vial_num_list: [6, 7]
2023-07-11 01:52:15,544 - BO_format_2::INFO -- [Batch] : line_num_list: [0, 0]
2023-07-11 01:52:15,544 - BO_format_2::INFO -- [Batch] : vialHolder_list: [6, 7]
2023-07-11 01:52:15,545 - BO_format_2::INFO -- [Batch] : Start Robot Queue : storage_empty_to_stirrer is started.
2023-07-11 01:52:21,952 - BO_format_2::INFO -- [Batch] : Finish Robot Queue : storage_empty_to_stirrer is done.
2023-07-11 01:52:29,966 - BO_format_2::INFO -- [Batch] : storage_empty_to_stirrer is started.
2023-07-11 01:52:29,966 - BO_format_2::INFO -- [Batch] : Start Robot Queue : storage_empty_to_stirrer is started.
2023-07-11 01:52:36,478 - BO_format_2::INFO -- [Batch] : Finish Robot Queue : storage_empty_to_stirrer is done.
2023-07-11 01:52:44,491 - BO_format_2::INFO -- [Batch] : Prepare Injection Queue --> Citrate,0.02mM,5000uL,200uL/s
2023-07-11 01:52:48,750 - BO_format_2::INFO -- [Batch] : Start Injection Queue --> Citrate,0.02mM,1200μL,200μL/s
2023-07-11 01:52:54,284 - BO_format_2::INFO -- [Batch] : Finish Injection Queue
2023-07-11 01:53:02,298 - BO_format_2::INFO -- [Batch] : Prepare Injection Queue --> Citrate,0.02mM,5000uL,200uL/s
2023-07-11 01:53:06,390 - BO_format_2::INFO -- [Batch] : Start Injection Queue --> Citrate,0.02mM,1200μL,200μL/s
2023-07-11 01:53:11,653 - BO_format_2::INFO -- [Batch] : Finish Injection Queue
2023-07-11 01:53:19,667 - BO_format_2::INFO -- [Batch] : Prepare Injection Queue --> H2O2,0.375mM,5000uL,200uL/s
2023-07-11 01:53:24,047 - BO_format_2::INFO -- [Batch] : Start Injection Queue --> H2O2,0.375mM,1200μL,200μL/s
2023-07-11 01:53:29,172 - BO_format_2::INFO -- [Batch] : Finish Injection Queue
2023-07-11 01:53:37,188 - BO_format_2::INFO -- [Batch] : Prepare Injection Queue --> H2O2,0.375mM,5000uL,200uL/s
2023-07-11 01:53:41,371 - BO_format_2::INFO -- [Batch] : Start Injection Queue --> H2O2,0.375mM,1200μL,200μL/s
2023-07-11 01:53:46,561 - BO_format_2::INFO -- [Batch] : Finish Injection Queue
2023-07-11 01:53:58,579 - BO_format_2::INFO -- [Batch] : Prepare Injection Queue --> NaBH4,0.01mM,5000uL,200uL/s
2023-07-11 01:54:02,474 - BO_format_2::INFO -- [Batch] : Start Injection Queue --> NaBH4,0.01mM,3000μL,200μL/s
2023-07-11 01:54:07,736 - BO_format_2::INFO -- [Batch] : Finish Injection Queue
2023-07-11 01:54:17,753 - BO_format_2::INFO -- [Batch] : Prepare Injection Queue --> NaBH4,0.01mM,5000uL,200uL/s
2023-07-11 01:54:21,781 - BO_format_2::INFO -- [Batch] : Start Injection Queue --> NaBH4,0.01mM,3000μL,200μL/s
2023-07-11 01:54:27,266 - BO_format_2::INFO -- [Batch] : Finish Injection Queue
2023-07-11 01:54:27,267 - BO_format_2::INFO -- [Batch] : Start Stir Queue 0 (Stirrer)
2023-07-11 01:54:28,622 - BO_format_2::INFO -- [Batch] : Start Stir Queue 1 (Stirrer)
2023-07-11 01:54:29,792 - BO_format_2::INFO -- [Batch] : Finish Stir Queue 0 (Stirrer)
2023-07-11 01:54:29,792 - BO_format_2::INFO -- [Batch] : Finish Stir Queue 1 (Stirrer)
2023-07-11 01:54:29,792 - BO_format_2::INFO -- [Batch] : Start Heat Queue 0 (Stirrer)
2023-07-11 01:54:30,902 - BO_format_2::INFO -- [Batch] : Start Heat Queue 1 (Stirrer)
2023-07-11 01:54:31,981 - BO_format_2::INFO -- [Batch] : Finish Heat Queue 0 (Stirrer)
2023-07-11 01:54:31,981 - BO_format_2::INFO -- [Batch] : Finish Heat Queue 1 (Stirrer)
2023-07-11 01:54:31,982 - BO_format_2::INFO -- [Batch] : Start Wait:1s
2023-07-11 01:54:31,983 - BO_format_2::INFO -- [Batch] : check Wait:1s
2023-07-11 01:54:31,983 - BO_format_2::INFO -- [Batch] : Start Wait:1s
2023-07-11 01:54:31,983 - BO_format_2::INFO -- [Batch] : Finish Wait:1s
2023-07-11 01:54:31,984 - BO_format_2::INFO -- [Batch] : check Wait:1s
2023-07-11 01:54:31,985 - BO_format_2::INFO -- [Batch] : Finish Wait:1s
2023-07-11 01:54:37,995 - BO_format_2::INFO -- [Batch] : Prepare Injection Queue --> AgNO3,0mM,5000uL,200uL/s
2023-07-11 01:54:42,210 - BO_format_2::INFO -- [Batch] : Start Injection Queue --> AgNO3,0mM,750μL,150μL/s
2023-07-11 01:54:47,638 - BO_format_2::INFO -- [Batch] : Finish Injection Queue
2023-07-11 01:54:59,659 - BO_format_2::INFO -- [Batch] : Prepare Injection Queue --> AgNO3,0mM,5000uL,200uL/s
2023-07-11 01:55:03,949 - BO_format_2::INFO -- [Batch] : Start Injection Queue --> AgNO3,0mM,800μL,100μL/s
2023-07-11 01:55:09,100 - BO_format_2::INFO -- [Batch] : Finish Injection Queue
2023-07-11 01:55:09,102 - BO_format_2::INFO -- [Batch] : Start React:1s
2023-07-11 01:55:09,103 - BO_format_2::INFO -- [Batch] : Start React:1s
2023-07-11 01:55:19,105 - BO_format_2::INFO -- [Batch] : check React:1s
2023-07-11 01:55:19,113 - BO_format_2::INFO -- [Batch] : check React:1s
2023-07-11 01:55:23,481 - BO_format_2::INFO -- [Batch] : Finish React:1s
2023-07-11 01:55:37,549 - BO_format_2::INFO -- [Batch] : Finish React:1s
2023-07-11 01:55:37,550 - BO_format_2::INFO -- [TaskScheduler] : UV allocate location: {'vialHolder': [0, 1]}
2023-07-11 01:55:37,551 - BO_format_2::INFO -- [TaskScheduler] : check location after allocation: {'BatchSynthesis': {'Stirrer': [0, 0, 0, 0, 0, 0, '?', '?', '?', '?', '?', '?', '?', '?', '?', '?'], 'vialHolder': [0, 0, 0, 0, 0, 0, '?', '?']}, 'UV': {'vialHolder': [1, 1, '?', '?', '?', '?', '?', '?']}}
2023-07-11 01:55:39,556 - BO_format_2::INFO -- [UV] : Prepare UV-VIS container
2023-07-11 01:55:53,453 - BO_format_2::INFO -- [UV] : Start UV-VIS Characterization
2023-07-11 01:56:02,554 - BO_format_2::INFO -- [UV] : 0 result : OrderedDict([('lambdamax', 596.725587), ('intensity', 0.01566009225694757), ('FWHM', 35.980831999999964)])
2023-07-11 01:56:02,554 - BO_format_2::INFO -- [UV] : Finish UV-VIS Characterization
2023-07-11 01:56:12,573 - BO_format_2::INFO -- [UV] : Prepare UV-VIS container
2023-07-11 01:56:26,236 - BO_format_2::INFO -- [UV] : Start UV-VIS Characterization
2023-07-11 01:56:35,168 - BO_format_2::INFO -- [UV] : 1 result : OrderedDict([('lambdamax', 393.567282), ('intensity', 0.020354702312482265), ('FWHM', 23.20363199999997)])
2023-07-11 01:56:35,168 - BO_format_2::INFO -- [UV] : Finish UV-VIS Characterization
2023-07-11 01:56:47,189 - BO_format_2::INFO -- [RobotArm] : Start Robot Queue : Batch motion (holder_to_storage_filled) is started.
2023-07-11 01:56:47,189 - BO_format_2::INFO -- [RobotArm] : vial_num_list:[0, 1]
2023-07-11 01:56:47,203 - BO_format_2::INFO -- [RobotArm] : line_num_list:[0, 0]
2023-07-11 01:56:47,203 - BO_format_2::INFO -- [RobotArm] : vialHolder_list:[0, 1]
2023-07-11 01:56:55,921 - BO_format_2::INFO -- [RobotArm] : Finish Robot Queue : Batch motion (holder_to_storage_filled) is done.
2023-07-11 01:56:55,922 - BO_format_2::INFO -- [RobotArm] : Start Robot Queue : Batch motion (holder_to_storage_filled) is started.
2023-07-11 01:57:02,644 - BO_format_2::INFO -- [RobotArm] : Finish Robot Queue : Batch motion (holder_to_storage_filled) is done.
2023-07-11 01:57:02,646 - BO_format_2::INFO -- [TaskScheduler] : check location: {'BatchSynthesis': {'Stirrer': [0, 0, 0, 0, 0, 0, '?', '?', '?', '?', '?', '?', '?', '?', '?', '?'], 'vialHolder': [0, 0, 0, 0, 0, 0, '?', '?']}, 'UV': {'vialHolder': ['?', '?', '?', '?', '?', '?', '?', '?']}}
2023-07-11 01:57:02,646 - BO_format_2::INFO -- [TaskScheduler] : BatchSynthesis allocate location: {'Stirrer': [6, 7], 'vialHolder': [6, 7]}
2023-07-11 01:57:02,646 - BO_format_2::INFO -- [TaskScheduler] : check location after allocation: {'BatchSynthesis': {'Stirrer': [0, 0, 0, 0, 0, 0, 1, 1, '?', '?', '?', '?', '?', '?', '?', '?'], 'vialHolder': [0, 0, 0, 0, 0, 0, 1, 1]}, 'UV': {'vialHolder': ['?', '?', '?', '?', '?', '?', '?', '?']}}
2023-07-11 01:57:14,668 - BO_format_2::INFO -- [Batch] : storage_empty_to_stirrer is started.
2023-07-11 01:57:14,668 - BO_format_2::INFO -- [Batch] : vial_num_list: [8, 9]
2023-07-11 01:57:14,668 - BO_format_2::INFO -- [Batch] : line_num_list: [0, 0]
2023-07-11 01:57:14,669 - BO_format_2::INFO -- [Batch] : vialHolder_list: [6, 7]
2023-07-11 01:57:14,669 - BO_format_2::INFO -- [Batch] : Start Robot Queue : storage_empty_to_stirrer is started.
2023-07-11 01:57:21,587 - BO_format_2::INFO -- [Batch] : Finish Robot Queue : storage_empty_to_stirrer is done.
2023-07-11 01:57:33,609 - BO_format_2::INFO -- [Batch] : storage_empty_to_stirrer is started.
2023-07-11 01:57:33,610 - BO_format_2::INFO -- [Batch] : Start Robot Queue : storage_empty_to_stirrer is started.
2023-07-11 01:57:40,581 - BO_format_2::INFO -- [Batch] : Finish Robot Queue : storage_empty_to_stirrer is done.
2023-07-11 01:57:50,599 - BO_format_2::INFO -- [Batch] : Prepare Injection Queue --> Citrate,0.02mM,5000uL,200uL/s
2023-07-11 01:57:54,789 - BO_format_2::INFO -- [Batch] : Start Injection Queue --> Citrate,0.02mM,1200μL,200μL/s
2023-07-11 01:57:59,977 - BO_format_2::INFO -- [Batch] : Finish Injection Queue
2023-07-11 01:58:09,993 - BO_format_2::INFO -- [Batch] : Prepare Injection Queue --> Citrate,0.02mM,5000uL,200uL/s
2023-07-11 01:58:13,979 - BO_format_2::INFO -- [Batch] : Start Injection Queue --> Citrate,0.02mM,1200μL,200μL/s
2023-07-11 01:58:19,395 - BO_format_2::INFO -- [Batch] : Finish Injection Queue
2023-07-11 01:58:21,400 - BO_format_2::INFO -- [Batch] : Prepare Injection Queue --> H2O2,0.375mM,5000uL,200uL/s
2023-07-11 01:58:25,766 - BO_format_2::INFO -- [Batch] : Start Injection Queue --> H2O2,0.375mM,1200μL,200μL/s
2023-07-11 01:58:31,153 - BO_format_2::INFO -- [Batch] : Finish Injection Queue
2023-07-11 01:58:35,162 - BO_format_2::INFO -- [Batch] : Prepare Injection Queue --> H2O2,0.375mM,5000uL,200uL/s
2023-07-11 01:58:39,213 - BO_format_2::INFO -- [Batch] : Start Injection Queue --> H2O2,0.375mM,1200μL,200μL/s
2023-07-11 01:58:44,415 - BO_format_2::INFO -- [Batch] : Finish Injection Queue
2023-07-11 01:58:48,424 - BO_format_2::INFO -- [Batch] : Prepare Injection Queue --> NaBH4,0.01mM,5000uL,200uL/s
2023-07-11 01:58:52,419 - BO_format_2::INFO -- [Batch] : Start Injection Queue --> NaBH4,0.01mM,3000μL,200μL/s
2023-07-11 01:58:58,016 - BO_format_2::INFO -- [Batch] : Finish Injection Queue
2023-07-11 01:59:16,044 - BO_format_2::INFO -- [Batch] : Prepare Injection Queue --> NaBH4,0.01mM,5000uL,200uL/s
2023-07-11 01:59:20,670 - BO_format_2::INFO -- [Batch] : Start Injection Queue --> NaBH4,0.01mM,3000μL,200μL/s
2023-07-11 01:59:26,169 - BO_format_2::INFO -- [Batch] : Finish Injection Queue
2023-07-11 01:59:26,170 - BO_format_2::INFO -- [Batch] : Start Stir Queue 0 (Stirrer)
2023-07-11 01:59:27,509 - BO_format_2::INFO -- [Batch] : Start Stir Queue 1 (Stirrer)
2023-07-11 01:59:28,943 - BO_format_2::INFO -- [Batch] : Finish Stir Queue 0 (Stirrer)
2023-07-11 01:59:28,943 - BO_format_2::INFO -- [Batch] : Finish Stir Queue 1 (Stirrer)
2023-07-11 01:59:28,943 - BO_format_2::INFO -- [Batch] : Start Heat Queue 0 (Stirrer)
2023-07-11 01:59:30,078 - BO_format_2::INFO -- [Batch] : Start Heat Queue 1 (Stirrer)
2023-07-11 01:59:31,421 - BO_format_2::INFO -- [Batch] : Finish Heat Queue 0 (Stirrer)
2023-07-11 01:59:31,421 - BO_format_2::INFO -- [Batch] : Finish Heat Queue 1 (Stirrer)
2023-07-11 01:59:31,422 - BO_format_2::INFO -- [Batch] : Start Wait:1s
2023-07-11 01:59:31,422 - BO_format_2::INFO -- [Batch] : Start Wait:1s
2023-07-11 01:59:31,423 - BO_format_2::INFO -- [Batch] : check Wait:1s
2023-07-11 01:59:31,423 - BO_format_2::INFO -- [Batch] : check Wait:1s
2023-07-11 01:59:31,424 - BO_format_2::INFO -- [Batch] : Finish Wait:1s
2023-07-11 01:59:31,424 - BO_format_2::INFO -- [Batch] : Finish Wait:1s
2023-07-11 01:59:49,454 - BO_format_2::INFO -- [Batch] : Prepare Injection Queue --> AgNO3,0mM,5000uL,200uL/s
2023-07-11 01:59:53,641 - BO_format_2::INFO -- [Batch] : Start Injection Queue --> AgNO3,0mM,1150μL,150μL/s
2023-07-11 01:59:59,066 - BO_format_2::INFO -- [Batch] : Finish Injection Queue
2023-07-11 02:00:23,106 - BO_format_2::INFO -- [Batch] : Prepare Injection Queue --> AgNO3,0mM,5000uL,200uL/s
2023-07-11 02:00:27,240 - BO_format_2::INFO -- [Batch] : Start Injection Queue --> AgNO3,0mM,650μL,150μL/s
2023-07-11 02:00:32,530 - BO_format_2::INFO -- [Batch] : Finish Injection Queue
2023-07-11 02:00:32,531 - BO_format_2::INFO -- [Batch] : Start React:1s
2023-07-11 02:00:32,531 - BO_format_2::INFO -- [Batch] : Start React:1s
2023-07-11 02:00:42,538 - BO_format_2::INFO -- [Batch] : check React:1s
2023-07-11 02:00:42,541 - BO_format_2::INFO -- [Batch] : check React:1s
2023-07-11 02:01:00,707 - BO_format_2::INFO -- [Batch] : Finish React:1s
2023-07-11 02:01:04,859 - BO_format_2::INFO -- [Batch] : Finish React:1s
2023-07-11 02:01:04,860 - BO_format_2::INFO -- [TaskScheduler] : UV allocate location: {'vialHolder': [6, 7]}
2023-07-11 02:01:04,861 - BO_format_2::INFO -- [TaskScheduler] : check location after allocation: {'BatchSynthesis': {'Stirrer': ['?', '?', '?', '?', '?', '?', '?', '?', '?', '?', '?', '?', '?', '?', '?', '?'], 'vialHolder': ['?', '?', '?', '?', '?', '?', '?', '?']}, 'UV': {'vialHolder': [0, 0, 0, 0, 0, 0, 1, 1]}}
2023-07-11 02:01:28,900 - BO_format_2::INFO -- [UV] : Prepare UV-VIS container
2023-07-11 02:01:42,543 - BO_format_2::INFO -- [UV] : Start UV-VIS Characterization
2023-07-11 02:01:51,365 - BO_format_2::INFO -- [UV] : 0 result : OrderedDict([('lambdamax', 481.358563), ('intensity', 0.013573689122945796), ('FWHM', 18.310733999999968)])
2023-07-11 02:01:51,365 - BO_format_2::INFO -- [UV] : Finish UV-VIS Characterization
2023-07-11 02:02:17,410 - BO_format_2::INFO -- [UV] : Prepare UV-VIS container
2023-07-11 02:02:31,022 - BO_format_2::INFO -- [UV] : Start UV-VIS Characterization
2023-07-11 02:02:39,959 - BO_format_2::INFO -- [UV] : 1 result : OrderedDict([('lambdamax', 446.351457), ('intensity', 0.019164006541205793), ('FWHM', 26.60545400000001)])
2023-07-11 02:02:39,960 - BO_format_2::INFO -- [UV] : Finish UV-VIS Characterization
2023-07-11 02:03:06,003 - BO_format_2::INFO -- [RobotArm] : Start Robot Queue : Batch motion (holder_to_storage_filled) is started.
2023-07-11 02:03:06,003 - BO_format_2::INFO -- [RobotArm] : vial_num_list:[2, 3]
2023-07-11 02:03:06,004 - BO_format_2::INFO -- [RobotArm] : line_num_list:[0, 0]
2023-07-11 02:03:06,004 - BO_format_2::INFO -- [RobotArm] : vialHolder_list:[6, 7]
2023-07-11 02:03:14,423 - BO_format_2::INFO -- [RobotArm] : Finish Robot Queue : Batch motion (holder_to_storage_filled) is done.
2023-07-11 02:03:14,423 - BO_format_2::INFO -- [RobotArm] : Start Robot Queue : Batch motion (holder_to_storage_filled) is started.
2023-07-11 02:03:21,658 - BO_format_2::INFO -- [RobotArm] : Finish Robot Queue : Batch motion (holder_to_storage_filled) is done.
2023-07-11 02:03:21,660 - BO_format_2::INFO -- [TaskScheduler] : refresh location: {'BatchSynthesis': {'Stirrer': ['?', '?', '?', '?', '?', '?', '?', '?', '?', '?', '?', '?', '?', '?', '?', '?'], 'vialHolder': ['?', '?', '?', '?', '?', '?', '?', '?']}, 'UV': {'vialHolder': [0, 0, 0, 0, 0, 0, '?', '?']}}
2023-07-11 02:03:21,676 - BO_format_2::INFO -- [Algorithm] : 0 optimal_value : -0.14795312914372033
2023-07-11 02:03:21,676 - BO_format_2::INFO -- [Algorithm] : 1 optimal_value : -0.6528352141063902
2023-07-11 02:03:21,676 - BO_format_2::INFO -- [Algorithm] : 2 optimal_value : -0.36780057044232584
2023-07-11 02:03:21,676 - BO_format_2::INFO -- [Algorithm] : 3 optimal_value : -0.4816031871347642
2023-07-11 02:03:21,679 - BO_format_2::INFO -- [JobExecution] : ######### Cycle 1/1 is done #########
2023-07-11 02:03:21,680 - BO_format_2::INFO -- [Algorithm] : Save our model object, filename=20230711_0152_1_obj
2023-07-11 02:03:21,680 - BO_format_2::INFO -- [JobExecution] : ######### All Cycle is done #########
