2023-07-11 01:08:32,098 - BO_format_2::INFO -- [JobExecution] : [jobID=1] Algorithm, model : BayesianOptimization
2023-07-11 01:08:32,109 - BO_format_2::INFO -- [JobExecution] : ######### Cycle start #########
2023-07-11 01:08:32,109 - BO_format_2::INFO -- [BayesianOptimization] : batchSize=4
2023-07-11 01:08:32,110 - BO_format_2::INFO -- [Algorithm [0]] : next_point 0: {'AddSolution=AgNO3_Concentration': 0, 'AddSolution=AgNO3_Volume': 750, 'AddSolution=AgNO3_Injectionrate': 150}
2023-07-11 01:08:32,110 - BO_format_2::INFO -- [Algorithm [1]] : next_point 1: {'AddSolution=AgNO3_Concentration': 0, 'AddSolution=AgNO3_Volume': 800, 'AddSolution=AgNO3_Injectionrate': 100}
2023-07-11 01:08:32,110 - BO_format_2::INFO -- [Algorithm [2]] : next_point 2: {'AddSolution=AgNO3_Concentration': 0, 'AddSolution=AgNO3_Volume': 1150, 'AddSolution=AgNO3_Injectionrate': 150}
2023-07-11 01:08:32,110 - BO_format_2::INFO -- [Algorithm [3]] : next_point 3: {'AddSolution=AgNO3_Concentration': 0, 'AddSolution=AgNO3_Volume': 650, 'AddSolution=AgNO3_Injectionrate': 150}
2023-07-11 01:08:32,113 - BO_format_2::INFO -- [RecipeGenerator] : Allocate all of process based on job script!
2023-07-11 01:08:32,113 - BO_format_2::INFO -- [JobExecution] : ######### Cycle 1/1 is running #########
2023-07-11 01:08:32,113 - BO_format_2::INFO -- [TaskScheduler] : check location: {'BatchSynthesis': {'Stirrer': [0, 0, 0, 0, 0, 0, '?', '?', '?', '?', '?', '?', '?', '?', '?', '?'], 'vialHolder': [0, 0, 0, 0, 0, 0, '?', '?']}, 'UV': {'vialHolder': ['?', '?', '?', '?', '?', '?', '?', '?']}}
2023-07-11 01:08:32,113 - BO_format_2::INFO -- [TaskScheduler] : BatchSynthesis allocate location: {'Stirrer': [6, 7], 'vialHolder': [6, 7]}
2023-07-11 01:08:32,114 - BO_format_2::INFO -- [TaskScheduler] : check location after allocation: {'BatchSynthesis': {'Stirrer': [0, 0, 0, 0, 0, 0, 1, 1, '?', '?', '?', '?', '?', '?', '?', '?'], 'vialHolder': [0, 0, 0, 0, 0, 0, 1, 1]}, 'UV': {'vialHolder': ['?', '?', '?', '?', '?', '?', '?', '?']}}
2023-07-11 01:08:40,129 - BO_format_2::INFO -- [Batch] : storage_empty_to_stirrer is started.
2023-07-11 01:08:40,130 - BO_format_2::INFO -- [Batch] : vial_num_list: [6, 7]
2023-07-11 01:08:40,130 - BO_format_2::INFO -- [Batch] : line_num_list: [0, 0]
2023-07-11 01:08:40,130 - BO_format_2::INFO -- [Batch] : vialHolder_list: [6, 7]
2023-07-11 01:08:40,130 - BO_format_2::INFO -- [Batch] : Start Robot Queue : storage_empty_to_stirrer is started.
2023-07-11 01:08:46,871 - BO_format_2::INFO -- [Batch] : Finish Robot Queue : storage_empty_to_stirrer is done.
2023-07-11 01:08:54,887 - BO_format_2::INFO -- [Batch] : storage_empty_to_stirrer is started.
2023-07-11 01:08:54,888 - BO_format_2::INFO -- [Batch] : Start Robot Queue : storage_empty_to_stirrer is started.
2023-07-11 01:09:01,577 - BO_format_2::INFO -- [Batch] : Finish Robot Queue : storage_empty_to_stirrer is done.
2023-07-11 01:09:09,593 - BO_format_2::INFO -- [Batch] : Prepare Injection Queue --> Citrate,0.02mM,5000uL,200uL/s
2023-07-11 01:09:13,722 - BO_format_2::INFO -- [Batch] : Start Injection Queue --> Citrate,0.02mM,1200μL,200μL/s
2023-07-11 01:09:18,875 - BO_format_2::INFO -- [Batch] : Finish Injection Queue
2023-07-11 01:09:28,887 - BO_format_2::INFO -- [Batch] : Prepare Injection Queue --> Citrate,0.02mM,5000uL,200uL/s
2023-07-11 01:09:32,798 - BO_format_2::INFO -- [Batch] : Start Injection Queue --> Citrate,0.02mM,1200μL,200μL/s
2023-07-11 01:09:38,132 - BO_format_2::INFO -- [Batch] : Finish Injection Queue
2023-07-11 01:09:46,147 - BO_format_2::INFO -- [Batch] : Prepare Injection Queue --> H2O2,0.375mM,5000uL,200uL/s
2023-07-11 01:09:50,419 - BO_format_2::INFO -- [Batch] : Start Injection Queue --> H2O2,0.375mM,1200μL,200μL/s
2023-07-11 01:09:55,610 - BO_format_2::INFO -- [Batch] : Finish Injection Queue
2023-07-11 01:10:05,626 - BO_format_2::INFO -- [Batch] : Prepare Injection Queue --> H2O2,0.375mM,5000uL,200uL/s
2023-07-11 01:10:09,798 - BO_format_2::INFO -- [Batch] : Start Injection Queue --> H2O2,0.375mM,1200μL,200μL/s
2023-07-11 01:10:14,960 - BO_format_2::INFO -- [Batch] : Finish Injection Queue
2023-07-11 01:10:24,978 - BO_format_2::INFO -- [Batch] : Prepare Injection Queue --> NaBH4,0.01mM,5000uL,200uL/s
2023-07-11 01:10:29,153 - BO_format_2::INFO -- [Batch] : Start Injection Queue --> NaBH4,0.01mM,3000μL,200μL/s
2023-07-11 01:10:34,408 - BO_format_2::INFO -- [Batch] : Finish Injection Queue
2023-07-11 01:10:44,426 - BO_format_2::INFO -- [Batch] : Prepare Injection Queue --> NaBH4,0.01mM,5000uL,200uL/s
2023-07-11 01:10:48,628 - BO_format_2::INFO -- [Batch] : Start Injection Queue --> NaBH4,0.01mM,3000μL,200μL/s
2023-07-11 01:10:53,811 - BO_format_2::INFO -- [Batch] : Finish Injection Queue
2023-07-11 01:10:53,813 - BO_format_2::INFO -- [Batch] : Start Stir Queue 0 (Stirrer)
2023-07-11 01:10:55,239 - BO_format_2::INFO -- [Batch] : Start Stir Queue 1 (Stirrer)
2023-07-11 01:10:56,354 - BO_format_2::INFO -- [Batch] : Finish Stir Queue 0 (Stirrer)
2023-07-11 01:10:56,355 - BO_format_2::INFO -- [Batch] : Finish Stir Queue 1 (Stirrer)
2023-07-11 01:10:56,355 - BO_format_2::INFO -- [Batch] : Start Heat Queue 0 (Stirrer)
2023-07-11 01:10:57,484 - BO_format_2::INFO -- [Batch] : Start Heat Queue 1 (Stirrer)
2023-07-11 01:10:58,592 - BO_format_2::INFO -- [Batch] : Finish Heat Queue 0 (Stirrer)
2023-07-11 01:10:58,593 - BO_format_2::INFO -- [Batch] : Finish Heat Queue 1 (Stirrer)
2023-07-11 01:10:58,593 - BO_format_2::INFO -- [Batch] : Start Wait:1s
2023-07-11 01:10:58,594 - BO_format_2::INFO -- [Batch] : Start Wait:1s
2023-07-11 01:10:58,594 - BO_format_2::INFO -- [Batch] : check Wait:1s
2023-07-11 01:10:58,595 - BO_format_2::INFO -- [Batch] : check Wait:1s
2023-07-11 01:10:58,595 - BO_format_2::INFO -- [Batch] : Finish Wait:1s
2023-07-11 01:10:58,596 - BO_format_2::INFO -- [Batch] : Finish Wait:1s
2023-07-11 01:11:04,605 - BO_format_2::INFO -- [Batch] : Prepare Injection Queue --> AgNO3,0mM,5000uL,200uL/s
2023-07-11 01:11:08,601 - BO_format_2::INFO -- [Batch] : Start Injection Queue --> AgNO3,0mM,750μL,150μL/s
2023-07-11 01:11:13,883 - BO_format_2::INFO -- [Batch] : Finish Injection Queue
2023-07-11 01:11:25,905 - BO_format_2::INFO -- [Batch] : Prepare Injection Queue --> AgNO3,0mM,5000uL,200uL/s
2023-07-11 01:11:29,860 - BO_format_2::INFO -- [Batch] : Start Injection Queue --> AgNO3,0mM,750μL,150μL/s
2023-07-11 01:11:35,044 - BO_format_2::INFO -- [Batch] : Finish Injection Queue
2023-07-11 01:11:35,046 - BO_format_2::INFO -- [Batch] : Start React:1s
2023-07-11 01:11:35,046 - BO_format_2::INFO -- [Batch] : Start React:1s
2023-07-11 01:11:45,057 - BO_format_2::INFO -- [Batch] : check React:1s
2023-07-11 01:11:45,057 - BO_format_2::INFO -- [Batch] : check React:1s
2023-07-11 01:11:49,314 - BO_format_2::INFO -- [Batch] : Finish React:1s
2023-07-11 01:12:03,194 - BO_format_2::INFO -- [Batch] : Finish React:1s
2023-07-11 01:12:03,196 - BO_format_2::INFO -- [TaskScheduler] : UV allocate location: {'vialHolder': [0, 1]}
2023-07-11 01:12:03,196 - BO_format_2::INFO -- [TaskScheduler] : check location after allocation: {'BatchSynthesis': {'Stirrer': [0, 0, 0, 0, 0, 0, 1, 1, '?', '?', '?', '?', '?', '?', '?', '?'], 'vialHolder': [0, 0, 0, 0, 0, 0, 1, 1]}, 'UV': {'vialHolder': [1, 1, '?', '?', '?', '?', '?', '?']}}
2023-07-11 01:12:13,214 - BO_format_2::INFO -- [UV] : Prepare UV-VIS container
2023-07-11 01:12:26,720 - BO_format_2::INFO -- [UV] : Start UV-VIS Characterization
2023-07-11 01:12:35,708 - BO_format_2::INFO -- [UV] : 0 result : OrderedDict([('lambdamax', 801.703637), ('intensity', 0.017752813967722606), ('FWHM', 13.80321600000002)])
2023-07-11 01:12:35,708 - BO_format_2::INFO -- [UV] : Finish UV-VIS Characterization
2023-07-11 01:12:47,731 - BO_format_2::INFO -- [UV] : Prepare UV-VIS container
2023-07-11 01:13:00,966 - BO_format_2::INFO -- [UV] : Start UV-VIS Characterization
2023-07-11 01:13:09,886 - BO_format_2::INFO -- [UV] : 1 result : OrderedDict([('lambdamax', 766.560217), ('intensity', 0.013398591956454068), ('FWHM', 22.56241900000009)])
2023-07-11 01:13:09,886 - BO_format_2::INFO -- [UV] : Finish UV-VIS Characterization
2023-07-11 01:13:21,910 - BO_format_2::INFO -- [RobotArm] : Start Robot Queue : Batch motion (holder_to_storage_filled) is started.
2023-07-11 01:13:21,910 - BO_format_2::INFO -- [RobotArm] : vial_num_list:[0, 1]
2023-07-11 01:13:21,911 - BO_format_2::INFO -- [RobotArm] : line_num_list:[0, 0]
2023-07-11 01:13:21,911 - BO_format_2::INFO -- [RobotArm] : vialHolder_list:[0, 1]
2023-07-11 01:13:30,478 - BO_format_2::INFO -- [RobotArm] : Finish Robot Queue : Batch motion (holder_to_storage_filled) is done.
2023-07-11 01:13:30,479 - BO_format_2::INFO -- [RobotArm] : Start Robot Queue : Batch motion (holder_to_storage_filled) is started.
2023-07-11 01:13:36,922 - BO_format_2::INFO -- [RobotArm] : Finish Robot Queue : Batch motion (holder_to_storage_filled) is done.
2023-07-11 01:19:57,688 - BO_format_2::INFO -- [TaskScheduler] : check location: {'BatchSynthesis': {'Stirrer': ['?', '?', '?', '?', '?', '?', 1, 1, '?', '?', '?', '?', '?', '?', '?', '?'], 'vialHolder': ['?', '?', '?', '?', '?', '?', 1, 1]}, 'UV': {'vialHolder': [1, 1, '?', '?', '?', '?', '?', '?']}}
2023-07-11 01:19:57,688 - BO_format_2::INFO -- [TaskScheduler] : BatchSynthesis allocate location: {'Stirrer': [0, 1, 2, 3], 'vialHolder': [0, 1, 2, 3]}
2023-07-11 01:19:57,688 - BO_format_2::INFO -- [TaskScheduler] : check location after allocation: {'BatchSynthesis': {'Stirrer': [1, 1, 1, 1, '?', '?', 1, 1, '?', '?', '?', '?', '?', '?', '?', '?'], 'vialHolder': [1, 1, 1, 1, '?', '?', 1, 1]}, 'UV': {'vialHolder': [1, 1, '?', '?', '?', '?', '?', '?']}}
2023-07-11 01:19:59,766 - BO_format_2::INFO -- [Batch] : storage_empty_to_stirrer is started.
2023-07-11 01:19:59,776 - BO_format_2::INFO -- [Batch] : vial_num_list: [8, 9, 10, 11]
2023-07-11 01:19:59,786 - BO_format_2::INFO -- [Batch] : line_num_list: [0, 0, 0, 0]
2023-07-11 01:19:59,797 - BO_format_2::INFO -- [Batch] : vialHolder_list: [0, 1, 2, 3]
2023-07-11 01:19:59,807 - BO_format_2::INFO -- [Batch] : Start Robot Queue : storage_empty_to_stirrer is started.
2023-07-11 01:20:06,495 - BO_format_2::INFO -- [Batch] : Finish Robot Queue : storage_empty_to_stirrer is done.
2023-07-11 01:20:08,630 - BO_format_2::INFO -- [Batch] : storage_empty_to_stirrer is started.
2023-07-11 01:20:08,641 - BO_format_2::INFO -- [Batch] : Start Robot Queue : storage_empty_to_stirrer is started.
2023-07-11 01:20:15,206 - BO_format_2::INFO -- [Batch] : Finish Robot Queue : storage_empty_to_stirrer is done.
2023-07-11 01:20:17,352 - BO_format_2::INFO -- [Batch] : storage_empty_to_stirrer is started.
2023-07-11 01:20:17,362 - BO_format_2::INFO -- [Batch] : Start Robot Queue : storage_empty_to_stirrer is started.
2023-07-11 01:20:23,854 - BO_format_2::INFO -- [Batch] : Finish Robot Queue : storage_empty_to_stirrer is done.
2023-07-11 01:20:26,010 - BO_format_2::INFO -- [Batch] : storage_empty_to_stirrer is started.
2023-07-11 01:20:26,021 - BO_format_2::INFO -- [Batch] : Start Robot Queue : storage_empty_to_stirrer is started.
2023-07-11 01:20:32,672 - BO_format_2::INFO -- [Batch] : Finish Robot Queue : storage_empty_to_stirrer is done.
2023-07-11 01:20:34,782 - BO_format_2::INFO -- [Batch] : Prepare Injection Queue --> Citrate,0.02mM,5000uL,200uL/s
2023-07-11 01:20:38,902 - BO_format_2::INFO -- [Batch] : Start Injection Queue --> Citrate,0.02mM,1200μL,200μL/s
2023-07-11 01:20:44,202 - BO_format_2::INFO -- [Batch] : Finish Injection Queue
2023-07-11 01:20:46,307 - BO_format_2::INFO -- [Batch] : Prepare Injection Queue --> Citrate,0.02mM,5000uL,200uL/s
2023-07-11 01:20:50,680 - BO_format_2::INFO -- [Batch] : Start Injection Queue --> Citrate,0.02mM,1200μL,200μL/s
2023-07-11 01:20:56,083 - BO_format_2::INFO -- [Batch] : Finish Injection Queue
2023-07-11 01:20:58,198 - BO_format_2::INFO -- [Batch] : Prepare Injection Queue --> Citrate,0.02mM,5000uL,200uL/s
2023-07-11 01:21:02,374 - BO_format_2::INFO -- [Batch] : Start Injection Queue --> Citrate,0.02mM,1200μL,200μL/s
2023-07-11 01:21:08,143 - BO_format_2::INFO -- [Batch] : Finish Injection Queue
2023-07-11 01:21:10,248 - BO_format_2::INFO -- [Batch] : Prepare Injection Queue --> Citrate,0.02mM,5000uL,200uL/s
2023-07-11 01:21:14,503 - BO_format_2::INFO -- [Batch] : Start Injection Queue --> Citrate,0.02mM,1200μL,200μL/s
2023-07-11 01:21:20,121 - BO_format_2::INFO -- [Batch] : Finish Injection Queue
2023-07-11 01:21:22,226 - BO_format_2::INFO -- [Batch] : Prepare Injection Queue --> H2O2,0.375mM,5000uL,200uL/s
2023-07-11 01:21:26,505 - BO_format_2::INFO -- [Batch] : Start Injection Queue --> H2O2,0.375mM,1200μL,200μL/s
2023-07-11 01:21:31,737 - BO_format_2::INFO -- [Batch] : Finish Injection Queue
2023-07-11 01:21:33,836 - BO_format_2::INFO -- [Batch] : Prepare Injection Queue --> H2O2,0.375mM,5000uL,200uL/s
2023-07-11 01:21:37,939 - BO_format_2::INFO -- [Batch] : Start Injection Queue --> H2O2,0.375mM,1200μL,200μL/s
2023-07-11 01:21:43,169 - BO_format_2::INFO -- [Batch] : Finish Injection Queue
2023-07-11 01:21:45,285 - BO_format_2::INFO -- [Batch] : Prepare Injection Queue --> H2O2,0.375mM,5000uL,200uL/s
2023-07-11 01:21:49,473 - BO_format_2::INFO -- [Batch] : Start Injection Queue --> H2O2,0.375mM,1200μL,200μL/s
2023-07-11 01:21:54,956 - BO_format_2::INFO -- [Batch] : Finish Injection Queue
2023-07-11 01:21:57,082 - BO_format_2::INFO -- [Batch] : Prepare Injection Queue --> H2O2,0.375mM,5000uL,200uL/s
2023-07-11 01:22:01,455 - BO_format_2::INFO -- [Batch] : Start Injection Queue --> H2O2,0.375mM,1200μL,200μL/s
2023-07-11 01:22:06,842 - BO_format_2::INFO -- [Batch] : Finish Injection Queue
2023-07-11 01:22:08,931 - BO_format_2::INFO -- [Batch] : Prepare Injection Queue --> NaBH4,0.01mM,5000uL,200uL/s
2023-07-11 01:22:13,126 - BO_format_2::INFO -- [Batch] : Start Injection Queue --> NaBH4,0.01mM,3000μL,200μL/s
2023-07-11 01:22:18,591 - BO_format_2::INFO -- [Batch] : Finish Injection Queue
2023-07-11 01:22:20,705 - BO_format_2::INFO -- [Batch] : Prepare Injection Queue --> NaBH4,0.01mM,5000uL,200uL/s
2023-07-11 01:22:24,944 - BO_format_2::INFO -- [Batch] : Start Injection Queue --> NaBH4,0.01mM,3000μL,200μL/s
2023-07-11 01:22:30,353 - BO_format_2::INFO -- [Batch] : Finish Injection Queue
2023-07-11 01:22:32,478 - BO_format_2::INFO -- [Batch] : Prepare Injection Queue --> NaBH4,0.01mM,5000uL,200uL/s
2023-07-11 01:22:36,908 - BO_format_2::INFO -- [Batch] : Start Injection Queue --> NaBH4,0.01mM,3000μL,200μL/s
2023-07-11 01:22:42,406 - BO_format_2::INFO -- [Batch] : Finish Injection Queue
