2023-07-11 01:23:38,955 - BO_format_2::INFO -- [JobExecution] : [jobID=1] Algorithm, model : BayesianOptimization
2023-07-11 01:23:38,965 - BO_format_2::INFO -- [JobExecution] : ######### Cycle start #########
2023-07-11 01:23:38,965 - BO_format_2::INFO -- [BayesianOptimization] : batchSize=4
2023-07-11 01:23:38,965 - BO_format_2::INFO -- [Algorithm [0]] : next_point 0: {'AddSolution=AgNO3_Concentration': 0, 'AddSolution=AgNO3_Volume': 750, 'AddSolution=AgNO3_Injectionrate': 150}
2023-07-11 01:23:38,966 - BO_format_2::INFO -- [Algorithm [1]] : next_point 1: {'AddSolution=AgNO3_Concentration': 0, 'AddSolution=AgNO3_Volume': 800, 'AddSolution=AgNO3_Injectionrate': 100}
2023-07-11 01:23:38,966 - BO_format_2::INFO -- [Algorithm [2]] : next_point 2: {'AddSolution=AgNO3_Concentration': 0, 'AddSolution=AgNO3_Volume': 1150, 'AddSolution=AgNO3_Injectionrate': 150}
2023-07-11 01:23:38,966 - BO_format_2::INFO -- [Algorithm [3]] : next_point 3: {'AddSolution=AgNO3_Concentration': 0, 'AddSolution=AgNO3_Volume': 650, 'AddSolution=AgNO3_Injectionrate': 150}
2023-07-11 01:23:38,968 - BO_format_2::INFO -- [RecipeGenerator] : Allocate all of process based on job script!
2023-07-11 01:23:38,968 - BO_format_2::INFO -- [JobExecution] : ######### Cycle 1/1 is running #########
2023-07-11 01:23:38,969 - BO_format_2::INFO -- [TaskScheduler] : check location: {'BatchSynthesis': {'Stirrer': [0, 0, 0, 0, 0, 0, '?', '?', '?', '?', '?', '?', '?', '?', '?', '?'], 'vialHolder': [0, 0, 0, 0, 0, 0, '?', '?']}, 'UV': {'vialHolder': ['?', '?', '?', '?', '?', '?', '?', '?']}}
2023-07-11 01:23:38,969 - BO_format_2::INFO -- [TaskScheduler] : BatchSynthesis allocate location: {'Stirrer': [6, 7], 'vialHolder': [6, 7]}
2023-07-11 01:23:38,969 - BO_format_2::INFO -- [TaskScheduler] : check location after allocation: {'BatchSynthesis': {'Stirrer': [0, 0, 0, 0, 0, 0, 1, 1, '?', '?', '?', '?', '?', '?', '?', '?'], 'vialHolder': [0, 0, 0, 0, 0, 0, 1, 1]}, 'UV': {'vialHolder': ['?', '?', '?', '?', '?', '?', '?', '?']}}
2023-07-11 01:23:46,981 - BO_format_2::INFO -- [Batch] : storage_empty_to_stirrer is started.
2023-07-11 01:23:46,981 - BO_format_2::INFO -- [Batch] : vial_num_list: [6, 7]
2023-07-11 01:23:46,982 - BO_format_2::INFO -- [Batch] : line_num_list: [0, 0]
2023-07-11 01:23:46,982 - BO_format_2::INFO -- [Batch] : vialHolder_list: [6, 7]
2023-07-11 01:23:46,982 - BO_format_2::INFO -- [Batch] : Start Robot Queue : storage_empty_to_stirrer is started.
2023-07-11 01:23:53,358 - BO_format_2::INFO -- [Batch] : Finish Robot Queue : storage_empty_to_stirrer is done.
2023-07-11 01:24:01,374 - BO_format_2::INFO -- [Batch] : storage_empty_to_stirrer is started.
2023-07-11 01:24:01,374 - BO_format_2::INFO -- [Batch] : Start Robot Queue : storage_empty_to_stirrer is started.
2023-07-11 01:24:07,967 - BO_format_2::INFO -- [Batch] : Finish Robot Queue : storage_empty_to_stirrer is done.
2023-07-11 01:24:15,981 - BO_format_2::INFO -- [Batch] : Prepare Injection Queue --> Citrate,0.02mM,5000uL,200uL/s
2023-07-11 01:24:20,143 - BO_format_2::INFO -- [Batch] : Start Injection Queue --> Citrate,0.02mM,1200μL,200μL/s
2023-07-11 01:24:25,483 - BO_format_2::INFO -- [Batch] : Finish Injection Queue
2023-07-11 01:24:35,500 - BO_format_2::INFO -- [Batch] : Prepare Injection Queue --> Citrate,0.02mM,5000uL,200uL/s
2023-07-11 01:24:39,523 - BO_format_2::INFO -- [Batch] : Start Injection Queue --> Citrate,0.02mM,1200μL,200μL/s
2023-07-11 01:24:44,730 - BO_format_2::INFO -- [Batch] : Finish Injection Queue
2023-07-11 01:24:54,747 - BO_format_2::INFO -- [Batch] : Prepare Injection Queue --> H2O2,0.375mM,5000uL,200uL/s
2023-07-11 01:24:59,113 - BO_format_2::INFO -- [Batch] : Start Injection Queue --> H2O2,0.375mM,1200μL,200μL/s
2023-07-11 01:25:04,236 - BO_format_2::INFO -- [Batch] : Finish Injection Queue
2023-07-11 01:25:16,255 - BO_format_2::INFO -- [Batch] : Prepare Injection Queue --> H2O2,0.375mM,5000uL,200uL/s
2023-07-11 01:25:20,228 - BO_format_2::INFO -- [Batch] : Start Injection Queue --> H2O2,0.375mM,1200μL,200μL/s
2023-07-11 01:25:25,246 - BO_format_2::INFO -- [Batch] : Finish Injection Queue
2023-07-11 01:25:37,266 - BO_format_2::INFO -- [Batch] : Prepare Injection Queue --> NaBH4,0.01mM,5000uL,200uL/s
2023-07-11 01:25:41,542 - BO_format_2::INFO -- [Batch] : Start Injection Queue --> NaBH4,0.01mM,3000μL,200μL/s
2023-07-11 01:25:46,711 - BO_format_2::INFO -- [Batch] : Finish Injection Queue
2023-07-11 01:25:56,723 - BO_format_2::INFO -- [Batch] : Prepare Injection Queue --> NaBH4,0.01mM,5000uL,200uL/s
2023-07-11 01:26:00,775 - BO_format_2::INFO -- [Batch] : Start Injection Queue --> NaBH4,0.01mM,3000μL,200μL/s
2023-07-11 01:26:06,031 - BO_format_2::INFO -- [Batch] : Finish Injection Queue
2023-07-11 01:26:06,032 - BO_format_2::INFO -- [Batch] : Start Stir Queue 0 (Stirrer)
2023-07-11 01:26:07,199 - BO_format_2::INFO -- [Batch] : Start Stir Queue 1 (Stirrer)
2023-07-11 01:26:08,263 - BO_format_2::INFO -- [Batch] : Finish Stir Queue 0 (Stirrer)
2023-07-11 01:26:08,264 - BO_format_2::INFO -- [Batch] : Finish Stir Queue 1 (Stirrer)
2023-07-11 01:26:08,264 - BO_format_2::INFO -- [Batch] : Start Heat Queue 0 (Stirrer)
2023-07-11 01:26:09,315 - BO_format_2::INFO -- [Batch] : Start Heat Queue 1 (Stirrer)
2023-07-11 01:26:10,407 - BO_format_2::INFO -- [Batch] : Finish Heat Queue 0 (Stirrer)
2023-07-11 01:26:10,407 - BO_format_2::INFO -- [Batch] : Finish Heat Queue 1 (Stirrer)
2023-07-11 01:26:10,407 - BO_format_2::INFO -- [Batch] : Start Wait:1s
2023-07-11 01:26:10,407 - BO_format_2::INFO -- [Batch] : check Wait:1s
2023-07-11 01:26:10,407 - BO_format_2::INFO -- [Batch] : Start Wait:1s
2023-07-11 01:26:10,407 - BO_format_2::INFO -- [Batch] : Finish Wait:1s
2023-07-11 01:26:10,407 - BO_format_2::INFO -- [Batch] : check Wait:1s
2023-07-11 01:26:10,407 - BO_format_2::INFO -- [Batch] : Finish Wait:1s
2023-07-11 01:26:16,418 - BO_format_2::INFO -- [Batch] : Prepare Injection Queue --> AgNO3,0mM,5000uL,200uL/s
2023-07-11 01:26:20,593 - BO_format_2::INFO -- [Batch] : Start Injection Queue --> AgNO3,0mM,750μL,150μL/s
2023-07-11 01:26:25,788 - BO_format_2::INFO -- [Batch] : Finish Injection Queue
2023-07-11 01:26:35,805 - BO_format_2::INFO -- [Batch] : Prepare Injection Queue --> AgNO3,0mM,5000uL,200uL/s
2023-07-11 01:26:40,109 - BO_format_2::INFO -- [Batch] : Start Injection Queue --> AgNO3,0mM,800μL,100μL/s
2023-07-11 01:26:45,157 - BO_format_2::INFO -- [Batch] : Finish Injection Queue
2023-07-11 01:26:45,159 - BO_format_2::INFO -- [Batch] : Start React:1s
2023-07-11 01:26:45,160 - BO_format_2::INFO -- [Batch] : Start React:1s
2023-07-11 01:26:55,171 - BO_format_2::INFO -- [Batch] : check React:1s
2023-07-11 01:26:55,171 - BO_format_2::INFO -- [Batch] : check React:1s
2023-07-11 01:27:09,811 - BO_format_2::INFO -- [Batch] : Finish React:1s
2023-07-11 01:27:10,146 - BO_format_2::INFO -- [Batch] : Finish React:1s
2023-07-11 01:27:10,148 - BO_format_2::INFO -- [TaskScheduler] : UV allocate location: {'vialHolder': [0, 1]}
2023-07-11 01:27:10,148 - BO_format_2::INFO -- [TaskScheduler] : check location after allocation: {'BatchSynthesis': {'Stirrer': [0, 0, 0, 0, 0, 0, 1, 1, '?', '?', '?', '?', '?', '?', '?', '?'], 'vialHolder': [0, 0, 0, 0, 0, 0, 1, 1]}, 'UV': {'vialHolder': [1, 1, '?', '?', '?', '?', '?', '?']}}
2023-07-11 01:27:20,165 - BO_format_2::INFO -- [UV] : Prepare UV-VIS container
2023-07-11 01:27:34,186 - BO_format_2::INFO -- [UV] : Start UV-VIS Characterization
2023-07-11 01:27:43,747 - BO_format_2::INFO -- [UV] : 0 result : OrderedDict([('lambdamax', 713.653319), ('intensity', 0.0168370175761711), ('FWHM', 16.13218100000006)])
2023-07-11 01:27:43,748 - BO_format_2::INFO -- [UV] : Finish UV-VIS Characterization
2023-07-11 01:27:53,766 - BO_format_2::INFO -- [UV] : Prepare UV-VIS container
2023-07-11 01:28:07,334 - BO_format_2::INFO -- [UV] : Start UV-VIS Characterization
2023-07-11 01:28:16,234 - BO_format_2::INFO -- [UV] : 1 result : OrderedDict([('lambdamax', 351.261632), ('intensity', 0.015704972351969167), ('FWHM', 30.85462799999999)])
2023-07-11 01:28:16,235 - BO_format_2::INFO -- [UV] : Finish UV-VIS Characterization
2023-07-11 01:28:28,255 - BO_format_2::INFO -- [RobotArm] : Start Robot Queue : Batch motion (holder_to_storage_filled) is started.
2023-07-11 01:28:28,255 - BO_format_2::INFO -- [RobotArm] : vial_num_list:[0, 1]
2023-07-11 01:28:28,256 - BO_format_2::INFO -- [RobotArm] : line_num_list:[0, 0]
2023-07-11 01:28:28,256 - BO_format_2::INFO -- [RobotArm] : vialHolder_list:[0, 1]
2023-07-11 01:28:36,705 - BO_format_2::INFO -- [RobotArm] : Finish Robot Queue : Batch motion (holder_to_storage_filled) is done.
2023-07-11 01:28:36,705 - BO_format_2::INFO -- [RobotArm] : Start Robot Queue : Batch motion (holder_to_storage_filled) is started.
2023-07-11 01:28:43,152 - BO_format_2::INFO -- [RobotArm] : Finish Robot Queue : Batch motion (holder_to_storage_filled) is done.
2023-07-11 01:35:18,906 - BO_format_2::INFO -- [TaskScheduler] : check location: {'BatchSynthesis': {'Stirrer': ['?', '?', '?', '?', '?', '?', 1, 1, '?', '?', '?', '?', '?', '?', '?', '?'], 'vialHolder': ['?', '?', '?', '?', '?', '?', 1, 1]}, 'UV': {'vialHolder': [1, 1, '?', '?', '?', '?', '?', '?']}}
2023-07-11 01:35:18,906 - BO_format_2::INFO -- [TaskScheduler] : BatchSynthesis allocate location: {'Stirrer': [0, 1], 'vialHolder': [0, 1]}
2023-07-11 01:35:18,906 - BO_format_2::INFO -- [TaskScheduler] : check location after allocation: {'BatchSynthesis': {'Stirrer': [1, 1, '?', '?', '?', '?', 1, 1, '?', '?', '?', '?', '?', '?', '?', '?'], 'vialHolder': [1, 1, '?', '?', '?', '?', 1, 1]}, 'UV': {'vialHolder': [1, 1, '?', '?', '?', '?', '?', '?']}}
2023-07-11 01:35:21,001 - BO_format_2::INFO -- [Batch] : storage_empty_to_stirrer is started.
2023-07-11 01:35:21,012 - BO_format_2::INFO -- [Batch] : vial_num_list: [8, 9]
2023-07-11 01:35:21,022 - BO_format_2::INFO -- [Batch] : line_num_list: [0, 0]
2023-07-11 01:35:21,027 - BO_format_2::INFO -- [Batch] : vialHolder_list: [0, 1]
2023-07-11 01:35:21,027 - BO_format_2::INFO -- [Batch] : Start Robot Queue : storage_empty_to_stirrer is started.
2023-07-11 01:35:27,737 - BO_format_2::INFO -- [Batch] : Finish Robot Queue : storage_empty_to_stirrer is done.
2023-07-11 01:35:29,877 - BO_format_2::INFO -- [Batch] : storage_empty_to_stirrer is started.
2023-07-11 01:35:29,888 - BO_format_2::INFO -- [Batch] : Start Robot Queue : storage_empty_to_stirrer is started.
2023-07-11 01:35:37,149 - BO_format_2::INFO -- [Batch] : Finish Robot Queue : storage_empty_to_stirrer is done.
2023-07-11 01:35:39,259 - BO_format_2::INFO -- [Batch] : Prepare Injection Queue --> Citrate,0.02mM,5000uL,200uL/s
2023-07-11 01:35:43,514 - BO_format_2::INFO -- [Batch] : Start Injection Queue --> Citrate,0.02mM,1200μL,200μL/s
2023-07-11 01:35:49,334 - BO_format_2::INFO -- [Batch] : Finish Injection Queue
2023-07-11 01:35:51,444 - BO_format_2::INFO -- [Batch] : Prepare Injection Queue --> Citrate,0.02mM,5000uL,200uL/s
2023-07-11 01:35:55,540 - BO_format_2::INFO -- [Batch] : Start Injection Queue --> Citrate,0.02mM,1200μL,200μL/s
2023-07-11 01:36:01,018 - BO_format_2::INFO -- [Batch] : Finish Injection Queue
2023-07-11 01:36:03,138 - BO_format_2::INFO -- [Batch] : Prepare Injection Queue --> H2O2,0.375mM,5000uL,200uL/s
2023-07-11 01:36:07,542 - BO_format_2::INFO -- [Batch] : Start Injection Queue --> H2O2,0.375mM,1200μL,200μL/s
2023-07-11 01:36:13,168 - BO_format_2::INFO -- [Batch] : Finish Injection Queue
2023-07-11 01:36:15,272 - BO_format_2::INFO -- [Batch] : Prepare Injection Queue --> H2O2,0.375mM,5000uL,200uL/s
2023-07-11 01:36:19,620 - BO_format_2::INFO -- [Batch] : Start Injection Queue --> H2O2,0.375mM,1200μL,200μL/s
2023-07-11 01:36:24,927 - BO_format_2::INFO -- [Batch] : Finish Injection Queue
2023-07-11 01:36:27,082 - BO_format_2::INFO -- [Batch] : Prepare Injection Queue --> NaBH4,0.01mM,5000uL,200uL/s
2023-07-11 01:36:31,252 - BO_format_2::INFO -- [Batch] : Start Injection Queue --> NaBH4,0.01mM,3000μL,200μL/s
2023-07-11 01:36:36,723 - BO_format_2::INFO -- [Batch] : Finish Injection Queue
2023-07-11 01:36:38,868 - BO_format_2::INFO -- [Batch] : Prepare Injection Queue --> NaBH4,0.01mM,5000uL,200uL/s
2023-07-11 01:36:43,175 - BO_format_2::INFO -- [Batch] : Start Injection Queue --> NaBH4,0.01mM,3000μL,200μL/s
2023-07-11 01:36:48,919 - BO_format_2::INFO -- [Batch] : Finish Injection Queue
2023-07-11 01:36:48,956 - BO_format_2::INFO -- [Batch] : Start Stir Queue 0 (Stirrer)
2023-07-11 01:36:50,133 - BO_format_2::INFO -- [Batch] : Start Stir Queue 1 (Stirrer)
2023-07-11 01:36:51,216 - BO_format_2::INFO -- [Batch] : Finish Stir Queue 0 (Stirrer)
2023-07-11 01:36:51,221 - BO_format_2::INFO -- [Batch] : Finish Stir Queue 1 (Stirrer)
2023-07-11 01:36:51,232 - BO_format_2::INFO -- [Batch] : Start Heat Queue 0 (Stirrer)
2023-07-11 01:36:52,388 - BO_format_2::INFO -- [Batch] : Start Heat Queue 1 (Stirrer)
2023-07-11 01:36:53,536 - BO_format_2::INFO -- [Batch] : Finish Heat Queue 0 (Stirrer)
2023-07-11 01:36:53,546 - BO_format_2::INFO -- [Batch] : Finish Heat Queue 1 (Stirrer)
2023-07-11 01:36:53,557 - BO_format_2::INFO -- [Batch] : Start Wait:1s
2023-07-11 01:36:53,557 - BO_format_2::INFO -- [Batch] : check Wait:1s
2023-07-11 01:36:53,562 - BO_format_2::INFO -- [Batch] : Finish Wait:1s
2023-07-11 01:36:53,578 - BO_format_2::INFO -- [Batch] : Start Wait:1s
2023-07-11 01:36:53,578 - BO_format_2::INFO -- [Batch] : check Wait:1s
2023-07-11 01:36:53,578 - BO_format_2::INFO -- [Batch] : Finish Wait:1s
2023-07-11 01:36:55,667 - BO_format_2::INFO -- [Batch] : Prepare Injection Queue --> AgNO3,0mM,5000uL,200uL/s
2023-07-11 01:37:00,018 - BO_format_2::INFO -- [Batch] : Start Injection Queue --> AgNO3,0mM,1150μL,150μL/s
2023-07-11 01:37:05,686 - BO_format_2::INFO -- [Batch] : Finish Injection Queue
2023-07-11 01:37:07,800 - BO_format_2::INFO -- [Batch] : Prepare Injection Queue --> AgNO3,0mM,5000uL,200uL/s
2023-07-11 01:37:11,942 - BO_format_2::INFO -- [Batch] : Start Injection Queue --> AgNO3,0mM,650μL,150μL/s
2023-07-11 01:37:17,758 - BO_format_2::INFO -- [Batch] : Finish Injection Queue
2023-07-11 01:37:17,804 - BO_format_2::INFO -- [Batch] : Start React:1s
2023-07-11 01:37:17,820 - BO_format_2::INFO -- [Batch] : Start React:1s
2023-07-11 01:37:27,822 - BO_format_2::INFO -- [Batch] : check React:1s
2023-07-11 01:37:27,838 - BO_format_2::INFO -- [Batch] : check React:1s
2023-07-11 01:37:32,648 - BO_format_2::INFO -- [Batch] : Finish React:1s
2023-07-11 01:37:32,654 - BO_format_2::INFO -- [Batch] : Finish React:1s
2023-07-11 01:37:32,690 - BO_format_2::INFO -- [TaskScheduler] : UV allocate location: {'vialHolder': [2, 3]}
2023-07-11 01:37:32,701 - BO_format_2::INFO -- [TaskScheduler] : check location after allocation: {'BatchSynthesis': {'Stirrer': [1, 1, '?', '?', '?', '?', 1, 1, '?', '?', '?', '?', '?', '?', '?', '?'], 'vialHolder': [1, 1, '?', '?', '?', '?', 1, 1]}, 'UV': {'vialHolder': [1, 1, 1, 1, '?', '?', '?', '?']}}
2023-07-11 01:37:34,785 - BO_format_2::INFO -- [UV] : Prepare UV-VIS container
2023-07-11 01:37:48,641 - BO_format_2::INFO -- [UV] : Start UV-VIS Characterization
2023-07-11 01:37:57,836 - BO_format_2::INFO -- [UV] : 0 result : OrderedDict([('lambdamax', 479.601237), ('intensity', 0.015724650471446645), ('FWHM', 26.677840000000003)])
2023-07-11 01:37:57,847 - BO_format_2::INFO -- [UV] : Finish UV-VIS Characterization
2023-07-11 01:37:59,978 - BO_format_2::INFO -- [UV] : Prepare UV-VIS container
2023-07-11 01:38:13,739 - BO_format_2::INFO -- [UV] : Start UV-VIS Characterization
2023-07-11 01:38:22,938 - BO_format_2::INFO -- [UV] : 1 result : OrderedDict([('lambdamax', 664.660331), ('intensity', 0.01705919443740863), ('FWHM', 45.50977)])
2023-07-11 01:38:22,948 - BO_format_2::INFO -- [UV] : Finish UV-VIS Characterization
2023-07-11 01:38:25,084 - BO_format_2::INFO -- [RobotArm] : Start Robot Queue : Batch motion (holder_to_storage_filled) is started.
2023-07-11 01:38:25,095 - BO_format_2::INFO -- [RobotArm] : vial_num_list:[8, 9]
2023-07-11 01:38:25,105 - BO_format_2::INFO -- [RobotArm] : line_num_list:[0, 0]
2023-07-11 01:38:25,115 - BO_format_2::INFO -- [RobotArm] : vialHolder_list:[2, 3]
2023-07-11 01:38:33,813 - BO_format_2::INFO -- [RobotArm] : Finish Robot Queue : Batch motion (holder_to_storage_filled) is done.
2023-07-11 01:38:33,824 - BO_format_2::INFO -- [RobotArm] : Start Robot Queue : Batch motion (holder_to_storage_filled) is started.
2023-07-11 01:38:40,725 - BO_format_2::INFO -- [RobotArm] : Finish Robot Queue : Batch motion (holder_to_storage_filled) is done.
2023-07-11 01:38:40,767 - BO_format_2::INFO -- [TaskScheduler] : refresh location: {'BatchSynthesis': {'Stirrer': ['?', '?', '?', '?', '?', '?', '?', '?', '?', '?', '?', '?', '?', '?', '?', '?'], 'vialHolder': ['?', '?', '?', '?', '?', '?', '?', '?']}, 'UV': {'vialHolder': ['?', '?', '?', '?', '?', '?', '?', '?']}}
