2023-07-03 12:56:45,652 - BO_format_1::INFO -- [JobExecution] : [jobID=0] Algorithm, model : BayesianOptimization, batchSize : 4
2023-07-03 12:56:45,662 - BO_format_1::INFO -- [JobExecution] : ######### Cycle start #########
2023-07-03 12:56:45,673 - BO_format_1::INFO -- [Algorithm] : utility_type=ucb, iter_num=0, batchSize=4
2023-07-03 12:56:45,698 - BO_format_1::INFO -- [Algorithm [0]] : next_point 0: {'AddSolution=AgNO3_Concentration': 0, 'AddSolution=AgNO3_Volume': 750, 'AddSolution=AgNO3_Injectionrate': 150}
2023-07-03 12:56:45,709 - BO_format_1::INFO -- [Algorithm [1]] : next_point 1: {'AddSolution=AgNO3_Concentration': 0, 'AddSolution=AgNO3_Volume': 800, 'AddSolution=AgNO3_Injectionrate': 100}
2023-07-03 12:56:45,714 - BO_format_1::INFO -- [Algorithm [2]] : next_point 2: {'AddSolution=AgNO3_Concentration': 0, 'AddSolution=AgNO3_Volume': 1150, 'AddSolution=AgNO3_Injectionrate': 150}
2023-07-03 12:56:45,724 - BO_format_1::INFO -- [Algorithm [3]] : next_point 3: {'AddSolution=AgNO3_Concentration': 0, 'AddSolution=AgNO3_Volume': 650, 'AddSolution=AgNO3_Injectionrate': 150}
2023-07-03 12:56:45,772 - BO_format_1::INFO -- [RecipeGenerator] : Allocate all of process based on job script!
2023-07-03 12:56:45,772 - BO_format_1::INFO -- [JobExecution] : ######### Cycle 1/1 is running #########
2023-07-03 12:56:45,772 - BO_format_1::INFO -- [TaskScheduler] : check location: {'BatchSynthesis': {'Stirrer': ['?', '?', '?', '?', '?', '?', '?', '?', '?', '?', '?', '?', '?', '?', '?', '?'], 'vialHolder': ['?', '?', '?', '?', '?', '?', '?', '?']}, 'UV': {'vialHolder': ['?', '?', '?', '?', '?', '?', '?', '?']}}
2023-07-03 12:56:45,788 - BO_format_1::INFO -- [TaskScheduler] : BatchSynthesis allocate location: {'Stirrer': [0, 1, 2, 3], 'vialHolder': [0, 1, 2, 3]}
2023-07-03 12:56:45,880 - BO_format_1::INFO -- [Batch] : vial_num_list: [0, 1, 2, 3]
2023-07-03 12:56:45,891 - BO_format_1::INFO -- [Batch] : line_num_list: [0, 0, 0, 0]
2023-07-03 12:56:45,901 - BO_format_1::INFO -- [Batch] : vialHolder_list: [0, 1, 2, 3]
2023-07-03 12:56:45,911 - BO_format_1::INFO -- [Batch] : Start Robot Queue : storage_empty_to_stirrer is started.
2023-07-03 12:56:52,559 - BO_format_1::INFO -- [Batch] : Finish Robot Queue : Batch motion (storage_empty_to_stirrer) is done.
2023-07-03 12:56:52,693 - BO_format_1::INFO -- [Batch] : Start Robot Queue : storage_empty_to_stirrer is started.
2023-07-03 12:56:59,587 - BO_format_1::INFO -- [Batch] : Finish Robot Queue : Batch motion (storage_empty_to_stirrer) is done.
2023-07-03 12:56:59,720 - BO_format_1::INFO -- [Batch] : Start Robot Queue : storage_empty_to_stirrer is started.
2023-07-03 12:57:06,460 - BO_format_1::INFO -- [Batch] : Finish Robot Queue : Batch motion (storage_empty_to_stirrer) is done.
2023-07-03 12:57:06,593 - BO_format_1::INFO -- [Batch] : Start Robot Queue : storage_empty_to_stirrer is started.
2023-07-03 12:57:13,161 - BO_format_1::INFO -- [Batch] : Finish Robot Queue : Batch motion (storage_empty_to_stirrer) is done.
2023-07-03 12:57:13,274 - BO_format_1::INFO -- [Batch] : Prepare Injection Queue --> Citrate,0.02mM,5000uL,200uL/s
2023-07-03 12:57:17,549 - BO_format_1::INFO -- [Batch] : Start Injection Queue --> Citrate,0.02mM,1200μL,200μL/s
2023-07-03 12:57:23,008 - BO_format_1::INFO -- [Batch] : Finish Injection Queue
2023-07-03 12:57:24,117 - BO_format_1::INFO -- [Batch] : Prepare Injection Queue --> Citrate,0.02mM,5000uL,200uL/s
2023-07-03 12:57:28,399 - BO_format_1::INFO -- [Batch] : Start Injection Queue --> Citrate,0.02mM,1200μL,200μL/s
2023-07-03 12:57:34,180 - BO_format_1::INFO -- [Batch] : Finish Injection Queue
2023-07-03 12:57:35,279 - BO_format_1::INFO -- [Batch] : Prepare Injection Queue --> Citrate,0.02mM,5000uL,200uL/s
2023-07-03 12:57:39,418 - BO_format_1::INFO -- [Batch] : Start Injection Queue --> Citrate,0.02mM,1200μL,200μL/s
2023-07-03 12:57:44,629 - BO_format_1::INFO -- [Batch] : Finish Injection Queue
2023-07-03 12:57:45,727 - BO_format_1::INFO -- [Batch] : Prepare Injection Queue --> Citrate,0.02mM,5000uL,200uL/s
2023-07-03 12:57:50,206 - BO_format_1::INFO -- [Batch] : Start Injection Queue --> Citrate,0.02mM,1200μL,200μL/s
2023-07-03 12:57:55,533 - BO_format_1::INFO -- [Batch] : Finish Injection Queue
2023-07-03 12:57:56,637 - BO_format_1::INFO -- [Batch] : Prepare Injection Queue --> H2O2,0.375mM,5000uL,200uL/s
2023-07-03 12:58:00,959 - BO_format_1::INFO -- [Batch] : Start Injection Queue --> H2O2,0.375mM,1200μL,200μL/s
2023-07-03 12:58:06,528 - BO_format_1::INFO -- [Batch] : Finish Injection Queue
2023-07-03 12:58:07,637 - BO_format_1::INFO -- [Batch] : Prepare Injection Queue --> H2O2,0.375mM,5000uL,200uL/s
2023-07-03 12:58:12,054 - BO_format_1::INFO -- [Batch] : Start Injection Queue --> H2O2,0.375mM,1200μL,200μL/s
2023-07-03 12:58:17,542 - BO_format_1::INFO -- [Batch] : Finish Injection Queue
2023-07-03 12:58:18,656 - BO_format_1::INFO -- [Batch] : Prepare Injection Queue --> H2O2,0.375mM,5000uL,200uL/s
2023-07-03 12:58:22,893 - BO_format_1::INFO -- [Batch] : Start Injection Queue --> H2O2,0.375mM,1200μL,200μL/s
2023-07-03 12:58:28,248 - BO_format_1::INFO -- [Batch] : Finish Injection Queue
2023-07-03 12:58:29,347 - BO_format_1::INFO -- [Batch] : Prepare Injection Queue --> H2O2,0.375mM,5000uL,200uL/s
2023-07-03 12:58:33,808 - BO_format_1::INFO -- [Batch] : Start Injection Queue --> H2O2,0.375mM,1200μL,200μL/s
2023-07-03 12:58:39,098 - BO_format_1::INFO -- [Batch] : Finish Injection Queue
2023-07-03 12:58:40,202 - BO_format_1::INFO -- [Batch] : Prepare Injection Queue --> NaBH4,0.01mM,5000uL,200uL/s
2023-07-03 12:58:44,508 - BO_format_1::INFO -- [Batch] : Start Injection Queue --> NaBH4,0.01mM,3000μL,200μL/s
2023-07-03 12:58:49,754 - BO_format_1::INFO -- [Batch] : Finish Injection Queue
2023-07-03 12:58:50,863 - BO_format_1::INFO -- [Batch] : Prepare Injection Queue --> NaBH4,0.01mM,5000uL,200uL/s
2023-07-03 12:58:55,107 - BO_format_1::INFO -- [Batch] : Start Injection Queue --> NaBH4,0.01mM,3000μL,200μL/s
2023-07-03 12:59:00,587 - BO_format_1::INFO -- [Batch] : Finish Injection Queue
2023-07-03 12:59:01,696 - BO_format_1::INFO -- [Batch] : Prepare Injection Queue --> NaBH4,0.01mM,5000uL,200uL/s
2023-07-03 12:59:05,873 - BO_format_1::INFO -- [Batch] : Start Injection Queue --> NaBH4,0.01mM,3000μL,200μL/s
2023-07-03 12:59:11,281 - BO_format_1::INFO -- [Batch] : Finish Injection Queue
2023-07-03 12:59:12,385 - BO_format_1::INFO -- [Batch] : Prepare Injection Queue --> NaBH4,0.01mM,5000uL,200uL/s
2023-07-03 12:59:16,783 - BO_format_1::INFO -- [Batch] : Start Injection Queue --> NaBH4,0.01mM,3000μL,200μL/s
2023-07-03 12:59:22,156 - BO_format_1::INFO -- [Batch] : Finish Injection Queue
2023-07-03 12:59:23,199 - BO_format_1::INFO -- [Batch] : Start Stir Queue 0 (Stirrer)
2023-07-03 12:59:24,431 - BO_format_1::INFO -- [Batch] : Start Stir Queue 1 (Stirrer)
2023-07-03 12:59:25,549 - BO_format_1::INFO -- [Batch] : Start Stir Queue 2 (Stirrer)
2023-07-03 12:59:26,769 - BO_format_1::INFO -- [Batch] : Start Stir Queue 3 (Stirrer)
2023-07-03 12:59:28,036 - BO_format_1::INFO -- [Batch] : Finish Stir Queue 0 (Stirrer)
2023-07-03 12:59:28,046 - BO_format_1::INFO -- [Batch] : Finish Stir Queue 1 (Stirrer)
2023-07-03 12:59:28,057 - BO_format_1::INFO -- [Batch] : Finish Stir Queue 2 (Stirrer)
2023-07-03 12:59:28,067 - BO_format_1::INFO -- [Batch] : Finish Stir Queue 3 (Stirrer)
2023-07-03 12:59:28,077 - BO_format_1::INFO -- [Batch] : Start Heat Queue 0 (Stirrer)
2023-07-03 12:59:29,268 - BO_format_1::INFO -- [Batch] : Start Heat Queue 1 (Stirrer)
2023-07-03 12:59:30,521 - BO_format_1::INFO -- [Batch] : Start Heat Queue 2 (Stirrer)
2023-07-03 12:59:31,607 - BO_format_1::INFO -- [Batch] : Start Heat Queue 3 (Stirrer)
2023-07-03 12:59:32,716 - BO_format_1::INFO -- [Batch] : Finish Heat Queue 0 (Stirrer)
2023-07-03 12:59:32,726 - BO_format_1::INFO -- [Batch] : Finish Heat Queue 1 (Stirrer)
2023-07-03 12:59:32,736 - BO_format_1::INFO -- [Batch] : Finish Heat Queue 2 (Stirrer)
2023-07-03 12:59:32,747 - BO_format_1::INFO -- [Batch] : Finish Heat Queue 3 (Stirrer)
2023-07-03 12:59:32,762 - BO_format_1::INFO -- [Batch] : Start Wait:1s
2023-07-03 12:59:32,767 - BO_format_1::INFO -- [Batch] : Start Wait:1s
2023-07-03 12:59:32,773 - BO_format_1::INFO -- [Batch] : check Wait:1s
2023-07-03 12:59:32,773 - BO_format_1::INFO -- [Batch] : Start Wait:1s
2023-07-03 12:59:32,773 - BO_format_1::INFO -- [Batch] : Start Wait:1s
2023-07-03 12:59:32,793 - BO_format_1::INFO -- [Batch] : check Wait:1s
2023-07-03 12:59:32,809 - BO_format_1::INFO -- [Batch] : Finish Wait:1s
2023-07-03 12:59:32,814 - BO_format_1::INFO -- [Batch] : check Wait:1s
2023-07-03 12:59:32,830 - BO_format_1::INFO -- [Batch] : check Wait:1s
2023-07-03 12:59:32,850 - BO_format_1::INFO -- [Batch] : Finish Wait:1s
2023-07-03 12:59:32,871 - BO_format_1::INFO -- [Batch] : Finish Wait:1s
2023-07-03 12:59:32,876 - BO_format_1::INFO -- [Batch] : Finish Wait:1s
2023-07-03 12:59:32,969 - BO_format_1::INFO -- [Batch] : Prepare Injection Queue --> AgNO3,0mM,5000uL,200uL/s
2023-07-03 12:59:37,183 - BO_format_1::INFO -- [Batch] : Start Injection Queue --> AgNO3,0mM,750μL,150μL/s
2023-07-03 12:59:42,562 - BO_format_1::INFO -- [Batch] : Finish Injection Queue
2023-07-03 12:59:43,656 - BO_format_1::INFO -- [Batch] : Prepare Injection Queue --> AgNO3,0mM,5000uL,200uL/s
2023-07-03 12:59:47,842 - BO_format_1::INFO -- [Batch] : Start Injection Queue --> AgNO3,0mM,800μL,100μL/s
2023-07-03 12:59:53,217 - BO_format_1::INFO -- [Batch] : Finish Injection Queue
2023-07-03 12:59:54,311 - BO_format_1::INFO -- [Batch] : Prepare Injection Queue --> AgNO3,0mM,5000uL,200uL/s
2023-07-03 12:59:58,631 - BO_format_1::INFO -- [Batch] : Start Injection Queue --> AgNO3,0mM,1150μL,150μL/s
2023-07-03 13:00:03,878 - BO_format_1::INFO -- [Batch] : Finish Injection Queue
2023-07-03 13:00:04,987 - BO_format_1::INFO -- [Batch] : Prepare Injection Queue --> AgNO3,0mM,5000uL,200uL/s
2023-07-03 13:00:09,306 - BO_format_1::INFO -- [Batch] : Start Injection Queue --> AgNO3,0mM,650μL,150μL/s
2023-07-03 13:00:14,685 - BO_format_1::INFO -- [Batch] : Finish Injection Queue
2023-07-03 13:00:15,738 - BO_format_1::INFO -- [Batch] : Start React:1s
2023-07-03 13:00:15,743 - BO_format_1::INFO -- [Batch] : Start React:1s
2023-07-03 13:00:15,748 - BO_format_1::INFO -- [Batch] : Start React:1s
2023-07-03 13:00:15,754 - BO_format_1::INFO -- [Batch] : Start React:1s
2023-07-03 13:00:25,753 - BO_format_1::INFO -- [Batch] : check React:1s
2023-07-03 13:00:25,758 - BO_format_1::INFO -- [Batch] : check React:1s
2023-07-03 13:00:25,785 - BO_format_1::INFO -- [Batch] : check React:1s
2023-07-03 13:00:25,790 - BO_format_1::INFO -- [Batch] : check React:1s
2023-07-03 13:00:29,053 - BO_format_1::INFO -- [Batch] : Finish React:1s
2023-07-03 13:00:32,785 - BO_format_1::INFO -- [Batch] : Finish React:1s
2023-07-03 13:00:32,816 - BO_format_1::INFO -- [Batch] : Finish React:1s
2023-07-03 13:00:36,426 - BO_format_1::INFO -- [Batch] : Finish React:1s
2023-07-03 13:00:36,473 - BO_format_1::INFO -- [TaskScheduler] : UV allocate location: {'Stirrer': [0, 1, 2, 3], 'vialHolder': [0, 1, 2, 3]}
2023-07-03 13:00:36,565 - BO_format_1::INFO -- [UV] : Prepare UV-VIS container
2023-07-03 13:00:50,563 - BO_format_1::INFO -- [UV] : Start UV-VIS Characterization
2023-07-03 13:00:59,574 - BO_format_1::INFO -- [UV] : 0 result : OrderedDict([('lambdamax', 654.579382), ('intensity', 0.023507540372727), ('FWHM', 10.100751999999943)])
2023-07-03 13:00:59,584 - BO_format_1::INFO -- [UV] : Finish UV-VIS Characterization
2023-07-03 13:00:59,728 - BO_format_1::INFO -- [UV] : Prepare UV-VIS container
2023-07-03 13:01:13,483 - BO_format_1::INFO -- [UV] : Start UV-VIS Characterization
2023-07-03 13:01:22,488 - BO_format_1::INFO -- [UV] : 1 result : OrderedDict([('lambdamax', 666.281484), ('intensity', 0.016433918805960207), ('FWHM', 16.50285000000008)])
2023-07-03 13:01:22,499 - BO_format_1::INFO -- [UV] : Finish UV-VIS Characterization
2023-07-03 13:01:22,632 - BO_format_1::INFO -- [UV] : Prepare UV-VIS container
2023-07-03 13:01:36,554 - BO_format_1::INFO -- [UV] : Start UV-VIS Characterization
2023-07-03 13:01:45,616 - BO_format_1::INFO -- [UV] : 2 result : OrderedDict([('lambdamax', 531.813237), ('intensity', 0.02052268087786912), ('FWHM', 9.30159500000002)])
2023-07-03 13:01:45,627 - BO_format_1::INFO -- [UV] : Finish UV-VIS Characterization
2023-07-03 13:01:45,760 - BO_format_1::INFO -- [UV] : Prepare UV-VIS container
2023-07-03 13:01:59,606 - BO_format_1::INFO -- [UV] : Start UV-VIS Characterization
2023-07-03 13:02:08,620 - BO_format_1::INFO -- [UV] : 3 result : OrderedDict([('lambdamax', 670.16678), ('intensity', 0.017165323613389058), ('FWHM', 20.10049700000002)])
2023-07-03 13:02:08,630 - BO_format_1::INFO -- [UV] : Finish UV-VIS Characterization
2023-07-03 13:02:08,764 - BO_format_1::INFO -- [RobotArm] : Start Robot Queue : Batch motion (holder_to_storage_filled) is started.
2023-07-03 13:02:08,774 - BO_format_1::INFO -- [RobotArm] : vial_num_list:[4, 5, 6, 7]
2023-07-03 13:02:08,785 - BO_format_1::INFO -- [RobotArm] : line_num_list:[0, 0, 0, 0]
2023-07-03 13:02:08,795 - BO_format_1::INFO -- [RobotArm] : vialHolder_list:[0, 1, 2, 3]
2023-07-03 13:02:17,906 - BO_format_1::INFO -- [RobotArm] : Finish Robot Queue : Batch motion (holder_to_storage_filled) is done.
2023-07-03 13:02:17,917 - BO_format_1::INFO -- [RobotArm] : Start Robot Queue : Batch motion (holder_to_storage_filled) is started.
2023-07-03 13:02:21,286 - BO_format_1::INFO -- [RobotArm] : Finish Robot Queue : Batch motion (holder_to_storage_filled) is done.
2023-07-03 13:02:21,296 - BO_format_1::INFO -- [RobotArm] : Start Robot Queue : Batch motion (holder_to_storage_filled) is started.
2023-07-03 13:02:24,976 - BO_format_1::INFO -- [RobotArm] : Finish Robot Queue : Batch motion (holder_to_storage_filled) is done.
2023-07-03 13:02:24,986 - BO_format_1::INFO -- [RobotArm] : Start Robot Queue : Batch motion (holder_to_storage_filled) is started.
2023-07-03 13:02:31,885 - BO_format_1::INFO -- [RobotArm] : Finish Robot Queue : Batch motion (holder_to_storage_filled) is done.
2023-07-03 13:02:32,048 - BO_format_1::INFO -- [TaskScheduler] : refresh location: {'BatchSynthesis': {'Stirrer': [0, 0, 0, 0, '?', '?', '?', '?', '?', '?', '?', '?', '?', '?', '?', '?'], 'vialHolder': [0, 0, 0, 0, '?', '?', '?', '?']}, 'UV': {'vialHolder': [0, 0, 0, 0, '?', '?', '?', '?']}}
2023-07-03 13:02:32,160 - BO_format_1::INFO -- [Algorithm] : 0 optimal_value : -0.333964786181917
2023-07-03 13:02:32,160 - BO_format_1::INFO -- [Algorithm] : 1 optimal_value : -0.3728304150731462
2023-07-03 13:02:32,160 - BO_format_1::INFO -- [Algorithm] : 2 optimal_value : -0.20289057964704948
2023-07-03 13:02:32,160 - BO_format_1::INFO -- [Algorithm] : 3 optimal_value : -0.38559915744269785
2023-07-03 13:02:32,160 - BO_format_1::INFO -- [JobExecution] : ######### Cycle 1/1 is done #########
2023-07-03 13:02:32,181 - BO_format_1::INFO -- [Algorithm] : Save our model object, filename=20230703_1256_multi3_0_obj
2023-07-03 13:02:32,191 - BO_format_1::INFO -- [JobExecution] : ######### All Cycle is done #########
