2023-07-03 13:18:35,949 - BO_format_1::INFO -- [JobExecution] : [jobID=0] Algorithm, model : BayesianOptimization, batchSize : 4
2023-07-03 13:18:35,964 - BO_format_1::INFO -- [JobExecution] : ######### Cycle start #########
2023-07-03 13:18:35,965 - BO_format_1::INFO -- [Algorithm] : utility_type=ucb, iter_num=0, batchSize=4
2023-07-03 13:18:36,001 - BO_format_1::INFO -- [Algorithm [0]] : next_point 0: {'AddSolution=AgNO3_Concentration': 0, 'AddSolution=AgNO3_Volume': 750, 'AddSolution=AgNO3_Injectionrate': 150}
2023-07-03 13:18:36,011 - BO_format_1::INFO -- [Algorithm [1]] : next_point 1: {'AddSolution=AgNO3_Concentration': 0, 'AddSolution=AgNO3_Volume': 800, 'AddSolution=AgNO3_Injectionrate': 100}
2023-07-03 13:18:36,021 - BO_format_1::INFO -- [Algorithm [2]] : next_point 2: {'AddSolution=AgNO3_Concentration': 0, 'AddSolution=AgNO3_Volume': 1150, 'AddSolution=AgNO3_Injectionrate': 150}
2023-07-03 13:18:36,032 - BO_format_1::INFO -- [Algorithm [3]] : next_point 3: {'AddSolution=AgNO3_Concentration': 0, 'AddSolution=AgNO3_Volume': 650, 'AddSolution=AgNO3_Injectionrate': 150}
2023-07-03 13:18:36,083 - BO_format_1::INFO -- [RecipeGenerator] : Allocate all of process based on job script!
2023-07-03 13:18:36,083 - BO_format_1::INFO -- [JobExecution] : ######### Cycle 1/1 is running #########
2023-07-03 13:18:36,083 - BO_format_1::INFO -- [TaskScheduler] : check location: {'BatchSynthesis': {'Stirrer': ['?', '?', '?', '?', '?', '?', '?', '?', '?', '?', '?', '?', '?', '?', '?', '?'], 'vialHolder': ['?', '?', '?', '?', '?', '?', '?', '?']}, 'UV': {'vialHolder': ['?', '?', '?', '?', '?', '?', '?', '?']}}
2023-07-03 13:18:36,098 - BO_format_1::INFO -- [TaskScheduler] : BatchSynthesis allocate location: {'Stirrer': [0, 1, 2, 3], 'vialHolder': [0, 1, 2, 3]}
2023-07-03 13:18:36,196 - BO_format_1::INFO -- [Batch] : vial_num_list: [0, 1, 2, 3]
2023-07-03 13:18:36,206 - BO_format_1::INFO -- [Batch] : line_num_list: [0, 0, 0, 0]
2023-07-03 13:18:36,216 - BO_format_1::INFO -- [Batch] : vialHolder_list: [0, 1, 2, 3]
2023-07-03 13:18:36,227 - BO_format_1::INFO -- [Batch] : Start Robot Queue : storage_empty_to_stirrer is started.
2023-07-03 13:18:42,860 - BO_format_1::INFO -- [Batch] : Finish Robot Queue : Batch motion (storage_empty_to_stirrer) is done.
2023-07-03 13:18:42,994 - BO_format_1::INFO -- [Batch] : Start Robot Queue : storage_empty_to_stirrer is started.
2023-07-03 13:18:49,829 - BO_format_1::INFO -- [Batch] : Finish Robot Queue : Batch motion (storage_empty_to_stirrer) is done.
2023-07-03 13:18:49,963 - BO_format_1::INFO -- [Batch] : Start Robot Queue : storage_empty_to_stirrer is started.
2023-07-03 13:18:57,137 - BO_format_1::INFO -- [Batch] : Finish Robot Queue : Batch motion (storage_empty_to_stirrer) is done.
2023-07-03 13:18:57,275 - BO_format_1::INFO -- [Batch] : Start Robot Queue : storage_empty_to_stirrer is started.
2023-07-03 13:19:04,338 - BO_format_1::INFO -- [Batch] : Finish Robot Queue : Batch motion (storage_empty_to_stirrer) is done.
2023-07-03 13:19:04,446 - BO_format_1::INFO -- [Batch] : Prepare Injection Queue --> Citrate,0.02mM,5000uL,200uL/s
2023-07-03 13:19:08,667 - BO_format_1::INFO -- [Batch] : Start Injection Queue --> Citrate,0.02mM,1200μL,200μL/s
2023-07-03 13:19:14,127 - BO_format_1::INFO -- [Batch] : Finish Injection Queue
2023-07-03 13:19:15,236 - BO_format_1::INFO -- [Batch] : Prepare Injection Queue --> Citrate,0.02mM,5000uL,200uL/s
2023-07-03 13:19:19,623 - BO_format_1::INFO -- [Batch] : Start Injection Queue --> Citrate,0.02mM,1200μL,200μL/s
2023-07-03 13:19:25,107 - BO_format_1::INFO -- [Batch] : Finish Injection Queue
2023-07-03 13:19:26,216 - BO_format_1::INFO -- [Batch] : Prepare Injection Queue --> Citrate,0.02mM,5000uL,200uL/s
2023-07-03 13:19:30,431 - BO_format_1::INFO -- [Batch] : Start Injection Queue --> Citrate,0.02mM,1200μL,200μL/s
2023-07-03 13:19:35,996 - BO_format_1::INFO -- [Batch] : Finish Injection Queue
2023-07-03 13:19:37,100 - BO_format_1::INFO -- [Batch] : Prepare Injection Queue --> Citrate,0.02mM,5000uL,200uL/s
2023-07-03 13:19:41,451 - BO_format_1::INFO -- [Batch] : Start Injection Queue --> Citrate,0.02mM,1200μL,200μL/s
2023-07-03 13:19:46,920 - BO_format_1::INFO -- [Batch] : Finish Injection Queue
2023-07-03 13:19:48,029 - BO_format_1::INFO -- [Batch] : Prepare Injection Queue --> H2O2,0.375mM,5000uL,200uL/s
2023-07-03 13:19:52,415 - BO_format_1::INFO -- [Batch] : Start Injection Queue --> H2O2,0.375mM,1200μL,200μL/s
2023-07-03 13:19:58,092 - BO_format_1::INFO -- [Batch] : Finish Injection Queue
2023-07-03 13:19:59,191 - BO_format_1::INFO -- [Batch] : Prepare Injection Queue --> H2O2,0.375mM,5000uL,200uL/s
2023-07-03 13:20:03,635 - BO_format_1::INFO -- [Batch] : Start Injection Queue --> H2O2,0.375mM,1200μL,200μL/s
2023-07-03 13:20:08,960 - BO_format_1::INFO -- [Batch] : Finish Injection Queue
2023-07-03 13:20:10,069 - BO_format_1::INFO -- [Batch] : Prepare Injection Queue --> H2O2,0.375mM,5000uL,200uL/s
2023-07-03 13:20:14,269 - BO_format_1::INFO -- [Batch] : Start Injection Queue --> H2O2,0.375mM,1200μL,200μL/s
2023-07-03 13:20:19,786 - BO_format_1::INFO -- [Batch] : Finish Injection Queue
2023-07-03 13:20:20,880 - BO_format_1::INFO -- [Batch] : Prepare Injection Queue --> H2O2,0.375mM,5000uL,200uL/s
2023-07-03 13:20:25,198 - BO_format_1::INFO -- [Batch] : Start Injection Queue --> H2O2,0.375mM,1200μL,200μL/s
2023-07-03 13:20:30,513 - BO_format_1::INFO -- [Batch] : Finish Injection Queue
2023-07-03 13:20:31,612 - BO_format_1::INFO -- [Batch] : Prepare Injection Queue --> NaBH4,0.01mM,5000uL,200uL/s
2023-07-03 13:20:35,677 - BO_format_1::INFO -- [Batch] : Start Injection Queue --> NaBH4,0.01mM,3000μL,200μL/s
2023-07-03 13:20:41,046 - BO_format_1::INFO -- [Batch] : Finish Injection Queue
2023-07-03 13:20:42,155 - BO_format_1::INFO -- [Batch] : Prepare Injection Queue --> NaBH4,0.01mM,5000uL,200uL/s
2023-07-03 13:20:46,369 - BO_format_1::INFO -- [Batch] : Start Injection Queue --> NaBH4,0.01mM,3000μL,200μL/s
2023-07-03 13:20:51,741 - BO_format_1::INFO -- [Batch] : Finish Injection Queue
2023-07-03 13:20:52,845 - BO_format_1::INFO -- [Batch] : Prepare Injection Queue --> NaBH4,0.01mM,5000uL,200uL/s
2023-07-03 13:20:57,000 - BO_format_1::INFO -- [Batch] : Start Injection Queue --> NaBH4,0.01mM,3000μL,200μL/s
2023-07-03 13:21:02,597 - BO_format_1::INFO -- [Batch] : Finish Injection Queue
2023-07-03 13:21:03,706 - BO_format_1::INFO -- [Batch] : Prepare Injection Queue --> NaBH4,0.01mM,5000uL,200uL/s
2023-07-03 13:21:08,067 - BO_format_1::INFO -- [Batch] : Start Injection Queue --> NaBH4,0.01mM,3000μL,200μL/s
2023-07-03 13:21:13,532 - BO_format_1::INFO -- [Batch] : Finish Injection Queue
2023-07-03 13:21:14,580 - BO_format_1::INFO -- [Batch] : Start Stir Queue 0 (Stirrer)
2023-07-03 13:21:15,702 - BO_format_1::INFO -- [Batch] : Start Stir Queue 1 (Stirrer)
2023-07-03 13:21:16,797 - BO_format_1::INFO -- [Batch] : Start Stir Queue 2 (Stirrer)
2023-07-03 13:21:17,962 - BO_format_1::INFO -- [Batch] : Start Stir Queue 3 (Stirrer)
2023-07-03 13:21:19,138 - BO_format_1::INFO -- [Batch] : Finish Stir Queue 0 (Stirrer)
2023-07-03 13:21:19,148 - BO_format_1::INFO -- [Batch] : Finish Stir Queue 1 (Stirrer)
2023-07-03 13:21:19,158 - BO_format_1::INFO -- [Batch] : Finish Stir Queue 2 (Stirrer)
2023-07-03 13:21:19,168 - BO_format_1::INFO -- [Batch] : Finish Stir Queue 3 (Stirrer)
2023-07-03 13:21:19,179 - BO_format_1::INFO -- [Batch] : Start Heat Queue 0 (Stirrer)
2023-07-03 13:21:20,424 - BO_format_1::INFO -- [Batch] : Start Heat Queue 1 (Stirrer)
2023-07-03 13:21:21,599 - BO_format_1::INFO -- [Batch] : Start Heat Queue 2 (Stirrer)
2023-07-03 13:21:22,717 - BO_format_1::INFO -- [Batch] : Start Heat Queue 3 (Stirrer)
2023-07-03 13:21:23,917 - BO_format_1::INFO -- [Batch] : Finish Heat Queue 0 (Stirrer)
2023-07-03 13:21:23,927 - BO_format_1::INFO -- [Batch] : Finish Heat Queue 1 (Stirrer)
2023-07-03 13:21:23,938 - BO_format_1::INFO -- [Batch] : Finish Heat Queue 2 (Stirrer)
2023-07-03 13:21:23,948 - BO_format_1::INFO -- [Batch] : Finish Heat Queue 3 (Stirrer)
2023-07-03 13:21:23,963 - BO_format_1::INFO -- [Batch] : Start Wait:1s
2023-07-03 13:21:23,969 - BO_format_1::INFO -- [Batch] : Start Wait:1s
2023-07-03 13:21:23,974 - BO_format_1::INFO -- [Batch] : check Wait:1s
2023-07-03 13:21:23,979 - BO_format_1::INFO -- [Batch] : Start Wait:1s
2023-07-03 13:21:23,984 - BO_format_1::INFO -- [Batch] : Start Wait:1s
2023-07-03 13:21:24,000 - BO_format_1::INFO -- [Batch] : check Wait:1s
2023-07-03 13:21:24,020 - BO_format_1::INFO -- [Batch] : Finish Wait:1s
2023-07-03 13:21:24,036 - BO_format_1::INFO -- [Batch] : check Wait:1s
2023-07-03 13:21:24,041 - BO_format_1::INFO -- [Batch] : check Wait:1s
2023-07-03 13:21:24,051 - BO_format_1::INFO -- [Batch] : Finish Wait:1s
2023-07-03 13:21:24,072 - BO_format_1::INFO -- [Batch] : Finish Wait:1s
2023-07-03 13:21:24,077 - BO_format_1::INFO -- [Batch] : Finish Wait:1s
2023-07-03 13:21:24,185 - BO_format_1::INFO -- [Batch] : Prepare Injection Queue --> AgNO3,0mM,5000uL,200uL/s
2023-07-03 13:21:28,491 - BO_format_1::INFO -- [Batch] : Start Injection Queue --> AgNO3,0mM,750μL,150μL/s
2023-07-03 13:21:33,855 - BO_format_1::INFO -- [Batch] : Finish Injection Queue
2023-07-03 13:21:34,959 - BO_format_1::INFO -- [Batch] : Prepare Injection Queue --> AgNO3,0mM,5000uL,200uL/s
2023-07-03 13:21:39,323 - BO_format_1::INFO -- [Batch] : Start Injection Queue --> AgNO3,0mM,800μL,100μL/s
2023-07-03 13:21:44,892 - BO_format_1::INFO -- [Batch] : Finish Injection Queue
2023-07-03 13:21:46,001 - BO_format_1::INFO -- [Batch] : Prepare Injection Queue --> AgNO3,0mM,5000uL,200uL/s
2023-07-03 13:21:50,375 - BO_format_1::INFO -- [Batch] : Start Injection Queue --> AgNO3,0mM,1150μL,150μL/s
2023-07-03 13:21:55,889 - BO_format_1::INFO -- [Batch] : Finish Injection Queue
2023-07-03 13:21:57,003 - BO_format_1::INFO -- [Batch] : Prepare Injection Queue --> AgNO3,0mM,5000uL,200uL/s
2023-07-03 13:22:01,378 - BO_format_1::INFO -- [Batch] : Start Injection Queue --> AgNO3,0mM,650μL,150μL/s
2023-07-03 13:22:06,796 - BO_format_1::INFO -- [Batch] : Finish Injection Queue
2023-07-03 13:22:07,844 - BO_format_1::INFO -- [Batch] : Start React:1s
2023-07-03 13:22:07,849 - BO_format_1::INFO -- [Batch] : Start React:1s
2023-07-03 13:22:07,875 - BO_format_1::INFO -- [Batch] : Start React:1s
2023-07-03 13:22:07,880 - BO_format_1::INFO -- [Batch] : Start React:1s
2023-07-03 13:22:17,879 - BO_format_1::INFO -- [Batch] : check React:1s
2023-07-03 13:22:17,900 - BO_format_1::INFO -- [Batch] : check React:1s
2023-07-03 13:22:17,916 - BO_format_1::INFO -- [Batch] : check React:1s
2023-07-03 13:22:17,921 - BO_format_1::INFO -- [Batch] : check React:1s
2023-07-03 13:22:21,713 - BO_format_1::INFO -- [Batch] : Finish React:1s
2023-07-03 13:22:21,729 - BO_format_1::INFO -- [Batch] : Finish React:1s
2023-07-03 13:22:25,305 - BO_format_1::INFO -- [Batch] : Finish React:1s
2023-07-03 13:22:25,397 - BO_format_1::INFO -- [Batch] : Finish React:1s
2023-07-03 13:22:25,444 - BO_format_1::INFO -- [TaskScheduler] : UV allocate location: {'Stirrer': [0, 1, 2, 3], 'vialHolder': [0, 1, 2, 3]}
2023-07-03 13:22:25,536 - BO_format_1::INFO -- [UV] : Prepare UV-VIS container
2023-07-03 13:22:39,288 - BO_format_1::INFO -- [UV] : Start UV-VIS Characterization
2023-07-03 13:22:48,387 - BO_format_1::INFO -- [UV] : 0 result : OrderedDict([('lambdamax', 502.704729), ('intensity', 0.023968564063035713), ('FWHM', 17.79928700000005)])
2023-07-03 13:22:48,397 - BO_format_1::INFO -- [UV] : Finish UV-VIS Characterization
2023-07-03 13:22:48,531 - BO_format_1::INFO -- [UV] : Prepare UV-VIS container
2023-07-03 13:23:02,695 - BO_format_1::INFO -- [UV] : Start UV-VIS Characterization
2023-07-03 13:23:11,680 - BO_format_1::INFO -- [UV] : 1 result : OrderedDict([('lambdamax', 787.862189), ('intensity', 0.021749708757744315), ('FWHM', 20.853842999999983)])
2023-07-03 13:23:11,690 - BO_format_1::INFO -- [UV] : Finish UV-VIS Characterization
2023-07-03 13:23:11,823 - BO_format_1::INFO -- [UV] : Prepare UV-VIS container
2023-07-03 13:23:25,755 - BO_format_1::INFO -- [UV] : Start UV-VIS Characterization
2023-07-03 13:23:34,921 - BO_format_1::INFO -- [UV] : 2 result : OrderedDict([('lambdamax', 695.231429), ('intensity', 0.01991102370563709), ('FWHM', 8.934987999999976)])
2023-07-03 13:23:34,931 - BO_format_1::INFO -- [UV] : Finish UV-VIS Characterization
2023-07-03 13:23:35,065 - BO_format_1::INFO -- [UV] : Prepare UV-VIS container
2023-07-03 13:23:49,011 - BO_format_1::INFO -- [UV] : Start UV-VIS Characterization
2023-07-03 13:23:58,088 - BO_format_1::INFO -- [UV] : 3 result : OrderedDict([('lambdamax', 409.465274), ('intensity', 0.02053686168765342), ('FWHM', 13.328080999999997)])
2023-07-03 13:23:58,098 - BO_format_1::INFO -- [UV] : Finish UV-VIS Characterization
2023-07-03 13:23:58,232 - BO_format_1::INFO -- [RobotArm] : Start Robot Queue : Batch motion (holder_to_storage_filled) is started.
2023-07-03 13:23:58,242 - BO_format_1::INFO -- [RobotArm] : vial_num_list:[4, 5, 6, 7]
2023-07-03 13:23:58,252 - BO_format_1::INFO -- [RobotArm] : line_num_list:[0, 0, 0, 0]
2023-07-03 13:23:58,262 - BO_format_1::INFO -- [RobotArm] : vialHolder_list:[0, 1, 2, 3]
2023-07-03 13:24:06,972 - BO_format_1::INFO -- [RobotArm] : Finish Robot Queue : Batch motion (holder_to_storage_filled) is done.
2023-07-03 13:24:06,982 - BO_format_1::INFO -- [RobotArm] : Start Robot Queue : Batch motion (holder_to_storage_filled) is started.
2023-07-03 13:24:10,551 - BO_format_1::INFO -- [RobotArm] : Finish Robot Queue : Batch motion (holder_to_storage_filled) is done.
2023-07-03 13:24:10,561 - BO_format_1::INFO -- [RobotArm] : Start Robot Queue : Batch motion (holder_to_storage_filled) is started.
2023-07-03 13:24:14,153 - BO_format_1::INFO -- [RobotArm] : Finish Robot Queue : Batch motion (holder_to_storage_filled) is done.
2023-07-03 13:24:14,163 - BO_format_1::INFO -- [RobotArm] : Start Robot Queue : Batch motion (holder_to_storage_filled) is started.
2023-07-03 13:24:20,869 - BO_format_1::INFO -- [RobotArm] : Finish Robot Queue : Batch motion (holder_to_storage_filled) is done.
2023-07-03 13:24:20,987 - BO_format_1::INFO -- [TaskScheduler] : refresh location: {'BatchSynthesis': {'Stirrer': ['?', '?', '?', '?', '?', '?', '?', '?', '?', '?', '?', '?', '?', '?', '?', '?'], 'vialHolder': ['?', '?', '?', '?', '?', '?', '?', '?']}, 'UV': {'vialHolder': ['?', '?', '?', '?', '?', '?', '?', '?']}}
2023-07-03 13:24:21,109 - BO_format_1::INFO -- [Algorithm] : 0 optimal_value : -0.2976892580802085
2023-07-03 13:24:21,109 - BO_format_1::INFO -- [Algorithm] : 1 optimal_value : -0.7677231980392714
2023-07-03 13:24:21,109 - BO_format_1::INFO -- [Algorithm] : 2 optimal_value : -0.466235418398236
2023-07-03 13:24:21,109 - BO_format_1::INFO -- [Algorithm] : 3 optimal_value : -0.6006296709001774
2023-07-03 13:24:21,110 - BO_format_1::INFO -- [JobExecution] : ######### Cycle 1/1 is done #########
2023-07-03 13:24:21,161 - BO_format_1::INFO -- [Algorithm] : Save our model object, filename=20230703_1318_multi3_0_obj
2023-07-03 13:24:21,171 - BO_format_1::INFO -- [JobExecution] : ######### All Cycle is done #########
