2023-07-03 18:12:07,387 - BO_format_1::INFO -- [JobExecution] : [jobID=0] Algorithm, model : BayesianOptimization, batchSize : 4
2023-07-03 18:12:07,403 - BO_format_1::INFO -- [JobExecution] : ######### Cycle start #########
2023-07-03 18:12:07,403 - BO_format_1::INFO -- [Algorithm] : utility_type=ucb, iter_num=0, batchSize=4
2023-07-03 18:12:07,424 - BO_format_1::INFO -- [Algorithm [0]] : next_point 0: {'AddSolution=AgNO3_Concentration': 0, 'AddSolution=AgNO3_Volume': 750, 'AddSolution=AgNO3_Injectionrate': 150}
2023-07-03 18:12:07,434 - BO_format_1::INFO -- [Algorithm [1]] : next_point 1: {'AddSolution=AgNO3_Concentration': 0, 'AddSolution=AgNO3_Volume': 800, 'AddSolution=AgNO3_Injectionrate': 100}
2023-07-03 18:12:07,444 - BO_format_1::INFO -- [Algorithm [2]] : next_point 2: {'AddSolution=AgNO3_Concentration': 0, 'AddSolution=AgNO3_Volume': 1150, 'AddSolution=AgNO3_Injectionrate': 150}
2023-07-03 18:12:07,454 - BO_format_1::INFO -- [Algorithm [3]] : next_point 3: {'AddSolution=AgNO3_Concentration': 0, 'AddSolution=AgNO3_Volume': 650, 'AddSolution=AgNO3_Injectionrate': 150}
2023-07-03 18:12:07,482 - BO_format_1::INFO -- [RecipeGenerator] : Allocate all of process based on job script!
2023-07-03 18:12:07,482 - BO_format_1::INFO -- [JobExecution] : ######### Cycle 1/1 is running #########
2023-07-03 18:12:07,523 - BO_format_1::INFO -- [TaskScheduler] : check location: {'BatchSynthesis': {'Stirrer': ['?', '?', '?', '?', '?', '?', '?', '?', '?', '?', '?', '?', '?', '?', '?', '?'], 'vialHolder': ['?', '?', '?', '?', '?', '?', '?', '?']}, 'UV': {'vialHolder': ['?', '?', '?', '?', '?', '?', '?', '?']}}
2023-07-03 18:12:07,539 - BO_format_1::INFO -- [TaskScheduler] : BatchSynthesis allocate location: {'Stirrer': [0, 1, 2, 3], 'vialHolder': [0, 1, 2, 3]}
2023-07-03 18:12:09,638 - BO_format_1::INFO -- [Batch] : storage_empty_to_stirrer is started.
2023-07-03 18:12:09,648 - BO_format_1::INFO -- [Batch] : vial_num_list: [0, 1, 2, 3]
2023-07-03 18:12:09,659 - BO_format_1::INFO -- [Batch] : line_num_list: [0, 0, 0, 0]
2023-07-03 18:12:09,669 - BO_format_1::INFO -- [Batch] : vialHolder_list: [0, 1, 2, 3]
2023-07-03 18:12:09,679 - BO_format_1::INFO -- [Batch] : Start Robot Queue : storage_empty_to_stirrer is started.
2023-07-03 18:12:16,481 - BO_format_1::INFO -- [Batch] : Finish Robot Queue : storage_empty_to_stirrer is done.
2023-07-03 18:12:18,622 - BO_format_1::INFO -- [Batch] : storage_empty_to_stirrer is started.
2023-07-03 18:12:18,632 - BO_format_1::INFO -- [Batch] : Start Robot Queue : storage_empty_to_stirrer is started.
2023-07-03 18:12:25,301 - BO_format_1::INFO -- [Batch] : Finish Robot Queue : storage_empty_to_stirrer is done.
2023-07-03 18:12:33,317 - BO_format_1::INFO -- [Batch] : storage_empty_to_stirrer is started.
2023-07-03 18:12:33,317 - BO_format_1::INFO -- [Batch] : Start Robot Queue : storage_empty_to_stirrer is started.
2023-07-03 18:12:39,843 - BO_format_1::INFO -- [Batch] : Finish Robot Queue : storage_empty_to_stirrer is done.
2023-07-03 18:12:47,860 - BO_format_1::INFO -- [Batch] : storage_empty_to_stirrer is started.
2023-07-03 18:12:47,860 - BO_format_1::INFO -- [Batch] : Start Robot Queue : storage_empty_to_stirrer is started.
2023-07-03 18:12:54,439 - BO_format_1::INFO -- [Batch] : Finish Robot Queue : storage_empty_to_stirrer is done.
2023-07-03 18:13:02,452 - BO_format_1::INFO -- [Batch] : Prepare Injection Queue --> Citrate,0.02mM,5000uL,200uL/s
2023-07-03 18:13:06,546 - BO_format_1::INFO -- [Batch] : Start Injection Queue --> Citrate,0.02mM,1200μL,200μL/s
2023-07-03 18:13:11,843 - BO_format_1::INFO -- [Batch] : Finish Injection Queue
2023-07-03 18:13:19,858 - BO_format_1::INFO -- [Batch] : Prepare Injection Queue --> Citrate,0.02mM,5000uL,200uL/s
2023-07-03 18:13:23,962 - BO_format_1::INFO -- [Batch] : Start Injection Queue --> Citrate,0.02mM,1200μL,200μL/s
2023-07-03 18:13:29,331 - BO_format_1::INFO -- [Batch] : Finish Injection Queue
2023-07-03 18:13:41,351 - BO_format_1::INFO -- [Batch] : Prepare Injection Queue --> Citrate,0.02mM,5000uL,200uL/s
2023-07-03 18:13:45,501 - BO_format_1::INFO -- [Batch] : Start Injection Queue --> Citrate,0.02mM,1200μL,200μL/s
2023-07-03 18:13:51,039 - BO_format_1::INFO -- [Batch] : Finish Injection Queue
2023-07-03 18:14:03,058 - BO_format_1::INFO -- [Batch] : Prepare Injection Queue --> Citrate,0.02mM,5000uL,200uL/s
2023-07-03 18:14:07,146 - BO_format_1::INFO -- [Batch] : Start Injection Queue --> Citrate,0.02mM,1200μL,200μL/s
2023-07-03 18:14:12,259 - BO_format_1::INFO -- [Batch] : Finish Injection Queue
2023-07-03 18:14:24,280 - BO_format_1::INFO -- [Batch] : Prepare Injection Queue --> H2O2,0.375mM,5000uL,200uL/s
2023-07-03 18:14:28,356 - BO_format_1::INFO -- [Batch] : Start Injection Queue --> H2O2,0.375mM,1200μL,200μL/s
2023-07-03 18:14:33,680 - BO_format_1::INFO -- [Batch] : Finish Injection Queue
2023-07-03 18:14:45,700 - BO_format_1::INFO -- [Batch] : Prepare Injection Queue --> H2O2,0.375mM,5000uL,200uL/s
2023-07-03 18:14:49,936 - BO_format_1::INFO -- [Batch] : Start Injection Queue --> H2O2,0.375mM,1200μL,200μL/s
2023-07-03 18:14:55,227 - BO_format_1::INFO -- [Batch] : Finish Injection Queue
2023-07-03 18:15:07,248 - BO_format_1::INFO -- [Batch] : Prepare Injection Queue --> H2O2,0.375mM,5000uL,200uL/s
2023-07-03 18:15:11,254 - BO_format_1::INFO -- [Batch] : Start Injection Queue --> H2O2,0.375mM,1200μL,200μL/s
2023-07-03 18:15:16,548 - BO_format_1::INFO -- [Batch] : Finish Injection Queue
2023-07-03 18:15:28,568 - BO_format_1::INFO -- [Batch] : Prepare Injection Queue --> H2O2,0.375mM,5000uL,200uL/s
2023-07-03 18:15:32,830 - BO_format_1::INFO -- [Batch] : Start Injection Queue --> H2O2,0.375mM,1200μL,200μL/s
2023-07-03 18:15:38,331 - BO_format_1::INFO -- [Batch] : Finish Injection Queue
2023-07-03 18:15:50,352 - BO_format_1::INFO -- [Batch] : Prepare Injection Queue --> NaBH4,0.01mM,5000uL,200uL/s
2023-07-03 18:15:54,624 - BO_format_1::INFO -- [Batch] : Start Injection Queue --> NaBH4,0.01mM,3000μL,200μL/s
2023-07-03 18:15:59,810 - BO_format_1::INFO -- [Batch] : Finish Injection Queue
2023-07-03 18:16:09,828 - BO_format_1::INFO -- [Batch] : Prepare Injection Queue --> NaBH4,0.01mM,5000uL,200uL/s
2023-07-03 18:16:13,922 - BO_format_1::INFO -- [Batch] : Start Injection Queue --> NaBH4,0.01mM,3000μL,200μL/s
2023-07-03 18:16:19,083 - BO_format_1::INFO -- [Batch] : Finish Injection Queue
2023-07-03 18:16:29,101 - BO_format_1::INFO -- [Batch] : Prepare Injection Queue --> NaBH4,0.01mM,5000uL,200uL/s
2023-07-03 18:16:33,435 - BO_format_1::INFO -- [Batch] : Start Injection Queue --> NaBH4,0.01mM,3000μL,200μL/s
2023-07-03 18:16:38,626 - BO_format_1::INFO -- [Batch] : Finish Injection Queue
2023-07-03 18:16:48,644 - BO_format_1::INFO -- [Batch] : Prepare Injection Queue --> NaBH4,0.01mM,5000uL,200uL/s
2023-07-03 18:16:52,771 - BO_format_1::INFO -- [Batch] : Start Injection Queue --> NaBH4,0.01mM,3000μL,200μL/s
2023-07-03 18:16:58,120 - BO_format_1::INFO -- [Batch] : Finish Injection Queue
2023-07-03 18:16:58,121 - BO_format_1::INFO -- [Batch] : Start Stir Queue 0 (Stirrer)
2023-07-03 18:16:59,294 - BO_format_1::INFO -- [Batch] : Start Stir Queue 1 (Stirrer)
2023-07-03 18:17:00,584 - BO_format_1::INFO -- [Batch] : Start Stir Queue 2 (Stirrer)
2023-07-03 18:17:01,925 - BO_format_1::INFO -- [Batch] : Start Stir Queue 3 (Stirrer)
2023-07-03 18:17:03,108 - BO_format_1::INFO -- [Batch] : Finish Stir Queue 0 (Stirrer)
2023-07-03 18:17:03,108 - BO_format_1::INFO -- [Batch] : Finish Stir Queue 1 (Stirrer)
2023-07-03 18:17:03,108 - BO_format_1::INFO -- [Batch] : Finish Stir Queue 2 (Stirrer)
2023-07-03 18:17:03,108 - BO_format_1::INFO -- [Batch] : Finish Stir Queue 3 (Stirrer)
2023-07-03 18:17:03,109 - BO_format_1::INFO -- [Batch] : Start Heat Queue 0 (Stirrer)
2023-07-03 18:17:04,224 - BO_format_1::INFO -- [Batch] : Start Heat Queue 1 (Stirrer)
2023-07-03 18:17:05,458 - BO_format_1::INFO -- [Batch] : Start Heat Queue 2 (Stirrer)
2023-07-03 18:17:06,551 - BO_format_1::INFO -- [Batch] : Start Heat Queue 3 (Stirrer)
2023-07-03 18:17:07,763 - BO_format_1::INFO -- [Batch] : Finish Heat Queue 0 (Stirrer)
2023-07-03 18:17:07,763 - BO_format_1::INFO -- [Batch] : Finish Heat Queue 1 (Stirrer)
2023-07-03 18:17:07,764 - BO_format_1::INFO -- [Batch] : Finish Heat Queue 2 (Stirrer)
2023-07-03 18:17:07,764 - BO_format_1::INFO -- [Batch] : Finish Heat Queue 3 (Stirrer)
2023-07-03 18:17:07,765 - BO_format_1::INFO -- [Batch] : Start Wait:1s
2023-07-03 18:17:07,765 - BO_format_1::INFO -- [Batch] : check Wait:1s
2023-07-03 18:17:07,766 - BO_format_1::INFO -- [Batch] : Finish Wait:1s
2023-07-03 18:17:07,766 - BO_format_1::INFO -- [Batch] : Start Wait:1s
2023-07-03 18:17:07,767 - BO_format_1::INFO -- [Batch] : check Wait:1s
2023-07-03 18:17:07,767 - BO_format_1::INFO -- [Batch] : Finish Wait:1s
2023-07-03 18:17:07,767 - BO_format_1::INFO -- [Batch] : Start Wait:1s
2023-07-03 18:17:07,768 - BO_format_1::INFO -- [Batch] : Start Wait:1s
2023-07-03 18:17:07,768 - BO_format_1::INFO -- [Batch] : check Wait:1s
2023-07-03 18:17:07,769 - BO_format_1::INFO -- [Batch] : check Wait:1s
2023-07-03 18:17:07,769 - BO_format_1::INFO -- [Batch] : Finish Wait:1s
2023-07-03 18:17:07,770 - BO_format_1::INFO -- [Batch] : Finish Wait:1s
2023-07-03 18:17:09,775 - BO_format_1::INFO -- [Batch] : Prepare Injection Queue --> AgNO3,0mM,5000uL,200uL/s
2023-07-03 18:17:14,097 - BO_format_1::INFO -- [Batch] : Start Injection Queue --> AgNO3,0mM,750μL,150μL/s
2023-07-03 18:17:19,529 - BO_format_1::INFO -- [Batch] : Finish Injection Queue
2023-07-03 18:17:31,550 - BO_format_1::INFO -- [Batch] : Prepare Injection Queue --> AgNO3,0mM,5000uL,200uL/s
2023-07-03 18:17:35,798 - BO_format_1::INFO -- [Batch] : Start Injection Queue --> AgNO3,0mM,800μL,100μL/s
2023-07-03 18:17:41,637 - BO_format_1::INFO -- [Batch] : Finish Injection Queue
2023-07-03 18:17:53,657 - BO_format_1::INFO -- [Batch] : Prepare Injection Queue --> AgNO3,0mM,5000uL,200uL/s
2023-07-03 18:17:57,754 - BO_format_1::INFO -- [Batch] : Start Injection Queue --> AgNO3,0mM,1150μL,150μL/s
2023-07-03 18:18:02,891 - BO_format_1::INFO -- [Batch] : Finish Injection Queue
2023-07-03 18:18:14,912 - BO_format_1::INFO -- [Batch] : Prepare Injection Queue --> AgNO3,0mM,5000uL,200uL/s
2023-07-03 18:18:19,168 - BO_format_1::INFO -- [Batch] : Start Injection Queue --> AgNO3,0mM,650μL,150μL/s
2023-07-03 18:18:24,488 - BO_format_1::INFO -- [Batch] : Finish Injection Queue
2023-07-03 18:18:24,490 - BO_format_1::INFO -- [Batch] : Start React:1s
2023-07-03 18:18:24,490 - BO_format_1::INFO -- [Batch] : Start React:1s
2023-07-03 18:18:24,491 - BO_format_1::INFO -- [Batch] : Start React:1s
2023-07-03 18:18:24,492 - BO_format_1::INFO -- [Batch] : Start React:1s
2023-07-03 18:18:34,500 - BO_format_1::INFO -- [Batch] : check React:1s
2023-07-03 18:18:34,501 - BO_format_1::INFO -- [Batch] : check React:1s
2023-07-03 18:18:34,502 - BO_format_1::INFO -- [Batch] : check React:1s
2023-07-03 18:18:34,503 - BO_format_1::INFO -- [Batch] : check React:1s
2023-07-03 18:18:38,745 - BO_format_1::INFO -- [Batch] : Finish React:1s
2023-07-03 18:18:50,717 - BO_format_1::INFO -- [Batch] : Finish React:1s
2023-07-03 18:18:54,711 - BO_format_1::INFO -- [Batch] : Finish React:1s
2023-07-03 18:18:58,651 - BO_format_1::INFO -- [Batch] : Finish React:1s
2023-07-03 18:18:58,652 - BO_format_1::INFO -- [TaskScheduler] : UV allocate location: {'Stirrer': [0, 1, 2, 3], 'vialHolder': [0, 1, 2, 3]}
2023-07-03 18:19:16,681 - BO_format_1::INFO -- [UV] : Prepare UV-VIS container
2023-07-03 18:19:30,062 - BO_format_1::INFO -- [UV] : Start UV-VIS Characterization
2023-07-03 18:19:39,071 - BO_format_1::INFO -- [UV] : 0 result : OrderedDict([('lambdamax', 414.865959), ('intensity', 0.01894968267735324), ('FWHM', 10.788982000000033)])
2023-07-03 18:19:39,072 - BO_format_1::INFO -- [UV] : Finish UV-VIS Characterization
2023-07-03 18:20:03,113 - BO_format_1::INFO -- [UV] : Prepare UV-VIS container
2023-07-03 18:20:16,802 - BO_format_1::INFO -- [UV] : Start UV-VIS Characterization
2023-07-03 18:20:25,650 - BO_format_1::INFO -- [UV] : 1 result : OrderedDict([('lambdamax', 692.356258), ('intensity', 0.02037317832558174), ('FWHM', 15.632150000000024)])
2023-07-03 18:20:25,650 - BO_format_1::INFO -- [UV] : Finish UV-VIS Characterization
2023-07-03 18:20:51,706 - BO_format_1::INFO -- [UV] : Prepare UV-VIS container
2023-07-03 18:21:05,443 - BO_format_1::INFO -- [UV] : Start UV-VIS Characterization
2023-07-03 18:21:14,526 - BO_format_1::INFO -- [UV] : 2 result : OrderedDict([('lambdamax', 511.402928), ('intensity', 0.01812025458923506), ('FWHM', 12.510971999999981)])
2023-07-03 18:21:14,526 - BO_format_1::INFO -- [UV] : Finish UV-VIS Characterization
2023-07-03 18:21:38,569 - BO_format_1::INFO -- [UV] : Prepare UV-VIS container
2023-07-03 18:21:52,163 - BO_format_1::INFO -- [UV] : Start UV-VIS Characterization
2023-07-03 18:22:01,039 - BO_format_1::INFO -- [UV] : 3 result : OrderedDict([('lambdamax', 465.501388), ('intensity', 0.01749129255639375), ('FWHM', 12.724312999999995)])
2023-07-03 18:22:01,039 - BO_format_1::INFO -- [UV] : Finish UV-VIS Characterization
2023-07-03 18:22:27,086 - BO_format_1::INFO -- [RobotArm] : Start Robot Queue : Batch motion (holder_to_storage_filled) is started.
2023-07-03 18:22:27,086 - BO_format_1::INFO -- [RobotArm] : vial_num_list:[0, 1, 2, 3]
2023-07-03 18:22:27,087 - BO_format_1::INFO -- [RobotArm] : line_num_list:[0, 0, 0, 0]
2023-07-03 18:22:27,087 - BO_format_1::INFO -- [RobotArm] : vialHolder_list:[0, 1, 2, 3]
2023-07-03 18:22:35,675 - BO_format_1::INFO -- [RobotArm] : Finish Robot Queue : Batch motion (holder_to_storage_filled) is done.
2023-07-03 18:22:35,675 - BO_format_1::INFO -- [RobotArm] : Start Robot Queue : Batch motion (holder_to_storage_filled) is started.
2023-07-03 18:22:39,053 - BO_format_1::INFO -- [RobotArm] : Finish Robot Queue : Batch motion (holder_to_storage_filled) is done.
2023-07-03 18:22:39,053 - BO_format_1::INFO -- [RobotArm] : Start Robot Queue : Batch motion (holder_to_storage_filled) is started.
2023-07-03 18:22:42,507 - BO_format_1::INFO -- [RobotArm] : Finish Robot Queue : Batch motion (holder_to_storage_filled) is done.
2023-07-03 18:22:42,508 - BO_format_1::INFO -- [RobotArm] : Start Robot Queue : Batch motion (holder_to_storage_filled) is started.
2023-07-03 18:22:49,005 - BO_format_1::INFO -- [RobotArm] : Finish Robot Queue : Batch motion (holder_to_storage_filled) is done.
2023-07-03 18:22:49,007 - BO_format_1::INFO -- [TaskScheduler] : refresh location: {'BatchSynthesis': {'Stirrer': ['?', '?', '?', '?', 1, 1, 1, 1, '?', '?', '?', '?', '?', '?', '?', '?'], 'vialHolder': ['?', '?', '?', '?', 1, 1, 1, 1]}, 'UV': {'vialHolder': ['?', '?', '?', '?', 1, 1, 1, 1]}}
2023-07-03 18:22:49,023 - BO_format_1::INFO -- [Algorithm] : 0 optimal_value : -0.583054925136248
2023-07-03 18:22:49,023 - BO_format_1::INFO -- [Algorithm] : 1 optimal_value : -0.45722665648996946
2023-07-03 18:22:49,023 - BO_format_1::INFO -- [Algorithm] : 2 optimal_value : -0.2695488898080283
2023-07-03 18:22:49,023 - BO_format_1::INFO -- [Algorithm] : 3 optimal_value : -0.4187431315494738
2023-07-03 18:22:49,023 - BO_format_1::INFO -- [JobExecution] : ######### Cycle 1/1 is done #########
2023-07-03 18:22:49,024 - BO_format_1::INFO -- [Algorithm] : Save our model object, filename=20230703_1812_multi3_0_obj
2023-07-03 18:22:49,024 - BO_format_1::INFO -- [JobExecution] : ######### All Cycle is done #########
