2023-07-03 10:55:08,860 - BO_format_1::INFO -- [JobExecution] : [jobID=0] Algorithm, model : BayesianOptimization, batchSize : 4
2023-07-03 10:55:08,870 - BO_format_1::INFO -- [JobExecution] : ######### Cycle start #########
2023-07-03 10:55:08,870 - BO_format_1::INFO -- [Algorithm] : utility_type=ucb, iter_num=0, batchSize=4
2023-07-03 10:55:08,871 - BO_format_1::INFO -- [Algorithm [0]] : next_point 0: {'AddSolution=AgNO3_Concentration': 0, 'AddSolution=AgNO3_Volume': 750, 'AddSolution=AgNO3_Injectionrate': 150}
2023-07-03 10:55:08,881 - BO_format_1::INFO -- [Algorithm [1]] : next_point 1: {'AddSolution=AgNO3_Concentration': 0, 'AddSolution=AgNO3_Volume': 800, 'AddSolution=AgNO3_Injectionrate': 100}
2023-07-03 10:55:08,892 - BO_format_1::INFO -- [Algorithm [2]] : next_point 2: {'AddSolution=AgNO3_Concentration': 0, 'AddSolution=AgNO3_Volume': 1150, 'AddSolution=AgNO3_Injectionrate': 150}
2023-07-03 10:55:08,902 - BO_format_1::INFO -- [Algorithm [3]] : next_point 3: {'AddSolution=AgNO3_Concentration': 0, 'AddSolution=AgNO3_Volume': 650, 'AddSolution=AgNO3_Injectionrate': 150}
2023-07-03 10:55:08,970 - BO_format_1::INFO -- [RecipeGenerator] : Allocate all of process based on job script!
2023-07-03 10:55:08,970 - BO_format_1::INFO -- [JobExecution] : ######### Cycle 1/1 is running #########
2023-07-03 10:55:09,001 - BO_format_1::INFO -- [TaskScheduler] : check location: {'BatchSynthesis': {'Stirrer': ['?', '?', '?', '?', '?', '?', '?', '?', '?', '?', '?', '?', '?', '?', '?', '?'], 'vialHolder': ['?', '?', '?', '?', '?', '?', '?', '?']}, 'UV': {'vialHolder': ['?', '?', '?', '?', '?', '?', '?', '?']}}
2023-07-03 10:55:09,017 - BO_format_1::INFO -- [TaskScheduler] : BatchSynthesis allocate location: {'Stirrer': [0, 1, 2, 3], 'vialHolder': [0, 1, 2, 3]}
2023-07-03 10:55:09,109 - BO_format_1::INFO -- [Batch] : vial_num_list: [0, 1, 2, 3]
2023-07-03 10:55:09,119 - BO_format_1::INFO -- [Batch] : line_num_list: [0, 0, 0, 0]
2023-07-03 10:55:09,130 - BO_format_1::INFO -- [Batch] : vialHolder_list: [0, 1, 2, 3]
2023-07-03 10:55:09,140 - BO_format_1::INFO -- [Batch] : Start Robot Queue : storage_empty_to_stirrer is started.
2023-07-03 10:55:15,932 - BO_format_1::INFO -- [Batch] : Finish Robot Queue : Batch motion (storage_empty_to_stirrer) is done.
2023-07-03 10:55:16,066 - BO_format_1::INFO -- [Batch] : Start Robot Queue : storage_empty_to_stirrer is started.
2023-07-03 10:55:22,860 - BO_format_1::INFO -- [Batch] : Finish Robot Queue : Batch motion (storage_empty_to_stirrer) is done.
2023-07-03 10:55:22,994 - BO_format_1::INFO -- [Batch] : Start Robot Queue : storage_empty_to_stirrer is started.
2023-07-03 10:55:29,628 - BO_format_1::INFO -- [Batch] : Finish Robot Queue : Batch motion (storage_empty_to_stirrer) is done.
2023-07-03 10:55:29,762 - BO_format_1::INFO -- [Batch] : Start Robot Queue : storage_empty_to_stirrer is started.
2023-07-03 10:55:36,720 - BO_format_1::INFO -- [Batch] : Finish Robot Queue : Batch motion (storage_empty_to_stirrer) is done.
2023-07-03 10:55:36,833 - BO_format_1::INFO -- [Batch] : Prepare Injection Queue --> Citrate,0.02mM,5000uL,200uL/s
2023-07-03 10:55:41,093 - BO_format_1::INFO -- [Batch] : Start Injection Queue --> Citrate,0.02mM,1200μL,200μL/s
2023-07-03 10:55:46,501 - BO_format_1::INFO -- [Batch] : Finish Injection Queue
2023-07-03 10:55:47,610 - BO_format_1::INFO -- [Batch] : Prepare Injection Queue --> Citrate,0.02mM,5000uL,200uL/s
2023-07-03 10:55:51,769 - BO_format_1::INFO -- [Batch] : Start Injection Queue --> Citrate,0.02mM,1200μL,200μL/s
2023-07-03 10:55:57,381 - BO_format_1::INFO -- [Batch] : Finish Injection Queue
2023-07-03 10:55:58,490 - BO_format_1::INFO -- [Batch] : Prepare Injection Queue --> Citrate,0.02mM,5000uL,200uL/s
2023-07-03 10:56:02,767 - BO_format_1::INFO -- [Batch] : Start Injection Queue --> Citrate,0.02mM,1200μL,200μL/s
2023-07-03 10:56:08,032 - BO_format_1::INFO -- [Batch] : Finish Injection Queue
2023-07-03 10:56:09,136 - BO_format_1::INFO -- [Batch] : Prepare Injection Queue --> Citrate,0.02mM,5000uL,200uL/s
2023-07-03 10:56:13,591 - BO_format_1::INFO -- [Batch] : Start Injection Queue --> Citrate,0.02mM,1200μL,200μL/s
2023-07-03 10:56:19,025 - BO_format_1::INFO -- [Batch] : Finish Injection Queue
2023-07-03 10:56:20,134 - BO_format_1::INFO -- [Batch] : Prepare Injection Queue --> H2O2,0.375mM,5000uL,200uL/s
2023-07-03 10:56:24,441 - BO_format_1::INFO -- [Batch] : Start Injection Queue --> H2O2,0.375mM,1200μL,200μL/s
2023-07-03 10:56:29,786 - BO_format_1::INFO -- [Batch] : Finish Injection Queue
2023-07-03 10:56:30,894 - BO_format_1::INFO -- [Batch] : Prepare Injection Queue --> H2O2,0.375mM,5000uL,200uL/s
2023-07-03 10:56:34,962 - BO_format_1::INFO -- [Batch] : Start Injection Queue --> H2O2,0.375mM,1200μL,200μL/s
2023-07-03 10:56:40,556 - BO_format_1::INFO -- [Batch] : Finish Injection Queue
2023-07-03 10:56:41,665 - BO_format_1::INFO -- [Batch] : Prepare Injection Queue --> H2O2,0.375mM,5000uL,200uL/s
2023-07-03 10:56:45,921 - BO_format_1::INFO -- [Batch] : Start Injection Queue --> H2O2,0.375mM,1200μL,200μL/s
2023-07-03 10:56:51,251 - BO_format_1::INFO -- [Batch] : Finish Injection Queue
2023-07-03 10:56:52,360 - BO_format_1::INFO -- [Batch] : Prepare Injection Queue --> H2O2,0.375mM,5000uL,200uL/s
2023-07-03 10:56:56,713 - BO_format_1::INFO -- [Batch] : Start Injection Queue --> H2O2,0.375mM,1200μL,200μL/s
2023-07-03 10:57:02,219 - BO_format_1::INFO -- [Batch] : Finish Injection Queue
2023-07-03 10:57:03,328 - BO_format_1::INFO -- [Batch] : Prepare Injection Queue --> NaBH4,0.01mM,5000uL,200uL/s
2023-07-03 10:57:07,753 - BO_format_1::INFO -- [Batch] : Start Injection Queue --> NaBH4,0.01mM,3000μL,200μL/s
2023-07-03 10:57:13,179 - BO_format_1::INFO -- [Batch] : Finish Injection Queue
2023-07-03 10:57:14,288 - BO_format_1::INFO -- [Batch] : Prepare Injection Queue --> NaBH4,0.01mM,5000uL,200uL/s
2023-07-03 10:57:18,691 - BO_format_1::INFO -- [Batch] : Start Injection Queue --> NaBH4,0.01mM,3000μL,200μL/s
2023-07-03 10:57:24,187 - BO_format_1::INFO -- [Batch] : Finish Injection Queue
2023-07-03 10:57:25,296 - BO_format_1::INFO -- [Batch] : Prepare Injection Queue --> NaBH4,0.01mM,5000uL,200uL/s
2023-07-03 10:57:29,739 - BO_format_1::INFO -- [Batch] : Start Injection Queue --> NaBH4,0.01mM,3000μL,200μL/s
2023-07-03 10:57:35,336 - BO_format_1::INFO -- [Batch] : Finish Injection Queue
2023-07-03 10:57:36,445 - BO_format_1::INFO -- [Batch] : Prepare Injection Queue --> NaBH4,0.01mM,5000uL,200uL/s
2023-07-03 10:57:40,706 - BO_format_1::INFO -- [Batch] : Start Injection Queue --> NaBH4,0.01mM,3000μL,200μL/s
2023-07-03 10:57:46,278 - BO_format_1::INFO -- [Batch] : Finish Injection Queue
2023-07-03 10:57:47,325 - BO_format_1::INFO -- [Batch] : Start Stir Queue 0 (Stirrer)
2023-07-03 10:57:48,476 - BO_format_1::INFO -- [Batch] : Start Stir Queue 1 (Stirrer)
2023-07-03 10:57:49,707 - BO_format_1::INFO -- [Batch] : Start Stir Queue 2 (Stirrer)
2023-07-03 10:57:50,891 - BO_format_1::INFO -- [Batch] : Start Stir Queue 3 (Stirrer)
2023-07-03 10:57:52,077 - BO_format_1::INFO -- [Batch] : Finish Stir Queue 0 (Stirrer)
2023-07-03 10:57:52,087 - BO_format_1::INFO -- [Batch] : Finish Stir Queue 1 (Stirrer)
2023-07-03 10:57:52,097 - BO_format_1::INFO -- [Batch] : Finish Stir Queue 2 (Stirrer)
2023-07-03 10:57:52,107 - BO_format_1::INFO -- [Batch] : Finish Stir Queue 3 (Stirrer)
2023-07-03 10:57:52,118 - BO_format_1::INFO -- [Batch] : Start Heat Queue 0 (Stirrer)
2023-07-03 10:57:53,377 - BO_format_1::INFO -- [Batch] : Start Heat Queue 1 (Stirrer)
2023-07-03 10:57:54,606 - BO_format_1::INFO -- [Batch] : Start Heat Queue 2 (Stirrer)
2023-07-03 10:57:55,771 - BO_format_1::INFO -- [Batch] : Start Heat Queue 3 (Stirrer)
2023-07-03 10:57:56,953 - BO_format_1::INFO -- [Batch] : Finish Heat Queue 0 (Stirrer)
2023-07-03 10:57:56,964 - BO_format_1::INFO -- [Batch] : Finish Heat Queue 1 (Stirrer)
2023-07-03 10:57:56,964 - BO_format_1::INFO -- [Batch] : Finish Heat Queue 2 (Stirrer)
2023-07-03 10:57:56,964 - BO_format_1::INFO -- [Batch] : Finish Heat Queue 3 (Stirrer)
2023-07-03 10:57:56,979 - BO_format_1::INFO -- [Batch] : Start Wait:1s
2023-07-03 10:57:56,989 - BO_format_1::INFO -- [Batch] : Start Wait:1s
2023-07-03 10:57:56,990 - BO_format_1::INFO -- [Batch] : check Wait:1s
2023-07-03 10:57:56,995 - BO_format_1::INFO -- [Batch] : check Wait:1s
2023-07-03 10:57:57,000 - BO_format_1::INFO -- [Batch] : Finish Wait:1s
2023-07-03 10:57:57,010 - BO_format_1::INFO -- [Batch] : Finish Wait:1s
2023-07-03 10:57:57,020 - BO_format_1::INFO -- [Batch] : Start Wait:1s
2023-07-03 10:57:57,031 - BO_format_1::INFO -- [Batch] : Start Wait:1s
2023-07-03 10:57:57,042 - BO_format_1::INFO -- [Batch] : check Wait:1s
2023-07-03 10:57:57,062 - BO_format_1::INFO -- [Batch] : check Wait:1s
2023-07-03 10:57:57,067 - BO_format_1::INFO -- [Batch] : Finish Wait:1s
2023-07-03 10:57:57,083 - BO_format_1::INFO -- [Batch] : Finish Wait:1s
2023-07-03 10:57:57,165 - BO_format_1::INFO -- [Batch] : Prepare Injection Queue --> AgNO3,0mM,5000uL,200uL/s
2023-07-03 10:58:01,368 - BO_format_1::INFO -- [Batch] : Start Injection Queue --> AgNO3,0mM,750μL,150μL/s
2023-07-03 10:58:07,096 - BO_format_1::INFO -- [Batch] : Finish Injection Queue
2023-07-03 10:58:08,205 - BO_format_1::INFO -- [Batch] : Prepare Injection Queue --> AgNO3,0mM,5000uL,200uL/s
2023-07-03 10:58:12,464 - BO_format_1::INFO -- [Batch] : Start Injection Queue --> AgNO3,0mM,800μL,100μL/s
2023-07-03 10:58:18,258 - BO_format_1::INFO -- [Batch] : Finish Injection Queue
2023-07-03 10:58:19,362 - BO_format_1::INFO -- [Batch] : Prepare Injection Queue --> AgNO3,0mM,5000uL,200uL/s
2023-07-03 10:58:23,808 - BO_format_1::INFO -- [Batch] : Start Injection Queue --> AgNO3,0mM,1150μL,150μL/s
2023-07-03 10:58:29,177 - BO_format_1::INFO -- [Batch] : Finish Injection Queue
2023-07-03 10:58:30,286 - BO_format_1::INFO -- [Batch] : Prepare Injection Queue --> AgNO3,0mM,5000uL,200uL/s
2023-07-03 10:58:34,563 - BO_format_1::INFO -- [Batch] : Start Injection Queue --> AgNO3,0mM,650μL,150μL/s
2023-07-03 10:58:39,969 - BO_format_1::INFO -- [Batch] : Finish Injection Queue
2023-07-03 10:58:41,011 - BO_format_1::INFO -- [Batch] : Start React:1s
2023-07-03 10:58:41,016 - BO_format_1::INFO -- [Batch] : Start React:1s
2023-07-03 10:58:41,032 - BO_format_1::INFO -- [Batch] : Start React:1s
2023-07-03 10:58:41,047 - BO_format_1::INFO -- [Batch] : Start React:1s
2023-07-03 10:58:51,052 - BO_format_1::INFO -- [Batch] : check React:1s
2023-07-03 10:58:51,057 - BO_format_1::INFO -- [Batch] : check React:1s
2023-07-03 10:58:51,094 - BO_format_1::INFO -- [Batch] : check React:1s
2023-07-03 10:58:51,105 - BO_format_1::INFO -- [Batch] : check React:1s
2023-07-03 10:58:54,768 - BO_format_1::INFO -- [Batch] : Finish React:1s
2023-07-03 10:58:55,020 - BO_format_1::INFO -- [Batch] : Finish React:1s
2023-07-03 10:58:58,596 - BO_format_1::INFO -- [Batch] : Finish React:1s
2023-07-03 10:58:58,658 - BO_format_1::INFO -- [Batch] : Finish React:1s
2023-07-03 10:58:58,704 - BO_format_1::INFO -- [TaskScheduler] : UV allocate location: {'Stirrer': [0, 1, 2, 3], 'vialHolder': [0, 1, 2, 3]}
2023-07-03 10:58:58,796 - BO_format_1::INFO -- [UV] : Prepare UV-VIS container
2023-07-03 10:59:12,478 - BO_format_1::INFO -- [UV] : Start UV-VIS Characterization
2023-07-03 10:59:21,733 - BO_format_1::INFO -- [UV] : 0 result : OrderedDict([('lambdamax', 615.411229), ('intensity', 0.01614732973269731), ('FWHM', 17.609920000000102)])
2023-07-03 10:59:21,743 - BO_format_1::INFO -- [UV] : Finish UV-VIS Characterization
2023-07-03 10:59:21,877 - BO_format_1::INFO -- [UV] : Prepare UV-VIS container
2023-07-03 10:59:35,432 - BO_format_1::INFO -- [UV] : Start UV-VIS Characterization
2023-07-03 10:59:44,609 - BO_format_1::INFO -- [UV] : 1 result : OrderedDict([('lambdamax', 644.775033), ('intensity', 0.019438193828102766), ('FWHM', 21.35048900000004)])
2023-07-03 10:59:44,619 - BO_format_1::INFO -- [UV] : Finish UV-VIS Characterization
2023-07-03 10:59:44,753 - BO_format_1::INFO -- [UV] : Prepare UV-VIS container
2023-07-03 10:59:58,504 - BO_format_1::INFO -- [UV] : Start UV-VIS Characterization
2023-07-03 11:00:07,561 - BO_format_1::INFO -- [UV] : 2 result : OrderedDict([('lambdamax', 675.657691), ('intensity', 0.019961652850023118), ('FWHM', 16.132149000000027)])
2023-07-03 11:00:07,571 - BO_format_1::INFO -- [UV] : Finish UV-VIS Characterization
2023-07-03 11:00:07,705 - BO_format_1::INFO -- [UV] : Prepare UV-VIS container
2023-07-03 11:00:21,552 - BO_format_1::INFO -- [UV] : Start UV-VIS Characterization
2023-07-03 11:00:30,612 - BO_format_1::INFO -- [UV] : 3 result : OrderedDict([('lambdamax', 373.578803), ('intensity', 0.02564164419256062), ('FWHM', 21.155588999999964)])
2023-07-03 11:00:30,623 - BO_format_1::INFO -- [UV] : Finish UV-VIS Characterization
2023-07-03 11:00:30,756 - BO_format_1::INFO -- [RobotArm] : Start Robot Queue : Batch motion (holder_to_storage_filled) is started.
2023-07-03 11:00:30,766 - BO_format_1::INFO -- [RobotArm] : vial_num_list:[4, 5, 6, 7]
2023-07-03 11:00:30,777 - BO_format_1::INFO -- [RobotArm] : line_num_list:[0, 0, 0, 0]
2023-07-03 11:00:30,787 - BO_format_1::INFO -- [RobotArm] : vialHolder_list:[0, 1, 2, 3]
2023-07-03 11:00:39,574 - BO_format_1::INFO -- [RobotArm] : Finish Robot Queue : Batch motion (holder_to_storage_filled) is done.
2023-07-03 11:00:39,574 - BO_format_1::INFO -- [RobotArm] : Start Robot Queue : Batch motion (holder_to_storage_filled) is started.
2023-07-03 11:00:43,102 - BO_format_1::INFO -- [RobotArm] : Finish Robot Queue : Batch motion (holder_to_storage_filled) is done.
2023-07-03 11:00:43,112 - BO_format_1::INFO -- [RobotArm] : Start Robot Queue : Batch motion (holder_to_storage_filled) is started.
2023-07-03 11:00:46,789 - BO_format_1::INFO -- [RobotArm] : Finish Robot Queue : Batch motion (holder_to_storage_filled) is done.
2023-07-03 11:00:46,800 - BO_format_1::INFO -- [RobotArm] : Start Robot Queue : Batch motion (holder_to_storage_filled) is started.
2023-07-03 11:00:53,506 - BO_format_1::INFO -- [RobotArm] : Finish Robot Queue : Batch motion (holder_to_storage_filled) is done.
2023-07-03 11:00:53,599 - BO_format_1::INFO -- [TaskScheduler] : refresh location: {'BatchSynthesis': {'Stirrer': [0, 0, 0, 0, '?', '?', '?', '?', '?', '?', '?', '?', '?', '?', '?', '?'], 'vialHolder': [0, 0, 0, 0, '?', '?', '?', '?']}, 'UV': {'vialHolder': [0, 0, 0, 0, '?', '?', '?', '?']}}
2023-07-03 11:00:53,818 - BO_format_1::INFO -- [Algorithm] : 0 optimal_value : -0.20762844497712948
2023-07-03 11:00:53,828 - BO_format_1::INFO -- [Algorithm] : 1 optimal_value : -0.3030079768986557
2023-07-03 11:00:53,828 - BO_format_1::INFO -- [Algorithm] : 2 optimal_value : -0.4030274641048305
2023-07-03 11:00:53,833 - BO_format_1::INFO -- [Algorithm] : 3 optimal_value : -0.7172979333449192
2023-07-03 11:00:53,838 - BO_format_1::INFO -- [JobExecution] : ######### Cycle 1/1 is done #########
2023-07-03 11:00:53,910 - BO_format_1::INFO -- [Algorithm] : Save our model object, filename=20230703_1055_multi3_0_obj
2023-07-03 11:00:53,920 - BO_format_1::INFO -- [JobExecution] : ######### All Cycle is done #########
2023-07-03 11:11:41,770 - BO_format_1::INFO -- [JobExecution] : [jobID=1] Algorithm, model : BayesianOptimization, batchSize : 4
2023-07-03 11:11:41,796 - BO_format_1::INFO -- [JobExecution] : ######### Cycle start #########
2023-07-03 11:11:41,796 - BO_format_1::INFO -- [Algorithm] : utility_type=ucb, iter_num=0, batchSize=4
2023-07-03 11:11:41,796 - BO_format_1::INFO -- [Algorithm [0]] : next_point 0: {'AddSolution=AgNO3_Concentration': 0, 'AddSolution=AgNO3_Volume': 750, 'AddSolution=AgNO3_Injectionrate': 150}
2023-07-03 11:11:41,817 - BO_format_1::INFO -- [Algorithm [1]] : next_point 1: {'AddSolution=AgNO3_Concentration': 0, 'AddSolution=AgNO3_Volume': 800, 'AddSolution=AgNO3_Injectionrate': 100}
2023-07-03 11:11:41,832 - BO_format_1::INFO -- [Algorithm [2]] : next_point 2: {'AddSolution=AgNO3_Concentration': 0, 'AddSolution=AgNO3_Volume': 1150, 'AddSolution=AgNO3_Injectionrate': 150}
2023-07-03 11:11:41,848 - BO_format_1::INFO -- [Algorithm [3]] : next_point 3: {'AddSolution=AgNO3_Concentration': 0, 'AddSolution=AgNO3_Volume': 650, 'AddSolution=AgNO3_Injectionrate': 150}
2023-07-03 11:11:41,926 - BO_format_1::INFO -- [RecipeGenerator] : Allocate all of process based on job script!
2023-07-03 11:11:41,936 - BO_format_1::INFO -- [JobExecution] : ######### Cycle 1/1 is running #########
2023-07-03 11:11:41,977 - BO_format_1::INFO -- [TaskScheduler] : check location: {'BatchSynthesis': {'Stirrer': [0, 0, 0, 0, '?', '?', '?', '?', '?', '?', '?', '?', '?', '?', '?', '?'], 'vialHolder': [0, 0, 0, 0, '?', '?', '?', '?']}, 'UV': {'vialHolder': [0, 0, 0, 0, '?', '?', '?', '?']}}
2023-07-03 11:11:41,998 - BO_format_1::INFO -- [TaskScheduler] : BatchSynthesis allocate location: {'Stirrer': [4, 5, 6, 7], 'vialHolder': [4, 5, 6, 7]}
2023-07-03 11:11:42,095 - BO_format_1::INFO -- [Batch] : vial_num_list: [8, 9, 10, 11]
2023-07-03 11:11:42,111 - BO_format_1::INFO -- [Batch] : line_num_list: [0, 0, 0, 0]
2023-07-03 11:11:42,126 - BO_format_1::INFO -- [Batch] : vialHolder_list: [4, 5, 6, 7]
2023-07-03 11:11:42,141 - BO_format_1::INFO -- [Batch] : Start Robot Queue : storage_empty_to_stirrer is started.
2023-07-03 11:11:49,032 - BO_format_1::INFO -- [Batch] : Finish Robot Queue : Batch motion (storage_empty_to_stirrer) is done.
2023-07-03 11:11:49,170 - BO_format_1::INFO -- [Batch] : Start Robot Queue : storage_empty_to_stirrer is started.
2023-07-03 11:11:55,995 - BO_format_1::INFO -- [Batch] : Finish Robot Queue : Batch motion (storage_empty_to_stirrer) is done.
2023-07-03 11:11:56,139 - BO_format_1::INFO -- [Batch] : Start Robot Queue : storage_empty_to_stirrer is started.
2023-07-03 11:12:02,943 - BO_format_1::INFO -- [Batch] : Finish Robot Queue : Batch motion (storage_empty_to_stirrer) is done.
2023-07-03 11:12:03,066 - BO_format_1::INFO -- [Batch] : Start Robot Queue : storage_empty_to_stirrer is started.
2023-07-03 11:12:09,676 - BO_format_1::INFO -- [Batch] : Finish Robot Queue : Batch motion (storage_empty_to_stirrer) is done.
2023-07-03 11:12:09,794 - BO_format_1::INFO -- [Batch] : Prepare Injection Queue --> Citrate,0.02mM,5000uL,200uL/s
2023-07-03 11:12:14,033 - BO_format_1::INFO -- [Batch] : Start Injection Queue --> Citrate,0.02mM,1200μL,200μL/s
2023-07-03 11:12:19,573 - BO_format_1::INFO -- [Batch] : Finish Injection Queue
2023-07-03 11:12:20,682 - BO_format_1::INFO -- [Batch] : Prepare Injection Queue --> Citrate,0.02mM,5000uL,200uL/s
2023-07-03 11:12:24,956 - BO_format_1::INFO -- [Batch] : Start Injection Queue --> Citrate,0.02mM,1200μL,200μL/s
2023-07-03 11:12:30,298 - BO_format_1::INFO -- [Batch] : Finish Injection Queue
2023-07-03 11:12:31,412 - BO_format_1::INFO -- [Batch] : Prepare Injection Queue --> Citrate,0.02mM,5000uL,200uL/s
2023-07-03 11:12:35,642 - BO_format_1::INFO -- [Batch] : Start Injection Queue --> Citrate,0.02mM,1200μL,200μL/s
2023-07-03 11:12:40,994 - BO_format_1::INFO -- [Batch] : Finish Injection Queue
2023-07-03 11:12:42,108 - BO_format_1::INFO -- [Batch] : Prepare Injection Queue --> Citrate,0.02mM,5000uL,200uL/s
2023-07-03 11:12:46,444 - BO_format_1::INFO -- [Batch] : Start Injection Queue --> Citrate,0.02mM,1200μL,200μL/s
2023-07-03 11:12:51,686 - BO_format_1::INFO -- [Batch] : Finish Injection Queue
2023-07-03 11:12:52,808 - BO_format_1::INFO -- [Batch] : Prepare Injection Queue --> H2O2,0.375mM,5000uL,200uL/s
2023-07-03 11:12:56,911 - BO_format_1::INFO -- [Batch] : Start Injection Queue --> H2O2,0.375mM,1200μL,200μL/s
2023-07-03 11:13:02,208 - BO_format_1::INFO -- [Batch] : Finish Injection Queue
2023-07-03 11:13:03,330 - BO_format_1::INFO -- [Batch] : Prepare Injection Queue --> H2O2,0.375mM,5000uL,200uL/s
2023-07-03 11:13:07,540 - BO_format_1::INFO -- [Batch] : Start Injection Queue --> H2O2,0.375mM,1200μL,200μL/s
2023-07-03 11:13:13,114 - BO_format_1::INFO -- [Batch] : Finish Injection Queue
2023-07-03 11:13:14,228 - BO_format_1::INFO -- [Batch] : Prepare Injection Queue --> H2O2,0.375mM,5000uL,200uL/s
2023-07-03 11:13:18,502 - BO_format_1::INFO -- [Batch] : Start Injection Queue --> H2O2,0.375mM,1200μL,200μL/s
2023-07-03 11:13:23,933 - BO_format_1::INFO -- [Batch] : Finish Injection Queue
2023-07-03 11:13:25,047 - BO_format_1::INFO -- [Batch] : Prepare Injection Queue --> H2O2,0.375mM,5000uL,200uL/s
2023-07-03 11:13:29,317 - BO_format_1::INFO -- [Batch] : Start Injection Queue --> H2O2,0.375mM,1200μL,200μL/s
2023-07-03 11:13:34,630 - BO_format_1::INFO -- [Batch] : Finish Injection Queue
2023-07-03 11:13:35,744 - BO_format_1::INFO -- [Batch] : Prepare Injection Queue --> NaBH4,0.01mM,5000uL,200uL/s
2023-07-03 11:13:39,854 - BO_format_1::INFO -- [Batch] : Start Injection Queue --> NaBH4,0.01mM,3000μL,200μL/s
2023-07-03 11:13:45,305 - BO_format_1::INFO -- [Batch] : Finish Injection Queue
2023-07-03 11:13:46,419 - BO_format_1::INFO -- [Batch] : Prepare Injection Queue --> NaBH4,0.01mM,5000uL,200uL/s
2023-07-03 11:13:50,487 - BO_format_1::INFO -- [Batch] : Start Injection Queue --> NaBH4,0.01mM,3000μL,200μL/s
2023-07-03 11:13:56,127 - BO_format_1::INFO -- [Batch] : Finish Injection Queue
2023-07-03 11:13:57,237 - BO_format_1::INFO -- [Batch] : Prepare Injection Queue --> NaBH4,0.01mM,5000uL,200uL/s
2023-07-03 11:14:01,427 - BO_format_1::INFO -- [Batch] : Start Injection Queue --> NaBH4,0.01mM,3000μL,200μL/s
2023-07-03 11:14:06,985 - BO_format_1::INFO -- [Batch] : Finish Injection Queue
2023-07-03 11:14:08,099 - BO_format_1::INFO -- [Batch] : Prepare Injection Queue --> NaBH4,0.01mM,5000uL,200uL/s
2023-07-03 11:14:12,481 - BO_format_1::INFO -- [Batch] : Start Injection Queue --> NaBH4,0.01mM,3000μL,200μL/s
2023-07-03 11:14:17,804 - BO_format_1::INFO -- [Batch] : Finish Injection Queue
2023-07-03 11:14:18,856 - BO_format_1::INFO -- [Batch] : Start Stir Queue 0 (Stirrer)
2023-07-03 11:14:19,999 - BO_format_1::INFO -- [Batch] : Start Stir Queue 1 (Stirrer)
2023-07-03 11:14:21,156 - BO_format_1::INFO -- [Batch] : Start Stir Queue 2 (Stirrer)
2023-07-03 11:14:22,547 - BO_format_1::INFO -- [Batch] : Start Stir Queue 3 (Stirrer)
2023-07-03 11:14:23,610 - BO_format_1::INFO -- [Batch] : Finish Stir Queue 0 (Stirrer)
2023-07-03 11:14:23,625 - BO_format_1::INFO -- [Batch] : Finish Stir Queue 1 (Stirrer)
2023-07-03 11:14:23,640 - BO_format_1::INFO -- [Batch] : Finish Stir Queue 2 (Stirrer)
2023-07-03 11:14:23,656 - BO_format_1::INFO -- [Batch] : Finish Stir Queue 3 (Stirrer)
2023-07-03 11:14:23,671 - BO_format_1::INFO -- [Batch] : Start Heat Queue 0 (Stirrer)
2023-07-03 11:14:24,892 - BO_format_1::INFO -- [Batch] : Start Heat Queue 1 (Stirrer)
2023-07-03 11:14:26,078 - BO_format_1::INFO -- [Batch] : Start Heat Queue 2 (Stirrer)
2023-07-03 11:14:27,260 - BO_format_1::INFO -- [Batch] : Start Heat Queue 3 (Stirrer)
2023-07-03 11:14:28,380 - BO_format_1::INFO -- [Batch] : Finish Heat Queue 0 (Stirrer)
2023-07-03 11:14:28,396 - BO_format_1::INFO -- [Batch] : Finish Heat Queue 1 (Stirrer)
2023-07-03 11:14:28,411 - BO_format_1::INFO -- [Batch] : Finish Heat Queue 2 (Stirrer)
2023-07-03 11:14:28,426 - BO_format_1::INFO -- [Batch] : Finish Heat Queue 3 (Stirrer)
2023-07-03 11:14:28,447 - BO_format_1::INFO -- [Batch] : Start Wait:1s
2023-07-03 11:14:28,457 - BO_format_1::INFO -- [Batch] : check Wait:1s
2023-07-03 11:14:28,457 - BO_format_1::INFO -- [Batch] : Finish Wait:1s
2023-07-03 11:14:28,462 - BO_format_1::INFO -- [Batch] : Start Wait:1s
2023-07-03 11:14:28,473 - BO_format_1::INFO -- [Batch] : Start Wait:1s
2023-07-03 11:14:28,473 - BO_format_1::INFO -- [Batch] : Start Wait:1s
2023-07-03 11:14:28,494 - BO_format_1::INFO -- [Batch] : check Wait:1s
2023-07-03 11:14:28,494 - BO_format_1::INFO -- [Batch] : check Wait:1s
2023-07-03 11:14:28,499 - BO_format_1::INFO -- [Batch] : check Wait:1s
2023-07-03 11:14:28,510 - BO_format_1::INFO -- [Batch] : Finish Wait:1s
2023-07-03 11:14:28,525 - BO_format_1::INFO -- [Batch] : Finish Wait:1s
2023-07-03 11:14:28,525 - BO_format_1::INFO -- [Batch] : Finish Wait:1s
2023-07-03 11:14:28,638 - BO_format_1::INFO -- [Batch] : Prepare Injection Queue --> AgNO3,0mM,5000uL,200uL/s
2023-07-03 11:14:32,852 - BO_format_1::INFO -- [Batch] : Start Injection Queue --> AgNO3,0mM,750μL,150μL/s
2023-07-03 11:14:38,259 - BO_format_1::INFO -- [Batch] : Finish Injection Queue
2023-07-03 11:14:39,383 - BO_format_1::INFO -- [Batch] : Prepare Injection Queue --> AgNO3,0mM,5000uL,200uL/s
2023-07-03 11:14:43,552 - BO_format_1::INFO -- [Batch] : Start Injection Queue --> AgNO3,0mM,800μL,100μL/s
2023-07-03 11:14:49,040 - BO_format_1::INFO -- [Batch] : Finish Injection Queue
2023-07-03 11:14:50,154 - BO_format_1::INFO -- [Batch] : Prepare Injection Queue --> AgNO3,0mM,5000uL,200uL/s
2023-07-03 11:14:54,226 - BO_format_1::INFO -- [Batch] : Start Injection Queue --> AgNO3,0mM,1150μL,150μL/s
2023-07-03 11:14:59,456 - BO_format_1::INFO -- [Batch] : Finish Injection Queue
2023-07-03 11:15:00,570 - BO_format_1::INFO -- [Batch] : Prepare Injection Queue --> AgNO3,0mM,5000uL,200uL/s
2023-07-03 11:15:05,203 - BO_format_1::INFO -- [Batch] : Start Injection Queue --> AgNO3,0mM,650μL,150μL/s
2023-07-03 11:15:10,864 - BO_format_1::INFO -- [Batch] : Finish Injection Queue
2023-07-03 11:15:11,921 - BO_format_1::INFO -- [Batch] : Start React:1s
2023-07-03 11:15:11,927 - BO_format_1::INFO -- [Batch] : Start React:1s
2023-07-03 11:15:11,932 - BO_format_1::INFO -- [Batch] : Start React:1s
2023-07-03 11:15:11,937 - BO_format_1::INFO -- [Batch] : Start React:1s
2023-07-03 11:15:21,947 - BO_format_1::INFO -- [Batch] : check React:1s
2023-07-03 11:15:21,957 - BO_format_1::INFO -- [Batch] : check React:1s
2023-07-03 11:15:21,963 - BO_format_1::INFO -- [Batch] : check React:1s
2023-07-03 11:15:21,968 - BO_format_1::INFO -- [Batch] : check React:1s
2023-07-03 11:15:25,564 - BO_format_1::INFO -- [Batch] : Finish React:1s
2023-07-03 11:15:26,059 - BO_format_1::INFO -- [Batch] : Finish React:1s
2023-07-03 11:15:29,003 - BO_format_1::INFO -- [Batch] : Finish React:1s
2023-07-03 11:15:29,760 - BO_format_1::INFO -- [Batch] : Finish React:1s
2023-07-03 11:15:29,812 - BO_format_1::INFO -- [TaskScheduler] : UV allocate location: {'Stirrer': [4, 5, 6, 7], 'vialHolder': [4, 5, 6, 7]}
2023-07-03 11:15:29,909 - BO_format_1::INFO -- [UV] : Prepare UV-VIS container
2023-07-03 11:15:43,840 - BO_format_1::INFO -- [UV] : Start UV-VIS Characterization
2023-07-03 11:15:52,808 - BO_format_1::INFO -- [UV] : 0 result : OrderedDict([('lambdamax', 581.93238), ('intensity', 0.019948113979811305), ('FWHM', 8.096764000000007)])
2023-07-03 11:15:52,824 - BO_format_1::INFO -- [UV] : Finish UV-VIS Characterization
2023-07-03 11:15:52,962 - BO_format_1::INFO -- [UV] : Prepare UV-VIS container
2023-07-03 11:16:06,542 - BO_format_1::INFO -- [UV] : Start UV-VIS Characterization
2023-07-03 11:16:15,600 - BO_format_1::INFO -- [UV] : 1 result : OrderedDict([('lambdamax', 617.735637), ('intensity', 0.020595304030674125), ('FWHM', 21.509761000000026)])
2023-07-03 11:16:15,615 - BO_format_1::INFO -- [UV] : Finish UV-VIS Characterization
2023-07-03 11:16:15,754 - BO_format_1::INFO -- [UV] : Prepare UV-VIS container
2023-07-03 11:16:29,620 - BO_format_1::INFO -- [UV] : Start UV-VIS Characterization
2023-07-03 11:16:38,612 - BO_format_1::INFO -- [UV] : 2 result : OrderedDict([('lambdamax', 663.03784), ('intensity', 0.019285251763250133), ('FWHM', 42.675637999999935)])
2023-07-03 11:16:38,627 - BO_format_1::INFO -- [UV] : Finish UV-VIS Characterization
2023-07-03 11:16:38,766 - BO_format_1::INFO -- [UV] : Prepare UV-VIS container
2023-07-03 11:16:52,369 - BO_format_1::INFO -- [UV] : Start UV-VIS Characterization
2023-07-03 11:17:01,401 - BO_format_1::INFO -- [UV] : 3 result : OrderedDict([('lambdamax', 587.995932), ('intensity', 0.018178864719723256), ('FWHM', 9.423742999999945)])
2023-07-03 11:17:01,417 - BO_format_1::INFO -- [UV] : Finish UV-VIS Characterization
2023-07-03 11:17:01,555 - BO_format_1::INFO -- [RobotArm] : Start Robot Queue : Batch motion (holder_to_storage_filled) is started.
2023-07-03 11:17:01,571 - BO_format_1::INFO -- [RobotArm] : vial_num_list:[12, 13, 14, 15]
2023-07-03 11:17:01,586 - BO_format_1::INFO -- [RobotArm] : line_num_list:[0, 0, 0, 0]
2023-07-03 11:17:01,602 - BO_format_1::INFO -- [RobotArm] : vialHolder_list:[4, 5, 6, 7]
2023-07-03 11:17:10,447 - BO_format_1::INFO -- [RobotArm] : Finish Robot Queue : Batch motion (holder_to_storage_filled) is done.
2023-07-03 11:17:10,462 - BO_format_1::INFO -- [RobotArm] : Start Robot Queue : Batch motion (holder_to_storage_filled) is started.
2023-07-03 11:17:14,043 - BO_format_1::INFO -- [RobotArm] : Finish Robot Queue : Batch motion (holder_to_storage_filled) is done.
2023-07-03 11:17:14,058 - BO_format_1::INFO -- [RobotArm] : Start Robot Queue : Batch motion (holder_to_storage_filled) is started.
2023-07-03 11:17:17,542 - BO_format_1::INFO -- [RobotArm] : Finish Robot Queue : Batch motion (holder_to_storage_filled) is done.
2023-07-03 11:17:17,558 - BO_format_1::INFO -- [RobotArm] : Start Robot Queue : Batch motion (holder_to_storage_filled) is started.
2023-07-03 11:17:24,368 - BO_format_1::INFO -- [RobotArm] : Finish Robot Queue : Batch motion (holder_to_storage_filled) is done.
2023-07-03 11:17:24,424 - BO_format_1::INFO -- [TaskScheduler] : refresh location: {'BatchSynthesis': {'Stirrer': [0, 0, 0, 0, 1, 1, 1, 1, '?', '?', '?', '?', '?', '?', '?', '?'], 'vialHolder': [0, 0, 0, 0, '?', '?', '?', '?']}, 'UV': {'vialHolder': [0, 0, 0, 0, '?', '?', '?', '?']}}
2023-07-03 11:17:24,587 - BO_format_1::INFO -- [Algorithm] : 0 optimal_value : -0.09806744697933893
2023-07-03 11:17:24,587 - BO_format_1::INFO -- [Algorithm] : 1 optimal_value : -0.21508203353511568
2023-07-03 11:17:24,587 - BO_format_1::INFO -- [Algorithm] : 2 optimal_value : -0.36351951286085205
2023-07-03 11:17:24,587 - BO_format_1::INFO -- [Algorithm] : 3 optimal_value : -0.117964746580417
2023-07-03 11:17:24,592 - BO_format_1::INFO -- [JobExecution] : ######### Cycle 1/1 is done #########
2023-07-03 11:17:24,685 - BO_format_1::INFO -- [Algorithm] : Save our model object, filename=20230703_1111_multi3_0_obj
2023-07-03 11:17:24,700 - BO_format_1::INFO -- [JobExecution] : ######### All Cycle is done #########
2023-07-03 11:40:06,640 - BO_format_1::INFO -- [JobExecution] : [jobID=2] Algorithm, model : BayesianOptimization, batchSize : 4
2023-07-03 11:40:06,666 - BO_format_1::INFO -- [JobExecution] : ######### Cycle start #########
2023-07-03 11:40:06,676 - BO_format_1::INFO -- [Algorithm] : utility_type=ucb, iter_num=0, batchSize=4
2023-07-03 11:40:06,707 - BO_format_1::INFO -- [Algorithm [0]] : next_point 0: {'AddSolution=AgNO3_Concentration': 0, 'AddSolution=AgNO3_Volume': 750, 'AddSolution=AgNO3_Injectionrate': 150}
2023-07-03 11:40:06,728 - BO_format_1::INFO -- [Algorithm [1]] : next_point 1: {'AddSolution=AgNO3_Concentration': 0, 'AddSolution=AgNO3_Volume': 800, 'AddSolution=AgNO3_Injectionrate': 100}
2023-07-03 11:40:06,748 - BO_format_1::INFO -- [Algorithm [2]] : next_point 2: {'AddSolution=AgNO3_Concentration': 0, 'AddSolution=AgNO3_Volume': 1150, 'AddSolution=AgNO3_Injectionrate': 150}
2023-07-03 11:40:06,769 - BO_format_1::INFO -- [Algorithm [3]] : next_point 3: {'AddSolution=AgNO3_Concentration': 0, 'AddSolution=AgNO3_Volume': 650, 'AddSolution=AgNO3_Injectionrate': 150}
2023-07-03 11:40:06,822 - BO_format_1::INFO -- [RecipeGenerator] : Allocate all of process based on job script!
2023-07-03 11:40:06,832 - BO_format_1::INFO -- [JobExecution] : ######### Cycle 1/1 is running #########
2023-07-03 11:40:06,863 - BO_format_1::INFO -- [TaskScheduler] : check location: {'BatchSynthesis': {'Stirrer': [0, 0, 0, 0, 1, 1, 1, 1, '?', '?', '?', '?', '?', '?', '?', '?'], 'vialHolder': [0, 0, 0, 0, '?', '?', '?', '?']}, 'UV': {'vialHolder': [0, 0, 0, 0, '?', '?', '?', '?']}}
2023-07-03 11:40:06,889 - BO_format_1::INFO -- [TaskScheduler] : BatchSynthesis allocate location: {'Stirrer': [8, 9, 10, 11], 'vialHolder': [4, 5, 6, 7]}
2023-07-03 11:40:06,992 - BO_format_1::INFO -- [Batch] : vial_num_list: [16, 17, 18, 19]
2023-07-03 11:40:07,012 - BO_format_1::INFO -- [Batch] : line_num_list: [1, 1, 1, 1]
2023-07-03 11:40:07,033 - BO_format_1::INFO -- [Batch] : vialHolder_list: [4, 5, 6, 7]
2023-07-03 11:40:07,053 - BO_format_1::INFO -- [Batch] : Start Robot Queue : storage_empty_to_stirrer is started.
2023-07-03 11:40:14,203 - BO_format_1::INFO -- [Batch] : Finish Robot Queue : Batch motion (storage_empty_to_stirrer) is done.
2023-07-03 11:40:14,342 - BO_format_1::INFO -- [Batch] : Start Robot Queue : storage_empty_to_stirrer is started.
2023-07-03 11:40:21,001 - BO_format_1::INFO -- [Batch] : Finish Robot Queue : Batch motion (storage_empty_to_stirrer) is done.
2023-07-03 11:40:21,144 - BO_format_1::INFO -- [Batch] : Start Robot Queue : storage_empty_to_stirrer is started.
2023-07-03 11:40:27,867 - BO_format_1::INFO -- [Batch] : Finish Robot Queue : Batch motion (storage_empty_to_stirrer) is done.
2023-07-03 11:40:28,011 - BO_format_1::INFO -- [Batch] : Start Robot Queue : storage_empty_to_stirrer is started.
2023-07-03 11:40:34,602 - BO_format_1::INFO -- [Batch] : Finish Robot Queue : Batch motion (storage_empty_to_stirrer) is done.
2023-07-03 11:40:34,726 - BO_format_1::INFO -- [Batch] : Prepare Injection Queue --> Citrate,0.02mM,5000uL,200uL/s
2023-07-03 11:40:39,152 - BO_format_1::INFO -- [Batch] : Start Injection Queue --> Citrate,0.02mM,1200μL,200μL/s
2023-07-03 11:40:44,295 - BO_format_1::INFO -- [Batch] : Finish Injection Queue
2023-07-03 11:40:45,414 - BO_format_1::INFO -- [Batch] : Prepare Injection Queue --> Citrate,0.02mM,5000uL,200uL/s
2023-07-03 11:40:49,797 - BO_format_1::INFO -- [Batch] : Start Injection Queue --> Citrate,0.02mM,1200μL,200μL/s
2023-07-03 11:40:55,124 - BO_format_1::INFO -- [Batch] : Finish Injection Queue
2023-07-03 11:40:56,243 - BO_format_1::INFO -- [Batch] : Prepare Injection Queue --> Citrate,0.02mM,5000uL,200uL/s
2023-07-03 11:41:00,345 - BO_format_1::INFO -- [Batch] : Start Injection Queue --> Citrate,0.02mM,1200μL,200μL/s
2023-07-03 11:41:05,952 - BO_format_1::INFO -- [Batch] : Finish Injection Queue
2023-07-03 11:41:07,061 - BO_format_1::INFO -- [Batch] : Prepare Injection Queue --> Citrate,0.02mM,5000uL,200uL/s
2023-07-03 11:41:11,307 - BO_format_1::INFO -- [Batch] : Start Injection Queue --> Citrate,0.02mM,1200μL,200μL/s
2023-07-03 11:41:16,981 - BO_format_1::INFO -- [Batch] : Finish Injection Queue
2023-07-03 11:41:18,100 - BO_format_1::INFO -- [Batch] : Prepare Injection Queue --> H2O2,0.375mM,5000uL,200uL/s
2023-07-03 11:41:22,427 - BO_format_1::INFO -- [Batch] : Start Injection Queue --> H2O2,0.375mM,1200μL,200μL/s
2023-07-03 11:41:27,792 - BO_format_1::INFO -- [Batch] : Finish Injection Queue
2023-07-03 11:41:28,921 - BO_format_1::INFO -- [Batch] : Prepare Injection Queue --> H2O2,0.375mM,5000uL,200uL/s
2023-07-03 11:41:33,043 - BO_format_1::INFO -- [Batch] : Start Injection Queue --> H2O2,0.375mM,1200μL,200μL/s
2023-07-03 11:41:38,383 - BO_format_1::INFO -- [Batch] : Finish Injection Queue
2023-07-03 11:41:39,502 - BO_format_1::INFO -- [Batch] : Prepare Injection Queue --> H2O2,0.375mM,5000uL,200uL/s
2023-07-03 11:41:43,728 - BO_format_1::INFO -- [Batch] : Start Injection Queue --> H2O2,0.375mM,1200μL,200μL/s
2023-07-03 11:41:49,207 - BO_format_1::INFO -- [Batch] : Finish Injection Queue
2023-07-03 11:41:50,326 - BO_format_1::INFO -- [Batch] : Prepare Injection Queue --> H2O2,0.375mM,5000uL,200uL/s
2023-07-03 11:41:54,993 - BO_format_1::INFO -- [Batch] : Start Injection Queue --> H2O2,0.375mM,1200μL,200μL/s
2023-07-03 11:42:00,336 - BO_format_1::INFO -- [Batch] : Finish Injection Queue
2023-07-03 11:42:01,451 - BO_format_1::INFO -- [Batch] : Prepare Injection Queue --> NaBH4,0.01mM,5000uL,200uL/s
2023-07-03 11:42:05,658 - BO_format_1::INFO -- [Batch] : Start Injection Queue --> NaBH4,0.01mM,3000μL,200μL/s
2023-07-03 11:42:10,980 - BO_format_1::INFO -- [Batch] : Finish Injection Queue
2023-07-03 11:42:12,104 - BO_format_1::INFO -- [Batch] : Prepare Injection Queue --> NaBH4,0.01mM,5000uL,200uL/s
2023-07-03 11:42:16,415 - BO_format_1::INFO -- [Batch] : Start Injection Queue --> NaBH4,0.01mM,3000μL,200μL/s
2023-07-03 11:42:21,822 - BO_format_1::INFO -- [Batch] : Finish Injection Queue
2023-07-03 11:42:22,941 - BO_format_1::INFO -- [Batch] : Prepare Injection Queue --> NaBH4,0.01mM,5000uL,200uL/s
2023-07-03 11:42:27,376 - BO_format_1::INFO -- [Batch] : Start Injection Queue --> NaBH4,0.01mM,3000μL,200μL/s
2023-07-03 11:42:32,668 - BO_format_1::INFO -- [Batch] : Finish Injection Queue
2023-07-03 11:42:33,788 - BO_format_1::INFO -- [Batch] : Prepare Injection Queue --> NaBH4,0.01mM,5000uL,200uL/s
2023-07-03 11:42:38,030 - BO_format_1::INFO -- [Batch] : Start Injection Queue --> NaBH4,0.01mM,3000μL,200μL/s
2023-07-03 11:42:43,406 - BO_format_1::INFO -- [Batch] : Finish Injection Queue
2023-07-03 11:42:44,464 - BO_format_1::INFO -- [Batch] : Start Stir Queue 0 (Stirrer)
2023-07-03 11:42:45,682 - BO_format_1::INFO -- [Batch] : Start Stir Queue 1 (Stirrer)
2023-07-03 11:42:46,772 - BO_format_1::INFO -- [Batch] : Start Stir Queue 2 (Stirrer)
2023-07-03 11:42:48,003 - BO_format_1::INFO -- [Batch] : Start Stir Queue 3 (Stirrer)
2023-07-03 11:42:49,261 - BO_format_1::INFO -- [Batch] : Finish Stir Queue 0 (Stirrer)
2023-07-03 11:42:49,282 - BO_format_1::INFO -- [Batch] : Finish Stir Queue 1 (Stirrer)
2023-07-03 11:42:49,302 - BO_format_1::INFO -- [Batch] : Finish Stir Queue 2 (Stirrer)
2023-07-03 11:42:49,323 - BO_format_1::INFO -- [Batch] : Finish Stir Queue 3 (Stirrer)
2023-07-03 11:42:49,343 - BO_format_1::INFO -- [Batch] : Start Heat Queue 0 (Stirrer)
2023-07-03 11:42:50,466 - BO_format_1::INFO -- [Batch] : Start Heat Queue 1 (Stirrer)
2023-07-03 11:42:51,518 - BO_format_1::INFO -- [Batch] : Start Heat Queue 2 (Stirrer)
2023-07-03 11:42:52,738 - BO_format_1::INFO -- [Batch] : Start Heat Queue 3 (Stirrer)
2023-07-03 11:42:54,161 - BO_format_1::INFO -- [Batch] : Finish Heat Queue 0 (Stirrer)
2023-07-03 11:42:54,182 - BO_format_1::INFO -- [Batch] : Finish Heat Queue 1 (Stirrer)
2023-07-03 11:42:54,202 - BO_format_1::INFO -- [Batch] : Finish Heat Queue 2 (Stirrer)
2023-07-03 11:42:54,223 - BO_format_1::INFO -- [Batch] : Finish Heat Queue 3 (Stirrer)
2023-07-03 11:42:54,249 - BO_format_1::INFO -- [Batch] : Start Wait:1s
2023-07-03 11:42:54,259 - BO_format_1::INFO -- [Batch] : Start Wait:1s
2023-07-03 11:42:54,275 - BO_format_1::INFO -- [Batch] : Start Wait:1s
2023-07-03 11:42:54,280 - BO_format_1::INFO -- [Batch] : Start Wait:1s
2023-07-03 11:42:54,290 - BO_format_1::INFO -- [Batch] : check Wait:1s
2023-07-03 11:42:54,306 - BO_format_1::INFO -- [Batch] : check Wait:1s
2023-07-03 11:42:54,316 - BO_format_1::INFO -- [Batch] : check Wait:1s
2023-07-03 11:42:54,327 - BO_format_1::INFO -- [Batch] : check Wait:1s
2023-07-03 11:42:54,332 - BO_format_1::INFO -- [Batch] : Finish Wait:1s
2023-07-03 11:42:54,363 - BO_format_1::INFO -- [Batch] : Finish Wait:1s
2023-07-03 11:42:54,368 - BO_format_1::INFO -- [Batch] : Finish Wait:1s
2023-07-03 11:42:54,399 - BO_format_1::INFO -- [Batch] : Finish Wait:1s
2023-07-03 11:42:54,518 - BO_format_1::INFO -- [Batch] : Prepare Injection Queue --> AgNO3,0mM,5000uL,200uL/s
2023-07-03 11:42:58,835 - BO_format_1::INFO -- [Batch] : Start Injection Queue --> AgNO3,0mM,750μL,150μL/s
2023-07-03 11:43:04,255 - BO_format_1::INFO -- [Batch] : Finish Injection Queue
2023-07-03 11:43:05,374 - BO_format_1::INFO -- [Batch] : Prepare Injection Queue --> AgNO3,0mM,5000uL,200uL/s
2023-07-03 11:43:09,462 - BO_format_1::INFO -- [Batch] : Start Injection Queue --> AgNO3,0mM,800μL,100μL/s
2023-07-03 11:43:14,789 - BO_format_1::INFO -- [Batch] : Finish Injection Queue
2023-07-03 11:43:15,916 - BO_format_1::INFO -- [Batch] : Prepare Injection Queue --> AgNO3,0mM,5000uL,200uL/s
2023-07-03 11:43:20,400 - BO_format_1::INFO -- [Batch] : Start Injection Queue --> AgNO3,0mM,1150μL,150μL/s
2023-07-03 11:43:25,989 - BO_format_1::INFO -- [Batch] : Finish Injection Queue
2023-07-03 11:43:27,108 - BO_format_1::INFO -- [Batch] : Prepare Injection Queue --> AgNO3,0mM,5000uL,200uL/s
2023-07-03 11:43:31,580 - BO_format_1::INFO -- [Batch] : Start Injection Queue --> AgNO3,0mM,650μL,150μL/s
2023-07-03 11:43:37,038 - BO_format_1::INFO -- [Batch] : Finish Injection Queue
2023-07-03 11:43:38,096 - BO_format_1::INFO -- [Batch] : Start React:1s
2023-07-03 11:43:38,117 - BO_format_1::INFO -- [Batch] : Start React:1s
2023-07-03 11:43:38,143 - BO_format_1::INFO -- [Batch] : Start React:1s
2023-07-03 11:43:38,148 - BO_format_1::INFO -- [Batch] : Start React:1s
2023-07-03 11:43:48,132 - BO_format_1::INFO -- [Batch] : check React:1s
2023-07-03 11:43:48,142 - BO_format_1::INFO -- [Batch] : check React:1s
2023-07-03 11:43:48,179 - BO_format_1::INFO -- [Batch] : check React:1s
2023-07-03 11:43:48,205 - BO_format_1::INFO -- [Batch] : check React:1s
2023-07-03 11:43:52,059 - BO_format_1::INFO -- [Batch] : Finish React:1s
2023-07-03 11:43:52,086 - BO_format_1::INFO -- [Batch] : Finish React:1s
2023-07-03 11:43:55,640 - BO_format_1::INFO -- [Batch] : Finish React:1s
2023-07-03 11:43:59,293 - BO_format_1::INFO -- [Batch] : Finish React:1s
2023-07-03 11:43:59,350 - BO_format_1::INFO -- [TaskScheduler] : UV allocate location: {'Stirrer': [8, 9, 10, 11], 'vialHolder': [4, 5, 6, 7]}
2023-07-03 11:43:59,452 - BO_format_1::INFO -- [UV] : Prepare UV-VIS container
2023-07-03 11:44:13,130 - BO_format_1::INFO -- [UV] : Start UV-VIS Characterization
2023-07-03 11:44:22,191 - BO_format_1::INFO -- [UV] : 0 result : OrderedDict([('lambdamax', 574.837735), ('intensity', 0.019767798355821452), ('FWHM', 19.31640100000004)])
2023-07-03 11:44:22,211 - BO_format_1::INFO -- [UV] : Finish UV-VIS Characterization
2023-07-03 11:44:22,355 - BO_format_1::INFO -- [UV] : Prepare UV-VIS container
2023-07-03 11:44:36,404 - BO_format_1::INFO -- [UV] : Start UV-VIS Characterization
2023-07-03 11:44:45,430 - BO_format_1::INFO -- [UV] : 1 result : OrderedDict([('lambdamax', 590.685614), ('intensity', 0.02063717053126315), ('FWHM', 19.520524000000023)])
2023-07-03 11:44:45,450 - BO_format_1::INFO -- [UV] : Finish UV-VIS Characterization
2023-07-03 11:44:45,594 - BO_format_1::INFO -- [UV] : Prepare UV-VIS container
2023-07-03 11:44:59,358 - BO_format_1::INFO -- [UV] : Start UV-VIS Characterization
2023-07-03 11:45:08,384 - BO_format_1::INFO -- [UV] : 2 result : OrderedDict([('lambdamax', 563.304669), ('intensity', 0.019776996857040232), ('FWHM', 26.44251900000006)])
2023-07-03 11:45:08,405 - BO_format_1::INFO -- [UV] : Finish UV-VIS Characterization
2023-07-03 11:45:08,549 - BO_format_1::INFO -- [UV] : Prepare UV-VIS container
2023-07-03 11:45:22,328 - BO_format_1::INFO -- [UV] : Start UV-VIS Characterization
2023-07-03 11:45:31,456 - BO_format_1::INFO -- [UV] : 3 result : OrderedDict([('lambdamax', 386.313553), ('intensity', 0.028158795084869168), ('FWHM', 21.750867000000028)])
2023-07-03 11:45:31,477 - BO_format_1::INFO -- [UV] : Finish UV-VIS Characterization
2023-07-03 11:45:31,621 - BO_format_1::INFO -- [RobotArm] : Start Robot Queue : Batch motion (holder_to_storage_filled) is started.
2023-07-03 11:45:31,641 - BO_format_1::INFO -- [RobotArm] : vial_num_list:[20, 21, 22, 23]
2023-07-03 11:45:31,662 - BO_format_1::INFO -- [RobotArm] : line_num_list:[1, 1, 1, 1]
2023-07-03 11:45:31,682 - BO_format_1::INFO -- [RobotArm] : vialHolder_list:[4, 5, 6, 7]
2023-07-03 11:45:40,693 - BO_format_1::INFO -- [RobotArm] : Finish Robot Queue : Batch motion (holder_to_storage_filled) is done.
2023-07-03 11:45:40,713 - BO_format_1::INFO -- [RobotArm] : Start Robot Queue : Batch motion (holder_to_storage_filled) is started.
2023-07-03 11:45:44,501 - BO_format_1::INFO -- [RobotArm] : Finish Robot Queue : Batch motion (holder_to_storage_filled) is done.
2023-07-03 11:45:44,521 - BO_format_1::INFO -- [RobotArm] : Start Robot Queue : Batch motion (holder_to_storage_filled) is started.
2023-07-03 11:45:48,060 - BO_format_1::INFO -- [RobotArm] : Finish Robot Queue : Batch motion (holder_to_storage_filled) is done.
2023-07-03 11:45:48,080 - BO_format_1::INFO -- [RobotArm] : Start Robot Queue : Batch motion (holder_to_storage_filled) is started.
2023-07-03 11:45:54,744 - BO_format_1::INFO -- [RobotArm] : Finish Robot Queue : Batch motion (holder_to_storage_filled) is done.
2023-07-03 11:45:54,805 - BO_format_1::INFO -- [TaskScheduler] : refresh location: {'BatchSynthesis': {'Stirrer': [0, 0, 0, 0, 1, 1, 1, 1, 2, 2, 2, 2, '?', '?', '?', '?'], 'vialHolder': [0, 0, 0, 0, '?', '?', '?', '?']}, 'UV': {'vialHolder': [0, 0, 0, 0, '?', '?', '?', '?']}}
2023-07-03 11:45:54,897 - BO_format_1::INFO -- [Algorithm] : 0 optimal_value : -0.07564085613222396
2023-07-03 11:45:54,897 - BO_format_1::INFO -- [Algorithm] : 1 optimal_value : -0.12708243767186964
2023-07-03 11:45:54,898 - BO_format_1::INFO -- [Algorithm] : 2 optimal_value : -0.10155900488945258
2023-07-03 11:45:54,913 - BO_format_1::INFO -- [Algorithm] : 3 optimal_value : -0.6757777584482271
2023-07-03 11:45:54,933 - BO_format_1::INFO -- [JobExecution] : ######### Cycle 1/1 is done #########
2023-07-03 11:45:54,995 - BO_format_1::INFO -- [Algorithm] : Save our model object, filename=20230703_1140_multi3_0_obj
2023-07-03 11:45:55,016 - BO_format_1::INFO -- [JobExecution] : ######### All Cycle is done #########
