2023-07-03 14:06:47,029 - BO_format_1::INFO -- [JobExecution] : [jobID=1] Algorithm, model : BayesianOptimization, batchSize : 4
2023-07-03 14:06:47,044 - BO_format_1::INFO -- [JobExecution] : ######### Cycle start #########
2023-07-03 14:06:47,045 - BO_format_1::INFO -- [Algorithm] : utility_type=ucb, iter_num=0, batchSize=4
2023-07-03 14:06:47,045 - BO_format_1::INFO -- [Algorithm [0]] : next_point 0: {'AddSolution=AgNO3_Concentration': 0, 'AddSolution=AgNO3_Volume': 750, 'AddSolution=AgNO3_Injectionrate': 150}
2023-07-03 14:06:47,045 - BO_format_1::INFO -- [Algorithm [1]] : next_point 1: {'AddSolution=AgNO3_Concentration': 0, 'AddSolution=AgNO3_Volume': 800, 'AddSolution=AgNO3_Injectionrate': 100}
2023-07-03 14:06:47,045 - BO_format_1::INFO -- [Algorithm [2]] : next_point 2: {'AddSolution=AgNO3_Concentration': 0, 'AddSolution=AgNO3_Volume': 1150, 'AddSolution=AgNO3_Injectionrate': 150}
2023-07-03 14:06:47,045 - BO_format_1::INFO -- [Algorithm [3]] : next_point 3: {'AddSolution=AgNO3_Concentration': 0, 'AddSolution=AgNO3_Volume': 650, 'AddSolution=AgNO3_Injectionrate': 150}
2023-07-03 14:06:47,048 - BO_format_1::INFO -- [RecipeGenerator] : Allocate all of process based on job script!
2023-07-03 14:06:47,048 - BO_format_1::INFO -- [JobExecution] : ######### Cycle 1/1 is running #########
2023-07-03 14:06:47,048 - BO_format_1::INFO -- [TaskScheduler] : check location: {'BatchSynthesis': {'Stirrer': ['?', '?', '?', '?', '?', '?', '?', '?', '?', '?', '?', '?', '?', '?', '?', '?'], 'vialHolder': ['?', '?', '?', '?', '?', '?', '?', '?']}, 'UV': {'vialHolder': ['?', '?', '?', '?', '?', '?', '?', '?']}}
2023-07-03 14:06:47,048 - BO_format_1::INFO -- [TaskScheduler] : BatchSynthesis allocate location: {'Stirrer': [0, 1, 2, 3], 'vialHolder': [0, 1, 2, 3]}
2023-07-03 14:06:47,049 - BO_format_1::INFO -- [Batch] : vial_num_list: [4, 5, 6, 7]
2023-07-03 14:06:47,049 - BO_format_1::INFO -- [Batch] : line_num_list: [0, 0, 0, 0]
2023-07-03 14:06:47,049 - BO_format_1::INFO -- [Batch] : vialHolder_list: [0, 1, 2, 3]
2023-07-03 14:06:47,049 - BO_format_1::INFO -- [Batch] : Start Robot Queue : storage_empty_to_stirrer is started.
2023-07-03 14:06:53,795 - BO_format_1::INFO -- [Batch] : Finish Robot Queue : Batch motion (storage_empty_to_stirrer) is done.
2023-07-03 14:06:53,799 - BO_format_1::INFO -- [Batch] : Start Robot Queue : storage_empty_to_stirrer is started.
2023-07-03 14:07:00,489 - BO_format_1::INFO -- [Batch] : Finish Robot Queue : Batch motion (storage_empty_to_stirrer) is done.
2023-07-03 14:07:00,493 - BO_format_1::INFO -- [Batch] : Start Robot Queue : storage_empty_to_stirrer is started.
2023-07-03 14:07:07,061 - BO_format_1::INFO -- [Batch] : Finish Robot Queue : Batch motion (storage_empty_to_stirrer) is done.
2023-07-03 14:07:07,065 - BO_format_1::INFO -- [Batch] : Start Robot Queue : storage_empty_to_stirrer is started.
2023-07-03 14:07:13,566 - BO_format_1::INFO -- [Batch] : Finish Robot Queue : Batch motion (storage_empty_to_stirrer) is done.
2023-07-03 14:07:13,570 - BO_format_1::INFO -- [Batch] : Prepare Injection Queue --> Citrate,0.02mM,5000uL,200uL/s
2023-07-03 14:07:17,859 - BO_format_1::INFO -- [Batch] : Start Injection Queue --> Citrate,0.02mM,1200μL,200μL/s
2023-07-03 14:07:23,115 - BO_format_1::INFO -- [Batch] : Finish Injection Queue
2023-07-03 14:07:24,118 - BO_format_1::INFO -- [Batch] : Prepare Injection Queue --> Citrate,0.02mM,5000uL,200uL/s
2023-07-03 14:07:28,151 - BO_format_1::INFO -- [Batch] : Start Injection Queue --> Citrate,0.02mM,1200μL,200μL/s
2023-07-03 14:07:33,385 - BO_format_1::INFO -- [Batch] : Finish Injection Queue
2023-07-03 14:07:34,390 - BO_format_1::INFO -- [Batch] : Prepare Injection Queue --> Citrate,0.02mM,5000uL,200uL/s
2023-07-03 14:07:38,307 - BO_format_1::INFO -- [Batch] : Start Injection Queue --> Citrate,0.02mM,1200μL,200μL/s
2023-07-03 14:07:43,572 - BO_format_1::INFO -- [Batch] : Finish Injection Queue
2023-07-03 14:07:44,575 - BO_format_1::INFO -- [Batch] : Prepare Injection Queue --> Citrate,0.02mM,5000uL,200uL/s
2023-07-03 14:07:48,688 - BO_format_1::INFO -- [Batch] : Start Injection Queue --> Citrate,0.02mM,1200μL,200μL/s
2023-07-03 14:07:53,881 - BO_format_1::INFO -- [Batch] : Finish Injection Queue
2023-07-03 14:07:54,885 - BO_format_1::INFO -- [Batch] : Prepare Injection Queue --> H2O2,0.375mM,5000uL,200uL/s
2023-07-03 14:07:59,130 - BO_format_1::INFO -- [Batch] : Start Injection Queue --> H2O2,0.375mM,1200μL,200μL/s
2023-07-03 14:08:04,343 - BO_format_1::INFO -- [Batch] : Finish Injection Queue
2023-07-03 14:08:05,347 - BO_format_1::INFO -- [Batch] : Prepare Injection Queue --> H2O2,0.375mM,5000uL,200uL/s
2023-07-03 14:08:09,678 - BO_format_1::INFO -- [Batch] : Start Injection Queue --> H2O2,0.375mM,1200μL,200μL/s
2023-07-03 14:08:14,843 - BO_format_1::INFO -- [Batch] : Finish Injection Queue
2023-07-03 14:08:15,848 - BO_format_1::INFO -- [Batch] : Prepare Injection Queue --> H2O2,0.375mM,5000uL,200uL/s
2023-07-03 14:08:19,866 - BO_format_1::INFO -- [Batch] : Start Injection Queue --> H2O2,0.375mM,1200μL,200μL/s
2023-07-03 14:08:25,143 - BO_format_1::INFO -- [Batch] : Finish Injection Queue
2023-07-03 14:08:26,147 - BO_format_1::INFO -- [Batch] : Prepare Injection Queue --> H2O2,0.375mM,5000uL,200uL/s
2023-07-03 14:08:30,337 - BO_format_1::INFO -- [Batch] : Start Injection Queue --> H2O2,0.375mM,1200μL,200μL/s
2023-07-03 14:08:35,613 - BO_format_1::INFO -- [Batch] : Finish Injection Queue
2023-07-03 14:08:36,618 - BO_format_1::INFO -- [Batch] : Prepare Injection Queue --> NaBH4,0.01mM,5000uL,200uL/s
2023-07-03 14:08:40,857 - BO_format_1::INFO -- [Batch] : Start Injection Queue --> NaBH4,0.01mM,3000μL,200μL/s
2023-07-03 14:08:46,267 - BO_format_1::INFO -- [Batch] : Finish Injection Queue
2023-07-03 14:08:47,269 - BO_format_1::INFO -- [Batch] : Prepare Injection Queue --> NaBH4,0.01mM,5000uL,200uL/s
2023-07-03 14:08:51,406 - BO_format_1::INFO -- [Batch] : Start Injection Queue --> NaBH4,0.01mM,3000μL,200μL/s
2023-07-03 14:08:56,677 - BO_format_1::INFO -- [Batch] : Finish Injection Queue
2023-07-03 14:08:57,681 - BO_format_1::INFO -- [Batch] : Prepare Injection Queue --> NaBH4,0.01mM,5000uL,200uL/s
2023-07-03 14:09:01,778 - BO_format_1::INFO -- [Batch] : Start Injection Queue --> NaBH4,0.01mM,3000μL,200μL/s
2023-07-03 14:09:07,122 - BO_format_1::INFO -- [Batch] : Finish Injection Queue
2023-07-03 14:09:08,124 - BO_format_1::INFO -- [Batch] : Prepare Injection Queue --> NaBH4,0.01mM,5000uL,200uL/s
2023-07-03 14:09:12,132 - BO_format_1::INFO -- [Batch] : Start Injection Queue --> NaBH4,0.01mM,3000μL,200μL/s
2023-07-03 14:09:17,590 - BO_format_1::INFO -- [Batch] : Finish Injection Queue
2023-07-03 14:09:18,591 - BO_format_1::INFO -- [Batch] : Start Stir Queue 0 (Stirrer)
2023-07-03 14:09:19,709 - BO_format_1::INFO -- [Batch] : Start Stir Queue 1 (Stirrer)
2023-07-03 14:09:20,884 - BO_format_1::INFO -- [Batch] : Start Stir Queue 2 (Stirrer)
2023-07-03 14:09:22,080 - BO_format_1::INFO -- [Batch] : Start Stir Queue 3 (Stirrer)
2023-07-03 14:09:23,274 - BO_format_1::INFO -- [Batch] : Finish Stir Queue 0 (Stirrer)
2023-07-03 14:09:23,275 - BO_format_1::INFO -- [Batch] : Finish Stir Queue 1 (Stirrer)
2023-07-03 14:09:23,275 - BO_format_1::INFO -- [Batch] : Finish Stir Queue 2 (Stirrer)
2023-07-03 14:09:23,275 - BO_format_1::INFO -- [Batch] : Finish Stir Queue 3 (Stirrer)
2023-07-03 14:09:23,275 - BO_format_1::INFO -- [Batch] : Start Heat Queue 0 (Stirrer)
2023-07-03 14:09:24,436 - BO_format_1::INFO -- [Batch] : Start Heat Queue 1 (Stirrer)
2023-07-03 14:09:25,568 - BO_format_1::INFO -- [Batch] : Start Heat Queue 2 (Stirrer)
2023-07-03 14:09:26,715 - BO_format_1::INFO -- [Batch] : Start Heat Queue 3 (Stirrer)
2023-07-03 14:09:27,872 - BO_format_1::INFO -- [Batch] : Finish Heat Queue 0 (Stirrer)
2023-07-03 14:09:27,872 - BO_format_1::INFO -- [Batch] : Finish Heat Queue 1 (Stirrer)
2023-07-03 14:09:27,872 - BO_format_1::INFO -- [Batch] : Finish Heat Queue 2 (Stirrer)
2023-07-03 14:09:27,872 - BO_format_1::INFO -- [Batch] : Finish Heat Queue 3 (Stirrer)
2023-07-03 14:09:27,873 - BO_format_1::INFO -- [Batch] : Start Wait:1s
2023-07-03 14:09:27,874 - BO_format_1::INFO -- [Batch] : check Wait:1s
2023-07-03 14:09:27,874 - BO_format_1::INFO -- [Batch] : Finish Wait:1s
2023-07-03 14:09:27,875 - BO_format_1::INFO -- [Batch] : Start Wait:1s
2023-07-03 14:09:27,875 - BO_format_1::INFO -- [Batch] : Start Wait:1s
2023-07-03 14:09:27,876 - BO_format_1::INFO -- [Batch] : check Wait:1s
2023-07-03 14:09:27,876 - BO_format_1::INFO -- [Batch] : Start Wait:1s
2023-07-03 14:09:27,877 - BO_format_1::INFO -- [Batch] : check Wait:1s
2023-07-03 14:09:27,877 - BO_format_1::INFO -- [Batch] : Finish Wait:1s
2023-07-03 14:09:27,877 - BO_format_1::INFO -- [Batch] : check Wait:1s
2023-07-03 14:09:27,877 - BO_format_1::INFO -- [Batch] : Finish Wait:1s
2023-07-03 14:09:27,878 - BO_format_1::INFO -- [Batch] : Finish Wait:1s
2023-07-03 14:09:27,878 - BO_format_1::INFO -- [Batch] : Prepare Injection Queue --> AgNO3,0mM,5000uL,200uL/s
2023-07-03 14:09:31,963 - BO_format_1::INFO -- [Batch] : Start Injection Queue --> AgNO3,0mM,750μL,150μL/s
2023-07-03 14:09:37,090 - BO_format_1::INFO -- [Batch] : Finish Injection Queue
2023-07-03 14:09:38,094 - BO_format_1::INFO -- [Batch] : Prepare Injection Queue --> AgNO3,0mM,5000uL,200uL/s
2023-07-03 14:09:42,273 - BO_format_1::INFO -- [Batch] : Start Injection Queue --> AgNO3,0mM,800μL,100μL/s
2023-07-03 14:09:47,622 - BO_format_1::INFO -- [Batch] : Finish Injection Queue
2023-07-03 14:09:48,626 - BO_format_1::INFO -- [Batch] : Prepare Injection Queue --> AgNO3,0mM,5000uL,200uL/s
2023-07-03 14:09:52,826 - BO_format_1::INFO -- [Batch] : Start Injection Queue --> AgNO3,0mM,1150μL,150μL/s
2023-07-03 14:09:58,059 - BO_format_1::INFO -- [Batch] : Finish Injection Queue
2023-07-03 14:09:59,063 - BO_format_1::INFO -- [Batch] : Prepare Injection Queue --> AgNO3,0mM,5000uL,200uL/s
2023-07-03 14:10:03,555 - BO_format_1::INFO -- [Batch] : Start Injection Queue --> AgNO3,0mM,650μL,150μL/s
2023-07-03 14:10:08,944 - BO_format_1::INFO -- [Batch] : Finish Injection Queue
2023-07-03 14:10:09,947 - BO_format_1::INFO -- [Batch] : Start React:1s
2023-07-03 14:10:09,948 - BO_format_1::INFO -- [Batch] : Start React:1s
2023-07-03 14:10:09,949 - BO_format_1::INFO -- [Batch] : Start React:1s
2023-07-03 14:10:09,950 - BO_format_1::INFO -- [Batch] : Start React:1s
2023-07-03 14:10:19,954 - BO_format_1::INFO -- [Batch] : check React:1s
2023-07-03 14:10:19,957 - BO_format_1::INFO -- [Batch] : check React:1s
2023-07-03 14:10:19,961 - BO_format_1::INFO -- [Batch] : check React:1s
2023-07-03 14:10:19,961 - BO_format_1::INFO -- [Batch] : check React:1s
2023-07-03 14:10:23,416 - BO_format_1::INFO -- [Batch] : Finish React:1s
2023-07-03 14:10:26,739 - BO_format_1::INFO -- [Batch] : Finish React:1s
2023-07-03 14:10:30,496 - BO_format_1::INFO -- [Batch] : Finish React:1s
2023-07-03 14:10:30,664 - BO_format_1::INFO -- [Batch] : Finish React:1s
2023-07-03 14:10:30,665 - BO_format_1::INFO -- [TaskScheduler] : UV allocate location: {'Stirrer': [0, 1, 2, 3], 'vialHolder': [0, 1, 2, 3]}
2023-07-03 14:10:30,668 - BO_format_1::INFO -- [UV] : Prepare UV-VIS container
2023-07-03 14:10:44,443 - BO_format_1::INFO -- [UV] : Start UV-VIS Characterization
2023-07-03 14:10:53,443 - BO_format_1::INFO -- [UV] : 0 result : OrderedDict([('lambdamax', 581.257649), ('intensity', 0.019908234013666634), ('FWHM', 11.466999999999985)])
2023-07-03 14:10:53,443 - BO_format_1::INFO -- [UV] : Finish UV-VIS Characterization
2023-07-03 14:10:53,444 - BO_format_1::INFO -- [UV] : Prepare UV-VIS container
2023-07-03 14:11:06,805 - BO_format_1::INFO -- [UV] : Start UV-VIS Characterization
2023-07-03 14:11:15,649 - BO_format_1::INFO -- [UV] : 1 result : OrderedDict([('lambdamax', 739.37805), ('intensity', 0.01722621074154031), ('FWHM', 30.34953699999994)])
2023-07-03 14:11:15,649 - BO_format_1::INFO -- [UV] : Finish UV-VIS Characterization
2023-07-03 14:11:15,650 - BO_format_1::INFO -- [UV] : Prepare UV-VIS container
2023-07-03 14:11:29,171 - BO_format_1::INFO -- [UV] : Start UV-VIS Characterization
2023-07-03 14:11:38,191 - BO_format_1::INFO -- [UV] : 2 result : OrderedDict([('lambdamax', 562.964596), ('intensity', 0.021141183456103843), ('FWHM', 11.228913000000034)])
2023-07-03 14:11:38,191 - BO_format_1::INFO -- [UV] : Finish UV-VIS Characterization
2023-07-03 14:11:38,192 - BO_format_1::INFO -- [UV] : Prepare UV-VIS container
2023-07-03 14:11:51,916 - BO_format_1::INFO -- [UV] : Start UV-VIS Characterization
2023-07-03 14:12:00,833 - BO_format_1::INFO -- [UV] : 3 result : OrderedDict([('lambdamax', 643.136354), ('intensity', 0.022158850078757886), ('FWHM', 18.713794000000007)])
2023-07-03 14:12:00,833 - BO_format_1::INFO -- [UV] : Finish UV-VIS Characterization
2023-07-03 14:12:00,835 - BO_format_1::INFO -- [RobotArm] : Start Robot Queue : Batch motion (holder_to_storage_filled) is started.
2023-07-03 14:12:00,835 - BO_format_1::INFO -- [RobotArm] : vial_num_list:[0, 1, 2, 3]
2023-07-03 14:12:00,835 - BO_format_1::INFO -- [RobotArm] : line_num_list:[0, 0, 0, 0]
2023-07-03 14:12:00,835 - BO_format_1::INFO -- [RobotArm] : vialHolder_list:[0, 1, 2, 3]
2023-07-03 14:12:09,383 - BO_format_1::INFO -- [RobotArm] : Finish Robot Queue : Batch motion (holder_to_storage_filled) is done.
2023-07-03 14:12:09,384 - BO_format_1::INFO -- [RobotArm] : Start Robot Queue : Batch motion (holder_to_storage_filled) is started.
2023-07-03 14:12:12,675 - BO_format_1::INFO -- [RobotArm] : Finish Robot Queue : Batch motion (holder_to_storage_filled) is done.
2023-07-03 14:12:12,675 - BO_format_1::INFO -- [RobotArm] : Start Robot Queue : Batch motion (holder_to_storage_filled) is started.
2023-07-03 14:12:16,093 - BO_format_1::INFO -- [RobotArm] : Finish Robot Queue : Batch motion (holder_to_storage_filled) is done.
2023-07-03 14:12:16,093 - BO_format_1::INFO -- [RobotArm] : Start Robot Queue : Batch motion (holder_to_storage_filled) is started.
2023-07-03 14:12:22,663 - BO_format_1::INFO -- [RobotArm] : Finish Robot Queue : Batch motion (holder_to_storage_filled) is done.
2023-07-03 14:12:22,665 - BO_format_1::INFO -- [TaskScheduler] : refresh location: {'BatchSynthesis': {'Stirrer': ['?', '?', '?', '?', '?', '?', '?', '?', '?', '?', '?', '?', '?', '?', '?', '?'], 'vialHolder': ['?', '?', '?', '?', '?', '?', '?', '?']}, 'UV': {'vialHolder': ['?', '?', '?', '?', '?', '?', '?', '?']}}
2023-07-03 14:12:22,685 - BO_format_1::INFO -- [Algorithm] : 0 optimal_value : -0.09606180284451107
2023-07-03 14:12:22,685 - BO_format_1::INFO -- [Algorithm] : 1 optimal_value : -0.6110280963440556
2023-07-03 14:12:22,685 - BO_format_1::INFO -- [Algorithm] : 2 optimal_value : -0.1017386090978823
2023-07-03 14:12:22,685 - BO_format_1::INFO -- [Algorithm] : 3 optimal_value : -0.29734948343600315
2023-07-03 14:12:22,685 - BO_format_1::INFO -- [JobExecution] : ######### Cycle 1/1 is done #########
2023-07-03 14:12:22,686 - BO_format_1::INFO -- [Algorithm] : Save our model object, filename=20230703_1406_multi3_0_obj
2023-07-03 14:12:22,686 - BO_format_1::INFO -- [JobExecution] : ######### All Cycle is done #########
