2023-07-03 11:56:18,218 - BO_format_1::INFO -- [JobExecution] : [jobID=0] Algorithm, model : BayesianOptimization, batchSize : 4
2023-07-03 11:56:18,228 - BO_format_1::INFO -- [JobExecution] : ######### Cycle start #########
2023-07-03 11:56:18,228 - BO_format_1::INFO -- [Algorithm] : utility_type=ucb, iter_num=0, batchSize=4
2023-07-03 11:56:18,228 - BO_format_1::INFO -- [Algorithm [0]] : next_point 0: {'AddSolution=AgNO3_Concentration': 0, 'AddSolution=AgNO3_Volume': 750, 'AddSolution=AgNO3_Injectionrate': 150}
2023-07-03 11:56:18,234 - BO_format_1::INFO -- [Algorithm [1]] : next_point 1: {'AddSolution=AgNO3_Concentration': 0, 'AddSolution=AgNO3_Volume': 800, 'AddSolution=AgNO3_Injectionrate': 100}
2023-07-03 11:56:18,239 - BO_format_1::INFO -- [Algorithm [2]] : next_point 2: {'AddSolution=AgNO3_Concentration': 0, 'AddSolution=AgNO3_Volume': 1150, 'AddSolution=AgNO3_Injectionrate': 150}
2023-07-03 11:56:18,244 - BO_format_1::INFO -- [Algorithm [3]] : next_point 3: {'AddSolution=AgNO3_Concentration': 0, 'AddSolution=AgNO3_Volume': 650, 'AddSolution=AgNO3_Injectionrate': 150}
2023-07-03 11:56:18,297 - BO_format_1::INFO -- [RecipeGenerator] : Allocate all of process based on job script!
2023-07-03 11:56:18,297 - BO_format_1::INFO -- [JobExecution] : ######### Cycle 1/1 is running #########
2023-07-03 11:56:18,298 - BO_format_1::INFO -- [TaskScheduler] : check location: {'BatchSynthesis': {'Stirrer': ['?', '?', '?', '?', '?', '?', '?', '?', '?', '?', '?', '?', '?', '?', '?', '?'], 'vialHolder': ['?', '?', '?', '?', '?', '?', '?', '?']}, 'UV': {'vialHolder': ['?', '?', '?', '?', '?', '?', '?', '?']}}
2023-07-03 11:56:18,303 - BO_format_1::INFO -- [TaskScheduler] : BatchSynthesis allocate location: {'Stirrer': [0, 1, 2, 3], 'vialHolder': [0, 1, 2, 3]}
2023-07-03 11:56:18,395 - BO_format_1::INFO -- [Batch] : vial_num_list: [0, 1, 2, 3]
2023-07-03 11:56:18,406 - BO_format_1::INFO -- [Batch] : line_num_list: [0, 0, 0, 0]
2023-07-03 11:56:18,416 - BO_format_1::INFO -- [Batch] : vialHolder_list: [0, 1, 2, 3]
2023-07-03 11:56:18,426 - BO_format_1::INFO -- [Batch] : Start Robot Queue : storage_empty_to_stirrer is started.
2023-07-03 11:56:25,150 - BO_format_1::INFO -- [Batch] : Finish Robot Queue : Batch motion (storage_empty_to_stirrer) is done.
2023-07-03 11:56:25,289 - BO_format_1::INFO -- [Batch] : Start Robot Queue : storage_empty_to_stirrer is started.
2023-07-03 11:56:31,847 - BO_format_1::INFO -- [Batch] : Finish Robot Queue : Batch motion (storage_empty_to_stirrer) is done.
2023-07-03 11:56:31,975 - BO_format_1::INFO -- [Batch] : Start Robot Queue : storage_empty_to_stirrer is started.
2023-07-03 11:56:38,666 - BO_format_1::INFO -- [Batch] : Finish Robot Queue : Batch motion (storage_empty_to_stirrer) is done.
2023-07-03 11:56:38,799 - BO_format_1::INFO -- [Batch] : Start Robot Queue : storage_empty_to_stirrer is started.
2023-07-03 11:56:45,599 - BO_format_1::INFO -- [Batch] : Finish Robot Queue : Batch motion (storage_empty_to_stirrer) is done.
2023-07-03 11:56:45,712 - BO_format_1::INFO -- [Batch] : Prepare Injection Queue --> Citrate,0.02mM,5000uL,200uL/s
2023-07-03 11:56:50,083 - BO_format_1::INFO -- [Batch] : Start Injection Queue --> Citrate,0.02mM,1200μL,200μL/s
2023-07-03 11:56:55,402 - BO_format_1::INFO -- [Batch] : Finish Injection Queue
2023-07-03 11:56:56,511 - BO_format_1::INFO -- [Batch] : Prepare Injection Queue --> Citrate,0.02mM,5000uL,200uL/s
2023-07-03 11:57:00,787 - BO_format_1::INFO -- [Batch] : Start Injection Queue --> Citrate,0.02mM,1200μL,200μL/s
2023-07-03 11:57:06,424 - BO_format_1::INFO -- [Batch] : Finish Injection Queue
2023-07-03 11:57:07,538 - BO_format_1::INFO -- [Batch] : Prepare Injection Queue --> Citrate,0.02mM,5000uL,200uL/s
2023-07-03 11:57:11,666 - BO_format_1::INFO -- [Batch] : Start Injection Queue --> Citrate,0.02mM,1200μL,200μL/s
2023-07-03 11:57:17,145 - BO_format_1::INFO -- [Batch] : Finish Injection Queue
2023-07-03 11:57:18,244 - BO_format_1::INFO -- [Batch] : Prepare Injection Queue --> Citrate,0.02mM,5000uL,200uL/s
2023-07-03 11:57:22,455 - BO_format_1::INFO -- [Batch] : Start Injection Queue --> Citrate,0.02mM,1200μL,200μL/s
2023-07-03 11:57:28,036 - BO_format_1::INFO -- [Batch] : Finish Injection Queue
2023-07-03 11:57:29,145 - BO_format_1::INFO -- [Batch] : Prepare Injection Queue --> H2O2,0.375mM,5000uL,200uL/s
2023-07-03 11:57:33,330 - BO_format_1::INFO -- [Batch] : Start Injection Queue --> H2O2,0.375mM,1200μL,200μL/s
2023-07-03 11:57:38,686 - BO_format_1::INFO -- [Batch] : Finish Injection Queue
2023-07-03 11:57:39,790 - BO_format_1::INFO -- [Batch] : Prepare Injection Queue --> H2O2,0.375mM,5000uL,200uL/s
2023-07-03 11:57:43,999 - BO_format_1::INFO -- [Batch] : Start Injection Queue --> H2O2,0.375mM,1200μL,200μL/s
2023-07-03 11:57:49,640 - BO_format_1::INFO -- [Batch] : Finish Injection Queue
2023-07-03 11:57:50,749 - BO_format_1::INFO -- [Batch] : Prepare Injection Queue --> H2O2,0.375mM,5000uL,200uL/s
2023-07-03 11:57:54,970 - BO_format_1::INFO -- [Batch] : Start Injection Queue --> H2O2,0.375mM,1200μL,200μL/s
2023-07-03 11:58:00,347 - BO_format_1::INFO -- [Batch] : Finish Injection Queue
2023-07-03 11:58:01,436 - BO_format_1::INFO -- [Batch] : Prepare Injection Queue --> H2O2,0.375mM,5000uL,200uL/s
2023-07-03 11:58:05,504 - BO_format_1::INFO -- [Batch] : Start Injection Queue --> H2O2,0.375mM,1200μL,200μL/s
2023-07-03 11:58:10,997 - BO_format_1::INFO -- [Batch] : Finish Injection Queue
2023-07-03 11:58:12,106 - BO_format_1::INFO -- [Batch] : Prepare Injection Queue --> NaBH4,0.01mM,5000uL,200uL/s
2023-07-03 11:58:16,500 - BO_format_1::INFO -- [Batch] : Start Injection Queue --> NaBH4,0.01mM,3000μL,200μL/s
2023-07-03 11:58:22,125 - BO_format_1::INFO -- [Batch] : Finish Injection Queue
2023-07-03 11:58:23,229 - BO_format_1::INFO -- [Batch] : Prepare Injection Queue --> NaBH4,0.01mM,5000uL,200uL/s
2023-07-03 11:58:27,562 - BO_format_1::INFO -- [Batch] : Start Injection Queue --> NaBH4,0.01mM,3000μL,200μL/s
2023-07-03 11:58:32,913 - BO_format_1::INFO -- [Batch] : Finish Injection Queue
2023-07-03 11:58:34,022 - BO_format_1::INFO -- [Batch] : Prepare Injection Queue --> NaBH4,0.01mM,5000uL,200uL/s
2023-07-03 11:58:38,452 - BO_format_1::INFO -- [Batch] : Start Injection Queue --> NaBH4,0.01mM,3000μL,200μL/s
2023-07-03 11:58:44,043 - BO_format_1::INFO -- [Batch] : Finish Injection Queue
2023-07-03 11:58:45,152 - BO_format_1::INFO -- [Batch] : Prepare Injection Queue --> NaBH4,0.01mM,5000uL,200uL/s
2023-07-03 11:58:49,507 - BO_format_1::INFO -- [Batch] : Start Injection Queue --> NaBH4,0.01mM,3000μL,200μL/s
2023-07-03 11:58:54,895 - BO_format_1::INFO -- [Batch] : Finish Injection Queue
2023-07-03 11:58:55,923 - BO_format_1::INFO -- [Batch] : Start Stir Queue 0 (Stirrer)
2023-07-03 11:58:57,140 - BO_format_1::INFO -- [Batch] : Start Stir Queue 1 (Stirrer)
2023-07-03 11:58:58,377 - BO_format_1::INFO -- [Batch] : Start Stir Queue 2 (Stirrer)
2023-07-03 11:58:59,610 - BO_format_1::INFO -- [Batch] : Start Stir Queue 3 (Stirrer)
2023-07-03 11:59:00,871 - BO_format_1::INFO -- [Batch] : Finish Stir Queue 0 (Stirrer)
2023-07-03 11:59:00,882 - BO_format_1::INFO -- [Batch] : Finish Stir Queue 1 (Stirrer)
2023-07-03 11:59:00,890 - BO_format_1::INFO -- [Batch] : Finish Stir Queue 2 (Stirrer)
2023-07-03 11:59:00,900 - BO_format_1::INFO -- [Batch] : Finish Stir Queue 3 (Stirrer)
2023-07-03 11:59:00,910 - BO_format_1::INFO -- [Batch] : Start Heat Queue 0 (Stirrer)
2023-07-03 11:59:02,074 - BO_format_1::INFO -- [Batch] : Start Heat Queue 1 (Stirrer)
2023-07-03 11:59:03,324 - BO_format_1::INFO -- [Batch] : Start Heat Queue 2 (Stirrer)
2023-07-03 11:59:04,421 - BO_format_1::INFO -- [Batch] : Start Heat Queue 3 (Stirrer)
2023-07-03 11:59:05,545 - BO_format_1::INFO -- [Batch] : Finish Heat Queue 0 (Stirrer)
2023-07-03 11:59:05,555 - BO_format_1::INFO -- [Batch] : Finish Heat Queue 1 (Stirrer)
2023-07-03 11:59:05,565 - BO_format_1::INFO -- [Batch] : Finish Heat Queue 2 (Stirrer)
2023-07-03 11:59:05,576 - BO_format_1::INFO -- [Batch] : Finish Heat Queue 3 (Stirrer)
2023-07-03 11:59:05,591 - BO_format_1::INFO -- [Batch] : Start Wait:1s
2023-07-03 11:59:05,601 - BO_format_1::INFO -- [Batch] : Start Wait:1s
2023-07-03 11:59:05,607 - BO_format_1::INFO -- [Batch] : check Wait:1s
2023-07-03 11:59:05,607 - BO_format_1::INFO -- [Batch] : check Wait:1s
2023-07-03 11:59:05,607 - BO_format_1::INFO -- [Batch] : Finish Wait:1s
2023-07-03 11:59:05,617 - BO_format_1::INFO -- [Batch] : Start Wait:1s
2023-07-03 11:59:05,618 - BO_format_1::INFO -- [Batch] : Start Wait:1s
2023-07-03 11:59:05,633 - BO_format_1::INFO -- [Batch] : Finish Wait:1s
2023-07-03 11:59:05,654 - BO_format_1::INFO -- [Batch] : check Wait:1s
2023-07-03 11:59:05,664 - BO_format_1::INFO -- [Batch] : check Wait:1s
2023-07-03 11:59:05,685 - BO_format_1::INFO -- [Batch] : Finish Wait:1s
2023-07-03 11:59:05,690 - BO_format_1::INFO -- [Batch] : Finish Wait:1s
2023-07-03 11:59:05,773 - BO_format_1::INFO -- [Batch] : Prepare Injection Queue --> AgNO3,0mM,5000uL,200uL/s
2023-07-03 11:59:09,890 - BO_format_1::INFO -- [Batch] : Start Injection Queue --> AgNO3,0mM,750μL,150μL/s
2023-07-03 11:59:15,488 - BO_format_1::INFO -- [Batch] : Finish Injection Queue
2023-07-03 11:59:16,597 - BO_format_1::INFO -- [Batch] : Prepare Injection Queue --> AgNO3,0mM,5000uL,200uL/s
2023-07-03 11:59:20,736 - BO_format_1::INFO -- [Batch] : Start Injection Queue --> AgNO3,0mM,800μL,100μL/s
2023-07-03 11:59:26,167 - BO_format_1::INFO -- [Batch] : Finish Injection Queue
2023-07-03 11:59:27,271 - BO_format_1::INFO -- [Batch] : Prepare Injection Queue --> AgNO3,0mM,5000uL,200uL/s
2023-07-03 11:59:31,523 - BO_format_1::INFO -- [Batch] : Start Injection Queue --> AgNO3,0mM,1150μL,150μL/s
2023-07-03 11:59:37,175 - BO_format_1::INFO -- [Batch] : Finish Injection Queue
2023-07-03 11:59:38,278 - BO_format_1::INFO -- [Batch] : Prepare Injection Queue --> AgNO3,0mM,5000uL,200uL/s
2023-07-03 11:59:42,440 - BO_format_1::INFO -- [Batch] : Start Injection Queue --> AgNO3,0mM,650μL,150μL/s
2023-07-03 11:59:47,616 - BO_format_1::INFO -- [Batch] : Finish Injection Queue
2023-07-03 11:59:48,669 - BO_format_1::INFO -- [Batch] : Start React:1s
2023-07-03 11:59:48,674 - BO_format_1::INFO -- [Batch] : Start React:1s
2023-07-03 11:59:48,684 - BO_format_1::INFO -- [Batch] : Start React:1s
2023-07-03 11:59:48,689 - BO_format_1::INFO -- [Batch] : Start React:1s
2023-07-03 11:59:58,720 - BO_format_1::INFO -- [Batch] : check React:1s
2023-07-03 11:59:58,720 - BO_format_1::INFO -- [Batch] : check React:1s
2023-07-03 11:59:58,736 - BO_format_1::INFO -- [Batch] : check React:1s
2023-07-03 11:59:58,741 - BO_format_1::INFO -- [Batch] : check React:1s
2023-07-03 12:00:02,422 - BO_format_1::INFO -- [Batch] : Finish React:1s
2023-07-03 12:00:02,527 - BO_format_1::INFO -- [Batch] : Finish React:1s
2023-07-03 12:00:06,320 - BO_format_1::INFO -- [Batch] : Finish React:1s
2023-07-03 12:00:06,412 - BO_format_1::INFO -- [Batch] : Finish React:1s
2023-07-03 12:00:06,458 - BO_format_1::INFO -- [TaskScheduler] : UV allocate location: {'Stirrer': [0, 1, 2, 3], 'vialHolder': [0, 1, 2, 3]}
2023-07-03 12:00:06,550 - BO_format_1::INFO -- [UV] : Prepare UV-VIS container
2023-07-03 12:00:20,083 - BO_format_1::INFO -- [UV] : Start UV-VIS Characterization
2023-07-03 12:00:29,112 - BO_format_1::INFO -- [UV] : 0 result : OrderedDict([('lambdamax', 675.980201), ('intensity', 0.019480469894117586), ('FWHM', 11.932819999999992)])
2023-07-03 12:00:29,123 - BO_format_1::INFO -- [UV] : Finish UV-VIS Characterization
2023-07-03 12:00:29,261 - BO_format_1::INFO -- [UV] : Prepare UV-VIS container
2023-07-03 12:00:43,126 - BO_format_1::INFO -- [UV] : Start UV-VIS Characterization
2023-07-03 12:00:52,494 - BO_format_1::INFO -- [UV] : 1 result : OrderedDict([('lambdamax', 357.49666), ('intensity', 0.020793875480729064), ('FWHM', 9.528953000000001)])
2023-07-03 12:00:52,504 - BO_format_1::INFO -- [UV] : Finish UV-VIS Characterization
2023-07-03 12:00:52,638 - BO_format_1::INFO -- [UV] : Prepare UV-VIS container
2023-07-03 12:01:06,489 - BO_format_1::INFO -- [UV] : Start UV-VIS Characterization
2023-07-03 12:01:15,701 - BO_format_1::INFO -- [UV] : 2 result : OrderedDict([('lambdamax', 610.088835), ('intensity', 0.022764404998797692), ('FWHM', 13.336700999999948)])
2023-07-03 12:01:15,712 - BO_format_1::INFO -- [UV] : Finish UV-VIS Characterization
2023-07-03 12:01:15,845 - BO_format_1::INFO -- [UV] : Prepare UV-VIS container
2023-07-03 12:01:29,639 - BO_format_1::INFO -- [UV] : Start UV-VIS Characterization
2023-07-03 12:01:38,858 - BO_format_1::INFO -- [UV] : 3 result : OrderedDict([('lambdamax', 692.356258), ('intensity', 0.015776087643464352), ('FWHM', 7.0348149999999805)])
2023-07-03 12:01:38,868 - BO_format_1::INFO -- [UV] : Finish UV-VIS Characterization
2023-07-03 12:01:39,002 - BO_format_1::INFO -- [RobotArm] : Start Robot Queue : Batch motion (holder_to_storage_filled) is started.
2023-07-03 12:01:39,012 - BO_format_1::INFO -- [RobotArm] : vial_num_list:[4, 5, 6, 7]
2023-07-03 12:01:39,022 - BO_format_1::INFO -- [RobotArm] : line_num_list:[0, 0, 0, 0]
2023-07-03 12:01:39,033 - BO_format_1::INFO -- [RobotArm] : vialHolder_list:[0, 1, 2, 3]
2023-07-03 12:01:47,715 - BO_format_1::INFO -- [RobotArm] : Finish Robot Queue : Batch motion (holder_to_storage_filled) is done.
2023-07-03 12:01:47,726 - BO_format_1::INFO -- [RobotArm] : Start Robot Queue : Batch motion (holder_to_storage_filled) is started.
2023-07-03 12:01:51,307 - BO_format_1::INFO -- [RobotArm] : Finish Robot Queue : Batch motion (holder_to_storage_filled) is done.
2023-07-03 12:01:51,317 - BO_format_1::INFO -- [RobotArm] : Start Robot Queue : Batch motion (holder_to_storage_filled) is started.
2023-07-03 12:01:54,720 - BO_format_1::INFO -- [RobotArm] : Finish Robot Queue : Batch motion (holder_to_storage_filled) is done.
2023-07-03 12:01:54,725 - BO_format_1::INFO -- [RobotArm] : Start Robot Queue : Batch motion (holder_to_storage_filled) is started.
2023-07-03 12:02:01,350 - BO_format_1::INFO -- [RobotArm] : Finish Robot Queue : Batch motion (holder_to_storage_filled) is done.
2023-07-03 12:02:01,457 - BO_format_1::INFO -- [TaskScheduler] : refresh location: {'BatchSynthesis': {'Stirrer': [0, 0, 0, 0, '?', '?', '?', '?', '?', '?', '?', '?', '?', '?', '?', '?'], 'vialHolder': [0, 0, 0, 0, '?', '?', '?', '?']}, 'UV': {'vialHolder': [0, 0, 0, 0, '?', '?', '?', '?']}}
2023-07-03 12:02:01,579 - BO_format_1::INFO -- [Algorithm] : 0 optimal_value : -0.40387995902864565
2023-07-03 12:02:01,579 - BO_format_1::INFO -- [Algorithm] : 1 optimal_value : -0.7692555471897982
2023-07-03 12:02:01,580 - BO_format_1::INFO -- [Algorithm] : 2 optimal_value : -0.1896391881404682
2023-07-03 12:02:01,580 - BO_format_1::INFO -- [Algorithm] : 3 optimal_value : -0.4570795072922631
2023-07-03 12:02:01,590 - BO_format_1::INFO -- [JobExecution] : ######### Cycle 1/1 is done #########
2023-07-03 12:02:01,636 - BO_format_1::INFO -- [Algorithm] : Save our model object, filename=20230703_1156_multi3_0_obj
2023-07-03 12:02:01,646 - BO_format_1::INFO -- [JobExecution] : ######### All Cycle is done #########
