2023-09-13 14:35:20,334 - figure_5_abs::INFO -- [JobExecution] : [jobID=1] Algorithm, model : Automatic
2023-09-13 14:35:20,344 - figure_5_abs::INFO -- [JobExecution] : ######### Cycle start #########
2023-09-13 14:35:20,345 - figure_5_abs::INFO -- [Automatic] : total experiments=2
2023-09-13 14:35:20,345 - figure_5_abs::INFO -- [ProcessGenerator] : Allocate all of process based on job script!
2023-09-13 14:35:20,345 - figure_5_abs::INFO -- [JobExecution] : ######### [figure_5_abs-HJ] Experiment 2 is running #########
2023-09-13 14:35:20,377 - figure_5_abs::INFO -- [TaskScheduler] : check location: {'BatchSynthesis': {'Stirrer': [0, 0, '?', '?', '?', '?', '?', '?'], 'vialHolder': [0, 0, '?', '?', '?', '?', '?', '?']}, 'UV': {'vialHolder': ['?', '?', '?', '?', '?', '?', '?', '?']}}
2023-09-13 14:35:20,378 - figure_5_abs::INFO -- [TaskScheduler] : UV is started, allocate location: {'vialHolder': [0, 1]}
2023-09-13 14:35:20,378 - figure_5_abs::INFO -- [TaskScheduler] : check location after allocation: {'BatchSynthesis': {'Stirrer': [0, 0, '?', '?', '?', '?', '?', '?'], 'vialHolder': [0, 0, '?', '?', '?', '?', '?', '?']}, 'UV': {'vialHolder': [1, 1, '?', '?', '?', '?', '?', '?']}}
2023-09-13 14:35:23,383 - figure_5_abs::DEBUG -- [UV-Vis] : Trasfer colloid NP to UV vialholder
2023-09-13 14:35:23,384 - figure_5_abs::DEBUG -- [UV-Vis] : Prepare UV-VIS container
2023-09-13 14:35:23,384 - figure_5_abs::DEBUG -- [DS_B] : cuvette_storage_to_cuvette_holder-->Start!
2023-09-13 14:35:46,901 - figure_5_abs::DEBUG -- [DS_B] : cuvette_storage_to_cuvette_holder-->Done!
2023-09-13 14:35:46,902 - figure_5_abs::DEBUG -- [DS_B] : cuvette_holder_to_UV-->Start!
2023-09-13 14:36:08,624 - figure_5_abs::DEBUG -- [DS_B] : cuvette_holder_to_UV-->Done!
2023-09-13 14:36:10,629 - figure_5_abs::DEBUG -- [DS_B] : UV-VIS Characterization-->Start!
2023-09-13 14:36:18,072 - figure_5_abs::DEBUG -- [DS_B] : UV-VIS Characterization-->Done!
2023-09-13 14:36:18,072 - figure_5_abs::DEBUG -- [DS_B] : Cuvette2ExtractSolution-->Start!
2023-09-13 14:36:18,073 - figure_5_abs::DEBUG -- [UV-Vis] : Start UV sample preparation
2023-09-13 14:37:39,480 - figure_5_abs::DEBUG -- [UV-Vis] : Finish UV sample preparation
2023-09-13 14:37:39,480 - figure_5_abs::DEBUG -- [DS_B] : Cuvette2ExtractSolution-->Done!
2023-09-13 14:37:39,481 - figure_5_abs::DEBUG -- [UV-Vis] : Start UV-VIS Characterization
2023-09-13 14:37:39,481 - figure_5_abs::DEBUG -- [DS_B] : UV-VIS Characterization-->Start!
2023-09-13 14:37:46,196 - figure_5_abs::DEBUG -- [DS_B] : UV-VIS Characterization-->Done!
2023-09-13 14:37:48,200 - figure_5_abs::DEBUG -- [DS_B] : UV_to_cuvette_storage-->Start!
2023-09-13 14:38:10,461 - figure_5_abs::DEBUG -- [DS_B] : UV_to_cuvette_storage-->Done!
2023-09-13 14:38:10,475 - figure_5_abs::DEBUG -- [UV-Vis] : 0 result : OrderedDict([('lambdamax', 642.152516), ('intensity', 0.02516717019804542), ('FWHM', 20.27860300000009)])
2023-09-13 14:38:10,475 - figure_5_abs::DEBUG -- [UV-Vis] : Finish UV-VIS Characterization
2023-09-13 14:38:14,481 - figure_5_abs::DEBUG -- [UV-Vis] : Trasfer colloid NP to UV vialholder
2023-09-13 14:38:14,481 - figure_5_abs::DEBUG -- [UV-Vis] : Prepare UV-VIS container
2023-09-13 14:38:14,481 - figure_5_abs::DEBUG -- [DS_B] : cuvette_storage_to_cuvette_holder-->Start!
2023-09-13 14:38:36,768 - figure_5_abs::DEBUG -- [DS_B] : cuvette_storage_to_cuvette_holder-->Done!
2023-09-13 14:38:36,768 - figure_5_abs::DEBUG -- [DS_B] : cuvette_holder_to_UV-->Start!
2023-09-13 14:38:58,389 - figure_5_abs::DEBUG -- [DS_B] : cuvette_holder_to_UV-->Done!
2023-09-13 14:39:00,394 - figure_5_abs::DEBUG -- [DS_B] : UV-VIS Characterization-->Start!
2023-09-13 14:39:07,113 - figure_5_abs::DEBUG -- [DS_B] : UV-VIS Characterization-->Done!
2023-09-13 14:39:07,113 - figure_5_abs::DEBUG -- [DS_B] : Cuvette2ExtractSolution-->Start!
2023-09-13 14:39:07,113 - figure_5_abs::DEBUG -- [UV-Vis] : Start UV sample preparation
2023-09-13 14:40:28,509 - figure_5_abs::DEBUG -- [UV-Vis] : Finish UV sample preparation
2023-09-13 14:40:28,510 - figure_5_abs::DEBUG -- [DS_B] : Cuvette2ExtractSolution-->Done!
2023-09-13 14:40:28,510 - figure_5_abs::DEBUG -- [UV-Vis] : Start UV-VIS Characterization
2023-09-13 14:40:28,510 - figure_5_abs::DEBUG -- [DS_B] : UV-VIS Characterization-->Start!
2023-09-13 14:40:35,223 - figure_5_abs::DEBUG -- [DS_B] : UV-VIS Characterization-->Done!
2023-09-13 14:40:37,228 - figure_5_abs::DEBUG -- [DS_B] : UV_to_cuvette_storage-->Start!
2023-09-13 14:40:59,303 - figure_5_abs::DEBUG -- [DS_B] : UV_to_cuvette_storage-->Done!
2023-09-13 14:40:59,310 - figure_5_abs::DEBUG -- [UV-Vis] : 1 result : OrderedDict([('lambdamax', 647.066969), ('intensity', 0.017336105966413506), ('FWHM', 8.181522000000086)])
2023-09-13 14:40:59,310 - figure_5_abs::DEBUG -- [UV-Vis] : Finish UV-VIS Characterization
2023-09-13 14:41:03,317 - figure_5_abs::DEBUG -- [RobotArm] : Start Robot Queue : Batch motion (vialholder_UV_to_storage_filled) is started.
2023-09-13 14:41:03,318 - figure_5_abs::DEBUG -- [RobotArm] : vial_num_list:[0, 1]
2023-09-13 14:41:03,318 - figure_5_abs::DEBUG -- [RobotArm] : line_num_list:[0, 0]
2023-09-13 14:41:03,318 - figure_5_abs::DEBUG -- [RobotArm] : vialHolder_list:[0, 1]
2023-09-13 14:41:51,935 - figure_5_abs::DEBUG -- [RobotArm] : Finish Robot Queue : Batch motion (vialholder_UV_to_storage_filled) is done.
2023-09-13 14:41:51,936 - figure_5_abs::DEBUG -- [RobotArm] : Start Robot Queue : Batch motion (vialholder_UV_to_storage_filled) is started.
2023-09-13 14:42:39,305 - figure_5_abs::DEBUG -- [RobotArm] : Finish Robot Queue : Batch motion (vialholder_UV_to_storage_filled) is done.
2023-09-13 14:42:40,308 - figure_5_abs::INFO -- [TaskScheduler] : UV is finished, location: {'vialHolder': ['?', '?', '?', '?', '?', '?', '?', '?']}
2023-09-13 14:42:40,308 - figure_5_abs::INFO -- [TaskScheduler] : refresh location: {'BatchSynthesis': {'Stirrer': [0, 0, '?', '?', '?', '?', '?', '?'], 'vialHolder': [0, 0, '?', '?', '?', '?', '?', '?']}, 'UV': {'vialHolder': ['?', '?', '?', '?', '?', '?', '?', '?']}}
2023-09-13 14:42:40,318 - figure_5_abs::INFO -- [JobExecution] : ######### [figure_5_abs-HJ] Experiment 2 is done #########
