2023-09-13 12:29:40,155 - figure_5_abs::INFO -- [JobExecution] : [jobID=1] Algorithm, model : Automatic
2023-09-13 12:29:40,166 - figure_5_abs::INFO -- [JobExecution] : ######### Cycle start #########
2023-09-13 12:29:40,166 - figure_5_abs::INFO -- [Automatic] : total experiments=2
2023-09-13 12:29:40,167 - figure_5_abs::INFO -- [ProcessGenerator] : Allocate all of process based on job script!
2023-09-13 12:29:40,167 - figure_5_abs::INFO -- [JobExecution] : ######### [figure_5_abs-HJ] Experiment 2 is running #########
2023-09-13 12:29:40,193 - figure_5_abs::INFO -- [TaskScheduler] : check location: {'BatchSynthesis': {'Stirrer': [0, 0, '?', '?', '?', '?', '?', '?'], 'vialHolder': [0, 0, '?', '?', '?', '?', '?', '?']}, 'UV': {'vialHolder': ['?', '?', '?', '?', '?', '?', '?', '?']}}
2023-09-13 12:29:40,193 - figure_5_abs::INFO -- [TaskScheduler] : UV is started, allocate location: {'vialHolder': [0, 1]}
2023-09-13 12:29:40,193 - figure_5_abs::INFO -- [TaskScheduler] : check location after allocation: {'BatchSynthesis': {'Stirrer': [0, 0, '?', '?', '?', '?', '?', '?'], 'vialHolder': [0, 0, '?', '?', '?', '?', '?', '?']}, 'UV': {'vialHolder': [1, 1, '?', '?', '?', '?', '?', '?']}}
2023-09-13 12:29:43,198 - figure_5_abs::DEBUG -- [UV-Vis] : Trasfer colloid NP to UV vialholder
2023-09-13 12:29:43,199 - figure_5_abs::DEBUG -- [UV-Vis] : Prepare UV-VIS container
2023-09-13 12:29:43,199 - figure_5_abs::DEBUG -- [DS_B] : cuvette_storage_to_cuvette_holder-->Start!
2023-09-13 12:30:06,757 - figure_5_abs::DEBUG -- [DS_B] : cuvette_storage_to_cuvette_holder-->Done!
2023-09-13 12:30:06,757 - figure_5_abs::DEBUG -- [DS_B] : cuvette_holder_to_UV-->Start!
2023-09-13 12:30:28,305 - figure_5_abs::DEBUG -- [DS_B] : cuvette_holder_to_UV-->Done!
2023-09-13 12:30:30,309 - figure_5_abs::DEBUG -- [DS_B] : UV-VIS Characterization-->Start!
2023-09-13 12:30:37,796 - figure_5_abs::DEBUG -- [DS_B] : UV-VIS Characterization-->Done!
2023-09-13 12:30:37,796 - figure_5_abs::DEBUG -- [DS_B] : Cuvette2ExtractSolution-->Start!
2023-09-13 12:30:37,796 - figure_5_abs::DEBUG -- [UV-Vis] : Start UV sample preparation
2023-09-13 12:31:55,634 - figure_5_abs::DEBUG -- [UV-Vis] : Finish UV sample preparation
2023-09-13 12:31:55,634 - figure_5_abs::DEBUG -- [DS_B] : Cuvette2ExtractSolution-->Done!
2023-09-13 12:31:55,635 - figure_5_abs::DEBUG -- [UV-Vis] : Start UV-VIS Characterization
2023-09-13 12:31:55,635 - figure_5_abs::DEBUG -- [DS_B] : UV-VIS Characterization-->Start!
2023-09-13 12:32:02,378 - figure_5_abs::DEBUG -- [DS_B] : UV-VIS Characterization-->Done!
2023-09-13 12:32:04,383 - figure_5_abs::DEBUG -- [DS_B] : UV_to_cuvette_storage-->Start!
2023-09-13 12:32:26,712 - figure_5_abs::DEBUG -- [DS_B] : UV_to_cuvette_storage-->Done!
2023-09-13 12:32:26,719 - figure_5_abs::DEBUG -- [UV-Vis] : 0 result : OrderedDict([('lambdamax', 616.407713), ('intensity', 0.01930869180877517), ('FWHM', 12.621121000000016)])
2023-09-13 12:32:26,719 - figure_5_abs::DEBUG -- [UV-Vis] : Finish UV-VIS Characterization
2023-09-13 12:32:30,727 - figure_5_abs::DEBUG -- [UV-Vis] : Trasfer colloid NP to UV vialholder
2023-09-13 12:32:30,727 - figure_5_abs::DEBUG -- [UV-Vis] : Prepare UV-VIS container
2023-09-13 12:32:30,728 - figure_5_abs::DEBUG -- [DS_B] : cuvette_storage_to_cuvette_holder-->Start!
2023-09-13 12:32:52,552 - figure_5_abs::DEBUG -- [DS_B] : cuvette_storage_to_cuvette_holder-->Done!
2023-09-13 12:32:52,552 - figure_5_abs::DEBUG -- [DS_B] : cuvette_holder_to_UV-->Start!
2023-09-13 12:33:14,280 - figure_5_abs::DEBUG -- [DS_B] : cuvette_holder_to_UV-->Done!
2023-09-13 12:33:16,285 - figure_5_abs::DEBUG -- [DS_B] : UV-VIS Characterization-->Start!
2023-09-13 12:33:23,017 - figure_5_abs::DEBUG -- [DS_B] : UV-VIS Characterization-->Done!
2023-09-13 12:33:23,018 - figure_5_abs::DEBUG -- [DS_B] : Cuvette2ExtractSolution-->Start!
2023-09-13 12:33:23,018 - figure_5_abs::DEBUG -- [UV-Vis] : Start UV sample preparation
2023-09-13 12:34:40,877 - figure_5_abs::DEBUG -- [UV-Vis] : Finish UV sample preparation
2023-09-13 12:34:40,877 - figure_5_abs::DEBUG -- [DS_B] : Cuvette2ExtractSolution-->Done!
2023-09-13 12:34:40,877 - figure_5_abs::DEBUG -- [UV-Vis] : Start UV-VIS Characterization
2023-09-13 12:34:40,877 - figure_5_abs::DEBUG -- [DS_B] : UV-VIS Characterization-->Start!
2023-09-13 12:34:47,615 - figure_5_abs::DEBUG -- [DS_B] : UV-VIS Characterization-->Done!
2023-09-13 12:34:49,620 - figure_5_abs::DEBUG -- [DS_B] : UV_to_cuvette_storage-->Start!
2023-09-13 12:35:11,772 - figure_5_abs::DEBUG -- [DS_B] : UV_to_cuvette_storage-->Done!
2023-09-13 12:35:11,778 - figure_5_abs::DEBUG -- [UV-Vis] : 1 result : OrderedDict([('lambdamax', 401.165333), ('intensity', 0.021475520091927797), ('FWHM', 9.755023999999992)])
2023-09-13 12:35:11,778 - figure_5_abs::DEBUG -- [UV-Vis] : Finish UV-VIS Characterization
2023-09-13 12:35:25,804 - figure_5_abs::DEBUG -- [RobotArm] : Start Robot Queue : Batch motion (vialholder_UV_to_storage_filled) is started.
2023-09-13 12:35:25,805 - figure_5_abs::DEBUG -- [RobotArm] : vial_num_list:[0, 1]
2023-09-13 12:35:25,805 - figure_5_abs::DEBUG -- [RobotArm] : line_num_list:[0, 0]
2023-09-13 12:35:25,805 - figure_5_abs::DEBUG -- [RobotArm] : vialHolder_list:[0, 1]
2023-09-13 12:36:14,240 - figure_5_abs::DEBUG -- [RobotArm] : Finish Robot Queue : Batch motion (vialholder_UV_to_storage_filled) is done.
2023-09-13 12:36:14,240 - figure_5_abs::DEBUG -- [RobotArm] : Start Robot Queue : Batch motion (vialholder_UV_to_storage_filled) is started.
2023-09-13 12:37:01,536 - figure_5_abs::DEBUG -- [RobotArm] : Finish Robot Queue : Batch motion (vialholder_UV_to_storage_filled) is done.
2023-09-13 12:37:02,539 - figure_5_abs::INFO -- [TaskScheduler] : UV is finished, location: {'vialHolder': ['?', '?', '?', '?', '?', '?', '?', '?']}
2023-09-13 12:37:02,539 - figure_5_abs::INFO -- [TaskScheduler] : refresh location: {'BatchSynthesis': {'Stirrer': [0, 0, '?', '?', '?', '?', '?', '?'], 'vialHolder': [0, 0, '?', '?', '?', '?', '?', '?']}, 'UV': {'vialHolder': ['?', '?', '?', '?', '?', '?', '?', '?']}}
2023-09-13 12:37:02,566 - figure_5_abs::INFO -- [JobExecution] : ######### [figure_5_abs-HJ] Experiment 2 is done #########
