2023-09-11 19:22:49,924 - figure_5_add::INFO -- [JobExecution] : [jobID=0] Algorithm, model : Automatic
2023-09-11 19:22:49,939 - figure_5_add::INFO -- [JobExecution] : ######### Cycle start #########
2023-09-11 19:22:49,960 - figure_5_add::INFO -- [Automatic] : total experiments=2
2023-09-11 19:22:49,970 - figure_5_add::INFO -- [Automatic [0]] : next_point 0: {'AddSolution=AgNO3_Concentration': 1250, 'AddSolution=AgNO3_Volume': 1000, 'AddSolution=AgNO3_Injectionrate': 100}
2023-09-11 19:22:49,981 - figure_5_add::INFO -- [Automatic [1]] : next_point 1: {'AddSolution=AgNO3_Concentration': 1250, 'AddSolution=AgNO3_Volume': 1000, 'AddSolution=AgNO3_Injectionrate': 100}
2023-09-11 19:22:50,033 - figure_5_add::INFO -- [ProcessGenerator] : Allocate all of process based on job script!
2023-09-11 19:22:50,034 - figure_5_add::INFO -- [JobExecution] : ######### [figure_5_add-HJ] Experiment 2 is running #########
2023-09-11 19:22:50,181 - figure_5_add::INFO -- [TaskScheduler] : check location: {'BatchSynthesis': {'Stirrer': ['?', '?', '?', '?', '?', '?', '?', '?'], 'vialHolder': ['?', '?', '?', '?', '?', '?', '?', '?']}, 'UV': {'vialHolder': ['?', '?', '?', '?', '?', '?', '?', '?']}}
2023-09-11 19:22:50,187 - figure_5_add::INFO -- [TaskScheduler] : BatchSynthesis is started, allocate location: {'Stirrer': [0, 1], 'vialHolder': [0, 1]}
2023-09-11 19:22:50,187 - figure_5_add::INFO -- [TaskScheduler] : check location after allocation: {'BatchSynthesis': {'Stirrer': [0, 0, '?', '?', '?', '?', '?', '?'], 'vialHolder': [0, 0, '?', '?', '?', '?', '?', '?']}, 'UV': {'vialHolder': ['?', '?', '?', '?', '?', '?', '?', '?']}}
2023-09-11 19:22:53,265 - figure_5_add::DEBUG -- [Batch] : storage_empty_to_stirrer is started.
2023-09-11 19:22:53,276 - figure_5_add::DEBUG -- [Batch] : vial_num_list: [0, 1]
2023-09-11 19:22:53,286 - figure_5_add::DEBUG -- [Batch] : line_num_list: [0, 0]
2023-09-11 19:22:53,296 - figure_5_add::DEBUG -- [Batch] : vialHolder_list: [0, 1]
2023-09-11 19:22:53,307 - figure_5_add::DEBUG -- [Batch] : Start Robot Queue : storage_empty_to_stirrer is started.
2023-09-11 19:22:53,312 - figure_5_add::DEBUG -- [LA] : move center-->Start!
2023-09-11 19:23:02,763 - figure_5_add::DEBUG -- [LA] : move center-->Done!
2023-09-11 19:23:03,825 - figure_5_add::DEBUG -- [STORAGE] : open-->Start!
2023-09-11 19:23:15,199 - figure_5_add::DEBUG -- [STORAGE] : open-->Done!
2023-09-11 19:23:18,262 - figure_5_add::DEBUG -- [DS_B] : prepare container-->Start!
2023-09-11 19:23:50,295 - figure_5_add::DEBUG -- [DS_B] : prepare container-->Done!
2023-09-11 19:23:50,296 - figure_5_add::DEBUG -- [Batch] : Finish Robot Queue : storage_empty_to_stirrer is done.
2023-09-11 19:23:54,467 - figure_5_add::DEBUG -- [Batch] : storage_empty_to_stirrer is started.
2023-09-11 19:23:54,478 - figure_5_add::DEBUG -- [Batch] : Start Robot Queue : storage_empty_to_stirrer is started.
2023-09-11 19:23:54,488 - figure_5_add::DEBUG -- [LA] : move center-->Start!
2023-09-11 19:23:56,836 - figure_5_add::DEBUG -- [LA] : move center-->Done!
2023-09-11 19:23:57,894 - figure_5_add::DEBUG -- [STORAGE] : open-->Start!
2023-09-11 19:24:09,405 - figure_5_add::DEBUG -- [STORAGE] : open-->Done!
2023-09-11 19:24:12,469 - figure_5_add::DEBUG -- [DS_B] : prepare container-->Start!
2023-09-11 19:24:43,075 - figure_5_add::DEBUG -- [DS_B] : prepare container-->Done!
2023-09-11 19:24:43,081 - figure_5_add::DEBUG -- [Batch] : Finish Robot Queue : storage_empty_to_stirrer is done.
2023-09-11 19:24:47,172 - figure_5_add::DEBUG -- [LA] : move down-->Start!
2023-09-11 19:24:58,647 - figure_5_add::DEBUG -- [LA] : move down-->Done!
2023-09-11 19:24:58,658 - figure_5_add::DEBUG -- [Batch] : Start Injection Queue --> Citrate,20mM,1100μL,100μL/s
2023-09-11 19:24:58,668 - figure_5_add::DEBUG -- [PUMP] : prepare solution-->Start!
2023-09-11 19:25:02,425 - figure_5_add::DEBUG -- [PUMP] : prepare solution-->Done!
2023-09-11 19:25:02,425 - figure_5_add::DEBUG -- [LA] : move up-->Start!
2023-09-11 19:25:05,757 - figure_5_add::DEBUG -- [LA] : move up-->Done!
2023-09-11 19:25:05,757 - figure_5_add::DEBUG -- [LA] : move center-->Start!
2023-09-11 19:25:16,121 - figure_5_add::DEBUG -- [LA] : move center-->Done!
2023-09-11 19:25:17,122 - figure_5_add::DEBUG -- [Batch] : Finish Injection Queue
2023-09-11 19:25:20,127 - figure_5_add::DEBUG -- [LA] : move down-->Start!
2023-09-11 19:25:31,230 - figure_5_add::DEBUG -- [LA] : move down-->Done!
2023-09-11 19:25:31,230 - figure_5_add::DEBUG -- [Batch] : Start Injection Queue --> Citrate,20mM,1100μL,100μL/s
2023-09-11 19:25:31,230 - figure_5_add::DEBUG -- [PUMP] : prepare solution-->Start!
2023-09-11 19:25:34,901 - figure_5_add::DEBUG -- [PUMP] : prepare solution-->Done!
2023-09-11 19:25:34,901 - figure_5_add::DEBUG -- [LA] : move up-->Start!
2023-09-11 19:25:38,229 - figure_5_add::DEBUG -- [LA] : move up-->Done!
2023-09-11 19:25:38,229 - figure_5_add::DEBUG -- [LA] : move center-->Start!
2023-09-11 19:25:47,995 - figure_5_add::DEBUG -- [LA] : move center-->Done!
2023-09-11 19:25:48,997 - figure_5_add::DEBUG -- [Batch] : Finish Injection Queue
2023-09-11 19:25:52,001 - figure_5_add::DEBUG -- [LA] : move down-->Start!
2023-09-11 19:26:03,482 - figure_5_add::DEBUG -- [LA] : move down-->Done!
2023-09-11 19:26:03,483 - figure_5_add::DEBUG -- [Batch] : Start Injection Queue --> H2O2,375mM,1100μL,100μL/s
2023-09-11 19:26:03,483 - figure_5_add::DEBUG -- [PUMP] : prepare solution-->Start!
2023-09-11 19:26:07,317 - figure_5_add::DEBUG -- [PUMP] : prepare solution-->Done!
2023-09-11 19:26:07,317 - figure_5_add::DEBUG -- [LA] : move up-->Start!
2023-09-11 19:26:10,667 - figure_5_add::DEBUG -- [LA] : move up-->Done!
2023-09-11 19:26:10,667 - figure_5_add::DEBUG -- [LA] : move center-->Start!
2023-09-11 19:26:21,030 - figure_5_add::DEBUG -- [LA] : move center-->Done!
2023-09-11 19:26:22,032 - figure_5_add::DEBUG -- [Batch] : Finish Injection Queue
2023-09-11 19:26:25,036 - figure_5_add::DEBUG -- [LA] : move down-->Start!
2023-09-11 19:26:35,933 - figure_5_add::DEBUG -- [LA] : move down-->Done!
2023-09-11 19:26:35,933 - figure_5_add::DEBUG -- [Batch] : Start Injection Queue --> H2O2,375mM,1100μL,100μL/s
2023-09-11 19:26:35,933 - figure_5_add::DEBUG -- [PUMP] : prepare solution-->Start!
2023-09-11 19:26:39,658 - figure_5_add::DEBUG -- [PUMP] : prepare solution-->Done!
2023-09-11 19:26:39,659 - figure_5_add::DEBUG -- [LA] : move up-->Start!
2023-09-11 19:26:42,941 - figure_5_add::DEBUG -- [LA] : move up-->Done!
2023-09-11 19:26:42,941 - figure_5_add::DEBUG -- [LA] : move center-->Start!
2023-09-11 19:26:52,645 - figure_5_add::DEBUG -- [LA] : move center-->Done!
2023-09-11 19:26:53,648 - figure_5_add::DEBUG -- [Batch] : Finish Injection Queue
2023-09-11 19:26:56,652 - figure_5_add::DEBUG -- [LA] : move down-->Start!
2023-09-11 19:27:08,200 - figure_5_add::DEBUG -- [LA] : move down-->Done!
2023-09-11 19:27:08,200 - figure_5_add::DEBUG -- [Batch] : Start Injection Queue --> NaBH4,10mM,3000μL,100μL/s
2023-09-11 19:27:08,200 - figure_5_add::DEBUG -- [PUMP] : prepare solution-->Start!
2023-09-11 19:27:12,131 - figure_5_add::DEBUG -- [PUMP] : prepare solution-->Done!
2023-09-11 19:27:12,132 - figure_5_add::DEBUG -- [LA] : move up-->Start!
2023-09-11 19:27:15,454 - figure_5_add::DEBUG -- [LA] : move up-->Done!
2023-09-11 19:27:15,454 - figure_5_add::DEBUG -- [LA] : move center-->Start!
2023-09-11 19:27:25,879 - figure_5_add::DEBUG -- [LA] : move center-->Done!
2023-09-11 19:27:26,881 - figure_5_add::DEBUG -- [Batch] : Finish Injection Queue
2023-09-11 19:27:29,886 - figure_5_add::DEBUG -- [LA] : move down-->Start!
2023-09-11 19:27:40,805 - figure_5_add::DEBUG -- [LA] : move down-->Done!
2023-09-11 19:27:40,805 - figure_5_add::DEBUG -- [Batch] : Start Injection Queue --> NaBH4,10mM,3000μL,100μL/s
2023-09-11 19:27:40,805 - figure_5_add::DEBUG -- [PUMP] : prepare solution-->Start!
2023-09-11 19:27:44,796 - figure_5_add::DEBUG -- [PUMP] : prepare solution-->Done!
2023-09-11 19:27:44,797 - figure_5_add::DEBUG -- [LA] : move up-->Start!
2023-09-11 19:27:48,201 - figure_5_add::DEBUG -- [LA] : move up-->Done!
2023-09-11 19:27:48,201 - figure_5_add::DEBUG -- [LA] : move center-->Start!
2023-09-11 19:27:57,999 - figure_5_add::DEBUG -- [LA] : move center-->Done!
2023-09-11 19:27:59,001 - figure_5_add::DEBUG -- [Batch] : Finish Injection Queue
2023-09-11 19:27:59,001 - figure_5_add::DEBUG -- [Batch] : Start Stir Queue 0 (Stirrer)
2023-09-11 19:28:01,546 - figure_5_add::DEBUG -- [Batch] : Start Stir Queue 1 (Stirrer)
2023-09-11 19:28:03,877 - figure_5_add::DEBUG -- [Batch] : Finish Stir Queue 0 (Stirrer)
2023-09-11 19:28:03,877 - figure_5_add::DEBUG -- [Batch] : Finish Stir Queue 1 (Stirrer)
2023-09-11 19:28:03,878 - figure_5_add::DEBUG -- [Batch] : Start Heat Queue 0 (Stirrer)
2023-09-11 19:28:06,035 - figure_5_add::DEBUG -- [Batch] : Start Heat Queue 1 (Stirrer)
2023-09-11 19:28:08,410 - figure_5_add::DEBUG -- [Batch] : Finish Heat Queue 0 (Stirrer)
2023-09-11 19:28:08,410 - figure_5_add::DEBUG -- [Batch] : Finish Heat Queue 1 (Stirrer)
2023-09-11 19:28:08,410 - figure_5_add::DEBUG -- [Batch] : Start Mix:300s
2023-09-11 19:28:08,411 - figure_5_add::DEBUG -- [Batch] : Start Mix:300s
2023-09-11 19:33:08,506 - figure_5_add::DEBUG -- [Batch] : Finish Mix:300s
2023-09-11 19:33:08,514 - figure_5_add::DEBUG -- [Batch] : Finish Mix:300s
2023-09-11 19:33:11,579 - figure_5_add::DEBUG -- [LA] : move down-->Start!
2023-09-11 19:33:23,021 - figure_5_add::DEBUG -- [LA] : move down-->Done!
2023-09-11 19:33:23,021 - figure_5_add::DEBUG -- [Batch] : Start Injection Queue --> AgNO3,1250mM,1000μL,100μL/s
2023-09-11 19:33:23,021 - figure_5_add::DEBUG -- [PUMP] : prepare solution-->Start!
2023-09-11 19:33:26,905 - figure_5_add::DEBUG -- [PUMP] : prepare solution-->Done!
2023-09-11 19:33:26,910 - figure_5_add::DEBUG -- [LA] : move up-->Start!
2023-09-11 19:33:30,374 - figure_5_add::DEBUG -- [LA] : move up-->Done!
2023-09-11 19:33:30,384 - figure_5_add::DEBUG -- [LA] : move center-->Start!
2023-09-11 19:33:40,801 - figure_5_add::DEBUG -- [LA] : move center-->Done!
2023-09-11 19:33:41,818 - figure_5_add::DEBUG -- [Batch] : Finish Injection Queue
2023-09-11 19:33:44,862 - figure_5_add::DEBUG -- [LA] : move down-->Start!
2023-09-11 19:33:55,888 - figure_5_add::DEBUG -- [LA] : move down-->Done!
2023-09-11 19:33:55,898 - figure_5_add::DEBUG -- [Batch] : Start Injection Queue --> AgNO3,1250mM,1000μL,100μL/s
2023-09-11 19:33:55,909 - figure_5_add::DEBUG -- [PUMP] : prepare solution-->Start!
2023-09-11 19:33:59,897 - figure_5_add::DEBUG -- [PUMP] : prepare solution-->Done!
2023-09-11 19:33:59,907 - figure_5_add::DEBUG -- [LA] : move up-->Start!
2023-09-11 19:34:03,351 - figure_5_add::DEBUG -- [LA] : move up-->Done!
2023-09-11 19:34:03,351 - figure_5_add::DEBUG -- [LA] : move center-->Start!
2023-09-11 19:34:13,035 - figure_5_add::DEBUG -- [LA] : move center-->Done!
2023-09-11 19:34:14,062 - figure_5_add::DEBUG -- [Batch] : Finish Injection Queue
2023-09-11 19:34:14,077 - figure_5_add::DEBUG -- [Batch] : Start React:3600s
2023-09-11 19:34:14,077 - figure_5_add::DEBUG -- [Batch] : Start React:3600s
