2023-09-06 00:00:51,398 - jobID_1_Batch::INFO -- [JobExecution] : [jobID=1] Algorithm, model : Automatic
2023-09-06 00:06:00,412 - jobID_1_Batch::INFO -- [JobExecution] : ######### Cycle start #########
2023-09-06 00:06:00,412 - jobID_1_Batch::INFO -- [Automatic] : total experiments=4
2023-09-06 00:06:00,413 - jobID_1_Batch::INFO -- [Automatic [0]] : next_point 0: {'AddSolution=AgNO3_Concentration': 1250, 'AddSolution=AgNO3_Volume': 2000, 'AddSolution=AgNO3_Injectionrate': 200}
2023-09-06 00:06:00,413 - jobID_1_Batch::INFO -- [Automatic [1]] : next_point 1: {'AddSolution=AgNO3_Concentration': 1250, 'AddSolution=AgNO3_Volume': 2000, 'AddSolution=AgNO3_Injectionrate': 200}
2023-09-06 00:06:00,413 - jobID_1_Batch::INFO -- [Automatic [2]] : next_point 2: {'AddSolution=AgNO3_Concentration': 1250, 'AddSolution=AgNO3_Volume': 2000, 'AddSolution=AgNO3_Injectionrate': 200}
2023-09-06 00:06:00,413 - jobID_1_Batch::INFO -- [Automatic [3]] : next_point 3: {'AddSolution=AgNO3_Concentration': 1250, 'AddSolution=AgNO3_Volume': 2000, 'AddSolution=AgNO3_Injectionrate': 200}
2023-09-06 00:06:00,416 - jobID_1_Batch::INFO -- [ProcessGenerator] : Allocate all of process based on job script!
2023-09-06 00:06:00,416 - jobID_1_Batch::INFO -- [JobExecution] : ######### [jobID_1_Batch-HJ] Experiment 4 is running #########
2023-09-06 00:06:00,417 - jobID_1_Batch::INFO -- [TaskScheduler] : check location: {'BatchSynthesis': {'Stirrer': [0, 0, 0, 0, 0, 0, '?', '?'], 'vialHolder': [0, 0, 0, 0, 0, 0, '?', '?']}, 'UV': {'vialHolder': ['?', '?', '?', '?', '?', '?', '?', '?']}}
2023-09-06 00:06:00,417 - jobID_1_Batch::INFO -- [TaskScheduler] : BatchSynthesis is started, allocate location: {'Stirrer': [6, 7], 'vialHolder': [6, 7]}
2023-09-06 00:06:00,417 - jobID_1_Batch::INFO -- [TaskScheduler] : check location after allocation: {'BatchSynthesis': {'Stirrer': [0, 0, 0, 0, 0, 0, 1, 1], 'vialHolder': [0, 0, 0, 0, 0, 0, 1, 1]}, 'UV': {'vialHolder': ['?', '?', '?', '?', '?', '?', '?', '?']}}
2023-09-06 00:06:03,420 - jobID_1_Batch::DEBUG -- [Batch] : storage_empty_to_stirrer is started.
2023-09-06 00:06:03,420 - jobID_1_Batch::DEBUG -- [Batch] : vial_num_list: [6, 7]
2023-09-06 00:06:03,420 - jobID_1_Batch::DEBUG -- [Batch] : line_num_list: [0, 0]
2023-09-06 00:06:03,420 - jobID_1_Batch::DEBUG -- [Batch] : vialHolder_list: [6, 7]
2023-09-06 00:06:03,420 - jobID_1_Batch::DEBUG -- [Batch] : Start Robot Queue : storage_empty_to_stirrer is started.
2023-09-06 00:06:03,420 - jobID_1_Batch::DEBUG -- [LA] : move center-->Start!
2023-09-06 00:06:04,588 - jobID_1_Batch::DEBUG -- [LA] : move center-->Done!
2023-09-06 00:06:05,591 - jobID_1_Batch::DEBUG -- [STORAGE] : open-->Start!
2023-09-06 00:06:08,666 - jobID_1_Batch::DEBUG -- [STORAGE] : open-->Done!
2023-09-06 00:06:11,671 - jobID_1_Batch::DEBUG -- [DS_B] : prepare container-->Start!
2023-09-06 00:06:13,823 - jobID_1_Batch::DEBUG -- [DS_B] : prepare container-->Done!
2023-09-06 00:06:13,823 - jobID_1_Batch::DEBUG -- [Batch] : Finish Robot Queue : storage_empty_to_stirrer is done.
2023-09-06 00:06:17,832 - jobID_1_Batch::DEBUG -- [Batch] : storage_empty_to_stirrer is started.
2023-09-06 00:06:17,832 - jobID_1_Batch::DEBUG -- [Batch] : Start Robot Queue : storage_empty_to_stirrer is started.
2023-09-06 00:06:17,833 - jobID_1_Batch::DEBUG -- [LA] : move center-->Start!
2023-09-06 00:06:18,965 - jobID_1_Batch::DEBUG -- [LA] : move center-->Done!
2023-09-06 00:06:19,968 - jobID_1_Batch::DEBUG -- [STORAGE] : open-->Start!
2023-09-06 00:06:23,262 - jobID_1_Batch::DEBUG -- [STORAGE] : open-->Done!
2023-09-06 00:06:26,267 - jobID_1_Batch::DEBUG -- [DS_B] : prepare container-->Start!
2023-09-06 00:06:28,553 - jobID_1_Batch::DEBUG -- [DS_B] : prepare container-->Done!
2023-09-06 00:06:28,553 - jobID_1_Batch::DEBUG -- [Batch] : Finish Robot Queue : storage_empty_to_stirrer is done.
2023-09-06 00:06:32,561 - jobID_1_Batch::DEBUG -- [Batch] : Prepare Injection Queue --> Citrate,20mM,500uL,200uL/s
2023-09-06 00:06:32,561 - jobID_1_Batch::DEBUG -- [PUMP] : prepare solution-->Start!
2023-09-06 00:06:32,561 - jobID_1_Batch::DEBUG -- [PUMP] : prepare solution-->Done!
2023-09-06 00:06:33,564 - jobID_1_Batch::DEBUG -- [LA] : move down-->Start!
2023-09-06 00:06:34,585 - jobID_1_Batch::DEBUG -- [LA] : move down-->Done!
2023-09-06 00:06:34,586 - jobID_1_Batch::DEBUG -- [Batch] : Start Injection Queue --> Citrate,20mM,1200μL,200μL/s
2023-09-06 00:06:34,586 - jobID_1_Batch::DEBUG -- [PUMP] : prepare solution-->Start!
2023-09-06 00:06:38,331 - jobID_1_Batch::DEBUG -- [PUMP] : prepare solution-->Done!
2023-09-06 00:06:40,336 - jobID_1_Batch::DEBUG -- [LA] : move up-->Start!
2023-09-06 00:06:41,498 - jobID_1_Batch::DEBUG -- [LA] : move up-->Done!
2023-09-06 00:06:43,502 - jobID_1_Batch::DEBUG -- [LA] : move center-->Start!
2023-09-06 00:06:44,643 - jobID_1_Batch::DEBUG -- [LA] : move center-->Done!
2023-09-06 00:06:44,644 - jobID_1_Batch::DEBUG -- [Batch] : Finish Injection Queue
2023-09-06 00:06:48,650 - jobID_1_Batch::DEBUG -- [Batch] : Prepare Injection Queue --> Citrate,20mM,500uL,200uL/s
2023-09-06 00:06:48,651 - jobID_1_Batch::DEBUG -- [PUMP] : prepare solution-->Start!
2023-09-06 00:06:48,651 - jobID_1_Batch::DEBUG -- [PUMP] : prepare solution-->Done!
2023-09-06 00:06:49,654 - jobID_1_Batch::DEBUG -- [LA] : move down-->Start!
2023-09-06 00:06:50,959 - jobID_1_Batch::DEBUG -- [LA] : move down-->Done!
2023-09-06 00:06:50,959 - jobID_1_Batch::DEBUG -- [Batch] : Start Injection Queue --> Citrate,20mM,1200μL,200μL/s
2023-09-06 00:06:50,960 - jobID_1_Batch::DEBUG -- [PUMP] : prepare solution-->Start!
2023-09-06 00:06:54,840 - jobID_1_Batch::DEBUG -- [PUMP] : prepare solution-->Done!
2023-09-06 00:06:56,845 - jobID_1_Batch::DEBUG -- [LA] : move up-->Start!
2023-09-06 00:06:57,895 - jobID_1_Batch::DEBUG -- [LA] : move up-->Done!
2023-09-06 00:06:59,899 - jobID_1_Batch::DEBUG -- [LA] : move center-->Start!
2023-09-06 00:07:01,040 - jobID_1_Batch::DEBUG -- [LA] : move center-->Done!
2023-09-06 00:07:01,041 - jobID_1_Batch::DEBUG -- [Batch] : Finish Injection Queue
2023-09-06 00:07:05,049 - jobID_1_Batch::DEBUG -- [Batch] : Prepare Injection Queue --> H2O2,375mM,500uL,200uL/s
2023-09-06 00:07:05,049 - jobID_1_Batch::DEBUG -- [PUMP] : prepare solution-->Start!
2023-09-06 00:07:05,049 - jobID_1_Batch::DEBUG -- [PUMP] : prepare solution-->Done!
2023-09-06 00:07:06,052 - jobID_1_Batch::DEBUG -- [LA] : move down-->Start!
2023-09-06 00:07:07,131 - jobID_1_Batch::DEBUG -- [LA] : move down-->Done!
2023-09-06 00:07:07,132 - jobID_1_Batch::DEBUG -- [Batch] : Start Injection Queue --> H2O2,375mM,1200μL,200μL/s
2023-09-06 00:07:07,132 - jobID_1_Batch::DEBUG -- [PUMP] : prepare solution-->Start!
2023-09-06 00:07:10,894 - jobID_1_Batch::DEBUG -- [PUMP] : prepare solution-->Done!
2023-09-06 00:07:12,899 - jobID_1_Batch::DEBUG -- [LA] : move up-->Start!
2023-09-06 00:07:13,949 - jobID_1_Batch::DEBUG -- [LA] : move up-->Done!
2023-09-06 00:07:15,952 - jobID_1_Batch::DEBUG -- [LA] : move center-->Start!
2023-09-06 00:07:17,061 - jobID_1_Batch::DEBUG -- [LA] : move center-->Done!
2023-09-06 00:07:17,062 - jobID_1_Batch::DEBUG -- [Batch] : Finish Injection Queue
2023-09-06 00:07:21,069 - jobID_1_Batch::DEBUG -- [Batch] : Prepare Injection Queue --> H2O2,375mM,500uL,200uL/s
2023-09-06 00:07:21,069 - jobID_1_Batch::DEBUG -- [PUMP] : prepare solution-->Start!
2023-09-06 00:07:21,069 - jobID_1_Batch::DEBUG -- [PUMP] : prepare solution-->Done!
2023-09-06 00:07:22,072 - jobID_1_Batch::DEBUG -- [LA] : move down-->Start!
2023-09-06 00:07:23,122 - jobID_1_Batch::DEBUG -- [LA] : move down-->Done!
2023-09-06 00:07:23,123 - jobID_1_Batch::DEBUG -- [Batch] : Start Injection Queue --> H2O2,375mM,1200μL,200μL/s
2023-09-06 00:07:23,123 - jobID_1_Batch::DEBUG -- [PUMP] : prepare solution-->Start!
2023-09-06 00:07:27,063 - jobID_1_Batch::DEBUG -- [PUMP] : prepare solution-->Done!
2023-09-06 00:07:29,067 - jobID_1_Batch::DEBUG -- [LA] : move up-->Start!
2023-09-06 00:07:30,162 - jobID_1_Batch::DEBUG -- [LA] : move up-->Done!
2023-09-06 00:07:32,167 - jobID_1_Batch::DEBUG -- [LA] : move center-->Start!
2023-09-06 00:07:33,437 - jobID_1_Batch::DEBUG -- [LA] : move center-->Done!
2023-09-06 00:07:33,437 - jobID_1_Batch::DEBUG -- [Batch] : Finish Injection Queue
2023-09-06 00:07:37,443 - jobID_1_Batch::DEBUG -- [Batch] : Prepare Injection Queue --> NaBH4,10mM,500uL,200uL/s
2023-09-06 00:07:37,443 - jobID_1_Batch::DEBUG -- [PUMP] : prepare solution-->Start!
2023-09-06 00:07:37,443 - jobID_1_Batch::DEBUG -- [PUMP] : prepare solution-->Done!
2023-09-06 00:07:38,446 - jobID_1_Batch::DEBUG -- [LA] : move down-->Start!
2023-09-06 00:07:39,549 - jobID_1_Batch::DEBUG -- [LA] : move down-->Done!
2023-09-06 00:07:39,549 - jobID_1_Batch::DEBUG -- [Batch] : Start Injection Queue --> NaBH4,10mM,3000μL,200μL/s
2023-09-06 00:07:39,550 - jobID_1_Batch::DEBUG -- [PUMP] : prepare solution-->Start!
2023-09-06 00:07:43,242 - jobID_1_Batch::DEBUG -- [PUMP] : prepare solution-->Done!
2023-09-06 00:07:45,247 - jobID_1_Batch::DEBUG -- [LA] : move up-->Start!
2023-09-06 00:07:46,292 - jobID_1_Batch::DEBUG -- [LA] : move up-->Done!
2023-09-06 00:07:48,296 - jobID_1_Batch::DEBUG -- [LA] : move center-->Start!
2023-09-06 00:07:49,536 - jobID_1_Batch::DEBUG -- [LA] : move center-->Done!
2023-09-06 00:07:49,536 - jobID_1_Batch::DEBUG -- [Batch] : Finish Injection Queue
2023-09-06 00:07:53,544 - jobID_1_Batch::DEBUG -- [Batch] : Prepare Injection Queue --> NaBH4,10mM,500uL,200uL/s
2023-09-06 00:07:53,544 - jobID_1_Batch::DEBUG -- [PUMP] : prepare solution-->Start!
2023-09-06 00:07:53,544 - jobID_1_Batch::DEBUG -- [PUMP] : prepare solution-->Done!
2023-09-06 00:07:54,546 - jobID_1_Batch::DEBUG -- [LA] : move down-->Start!
2023-09-06 00:07:55,693 - jobID_1_Batch::DEBUG -- [LA] : move down-->Done!
2023-09-06 00:07:55,694 - jobID_1_Batch::DEBUG -- [Batch] : Start Injection Queue --> NaBH4,10mM,3000μL,200μL/s
2023-09-06 00:07:55,694 - jobID_1_Batch::DEBUG -- [PUMP] : prepare solution-->Start!
2023-09-06 00:07:59,365 - jobID_1_Batch::DEBUG -- [PUMP] : prepare solution-->Done!
2023-09-06 00:08:01,369 - jobID_1_Batch::DEBUG -- [LA] : move up-->Start!
2023-09-06 00:08:02,574 - jobID_1_Batch::DEBUG -- [LA] : move up-->Done!
2023-09-06 00:08:04,578 - jobID_1_Batch::DEBUG -- [LA] : move center-->Start!
2023-09-06 00:08:05,734 - jobID_1_Batch::DEBUG -- [LA] : move center-->Done!
2023-09-06 00:08:05,734 - jobID_1_Batch::DEBUG -- [Batch] : Finish Injection Queue
2023-09-06 00:08:06,737 - jobID_1_Batch::DEBUG -- [Batch] : Start Stir Queue 0 (Stirrer)
2023-09-06 00:08:08,390 - jobID_1_Batch::DEBUG -- [Batch] : Start Stir Queue 1 (Stirrer)
2023-09-06 00:08:09,898 - jobID_1_Batch::DEBUG -- [Batch] : Finish Stir Queue 0 (Stirrer)
2023-09-06 00:08:09,898 - jobID_1_Batch::DEBUG -- [Batch] : Finish Stir Queue 1 (Stirrer)
2023-09-06 00:08:09,899 - jobID_1_Batch::DEBUG -- [Batch] : Start Heat Queue 0 (Stirrer)
2023-09-06 00:08:11,750 - jobID_1_Batch::DEBUG -- [Batch] : Start Heat Queue 1 (Stirrer)
2023-09-06 00:08:13,321 - jobID_1_Batch::DEBUG -- [Batch] : Finish Heat Queue 0 (Stirrer)
2023-09-06 00:08:13,321 - jobID_1_Batch::DEBUG -- [Batch] : Finish Heat Queue 1 (Stirrer)
2023-09-06 00:08:13,322 - jobID_1_Batch::DEBUG -- [Batch] : Start Mix:300s
2023-09-06 00:08:13,322 - jobID_1_Batch::DEBUG -- [Batch] : check Mix:300s
2023-09-06 00:08:13,323 - jobID_1_Batch::DEBUG -- [Batch] : Finish Mix:300s
2023-09-06 00:08:13,323 - jobID_1_Batch::DEBUG -- [Batch] : Start Mix:300s
2023-09-06 00:08:13,324 - jobID_1_Batch::DEBUG -- [Batch] : check Mix:300s
2023-09-06 00:08:13,324 - jobID_1_Batch::DEBUG -- [Batch] : Finish Mix:300s
2023-09-06 00:08:16,329 - jobID_1_Batch::DEBUG -- [Batch] : Prepare Injection Queue --> AgNO3,1250mM,500uL,200uL/s
2023-09-06 00:08:16,330 - jobID_1_Batch::DEBUG -- [PUMP] : prepare solution-->Start!
2023-09-06 00:08:16,330 - jobID_1_Batch::DEBUG -- [PUMP] : prepare solution-->Done!
2023-09-06 00:08:17,332 - jobID_1_Batch::DEBUG -- [LA] : move down-->Start!
2023-09-06 00:08:18,402 - jobID_1_Batch::DEBUG -- [LA] : move down-->Done!
2023-09-06 00:08:18,402 - jobID_1_Batch::DEBUG -- [Batch] : Start Injection Queue --> AgNO3,1250mM,2000μL,200μL/s
2023-09-06 00:08:18,402 - jobID_1_Batch::DEBUG -- [PUMP] : prepare solution-->Start!
2023-09-06 00:08:22,178 - jobID_1_Batch::DEBUG -- [PUMP] : prepare solution-->Done!
2023-09-06 00:08:24,182 - jobID_1_Batch::DEBUG -- [LA] : move up-->Start!
2023-09-06 00:08:25,245 - jobID_1_Batch::DEBUG -- [LA] : move up-->Done!
2023-09-06 00:08:27,247 - jobID_1_Batch::DEBUG -- [LA] : move center-->Start!
2023-09-06 00:08:28,360 - jobID_1_Batch::DEBUG -- [LA] : move center-->Done!
2023-09-06 00:08:28,360 - jobID_1_Batch::DEBUG -- [Batch] : Finish Injection Queue
2023-09-06 00:08:32,367 - jobID_1_Batch::DEBUG -- [Batch] : Prepare Injection Queue --> AgNO3,1250mM,500uL,200uL/s
2023-09-06 00:08:32,367 - jobID_1_Batch::DEBUG -- [PUMP] : prepare solution-->Start!
2023-09-06 00:08:32,368 - jobID_1_Batch::DEBUG -- [PUMP] : prepare solution-->Done!
2023-09-06 00:08:33,370 - jobID_1_Batch::DEBUG -- [LA] : move down-->Start!
2023-09-06 00:08:34,502 - jobID_1_Batch::DEBUG -- [LA] : move down-->Done!
2023-09-06 00:08:34,503 - jobID_1_Batch::DEBUG -- [Batch] : Start Injection Queue --> AgNO3,1250mM,2000μL,200μL/s
2023-09-06 00:08:34,503 - jobID_1_Batch::DEBUG -- [PUMP] : prepare solution-->Start!
2023-09-06 00:08:38,229 - jobID_1_Batch::DEBUG -- [PUMP] : prepare solution-->Done!
2023-09-06 00:08:40,234 - jobID_1_Batch::DEBUG -- [LA] : move up-->Start!
2023-09-06 00:08:41,364 - jobID_1_Batch::DEBUG -- [LA] : move up-->Done!
2023-09-06 00:08:43,368 - jobID_1_Batch::DEBUG -- [LA] : move center-->Start!
2023-09-06 00:08:44,460 - jobID_1_Batch::DEBUG -- [LA] : move center-->Done!
2023-09-06 00:08:44,460 - jobID_1_Batch::DEBUG -- [Batch] : Finish Injection Queue
2023-09-06 00:08:45,462 - jobID_1_Batch::DEBUG -- [Batch] : Start React:2400s
2023-09-06 00:08:45,463 - jobID_1_Batch::DEBUG -- [Batch] : Start React:2400s
2023-09-06 00:48:45,536 - jobID_1_Batch::DEBUG -- [Batch] : check React:2400s
2023-09-06 00:48:45,566 - jobID_1_Batch::DEBUG -- [Batch] : check React:2400s
2023-09-06 00:48:48,622 - jobID_1_Batch::DEBUG -- [LA] : move center-->Start!
2023-09-06 00:48:48,633 - jobID_1_Batch::DEBUG -- [LA] : move center-->Start!
2023-09-06 00:48:49,715 - jobID_1_Batch::DEBUG -- [LA] : move center-->Done!
2023-09-06 00:48:49,843 - jobID_1_Batch::DEBUG -- [LA] : move center-->Done!
2023-09-06 00:48:50,763 - jobID_1_Batch::DEBUG -- [DS_B] : stirrer_to_holder-->Start!
2023-09-06 00:48:50,890 - jobID_1_Batch::DEBUG -- [DS_B] : stirrer_to_holder-->Start!
2023-09-06 00:48:52,948 - jobID_1_Batch::DEBUG -- [DS_B] : stirrer_to_holder-->Done!
2023-09-06 00:48:52,959 - jobID_1_Batch::DEBUG -- [Batch] : Finish React:2400s
2023-09-06 00:48:53,023 - jobID_1_Batch::DEBUG -- [DS_B] : stirrer_to_holder-->Done!
2023-09-06 00:48:53,033 - jobID_1_Batch::DEBUG -- [Batch] : Finish React:2400s
2023-09-06 00:48:57,181 - jobID_1_Batch::DEBUG -- [RobotArm] : Start Robot Queue : Batch motion (vialholder_BatchSynthesis_to_storage_filled) is started.
2023-09-06 00:48:57,191 - jobID_1_Batch::DEBUG -- [RobotArm] : Finish Robot Queue : Batch motion (vialholder_BatchSynthesis_to_storage_filled) is done.
2023-09-06 00:48:57,201 - jobID_1_Batch::DEBUG -- [RobotArm] : Start Robot Queue : Batch motion (vialholder_BatchSynthesis_to_storage_filled) is started.
2023-09-06 00:48:57,212 - jobID_1_Batch::DEBUG -- [RobotArm] : Finish Robot Queue : Batch motion (vialholder_BatchSynthesis_to_storage_filled) is done.
2023-09-06 00:48:58,269 - jobID_1_Batch::INFO -- [TaskScheduler] : BatchSynthesis is finished, location: {'Stirrer': ['?', '?', '?', '?', '?', '?', '?', '?'], 'vialHolder': ['?', '?', '?', '?', '?', '?', '?', '?']}
2023-09-06 00:48:58,279 - jobID_1_Batch::INFO -- [TaskScheduler] : check location: {'BatchSynthesis': {'Stirrer': ['?', '?', '?', '?', '?', '?', '?', '?'], 'vialHolder': ['?', '?', '?', '?', '?', '?', '?', '?']}, 'UV': {'vialHolder': ['?', '?', '?', '?', '?', '?', '?', '?']}}
2023-09-06 00:48:58,290 - jobID_1_Batch::INFO -- [TaskScheduler] : BatchSynthesis is started, allocate location: {'Stirrer': [0, 1], 'vialHolder': [0, 1]}
2023-09-06 00:48:58,300 - jobID_1_Batch::INFO -- [TaskScheduler] : check location after allocation: {'BatchSynthesis': {'Stirrer': [1, 1, '?', '?', '?', '?', '?', '?'], 'vialHolder': [1, 1, '?', '?', '?', '?', '?', '?']}, 'UV': {'vialHolder': ['?', '?', '?', '?', '?', '?', '?', '?']}}
2023-09-06 00:49:01,446 - jobID_1_Batch::DEBUG -- [Batch] : storage_empty_to_stirrer is started.
2023-09-06 00:49:01,456 - jobID_1_Batch::DEBUG -- [Batch] : vial_num_list: [8, 9]
2023-09-06 00:49:01,466 - jobID_1_Batch::DEBUG -- [Batch] : line_num_list: [0, 0]
2023-09-06 00:49:01,476 - jobID_1_Batch::DEBUG -- [Batch] : vialHolder_list: [0, 1]
2023-09-06 00:49:01,486 - jobID_1_Batch::DEBUG -- [Batch] : Start Robot Queue : storage_empty_to_stirrer is started.
2023-09-06 00:49:01,497 - jobID_1_Batch::DEBUG -- [LA] : move center-->Start!
2023-09-06 00:49:02,568 - jobID_1_Batch::DEBUG -- [LA] : move center-->Done!
2023-09-06 00:49:03,626 - jobID_1_Batch::DEBUG -- [STORAGE] : open-->Start!
2023-09-06 00:49:06,847 - jobID_1_Batch::DEBUG -- [STORAGE] : open-->Done!
2023-09-06 00:49:09,912 - jobID_1_Batch::DEBUG -- [DS_B] : prepare container-->Start!
2023-09-06 00:49:12,182 - jobID_1_Batch::DEBUG -- [DS_B] : prepare container-->Done!
2023-09-06 00:49:12,192 - jobID_1_Batch::DEBUG -- [Batch] : Finish Robot Queue : storage_empty_to_stirrer is done.
2023-09-06 00:49:16,345 - jobID_1_Batch::DEBUG -- [Batch] : storage_empty_to_stirrer is started.
2023-09-06 00:49:16,355 - jobID_1_Batch::DEBUG -- [Batch] : Start Robot Queue : storage_empty_to_stirrer is started.
2023-09-06 00:49:16,366 - jobID_1_Batch::DEBUG -- [LA] : move center-->Start!
2023-09-06 00:49:17,471 - jobID_1_Batch::DEBUG -- [LA] : move center-->Done!
2023-09-06 00:49:18,528 - jobID_1_Batch::DEBUG -- [STORAGE] : open-->Start!
2023-09-06 00:49:21,739 - jobID_1_Batch::DEBUG -- [STORAGE] : open-->Done!
2023-09-06 00:49:24,794 - jobID_1_Batch::DEBUG -- [DS_B] : prepare container-->Start!
2023-09-06 00:49:27,009 - jobID_1_Batch::DEBUG -- [DS_B] : prepare container-->Done!
2023-09-06 00:49:27,014 - jobID_1_Batch::DEBUG -- [Batch] : Finish Robot Queue : storage_empty_to_stirrer is done.
2023-09-06 00:49:31,131 - jobID_1_Batch::DEBUG -- [Batch] : Prepare Injection Queue --> Citrate,20mM,500uL,200uL/s
2023-09-06 00:49:31,142 - jobID_1_Batch::DEBUG -- [PUMP] : prepare solution-->Start!
2023-09-06 00:49:31,152 - jobID_1_Batch::DEBUG -- [PUMP] : prepare solution-->Done!
2023-09-06 00:49:32,184 - jobID_1_Batch::DEBUG -- [LA] : move down-->Start!
2023-09-06 00:49:33,328 - jobID_1_Batch::DEBUG -- [LA] : move down-->Done!
2023-09-06 00:49:33,338 - jobID_1_Batch::DEBUG -- [Batch] : Start Injection Queue --> Citrate,20mM,1200μL,200μL/s
2023-09-06 00:49:33,349 - jobID_1_Batch::DEBUG -- [PUMP] : prepare solution-->Start!
2023-09-06 00:49:37,056 - jobID_1_Batch::DEBUG -- [PUMP] : prepare solution-->Done!
2023-09-06 00:49:39,140 - jobID_1_Batch::DEBUG -- [LA] : move up-->Start!
2023-09-06 00:49:40,228 - jobID_1_Batch::DEBUG -- [LA] : move up-->Done!
2023-09-06 00:49:42,301 - jobID_1_Batch::DEBUG -- [LA] : move center-->Start!
2023-09-06 00:49:43,537 - jobID_1_Batch::DEBUG -- [LA] : move center-->Done!
2023-09-06 00:49:43,547 - jobID_1_Batch::DEBUG -- [Batch] : Finish Injection Queue
2023-09-06 00:49:47,669 - jobID_1_Batch::DEBUG -- [Batch] : Prepare Injection Queue --> Citrate,20mM,500uL,200uL/s
2023-09-06 00:49:47,680 - jobID_1_Batch::DEBUG -- [PUMP] : prepare solution-->Start!
2023-09-06 00:49:47,690 - jobID_1_Batch::DEBUG -- [PUMP] : prepare solution-->Done!
2023-09-06 00:49:48,737 - jobID_1_Batch::DEBUG -- [LA] : move down-->Start!
2023-09-06 00:49:49,821 - jobID_1_Batch::DEBUG -- [LA] : move down-->Done!
2023-09-06 00:49:49,831 - jobID_1_Batch::DEBUG -- [Batch] : Start Injection Queue --> Citrate,20mM,1200μL,200μL/s
2023-09-06 00:49:49,842 - jobID_1_Batch::DEBUG -- [PUMP] : prepare solution-->Start!
2023-09-06 00:49:53,805 - jobID_1_Batch::DEBUG -- [PUMP] : prepare solution-->Done!
2023-09-06 00:49:55,885 - jobID_1_Batch::DEBUG -- [LA] : move up-->Start!
2023-09-06 00:49:57,020 - jobID_1_Batch::DEBUG -- [LA] : move up-->Done!
2023-09-06 00:49:59,104 - jobID_1_Batch::DEBUG -- [LA] : move center-->Start!
2023-09-06 00:50:00,210 - jobID_1_Batch::DEBUG -- [LA] : move center-->Done!
2023-09-06 00:50:00,221 - jobID_1_Batch::DEBUG -- [Batch] : Finish Injection Queue
2023-09-06 00:50:04,332 - jobID_1_Batch::DEBUG -- [Batch] : Prepare Injection Queue --> H2O2,375mM,500uL,200uL/s
2023-09-06 00:50:04,333 - jobID_1_Batch::DEBUG -- [PUMP] : prepare solution-->Start!
2023-09-06 00:50:04,333 - jobID_1_Batch::DEBUG -- [PUMP] : prepare solution-->Done!
2023-09-06 00:50:05,380 - jobID_1_Batch::DEBUG -- [LA] : move down-->Start!
2023-09-06 00:50:06,485 - jobID_1_Batch::DEBUG -- [LA] : move down-->Done!
2023-09-06 00:50:06,496 - jobID_1_Batch::DEBUG -- [Batch] : Start Injection Queue --> H2O2,375mM,1200μL,200μL/s
2023-09-06 00:50:06,506 - jobID_1_Batch::DEBUG -- [PUMP] : prepare solution-->Start!
2023-09-06 00:50:10,225 - jobID_1_Batch::DEBUG -- [PUMP] : prepare solution-->Done!
2023-09-06 00:50:12,309 - jobID_1_Batch::DEBUG -- [LA] : move up-->Start!
2023-09-06 00:50:13,462 - jobID_1_Batch::DEBUG -- [LA] : move up-->Done!
2023-09-06 00:50:15,576 - jobID_1_Batch::DEBUG -- [LA] : move center-->Start!
2023-09-06 00:50:16,683 - jobID_1_Batch::DEBUG -- [LA] : move center-->Done!
2023-09-06 00:50:16,693 - jobID_1_Batch::DEBUG -- [Batch] : Finish Injection Queue
2023-09-06 00:50:20,816 - jobID_1_Batch::DEBUG -- [Batch] : Prepare Injection Queue --> H2O2,375mM,500uL,200uL/s
2023-09-06 00:50:20,826 - jobID_1_Batch::DEBUG -- [PUMP] : prepare solution-->Start!
2023-09-06 00:50:20,836 - jobID_1_Batch::DEBUG -- [PUMP] : prepare solution-->Done!
2023-09-06 00:50:21,868 - jobID_1_Batch::DEBUG -- [LA] : move down-->Start!
2023-09-06 00:50:23,173 - jobID_1_Batch::DEBUG -- [LA] : move down-->Done!
2023-09-06 00:50:23,183 - jobID_1_Batch::DEBUG -- [Batch] : Start Injection Queue --> H2O2,375mM,1200μL,200μL/s
2023-09-06 00:50:23,194 - jobID_1_Batch::DEBUG -- [PUMP] : prepare solution-->Start!
2023-09-06 00:50:26,936 - jobID_1_Batch::DEBUG -- [PUMP] : prepare solution-->Done!
2023-09-06 00:50:29,050 - jobID_1_Batch::DEBUG -- [LA] : move up-->Start!
2023-09-06 00:50:30,179 - jobID_1_Batch::DEBUG -- [LA] : move up-->Done!
2023-09-06 00:50:32,248 - jobID_1_Batch::DEBUG -- [LA] : move center-->Start!
2023-09-06 00:50:33,400 - jobID_1_Batch::DEBUG -- [LA] : move center-->Done!
2023-09-06 00:50:33,410 - jobID_1_Batch::DEBUG -- [Batch] : Finish Injection Queue
2023-09-06 00:50:37,517 - jobID_1_Batch::DEBUG -- [Batch] : Prepare Injection Queue --> NaBH4,10mM,500uL,200uL/s
2023-09-06 00:50:37,527 - jobID_1_Batch::DEBUG -- [PUMP] : prepare solution-->Start!
2023-09-06 00:50:37,537 - jobID_1_Batch::DEBUG -- [PUMP] : prepare solution-->Done!
2023-09-06 00:50:38,585 - jobID_1_Batch::DEBUG -- [LA] : move down-->Start!
2023-09-06 00:50:39,706 - jobID_1_Batch::DEBUG -- [LA] : move down-->Done!
2023-09-06 00:50:39,716 - jobID_1_Batch::DEBUG -- [Batch] : Start Injection Queue --> NaBH4,10mM,3000μL,200μL/s
2023-09-06 00:50:39,727 - jobID_1_Batch::DEBUG -- [PUMP] : prepare solution-->Start!
2023-09-06 00:50:43,504 - jobID_1_Batch::DEBUG -- [PUMP] : prepare solution-->Done!
2023-09-06 00:50:45,563 - jobID_1_Batch::DEBUG -- [LA] : move up-->Start!
2023-09-06 00:50:46,627 - jobID_1_Batch::DEBUG -- [LA] : move up-->Done!
2023-09-06 00:50:48,711 - jobID_1_Batch::DEBUG -- [LA] : move center-->Start!
2023-09-06 00:50:49,896 - jobID_1_Batch::DEBUG -- [LA] : move center-->Done!
2023-09-06 00:50:49,906 - jobID_1_Batch::DEBUG -- [Batch] : Finish Injection Queue
2023-09-06 00:50:54,028 - jobID_1_Batch::DEBUG -- [Batch] : Prepare Injection Queue --> NaBH4,10mM,500uL,200uL/s
2023-09-06 00:50:54,039 - jobID_1_Batch::DEBUG -- [PUMP] : prepare solution-->Start!
2023-09-06 00:50:54,049 - jobID_1_Batch::DEBUG -- [PUMP] : prepare solution-->Done!
2023-09-06 00:50:55,096 - jobID_1_Batch::DEBUG -- [LA] : move down-->Start!
2023-09-06 00:50:56,239 - jobID_1_Batch::DEBUG -- [LA] : move down-->Done!
2023-09-06 00:50:56,239 - jobID_1_Batch::DEBUG -- [Batch] : Start Injection Queue --> NaBH4,10mM,3000μL,200μL/s
2023-09-06 00:50:56,239 - jobID_1_Batch::DEBUG -- [PUMP] : prepare solution-->Start!
2023-09-06 00:51:00,020 - jobID_1_Batch::DEBUG -- [PUMP] : prepare solution-->Done!
2023-09-06 00:51:02,104 - jobID_1_Batch::DEBUG -- [LA] : move up-->Start!
2023-09-06 00:51:03,180 - jobID_1_Batch::DEBUG -- [LA] : move up-->Done!
2023-09-06 00:51:05,249 - jobID_1_Batch::DEBUG -- [LA] : move center-->Start!
2023-09-06 00:51:06,342 - jobID_1_Batch::DEBUG -- [LA] : move center-->Done!
2023-09-06 00:51:06,352 - jobID_1_Batch::DEBUG -- [Batch] : Finish Injection Queue
2023-09-06 00:51:07,399 - jobID_1_Batch::DEBUG -- [Batch] : Start Stir Queue 0 (Stirrer)
2023-09-06 00:51:08,915 - jobID_1_Batch::DEBUG -- [Batch] : Start Stir Queue 1 (Stirrer)
2023-09-06 00:51:10,487 - jobID_1_Batch::DEBUG -- [Batch] : Finish Stir Queue 0 (Stirrer)
2023-09-06 00:51:10,497 - jobID_1_Batch::DEBUG -- [Batch] : Finish Stir Queue 1 (Stirrer)
2023-09-06 00:51:10,507 - jobID_1_Batch::DEBUG -- [Batch] : Start Heat Queue 0 (Stirrer)
2023-09-06 00:51:12,044 - jobID_1_Batch::DEBUG -- [Batch] : Start Heat Queue 1 (Stirrer)
2023-09-06 00:51:13,659 - jobID_1_Batch::DEBUG -- [Batch] : Finish Heat Queue 0 (Stirrer)
2023-09-06 00:51:13,670 - jobID_1_Batch::DEBUG -- [Batch] : Finish Heat Queue 1 (Stirrer)
2023-09-06 00:51:13,685 - jobID_1_Batch::DEBUG -- [Batch] : Start Mix:300s
2023-09-06 00:51:13,690 - jobID_1_Batch::DEBUG -- [Batch] : Start Mix:300s
2023-09-06 00:51:13,710 - jobID_1_Batch::DEBUG -- [Batch] : check Mix:300s
2023-09-06 00:51:13,716 - jobID_1_Batch::DEBUG -- [Batch] : check Mix:300s
2023-09-06 00:51:13,726 - jobID_1_Batch::DEBUG -- [Batch] : Finish Mix:300s
2023-09-06 00:51:13,736 - jobID_1_Batch::DEBUG -- [Batch] : Finish Mix:300s
2023-09-06 00:51:16,820 - jobID_1_Batch::DEBUG -- [Batch] : Prepare Injection Queue --> AgNO3,1250mM,500uL,200uL/s
2023-09-06 00:51:16,830 - jobID_1_Batch::DEBUG -- [PUMP] : prepare solution-->Start!
2023-09-06 00:51:16,841 - jobID_1_Batch::DEBUG -- [PUMP] : prepare solution-->Done!
2023-09-06 00:51:17,888 - jobID_1_Batch::DEBUG -- [LA] : move down-->Start!
2023-09-06 00:51:19,004 - jobID_1_Batch::DEBUG -- [LA] : move down-->Done!
2023-09-06 00:51:19,014 - jobID_1_Batch::DEBUG -- [Batch] : Start Injection Queue --> AgNO3,1250mM,2000μL,200μL/s
2023-09-06 00:51:19,024 - jobID_1_Batch::DEBUG -- [PUMP] : prepare solution-->Start!
2023-09-06 00:51:22,745 - jobID_1_Batch::DEBUG -- [PUMP] : prepare solution-->Done!
2023-09-06 00:51:24,830 - jobID_1_Batch::DEBUG -- [LA] : move up-->Start!
2023-09-06 00:51:25,972 - jobID_1_Batch::DEBUG -- [LA] : move up-->Done!
2023-09-06 00:51:28,086 - jobID_1_Batch::DEBUG -- [LA] : move center-->Start!
2023-09-06 00:51:29,266 - jobID_1_Batch::DEBUG -- [LA] : move center-->Done!
2023-09-06 00:51:29,276 - jobID_1_Batch::DEBUG -- [Batch] : Finish Injection Queue
2023-09-06 00:51:33,383 - jobID_1_Batch::DEBUG -- [Batch] : Prepare Injection Queue --> AgNO3,1250mM,500uL,200uL/s
2023-09-06 00:51:33,393 - jobID_1_Batch::DEBUG -- [PUMP] : prepare solution-->Start!
2023-09-06 00:51:33,403 - jobID_1_Batch::DEBUG -- [PUMP] : prepare solution-->Done!
2023-09-06 00:51:34,460 - jobID_1_Batch::DEBUG -- [LA] : move down-->Start!
2023-09-06 00:51:35,590 - jobID_1_Batch::DEBUG -- [LA] : move down-->Done!
2023-09-06 00:51:35,600 - jobID_1_Batch::DEBUG -- [Batch] : Start Injection Queue --> AgNO3,1250mM,2000μL,200μL/s
2023-09-06 00:51:35,610 - jobID_1_Batch::DEBUG -- [PUMP] : prepare solution-->Start!
2023-09-06 00:51:39,427 - jobID_1_Batch::DEBUG -- [PUMP] : prepare solution-->Done!
2023-09-06 00:51:41,506 - jobID_1_Batch::DEBUG -- [LA] : move up-->Start!
2023-09-06 00:51:42,647 - jobID_1_Batch::DEBUG -- [LA] : move up-->Done!
2023-09-06 00:51:44,721 - jobID_1_Batch::DEBUG -- [LA] : move center-->Start!
2023-09-06 00:51:45,810 - jobID_1_Batch::DEBUG -- [LA] : move center-->Done!
2023-09-06 00:51:45,820 - jobID_1_Batch::DEBUG -- [Batch] : Finish Injection Queue
2023-09-06 00:51:46,872 - jobID_1_Batch::DEBUG -- [Batch] : Start React:2400s
2023-09-06 00:51:46,883 - jobID_1_Batch::DEBUG -- [Batch] : Start React:2400s
2023-09-06 01:31:46,983 - jobID_1_Batch::DEBUG -- [Batch] : check React:2400s
2023-09-06 01:31:46,983 - jobID_1_Batch::DEBUG -- [Batch] : check React:2400s
2023-09-06 01:31:50,048 - jobID_1_Batch::DEBUG -- [LA] : move center-->Start!
2023-09-06 01:31:50,048 - jobID_1_Batch::DEBUG -- [LA] : move center-->Start!
2023-09-06 01:31:51,241 - jobID_1_Batch::DEBUG -- [LA] : move center-->Done!
2023-09-06 01:31:51,286 - jobID_1_Batch::DEBUG -- [LA] : move center-->Done!
2023-09-06 01:31:52,288 - jobID_1_Batch::DEBUG -- [DS_B] : stirrer_to_holder-->Start!
2023-09-06 01:31:52,345 - jobID_1_Batch::DEBUG -- [DS_B] : stirrer_to_holder-->Start!
2023-09-06 01:31:54,436 - jobID_1_Batch::DEBUG -- [DS_B] : stirrer_to_holder-->Done!
2023-09-06 01:31:54,441 - jobID_1_Batch::DEBUG -- [Batch] : Finish React:2400s
2023-09-06 01:31:54,671 - jobID_1_Batch::DEBUG -- [DS_B] : stirrer_to_holder-->Done!
2023-09-06 01:31:54,681 - jobID_1_Batch::DEBUG -- [Batch] : Finish React:2400s
2023-09-06 01:31:58,809 - jobID_1_Batch::DEBUG -- [RobotArm] : Start Robot Queue : Batch motion (vialholder_BatchSynthesis_to_storage_filled) is started.
2023-09-06 01:31:58,819 - jobID_1_Batch::DEBUG -- [RobotArm] : Finish Robot Queue : Batch motion (vialholder_BatchSynthesis_to_storage_filled) is done.
2023-09-06 01:31:58,829 - jobID_1_Batch::DEBUG -- [RobotArm] : Start Robot Queue : Batch motion (vialholder_BatchSynthesis_to_storage_filled) is started.
2023-09-06 01:31:58,839 - jobID_1_Batch::DEBUG -- [RobotArm] : Finish Robot Queue : Batch motion (vialholder_BatchSynthesis_to_storage_filled) is done.
2023-09-06 01:31:59,897 - jobID_1_Batch::INFO -- [TaskScheduler] : BatchSynthesis is finished, location: {'Stirrer': ['?', '?', '?', '?', '?', '?', '?', '?'], 'vialHolder': ['?', '?', '?', '?', '?', '?', '?', '?']}
2023-09-06 01:31:59,907 - jobID_1_Batch::INFO -- [TaskScheduler] : refresh location: {'BatchSynthesis': {'Stirrer': ['?', '?', '?', '?', '?', '?', '?', '?'], 'vialHolder': ['?', '?', '?', '?', '?', '?', '?', '?']}, 'UV': {'vialHolder': ['?', '?', '?', '?', '?', '?', '?', '?']}}
2023-09-06 01:32:00,077 - jobID_1_Batch::INFO -- [JobExecution] : ######### [jobID_1_Batch-HJ] Experiment 4 is done #########
