2023-08-18 17:49:19,792 - BO_format_1::INFO -- [JobExecution] : [jobID=0] Algorithm, model : BayesianOptimization
2023-08-18 17:49:19,797 - BO_format_1::INFO -- [JobExecution] : ######### Cycle start #########
2023-08-18 17:49:19,808 - BO_format_1::INFO -- [BayesianOptimization] : batchSize=1
2023-08-18 17:49:19,812 - BO_format_1::INFO -- [Algorithm [0]] : next_point 0: {'AddSolution=AgNO3_Concentration': 250, 'AddSolution=AgNO3_Volume': 350, 'AddSolution=AgNO3_Injectionrate': 150}
2023-08-18 17:49:19,848 - BO_format_1::INFO -- [RecipeGenerator] : Allocate all of process based on job script!
2023-08-18 17:49:19,853 - BO_format_1::INFO -- [JobExecution] : ######### [BO_format_1-HJ] Cycle 1/1 is running #########
2023-08-18 17:49:19,874 - BO_format_1::INFO -- [TaskScheduler] : check location: {'BatchSynthesis': {'Stirrer': ['?', '?', '?', '?', '?', '?', '?', '?'], 'vialHolder': ['?', '?', '?', '?', '?', '?', '?', '?']}, 'UV': {'vialHolder': ['?', '?', '?', '?', '?', '?', '?', '?']}}
2023-08-18 17:49:19,884 - BO_format_1::INFO -- [TaskScheduler] : BatchSynthesis is started, allocate location: {'Stirrer': [0], 'vialHolder': [0]}
2023-08-18 17:49:19,895 - BO_format_1::INFO -- [TaskScheduler] : check location after allocation: {'BatchSynthesis': {'Stirrer': [0, '?', '?', '?', '?', '?', '?', '?'], 'vialHolder': [0, '?', '?', '?', '?', '?', '?', '?']}, 'UV': {'vialHolder': ['?', '?', '?', '?', '?', '?', '?', '?']}}
2023-08-18 17:50:18,131 - BO_format_1::INFO -- [TaskScheduler] : BatchSynthesis is finished, location: {'Stirrer': ['?', '?', '?', '?', '?', '?', '?', '?'], 'vialHolder': ['?', '?', '?', '?', '?', '?', '?', '?']}
2023-08-18 17:50:18,141 - BO_format_1::INFO -- [TaskScheduler] : UV is started, allocate location: {'vialHolder': [0]}
2023-08-18 17:50:18,151 - BO_format_1::INFO -- [TaskScheduler] : check location after allocation: {'BatchSynthesis': {'Stirrer': ['?', '?', '?', '?', '?', '?', '?', '?'], 'vialHolder': ['?', '?', '?', '?', '?', '?', '?', '?']}, 'UV': {'vialHolder': [0, '?', '?', '?', '?', '?', '?', '?']}}
2023-08-18 17:50:49,403 - BO_format_1::INFO -- [RobotArm] : Start Robot Queue : Batch motion (vialholder_Characterization_to_storage_filled) is started.
2023-08-18 17:50:49,454 - BO_format_1::INFO -- [TaskScheduler] : UV is finished, location: {'vialHolder': ['?', '?', '?', '?', '?', '?', '?', '?']}
2023-08-18 17:50:49,465 - BO_format_1::INFO -- [TaskScheduler] : refresh location: {'BatchSynthesis': {'Stirrer': ['?', '?', '?', '?', '?', '?', '?', '?'], 'vialHolder': ['?', '?', '?', '?', '?', '?', '?', '?']}, 'UV': {'vialHolder': ['?', '?', '?', '?', '?', '?', '?', '?']}}
2023-08-18 17:50:49,565 - BO_format_1::INFO -- [Algorithm] : 0 optimal_value : -0.6238041893456947
2023-08-18 17:50:49,639 - BO_format_1::INFO -- [JobExecution] : ######### [BO_format_1-HJ] Cycle 1/1 is done #########
2023-08-18 17:50:49,686 - BO_format_1::INFO -- [Algorithm] : Save our model object, filename=20230818_1749_1_obj
2023-08-18 17:50:49,686 - BO_format_1::INFO -- [JobExecution] : ######### [BO_format_1-HJ] All Cycle is done #########
2023-08-18 17:50:59,674 - BO_format_1::INFO -- [JobExecution] : [jobID=1] Algorithm, model : BayesianOptimization
2023-08-18 17:50:59,695 - BO_format_1::INFO -- [JobExecution] : ######### Cycle start #########
2023-08-18 17:50:59,696 - BO_format_1::INFO -- [BayesianOptimization] : batchSize=1
2023-08-18 17:50:59,700 - BO_format_1::INFO -- [Algorithm [0]] : next_point 0: {'AddSolution=AgNO3_Concentration': 325, 'AddSolution=AgNO3_Volume': 550, 'AddSolution=AgNO3_Injectionrate': 100}
2023-08-18 17:50:59,731 - BO_format_1::INFO -- [RecipeGenerator] : Allocate all of process based on job script!
2023-08-18 17:50:59,731 - BO_format_1::INFO -- [JobExecution] : ######### [BO_format_1-HJ] Cycle 1/1 is running #########
2023-08-18 17:50:59,855 - BO_format_1::INFO -- [TaskScheduler] : check location: {'BatchSynthesis': {'Stirrer': ['?', '?', '?', '?', '?', '?', '?', '?'], 'vialHolder': ['?', '?', '?', '?', '?', '?', '?', '?']}, 'UV': {'vialHolder': ['?', '?', '?', '?', '?', '?', '?', '?']}}
2023-08-18 17:50:59,856 - BO_format_1::INFO -- [TaskScheduler] : BatchSynthesis is started, allocate location: {'Stirrer': [0], 'vialHolder': [0]}
2023-08-18 17:50:59,856 - BO_format_1::INFO -- [TaskScheduler] : check location after allocation: {'BatchSynthesis': {'Stirrer': [1, '?', '?', '?', '?', '?', '?', '?'], 'vialHolder': [1, '?', '?', '?', '?', '?', '?', '?']}, 'UV': {'vialHolder': ['?', '?', '?', '?', '?', '?', '?', '?']}}
