2023-08-18 17:52:29,129 - BO_format_1::INFO -- [JobExecution] : [jobID=0] Algorithm, model : BayesianOptimization
2023-08-18 17:52:29,134 - BO_format_1::INFO -- [JobExecution] : ######### Cycle start #########
2023-08-18 17:52:29,134 - BO_format_1::INFO -- [BayesianOptimization] : batchSize=1
2023-08-18 17:52:29,140 - BO_format_1::INFO -- [Algorithm [0]] : next_point 0: {'AddSolution=AgNO3_Concentration': 350, 'AddSolution=AgNO3_Volume': 350, 'AddSolution=AgNO3_Injectionrate': 100}
2023-08-18 17:52:29,187 - BO_format_1::INFO -- [RecipeGenerator] : Allocate all of process based on job script!
2023-08-18 17:52:29,197 - BO_format_1::INFO -- [JobExecution] : ######### [BO_format_1-HJ] Cycle 1/1 is running #########
2023-08-18 17:52:29,238 - BO_format_1::INFO -- [TaskScheduler] : check location: {'BatchSynthesis': {'Stirrer': ['?', '?', '?', '?', '?', '?', '?', '?'], 'vialHolder': ['?', '?', '?', '?', '?', '?', '?', '?']}, 'UV': {'vialHolder': ['?', '?', '?', '?', '?', '?', '?', '?']}}
2023-08-18 17:52:29,249 - BO_format_1::INFO -- [TaskScheduler] : BatchSynthesis is started, allocate location: {'Stirrer': [0], 'vialHolder': [0]}
2023-08-18 17:52:29,259 - BO_format_1::INFO -- [TaskScheduler] : check location after allocation: {'BatchSynthesis': {'Stirrer': [0, '?', '?', '?', '?', '?', '?', '?'], 'vialHolder': [0, '?', '?', '?', '?', '?', '?', '?']}, 'UV': {'vialHolder': ['?', '?', '?', '?', '?', '?', '?', '?']}}
2023-08-18 17:53:28,461 - BO_format_1::INFO -- [TaskScheduler] : BatchSynthesis is finished, location: {'Stirrer': ['?', '?', '?', '?', '?', '?', '?', '?'], 'vialHolder': ['?', '?', '?', '?', '?', '?', '?', '?']}
2023-08-18 17:53:28,471 - BO_format_1::INFO -- [TaskScheduler] : UV is started, allocate location: {'vialHolder': [0]}
2023-08-18 17:53:28,482 - BO_format_1::INFO -- [TaskScheduler] : check location after allocation: {'BatchSynthesis': {'Stirrer': ['?', '?', '?', '?', '?', '?', '?', '?'], 'vialHolder': ['?', '?', '?', '?', '?', '?', '?', '?']}, 'UV': {'vialHolder': [0, '?', '?', '?', '?', '?', '?', '?']}}
2023-08-18 17:53:58,479 - BO_format_1::INFO -- [RobotArm] : Start Robot Queue : Batch motion (vialholder_Characterization_to_storage_filled) is started.
2023-08-18 17:53:58,531 - BO_format_1::INFO -- [TaskScheduler] : UV is finished, location: {'vialHolder': ['?', '?', '?', '?', '?', '?', '?', '?']}
2023-08-18 17:53:58,541 - BO_format_1::INFO -- [TaskScheduler] : refresh location: {'BatchSynthesis': {'Stirrer': ['?', '?', '?', '?', '?', '?', '?', '?'], 'vialHolder': ['?', '?', '?', '?', '?', '?', '?', '?']}, 'UV': {'vialHolder': ['?', '?', '?', '?', '?', '?', '?', '?']}}
2023-08-18 17:53:58,611 - BO_format_1::INFO -- [Algorithm] : 0 optimal_value : -0.07112300817005149
2023-08-18 17:53:58,716 - BO_format_1::INFO -- [JobExecution] : ######### [BO_format_1-HJ] Cycle 1/1 is done #########
2023-08-18 17:53:58,727 - BO_format_1::INFO -- [Algorithm] : Save our model object, filename=20230818_1752_1_obj
2023-08-18 17:53:58,732 - BO_format_1::INFO -- [JobExecution] : ######### [BO_format_1-HJ] All Cycle is done #########
2023-08-18 17:54:09,616 - BO_format_1::INFO -- [JobExecution] : [jobID=1] Algorithm, model : BayesianOptimization
2023-08-18 17:54:09,631 - BO_format_1::INFO -- [JobExecution] : ######### Cycle start #########
2023-08-18 17:54:09,631 - BO_format_1::INFO -- [BayesianOptimization] : batchSize=1
2023-08-18 17:54:09,646 - BO_format_1::INFO -- [Algorithm [0]] : next_point 0: {'AddSolution=AgNO3_Concentration': 250, 'AddSolution=AgNO3_Volume': 750, 'AddSolution=AgNO3_Injectionrate': 50}
2023-08-18 17:54:09,667 - BO_format_1::INFO -- [RecipeGenerator] : Allocate all of process based on job script!
2023-08-18 17:54:09,672 - BO_format_1::INFO -- [JobExecution] : ######### [BO_format_1-HJ] Cycle 1/1 is running #########
2023-08-18 17:54:09,805 - BO_format_1::INFO -- [TaskScheduler] : check location: {'BatchSynthesis': {'Stirrer': ['?', '?', '?', '?', '?', '?', '?', '?'], 'vialHolder': ['?', '?', '?', '?', '?', '?', '?', '?']}, 'UV': {'vialHolder': ['?', '?', '?', '?', '?', '?', '?', '?']}}
2023-08-18 17:54:09,820 - BO_format_1::INFO -- [TaskScheduler] : BatchSynthesis is started, allocate location: {'Stirrer': [0], 'vialHolder': [0]}
2023-08-18 17:54:09,835 - BO_format_1::INFO -- [TaskScheduler] : check location after allocation: {'BatchSynthesis': {'Stirrer': [1, '?', '?', '?', '?', '?', '?', '?'], 'vialHolder': [1, '?', '?', '?', '?', '?', '?', '?']}, 'UV': {'vialHolder': ['?', '?', '?', '?', '?', '?', '?', '?']}}
