2023-09-11 18:11:10,738 - figure_5_abs::INFO -- [JobExecution] : [jobID=1] Algorithm, model : Automatic
2023-09-11 18:11:10,749 - figure_5_abs::INFO -- [JobExecution] : ######### Cycle start #########
2023-09-11 18:11:10,749 - figure_5_abs::INFO -- [Automatic] : total experiments=2
2023-09-11 18:11:10,749 - figure_5_abs::INFO -- [ProcessGenerator] : Allocate all of process based on job script!
2023-09-11 18:11:10,749 - figure_5_abs::INFO -- [JobExecution] : ######### [figure_5_abs-HJ] Experiment 2 is running #########
2023-09-11 18:11:10,778 - figure_5_abs::INFO -- [TaskScheduler] : check location: {'BatchSynthesis': {'Stirrer': [0, 0, '?', '?', '?', '?', '?', '?'], 'vialHolder': [0, 0, '?', '?', '?', '?', '?', '?']}, 'UV': {'vialHolder': ['?', '?', '?', '?', '?', '?', '?', '?']}}
2023-09-11 18:11:10,778 - figure_5_abs::INFO -- [TaskScheduler] : UV is started, allocate location: {'vialHolder': [0, 1]}
2023-09-11 18:11:10,778 - figure_5_abs::INFO -- [TaskScheduler] : check location after allocation: {'BatchSynthesis': {'Stirrer': [0, 0, '?', '?', '?', '?', '?', '?'], 'vialHolder': [0, 0, '?', '?', '?', '?', '?', '?']}, 'UV': {'vialHolder': [1, 1, '?', '?', '?', '?', '?', '?']}}
2023-09-11 18:11:13,783 - figure_5_abs::DEBUG -- [UV-Vis] : Trasfer colloid NP to UV vialholder
2023-09-11 18:11:13,783 - figure_5_abs::DEBUG -- [UV-Vis] : Prepare UV-VIS container
2023-09-11 18:11:13,783 - figure_5_abs::DEBUG -- [DS_B] : cuvette_storage_to_cuvette_holder-->Start!
2023-09-11 18:11:37,297 - figure_5_abs::DEBUG -- [DS_B] : cuvette_storage_to_cuvette_holder-->Done!
2023-09-11 18:11:37,297 - figure_5_abs::DEBUG -- [DS_B] : cuvette_holder_to_UV-->Start!
2023-09-11 18:11:58,807 - figure_5_abs::DEBUG -- [DS_B] : cuvette_holder_to_UV-->Done!
2023-09-11 18:12:00,811 - figure_5_abs::DEBUG -- [DS_B] : UV-VIS Characterization-->Start!
2023-09-11 18:12:07,546 - figure_5_abs::DEBUG -- [DS_B] : UV-VIS Characterization-->Done!
2023-09-11 18:12:07,546 - figure_5_abs::DEBUG -- [DS_B] : Cuvette2ExtractSolution-->Start!
2023-09-11 18:12:07,546 - figure_5_abs::DEBUG -- [UV-Vis] : Start UV sample preparation
2023-09-11 18:13:28,722 - figure_5_abs::DEBUG -- [UV-Vis] : Finish UV sample preparation
2023-09-11 18:13:28,722 - figure_5_abs::DEBUG -- [DS_B] : Cuvette2ExtractSolution-->Done!
2023-09-11 18:13:28,722 - figure_5_abs::DEBUG -- [UV-Vis] : Start UV-VIS Characterization
2023-09-11 18:13:28,722 - figure_5_abs::DEBUG -- [DS_B] : UV-VIS Characterization-->Start!
2023-09-11 18:13:35,449 - figure_5_abs::DEBUG -- [DS_B] : UV-VIS Characterization-->Done!
2023-09-11 18:13:37,453 - figure_5_abs::DEBUG -- [DS_B] : UV_to_cuvette_storage-->Start!
2023-09-11 18:13:59,633 - figure_5_abs::DEBUG -- [DS_B] : UV_to_cuvette_storage-->Done!
2023-09-11 18:13:59,647 - figure_5_abs::DEBUG -- [UV-Vis] : 0 result : OrderedDict([('lambdamax', 699.37661), ('intensity', 0.02545851859755363), ('FWHM', 29.61262099999999)])
2023-09-11 18:13:59,647 - figure_5_abs::DEBUG -- [UV-Vis] : Finish UV-VIS Characterization
2023-09-11 18:14:03,654 - figure_5_abs::DEBUG -- [UV-Vis] : Trasfer colloid NP to UV vialholder
2023-09-11 18:14:03,654 - figure_5_abs::DEBUG -- [UV-Vis] : Prepare UV-VIS container
2023-09-11 18:14:03,654 - figure_5_abs::DEBUG -- [DS_B] : cuvette_storage_to_cuvette_holder-->Start!
2023-09-11 18:14:25,532 - figure_5_abs::DEBUG -- [DS_B] : cuvette_storage_to_cuvette_holder-->Done!
2023-09-11 18:14:25,532 - figure_5_abs::DEBUG -- [DS_B] : cuvette_holder_to_UV-->Start!
2023-09-11 18:14:47,094 - figure_5_abs::DEBUG -- [DS_B] : cuvette_holder_to_UV-->Done!
2023-09-11 18:14:49,098 - figure_5_abs::DEBUG -- [DS_B] : UV-VIS Characterization-->Start!
2023-09-11 18:14:55,824 - figure_5_abs::DEBUG -- [DS_B] : UV-VIS Characterization-->Done!
2023-09-11 18:14:55,824 - figure_5_abs::DEBUG -- [DS_B] : Cuvette2ExtractSolution-->Start!
2023-09-11 18:14:55,824 - figure_5_abs::DEBUG -- [UV-Vis] : Start UV sample preparation
2023-09-11 18:16:17,006 - figure_5_abs::DEBUG -- [UV-Vis] : Finish UV sample preparation
2023-09-11 18:16:17,006 - figure_5_abs::DEBUG -- [DS_B] : Cuvette2ExtractSolution-->Done!
2023-09-11 18:16:17,007 - figure_5_abs::DEBUG -- [UV-Vis] : Start UV-VIS Characterization
2023-09-11 18:16:17,007 - figure_5_abs::DEBUG -- [DS_B] : UV-VIS Characterization-->Start!
2023-09-11 18:16:23,736 - figure_5_abs::DEBUG -- [DS_B] : UV-VIS Characterization-->Done!
2023-09-11 18:16:25,740 - figure_5_abs::DEBUG -- [DS_B] : UV_to_cuvette_storage-->Start!
2023-09-11 18:16:47,806 - figure_5_abs::DEBUG -- [DS_B] : UV_to_cuvette_storage-->Done!
2023-09-11 18:16:47,819 - figure_5_abs::DEBUG -- [UV-Vis] : 1 result : OrderedDict([('lambdamax', 536.288035), ('intensity', 0.01637094305314842), ('FWHM', 13.411208999999985)])
2023-09-11 18:16:47,819 - figure_5_abs::DEBUG -- [UV-Vis] : Finish UV-VIS Characterization
2023-09-11 18:16:51,827 - figure_5_abs::DEBUG -- [RobotArm] : Start Robot Queue : Batch motion (vialholder_UV_to_storage_filled) is started.
2023-09-11 18:16:51,827 - figure_5_abs::DEBUG -- [RobotArm] : vial_num_list:[0, 1]
2023-09-11 18:16:51,828 - figure_5_abs::DEBUG -- [RobotArm] : line_num_list:[0, 0]
2023-09-11 18:16:51,828 - figure_5_abs::DEBUG -- [RobotArm] : vialHolder_list:[0, 1]
2023-09-11 18:17:40,452 - figure_5_abs::DEBUG -- [RobotArm] : Finish Robot Queue : Batch motion (vialholder_UV_to_storage_filled) is done.
2023-09-11 18:17:40,452 - figure_5_abs::DEBUG -- [RobotArm] : Start Robot Queue : Batch motion (vialholder_UV_to_storage_filled) is started.
