2023-09-11 00:00:20,618 - figure_5_abs::INFO -- [JobExecution] : [jobID=0] Algorithm, model : Automatic
2023-09-11 00:00:20,659 - figure_5_abs::INFO -- [JobExecution] : ######### Cycle start #########
2023-09-11 00:00:20,660 - figure_5_abs::INFO -- [Automatic] : total experiments=2
2023-09-11 00:00:20,706 - figure_5_abs::INFO -- [ProcessGenerator] : Allocate all of process based on job script!
2023-09-11 00:00:20,706 - figure_5_abs::INFO -- [JobExecution] : ######### [figure_5_abs-HJ] Experiment 2 is running #########
2023-09-11 00:00:20,893 - figure_5_abs::INFO -- [TaskScheduler] : check location: {'BatchSynthesis': {'Stirrer': ['?', '?', '?', '?', '?', '?', '?', '?'], 'vialHolder': ['?', '?', '?', '?', '?', '?', '?', '?']}, 'UV': {'vialHolder': ['?', '?', '?', '?', '?', '?', '?', '?']}}
2023-09-11 00:00:20,893 - figure_5_abs::INFO -- [TaskScheduler] : UV is started, allocate location: {'vialHolder': [0, 1]}
2023-09-11 00:00:20,893 - figure_5_abs::INFO -- [TaskScheduler] : check location after allocation: {'BatchSynthesis': {'Stirrer': ['?', '?', '?', '?', '?', '?', '?', '?'], 'vialHolder': ['?', '?', '?', '?', '?', '?', '?', '?']}, 'UV': {'vialHolder': [0, 0, '?', '?', '?', '?', '?', '?']}}
2023-09-11 00:00:23,953 - figure_5_abs::DEBUG -- [UV-Vis] : Trasfer colloid NP to UV vialholder
2023-09-11 00:00:23,963 - figure_5_abs::DEBUG -- [UV-Vis] : Prepare UV-VIS container
2023-09-11 00:00:23,973 - figure_5_abs::DEBUG -- [DS_B] : cuvette_storage_to_cuvette_holder-->Start!
2023-09-11 00:00:45,737 - figure_5_abs::DEBUG -- [DS_B] : cuvette_storage_to_cuvette_holder-->Done!
2023-09-11 00:00:45,742 - figure_5_abs::DEBUG -- [DS_B] : cuvette_holder_to_UV-->Start!
2023-09-11 00:01:07,348 - figure_5_abs::DEBUG -- [DS_B] : cuvette_holder_to_UV-->Done!
2023-09-11 00:01:09,400 - figure_5_abs::DEBUG -- [DS_B] : UV-VIS Characterization-->Start!
2023-09-11 00:01:16,925 - figure_5_abs::DEBUG -- [DS_B] : UV-VIS Characterization-->Done!
2023-09-11 00:01:16,935 - figure_5_abs::DEBUG -- [DS_B] : Cuvette2ExtractSolution-->Start!
2023-09-11 00:01:16,945 - figure_5_abs::DEBUG -- [UV-Vis] : Start UV sample preparation
2023-09-11 00:02:38,187 - figure_5_abs::DEBUG -- [UV-Vis] : Finish UV sample preparation
2023-09-11 00:02:38,187 - figure_5_abs::DEBUG -- [DS_B] : Cuvette2ExtractSolution-->Done!
2023-09-11 00:02:38,187 - figure_5_abs::DEBUG -- [UV-Vis] : Start UV-VIS Characterization
2023-09-11 00:02:38,192 - figure_5_abs::DEBUG -- [DS_B] : UV-VIS Characterization-->Start!
2023-09-11 00:02:44,958 - figure_5_abs::DEBUG -- [DS_B] : UV-VIS Characterization-->Done!
2023-09-11 00:02:47,041 - figure_5_abs::DEBUG -- [DS_B] : UV_to_cuvette_storage-->Start!
2023-09-11 00:03:09,211 - figure_5_abs::DEBUG -- [DS_B] : UV_to_cuvette_storage-->Done!
2023-09-11 00:03:09,250 - figure_5_abs::DEBUG -- [UV-Vis] : 0 result : OrderedDict([('lambdamax', 604.753324), ('intensity', 0.016095929344235364), ('FWHM', 12.343073000000004)])
2023-09-11 00:03:09,260 - figure_5_abs::DEBUG -- [UV-Vis] : Finish UV-VIS Characterization
2023-09-11 00:03:13,386 - figure_5_abs::DEBUG -- [UV-Vis] : Trasfer colloid NP to UV vialholder
2023-09-11 00:03:13,397 - figure_5_abs::DEBUG -- [UV-Vis] : Prepare UV-VIS container
2023-09-11 00:03:13,407 - figure_5_abs::DEBUG -- [DS_B] : cuvette_storage_to_cuvette_holder-->Start!
2023-09-11 00:03:35,242 - figure_5_abs::DEBUG -- [DS_B] : cuvette_storage_to_cuvette_holder-->Done!
2023-09-11 00:03:35,247 - figure_5_abs::DEBUG -- [DS_B] : cuvette_holder_to_UV-->Start!
2023-09-11 00:03:56,829 - figure_5_abs::DEBUG -- [DS_B] : cuvette_holder_to_UV-->Done!
2023-09-11 00:03:58,893 - figure_5_abs::DEBUG -- [DS_B] : UV-VIS Characterization-->Start!
2023-09-11 00:04:05,636 - figure_5_abs::DEBUG -- [DS_B] : UV-VIS Characterization-->Done!
2023-09-11 00:04:05,652 - figure_5_abs::DEBUG -- [DS_B] : Cuvette2ExtractSolution-->Start!
2023-09-11 00:04:05,652 - figure_5_abs::DEBUG -- [UV-Vis] : Start UV sample preparation
2023-09-11 00:05:26,841 - figure_5_abs::DEBUG -- [UV-Vis] : Finish UV sample preparation
2023-09-11 00:05:26,852 - figure_5_abs::DEBUG -- [DS_B] : Cuvette2ExtractSolution-->Done!
2023-09-11 00:05:26,862 - figure_5_abs::DEBUG -- [UV-Vis] : Start UV-VIS Characterization
2023-09-11 00:05:26,872 - figure_5_abs::DEBUG -- [DS_B] : UV-VIS Characterization-->Start!
2023-09-11 00:05:33,694 - figure_5_abs::DEBUG -- [DS_B] : UV-VIS Characterization-->Done!
2023-09-11 00:05:35,763 - figure_5_abs::DEBUG -- [DS_B] : UV_to_cuvette_storage-->Start!
2023-09-11 00:05:57,842 - figure_5_abs::DEBUG -- [DS_B] : UV_to_cuvette_storage-->Done!
2023-09-11 00:05:57,881 - figure_5_abs::DEBUG -- [UV-Vis] : 1 result : OrderedDict([('lambdamax', 441.008816), ('intensity', 0.022062384540186077), ('FWHM', 9.987250999999958)])
2023-09-11 00:05:57,891 - figure_5_abs::DEBUG -- [UV-Vis] : Finish UV-VIS Characterization
2023-09-11 00:06:02,034 - figure_5_abs::DEBUG -- [RobotArm] : Start Robot Queue : Batch motion (vialholder_UV_to_storage_filled) is started.
2023-09-11 00:06:02,044 - figure_5_abs::DEBUG -- [RobotArm] : vial_num_list:[0, 1]
2023-09-11 00:06:02,054 - figure_5_abs::DEBUG -- [RobotArm] : line_num_list:[0, 0]
2023-09-11 00:06:02,065 - figure_5_abs::DEBUG -- [RobotArm] : vialHolder_list:[0, 1]
2023-09-11 00:06:50,587 - figure_5_abs::DEBUG -- [RobotArm] : Finish Robot Queue : Batch motion (vialholder_UV_to_storage_filled) is done.
2023-09-11 00:06:50,598 - figure_5_abs::DEBUG -- [RobotArm] : Start Robot Queue : Batch motion (vialholder_UV_to_storage_filled) is started.
2023-09-11 00:07:37,887 - figure_5_abs::DEBUG -- [RobotArm] : Finish Robot Queue : Batch motion (vialholder_UV_to_storage_filled) is done.
2023-09-11 00:07:38,945 - figure_5_abs::INFO -- [TaskScheduler] : UV is finished, location: {'vialHolder': ['?', '?', '?', '?', '?', '?', '?', '?']}
2023-09-11 00:07:38,955 - figure_5_abs::INFO -- [TaskScheduler] : refresh location: {'BatchSynthesis': {'Stirrer': ['?', '?', '?', '?', '?', '?', '?', '?'], 'vialHolder': ['?', '?', '?', '?', '?', '?', '?', '?']}, 'UV': {'vialHolder': ['?', '?', '?', '?', '?', '?', '?', '?']}}
2023-09-11 00:07:39,134 - figure_5_abs::INFO -- [JobExecution] : ######### [figure_5_abs-HJ] Experiment 2 is done #########
