2023-09-04 19:32:06,237 - BO_format_1::INFO -- [JobExecution] : [jobID=0] Algorithm, model : BayesianOptimization
2023-09-04 19:32:06,253 - BO_format_1::INFO -- [JobExecution] : ######### Cycle start #########
2023-09-04 19:32:06,274 - BO_format_1::INFO -- [BayesianOptimization] : batchSize=1
2023-09-04 19:32:06,289 - BO_format_1::INFO -- [Algorithm [0]] : next_point 0: {'AddSolution=AgNO3_Concentration': 200, 'AddSolution=AgNO3_Volume': 400, 'AddSolution=AgNO3_Injectionrate': 50}
2023-09-04 19:32:06,330 - BO_format_1::INFO -- [ProcessGenerator] : Allocate all of process based on job script!
2023-09-04 19:32:06,336 - BO_format_1::INFO -- [JobExecution] : ######### [BO_format_1-HJ] Cycle 1/1 is running #########
2023-09-04 19:32:06,372 - BO_format_1::INFO -- [TaskScheduler] : check location: {'BatchSynthesis': {'Stirrer': ['?', '?', '?', '?', '?', '?', '?', '?'], 'vialHolder': ['?', '?', '?', '?', '?', '?', '?', '?']}, 'UV': {'vialHolder': ['?', '?', '?', '?', '?', '?', '?', '?']}}
2023-09-04 19:32:06,382 - BO_format_1::INFO -- [TaskScheduler] : BatchSynthesis is started, allocate location: {'Stirrer': [0], 'vialHolder': [0]}
2023-09-04 19:32:06,392 - BO_format_1::INFO -- [TaskScheduler] : check location after allocation: {'BatchSynthesis': {'Stirrer': [0, '?', '?', '?', '?', '?', '?', '?'], 'vialHolder': [0, '?', '?', '?', '?', '?', '?', '?']}, 'UV': {'vialHolder': ['?', '?', '?', '?', '?', '?', '?', '?']}}
2023-09-04 19:32:08,492 - BO_format_1::DEBUG -- [Batch] : storage_empty_to_stirrer is started.
2023-09-04 19:32:08,502 - BO_format_1::DEBUG -- [Batch] : vial_num_list: [0]
2023-09-04 19:32:08,512 - BO_format_1::DEBUG -- [Batch] : line_num_list: [0]
2023-09-04 19:32:08,523 - BO_format_1::DEBUG -- [Batch] : vialHolder_list: [0]
2023-09-04 19:32:08,533 - BO_format_1::DEBUG -- [Batch] : Start Robot Queue : storage_empty_to_stirrer is started.
2023-09-04 19:32:08,543 - BO_format_1::DEBUG -- [LA] : move center-->Start!
2023-09-04 19:32:09,654 - BO_format_1::DEBUG -- [LA] : move center-->Done!
2023-09-04 19:32:09,710 - BO_format_1::DEBUG -- [STORAGE] : open-->Start!
2023-09-04 19:32:12,907 - BO_format_1::DEBUG -- [STORAGE] : open-->Done!
2023-09-04 19:32:14,964 - BO_format_1::DEBUG -- [DS_B] : prepare container-->Start!
2023-09-04 19:32:17,053 - BO_format_1::DEBUG -- [DS_B] : prepare container-->Done!
2023-09-04 19:32:17,053 - BO_format_1::DEBUG -- [Batch] : Finish Robot Queue : storage_empty_to_stirrer is done.
2023-09-04 19:32:19,163 - BO_format_1::DEBUG -- [Batch] : Prepare Injection Queue --> NaBH4,0.01mM,500uL,200uL/s
2023-09-04 19:32:19,174 - BO_format_1::DEBUG -- [PUMP] : prepare solution-->Start!
2023-09-04 19:32:19,184 - BO_format_1::DEBUG -- [PUMP] : prepare solution-->Done!
2023-09-04 19:32:19,225 - BO_format_1::DEBUG -- [LA] : move down-->Start!
2023-09-04 19:32:20,296 - BO_format_1::DEBUG -- [LA] : move down-->Done!
2023-09-04 19:32:20,337 - BO_format_1::DEBUG -- [Batch] : Start Injection Queue --> NaBH4,0.01mM,100μL,200μL/s
2023-09-04 19:32:20,347 - BO_format_1::DEBUG -- [PUMP] : prepare solution-->Start!
2023-09-04 19:32:24,151 - BO_format_1::DEBUG -- [PUMP] : prepare solution-->Done!
2023-09-04 19:32:24,197 - BO_format_1::DEBUG -- [LA] : move up-->Start!
2023-09-04 19:32:25,282 - BO_format_1::DEBUG -- [LA] : move up-->Done!
2023-09-04 19:32:25,343 - BO_format_1::DEBUG -- [LA] : move center-->Start!
2023-09-04 19:32:26,451 - BO_format_1::DEBUG -- [LA] : move center-->Done!
2023-09-04 19:32:26,456 - BO_format_1::DEBUG -- [Batch] : Finish Injection Queue
2023-09-04 19:32:26,507 - BO_format_1::DEBUG -- [Batch] : Start Stir Queue 0 (Stirrer)
2023-09-04 19:32:28,009 - BO_format_1::DEBUG -- [Batch] : Finish Stir Queue 0 (Stirrer)
2023-09-04 19:32:28,019 - BO_format_1::DEBUG -- [Batch] : Start Heat Queue 0 (Stirrer)
2023-09-04 19:32:29,528 - BO_format_1::DEBUG -- [Batch] : Finish Heat Queue 0 (Stirrer)
2023-09-04 19:32:29,544 - BO_format_1::DEBUG -- [Batch] : Start Wait:1s
2023-09-04 19:32:29,559 - BO_format_1::DEBUG -- [Batch] : check Wait:1s
2023-09-04 19:32:29,570 - BO_format_1::DEBUG -- [Batch] : Finish Wait:1s
2023-09-04 19:32:31,649 - BO_format_1::DEBUG -- [Batch] : Prepare Injection Queue --> AgNO3,200mM,500uL,200uL/s
2023-09-04 19:32:31,659 - BO_format_1::DEBUG -- [PUMP] : prepare solution-->Start!
2023-09-04 19:32:31,669 - BO_format_1::DEBUG -- [PUMP] : prepare solution-->Done!
2023-09-04 19:32:31,720 - BO_format_1::DEBUG -- [LA] : move down-->Start!
2023-09-04 19:32:32,809 - BO_format_1::DEBUG -- [LA] : move down-->Done!
2023-09-04 19:32:32,860 - BO_format_1::DEBUG -- [Batch] : Start Injection Queue --> AgNO3,200mM,400μL,50μL/s
2023-09-04 19:32:32,871 - BO_format_1::DEBUG -- [PUMP] : prepare solution-->Start!
2023-09-04 19:32:36,671 - BO_format_1::DEBUG -- [PUMP] : prepare solution-->Done!
2023-09-04 19:32:36,717 - BO_format_1::DEBUG -- [LA] : move up-->Start!
2023-09-04 19:32:37,801 - BO_format_1::DEBUG -- [LA] : move up-->Done!
2023-09-04 19:32:37,837 - BO_format_1::DEBUG -- [LA] : move center-->Start!
2023-09-04 19:32:38,947 - BO_format_1::DEBUG -- [LA] : move center-->Done!
2023-09-04 19:32:38,957 - BO_format_1::DEBUG -- [Batch] : Finish Injection Queue
2023-09-04 19:32:39,018 - BO_format_1::DEBUG -- [Batch] : Start React:1s
2023-09-04 19:32:49,049 - BO_format_1::DEBUG -- [Batch] : check React:1s
2023-09-04 19:32:51,128 - BO_format_1::DEBUG -- [LA] : move center-->Start!
2023-09-04 19:32:52,239 - BO_format_1::DEBUG -- [LA] : move center-->Done!
2023-09-04 19:32:52,290 - BO_format_1::DEBUG -- [DS_B] : stirrer_to_holder-->Start!
2023-09-04 19:32:54,506 - BO_format_1::DEBUG -- [DS_B] : stirrer_to_holder-->Done!
2023-09-04 19:32:54,516 - BO_format_1::DEBUG -- [Batch] : Finish React:1s
2023-09-04 19:32:54,577 - BO_format_1::INFO -- [TaskScheduler] : BatchSynthesis is finished, location: {'Stirrer': ['?', '?', '?', '?', '?', '?', '?', '?'], 'vialHolder': ['?', '?', '?', '?', '?', '?', '?', '?']}
2023-09-04 19:32:54,588 - BO_format_1::INFO -- [TaskScheduler] : UV is started, allocate location: {'vialHolder': [0]}
2023-09-04 19:32:54,598 - BO_format_1::INFO -- [TaskScheduler] : check location after allocation: {'BatchSynthesis': {'Stirrer': ['?', '?', '?', '?', '?', '?', '?', '?'], 'vialHolder': ['?', '?', '?', '?', '?', '?', '?', '?']}, 'UV': {'vialHolder': [0, '?', '?', '?', '?', '?', '?', '?']}}
2023-09-04 19:32:56,692 - BO_format_1::DEBUG -- [UV-Vis] : Trasfer colloid NP to UV vialholder
2023-09-04 19:32:56,703 - BO_format_1::DEBUG -- [DS_B] : vialholder_batchsynthesis_to_vialholder_UV-->Start!
2023-09-04 19:32:58,936 - BO_format_1::DEBUG -- [DS_B] : vialholder_batchsynthesis_to_vialholder_UV-->Done!
2023-09-04 19:32:58,946 - BO_format_1::DEBUG -- [UV-Vis] : Prepare UV-VIS container
2023-09-04 19:32:58,956 - BO_format_1::DEBUG -- [DS_B] : cuvette_storage_to_cuvette_holder-->Start!
2023-09-04 19:33:01,086 - BO_format_1::DEBUG -- [DS_B] : cuvette_storage_to_cuvette_holder-->Done!
2023-09-04 19:33:01,132 - BO_format_1::DEBUG -- [DS_B] : cuvette_holder_to_UV-->Start!
2023-09-04 19:33:03,457 - BO_format_1::DEBUG -- [DS_B] : cuvette_holder_to_UV-->Done!
2023-09-04 19:33:03,504 - BO_format_1::DEBUG -- [DS_B] : UV-VIS Characterization-->Start!
2023-09-04 19:33:10,226 - BO_format_1::DEBUG -- [DS_B] : UV-VIS Characterization-->Done!
2023-09-04 19:33:10,287 - BO_format_1::DEBUG -- [DS_B] : Cuvette2ExtractSolution-->Start!
2023-09-04 19:33:10,297 - BO_format_1::DEBUG -- [UV-Vis] : Start UV sample preparation
2023-09-04 19:33:12,580 - BO_format_1::DEBUG -- [UV-Vis] : Finish UV sample preparation
2023-09-04 19:33:12,591 - BO_format_1::DEBUG -- [DS_B] : Cuvette2ExtractSolution-->Done!
2023-09-04 19:33:12,647 - BO_format_1::DEBUG -- [UV-Vis] : Start UV-VIS Characterization
2023-09-04 19:33:12,657 - BO_format_1::DEBUG -- [DS_B] : UV-VIS Characterization-->Start!
2023-09-04 19:33:19,390 - BO_format_1::DEBUG -- [DS_B] : UV-VIS Characterization-->Done!
2023-09-04 19:33:19,447 - BO_format_1::DEBUG -- [DS_B] : UV_to_cuvette_storage-->Start!
2023-09-04 19:33:21,725 - BO_format_1::DEBUG -- [DS_B] : UV_to_cuvette_storage-->Done!
2023-09-04 19:33:21,774 - BO_format_1::DEBUG -- [UV-Vis] : 0 result : OrderedDict([('lambdamax', 651.643078), ('intensity', 0.018016439863865415), ('FWHM', 9.804349000000002)])
2023-09-04 19:33:21,784 - BO_format_1::DEBUG -- [UV-Vis] : Finish UV-VIS Characterization
2023-09-04 19:33:23,930 - BO_format_1::DEBUG -- [RobotArm] : Start Robot Queue : Batch motion (vialholder_UV_to_storage_filled) is started.
2023-09-04 19:33:23,940 - BO_format_1::DEBUG -- [RobotArm] : vial_num_list:[0]
2023-09-04 19:33:23,951 - BO_format_1::DEBUG -- [RobotArm] : line_num_list:[0]
2023-09-04 19:33:23,961 - BO_format_1::DEBUG -- [RobotArm] : vialHolder_list:[0]
2023-09-04 19:33:39,731 - BO_format_1::DEBUG -- [RobotArm] : Finish Robot Queue : Batch motion (vialholder_UV_to_storage_filled) is done.
2023-09-04 19:33:39,773 - BO_format_1::INFO -- [TaskScheduler] : UV is finished, location: {'vialHolder': ['?', '?', '?', '?', '?', '?', '?', '?']}
2023-09-04 19:33:39,783 - BO_format_1::INFO -- [TaskScheduler] : refresh location: {'BatchSynthesis': {'Stirrer': ['?', '?', '?', '?', '?', '?', '?', '?'], 'vialHolder': ['?', '?', '?', '?', '?', '?', '?', '?']}, 'UV': {'vialHolder': ['?', '?', '?', '?', '?', '?', '?', '?']}}
2023-09-04 19:33:39,815 - BO_format_1::INFO -- [Algorithm] : 0 optimal_value : -0.32479265787503636
2023-09-04 19:33:39,956 - BO_format_1::INFO -- [JobExecution] : ######### [BO_format_1-HJ] Cycle 1/1 is done #########
2023-09-04 19:33:39,987 - BO_format_1::INFO -- [Algorithm] : Save our model object, filename=20230904_193339_1_obj
2023-09-04 19:33:40,032 - BO_format_1::INFO -- [JobExecution] : ######### [BO_format_1-HJ] All Cycle is done #########
