2023-09-04 15:53:40,382 - BO_format_1::INFO -- [JobExecution] : [jobID=0] Algorithm, model : BayesianOptimization
2023-09-04 15:53:40,388 - BO_format_1::INFO -- [JobExecution] : ######### Cycle start #########
2023-09-04 15:53:40,406 - BO_format_1::INFO -- [BayesianOptimization] : batchSize=1
2023-09-04 15:53:40,415 - BO_format_1::INFO -- [Algorithm [0]] : next_point 0: {'AddSolution=AgNO3_Concentration': 225, 'AddSolution=AgNO3_Volume': 700, 'AddSolution=AgNO3_Injectionrate': 100}
2023-09-04 15:53:40,432 - BO_format_1::INFO -- [ProcessGenerator] : Allocate all of process based on job script!
2023-09-04 15:53:40,442 - BO_format_1::INFO -- [JobExecution] : ######### [BO_format_1-HJ] Cycle 1/1 is running #########
2023-09-04 15:53:40,447 - BO_format_1::INFO -- [TaskScheduler] : check location: {'BatchSynthesis': {'Stirrer': ['?', '?', '?', '?', '?', '?', '?', '?'], 'vialHolder': ['?', '?', '?', '?', '?', '?', '?', '?']}, 'UV': {'vialHolder': ['?', '?', '?', '?', '?', '?', '?', '?']}}
2023-09-04 15:53:40,458 - BO_format_1::INFO -- [TaskScheduler] : BatchSynthesis is started, allocate location: {'Stirrer': [0], 'vialHolder': [0]}
2023-09-04 15:53:40,468 - BO_format_1::INFO -- [TaskScheduler] : check location after allocation: {'BatchSynthesis': {'Stirrer': [0, '?', '?', '?', '?', '?', '?', '?'], 'vialHolder': [0, '?', '?', '?', '?', '?', '?', '?']}, 'UV': {'vialHolder': ['?', '?', '?', '?', '?', '?', '?', '?']}}
2023-09-04 15:53:42,568 - BO_format_1::DEBUG -- [Batch] : storage_empty_to_stirrer is started.
2023-09-04 15:53:42,578 - BO_format_1::DEBUG -- [Batch] : vial_num_list: [0]
2023-09-04 15:53:42,588 - BO_format_1::DEBUG -- [Batch] : line_num_list: [0]
2023-09-04 15:53:42,598 - BO_format_1::DEBUG -- [Batch] : vialHolder_list: [0]
2023-09-04 15:53:42,609 - BO_format_1::DEBUG -- [Batch] : Start Robot Queue : storage_empty_to_stirrer is started.
2023-09-04 15:53:42,619 - BO_format_1::DEBUG -- [LA] : move center-->Start!
2023-09-04 15:53:43,735 - BO_format_1::DEBUG -- [LA] : move center-->Done!
2023-09-04 15:53:43,792 - BO_format_1::DEBUG -- [STORAGE] : open-->Start!
2023-09-04 15:53:46,920 - BO_format_1::DEBUG -- [STORAGE] : open-->Done!
2023-09-04 15:53:48,974 - BO_format_1::DEBUG -- [DS_B] : prepare container-->Start!
2023-09-04 15:53:51,102 - BO_format_1::DEBUG -- [DS_B] : prepare container-->Done!
2023-09-04 15:53:51,113 - BO_format_1::DEBUG -- [Batch] : Finish Robot Queue : storage_empty_to_stirrer is done.
2023-09-04 15:53:53,258 - BO_format_1::DEBUG -- [Batch] : Prepare Injection Queue --> NaBH4,0.01mM,500uL,200uL/s
2023-09-04 15:53:53,268 - BO_format_1::DEBUG -- [PUMP] : prepare solution-->Start!
2023-09-04 15:53:53,278 - BO_format_1::DEBUG -- [PUMP] : prepare solution-->Done!
2023-09-04 15:53:53,340 - BO_format_1::DEBUG -- [LA] : move down-->Start!
2023-09-04 15:53:54,407 - BO_format_1::DEBUG -- [LA] : move down-->Done!
2023-09-04 15:53:54,453 - BO_format_1::DEBUG -- [Batch] : Start Injection Queue --> NaBH4,0.01mM,100μL,200μL/s
2023-09-04 15:53:54,464 - BO_format_1::DEBUG -- [PUMP] : prepare solution-->Start!
2023-09-04 15:53:58,188 - BO_format_1::DEBUG -- [PUMP] : prepare solution-->Done!
2023-09-04 15:53:58,234 - BO_format_1::DEBUG -- [LA] : move up-->Start!
2023-09-04 15:53:59,325 - BO_format_1::DEBUG -- [LA] : move up-->Done!
2023-09-04 15:53:59,356 - BO_format_1::DEBUG -- [LA] : move center-->Start!
2023-09-04 15:54:00,519 - BO_format_1::DEBUG -- [LA] : move center-->Done!
2023-09-04 15:54:00,529 - BO_format_1::DEBUG -- [Batch] : Finish Injection Queue
2023-09-04 15:54:00,580 - BO_format_1::DEBUG -- [Batch] : Start Stir Queue 0 (Stirrer)
2023-09-04 15:54:02,102 - BO_format_1::DEBUG -- [Batch] : Finish Stir Queue 0 (Stirrer)
2023-09-04 15:54:02,112 - BO_format_1::DEBUG -- [Batch] : Start Heat Queue 0 (Stirrer)
2023-09-04 15:54:03,766 - BO_format_1::DEBUG -- [Batch] : Finish Heat Queue 0 (Stirrer)
2023-09-04 15:54:03,782 - BO_format_1::DEBUG -- [Batch] : Start Wait:1s
2023-09-04 15:54:03,797 - BO_format_1::DEBUG -- [Batch] : check Wait:1s
2023-09-04 15:54:03,807 - BO_format_1::DEBUG -- [Batch] : Finish Wait:1s
2023-09-04 15:54:05,876 - BO_format_1::DEBUG -- [Batch] : Prepare Injection Queue --> AgNO3,225mM,500uL,200uL/s
2023-09-04 15:54:05,886 - BO_format_1::DEBUG -- [PUMP] : prepare solution-->Start!
2023-09-04 15:54:05,897 - BO_format_1::DEBUG -- [PUMP] : prepare solution-->Done!
2023-09-04 15:54:05,953 - BO_format_1::DEBUG -- [LA] : move down-->Start!
2023-09-04 15:54:07,105 - BO_format_1::DEBUG -- [LA] : move down-->Done!
2023-09-04 15:54:07,151 - BO_format_1::DEBUG -- [Batch] : Start Injection Queue --> AgNO3,225mM,700μL,100μL/s
2023-09-04 15:54:07,161 - BO_format_1::DEBUG -- [PUMP] : prepare solution-->Start!
2023-09-04 15:54:10,961 - BO_format_1::DEBUG -- [PUMP] : prepare solution-->Done!
2023-09-04 15:54:11,007 - BO_format_1::DEBUG -- [LA] : move up-->Start!
2023-09-04 15:54:12,073 - BO_format_1::DEBUG -- [LA] : move up-->Done!
2023-09-04 15:54:12,129 - BO_format_1::DEBUG -- [LA] : move center-->Start!
2023-09-04 15:54:13,375 - BO_format_1::DEBUG -- [LA] : move center-->Done!
2023-09-04 15:54:13,385 - BO_format_1::DEBUG -- [Batch] : Finish Injection Queue
2023-09-04 15:54:13,451 - BO_format_1::DEBUG -- [Batch] : Start React:1s
2023-09-04 15:54:23,472 - BO_format_1::DEBUG -- [Batch] : check React:1s
2023-09-04 15:54:25,551 - BO_format_1::DEBUG -- [LA] : move center-->Start!
2023-09-04 15:54:26,629 - BO_format_1::DEBUG -- [LA] : move center-->Done!
2023-09-04 15:54:26,681 - BO_format_1::DEBUG -- [DS_B] : stirrer_to_holder-->Start!
2023-09-04 15:54:28,860 - BO_format_1::DEBUG -- [DS_B] : stirrer_to_holder-->Done!
2023-09-04 15:54:28,870 - BO_format_1::DEBUG -- [Batch] : Finish React:1s
2023-09-04 15:54:28,931 - BO_format_1::INFO -- [TaskScheduler] : BatchSynthesis is finished, location: {'Stirrer': ['?', '?', '?', '?', '?', '?', '?', '?'], 'vialHolder': ['?', '?', '?', '?', '?', '?', '?', '?']}
2023-09-04 15:54:28,941 - BO_format_1::INFO -- [TaskScheduler] : UV is started, allocate location: {'vialHolder': [0]}
2023-09-04 15:54:28,952 - BO_format_1::INFO -- [TaskScheduler] : check location after allocation: {'BatchSynthesis': {'Stirrer': ['?', '?', '?', '?', '?', '?', '?', '?'], 'vialHolder': ['?', '?', '?', '?', '?', '?', '?', '?']}, 'UV': {'vialHolder': [0, '?', '?', '?', '?', '?', '?', '?']}}
2023-09-04 15:54:31,051 - BO_format_1::DEBUG -- [UV-Vis] : Trasfer colloid NP to UV vialholder
2023-09-04 15:54:31,062 - BO_format_1::DEBUG -- [DS_B] : vialholder_batchsynthesis_to_vialholder_UV-->Start!
2023-09-04 15:54:33,280 - BO_format_1::DEBUG -- [DS_B] : vialholder_batchsynthesis_to_vialholder_UV-->Done!
2023-09-04 15:54:33,290 - BO_format_1::DEBUG -- [UV-Vis] : Prepare UV-VIS container
2023-09-04 15:54:33,300 - BO_format_1::DEBUG -- [DS_B] : cuvette_storage_to_cuvette_holder-->Start!
2023-09-04 15:54:35,461 - BO_format_1::DEBUG -- [DS_B] : cuvette_storage_to_cuvette_holder-->Done!
2023-09-04 15:54:35,528 - BO_format_1::DEBUG -- [DS_B] : cuvette_holder_to_UV-->Start!
2023-09-04 15:54:37,767 - BO_format_1::DEBUG -- [DS_B] : cuvette_holder_to_UV-->Done!
2023-09-04 15:54:37,828 - BO_format_1::DEBUG -- [DS_B] : UV-VIS Characterization-->Start!
2023-09-04 15:54:44,568 - BO_format_1::DEBUG -- [DS_B] : UV-VIS Characterization-->Done!
2023-09-04 15:54:44,634 - BO_format_1::DEBUG -- [DS_B] : Cuvette2ExtractSolution-->Start!
2023-09-04 15:54:44,645 - BO_format_1::DEBUG -- [UV-Vis] : Start UV sample preparation
2023-09-04 15:54:46,894 - BO_format_1::DEBUG -- [UV-Vis] : Finish UV sample preparation
2023-09-04 15:54:46,904 - BO_format_1::DEBUG -- [DS_B] : Cuvette2ExtractSolution-->Done!
2023-09-04 15:54:46,971 - BO_format_1::DEBUG -- [UV-Vis] : Start UV-VIS Characterization
2023-09-04 15:54:46,981 - BO_format_1::DEBUG -- [DS_B] : UV-VIS Characterization-->Start!
2023-09-04 15:54:53,709 - BO_format_1::DEBUG -- [DS_B] : UV-VIS Characterization-->Done!
2023-09-04 15:54:53,770 - BO_format_1::DEBUG -- [DS_B] : UV_to_cuvette_storage-->Start!
2023-09-04 15:54:56,004 - BO_format_1::DEBUG -- [DS_B] : UV_to_cuvette_storage-->Done!
2023-09-04 15:54:56,064 - BO_format_1::DEBUG -- [UV-Vis] : 0 result : OrderedDict([('lambdamax', 610.088835), ('intensity', 0.02279630344354773), ('FWHM', 22.661835999999994)])
2023-09-04 15:54:56,074 - BO_format_1::DEBUG -- [UV-Vis] : Finish UV-VIS Characterization
2023-09-04 15:54:58,235 - BO_format_1::DEBUG -- [RobotArm] : Start Robot Queue : Batch motion (vialholder_UV_to_storage_filled) is started.
2023-09-04 15:54:58,245 - BO_format_1::DEBUG -- [RobotArm] : vial_num_list:[0]
2023-09-04 15:54:58,255 - BO_format_1::DEBUG -- [RobotArm] : line_num_list:[0]
2023-09-04 15:54:58,266 - BO_format_1::DEBUG -- [RobotArm] : vialHolder_list:[0]
2023-09-04 15:55:14,152 - BO_format_1::DEBUG -- [RobotArm] : Finish Robot Queue : Batch motion (vialholder_UV_to_storage_filled) is done.
2023-09-04 15:55:14,229 - BO_format_1::INFO -- [TaskScheduler] : UV is finished, location: {'vialHolder': ['?', '?', '?', '?', '?', '?', '?', '?']}
2023-09-04 15:55:14,239 - BO_format_1::INFO -- [TaskScheduler] : refresh location: {'BatchSynthesis': {'Stirrer': ['?', '?', '?', '?', '?', '?', '?', '?'], 'vialHolder': ['?', '?', '?', '?', '?', '?', '?', '?']}, 'UV': {'vialHolder': ['?', '?', '?', '?', '?', '?', '?', '?']}}
2023-09-04 15:55:14,363 - BO_format_1::INFO -- [Algorithm] : 0 optimal_value : -0.19014559897660843
2023-09-04 15:55:14,524 - BO_format_1::INFO -- [JobExecution] : ######### [BO_format_1-HJ] Cycle 1/1 is done #########
2023-09-04 15:55:14,560 - BO_format_1::INFO -- [Algorithm] : Save our model object, filename=1693810420.4063084_1_obj
2023-09-04 15:55:14,570 - BO_format_1::INFO -- [JobExecution] : ######### [BO_format_1-HJ] All Cycle is done #########
