2023-09-04 17:52:51,451 - BO_format_1::INFO -- [JobExecution] : [jobID=0] Algorithm, model : BayesianOptimization
2023-09-04 17:52:51,472 - BO_format_1::INFO -- [JobExecution] : ######### Cycle start #########
2023-09-04 17:52:51,472 - BO_format_1::INFO -- [BayesianOptimization] : batchSize=1
2023-09-04 17:52:51,487 - BO_format_1::INFO -- [Algorithm [0]] : next_point 0: {'AddSolution=AgNO3_Concentration': 75, 'AddSolution=AgNO3_Volume': 1000, 'AddSolution=AgNO3_Injectionrate': 150}
2023-09-04 17:52:51,518 - BO_format_1::INFO -- [ProcessGenerator] : Allocate all of process based on job script!
2023-09-04 17:52:51,528 - BO_format_1::INFO -- [JobExecution] : ######### [BO_format_1-HJ] Cycle 1/1 is running #########
2023-09-04 17:52:51,574 - BO_format_1::INFO -- [TaskScheduler] : check location: {'BatchSynthesis': {'Stirrer': ['?', '?', '?', '?', '?', '?', '?', '?'], 'vialHolder': ['?', '?', '?', '?', '?', '?', '?', '?']}, 'UV': {'vialHolder': ['?', '?', '?', '?', '?', '?', '?', '?']}}
2023-09-04 17:52:51,585 - BO_format_1::INFO -- [TaskScheduler] : BatchSynthesis is started, allocate location: {'Stirrer': [0], 'vialHolder': [0]}
2023-09-04 17:52:51,595 - BO_format_1::INFO -- [TaskScheduler] : check location after allocation: {'BatchSynthesis': {'Stirrer': [0, '?', '?', '?', '?', '?', '?', '?'], 'vialHolder': [0, '?', '?', '?', '?', '?', '?', '?']}, 'UV': {'vialHolder': ['?', '?', '?', '?', '?', '?', '?', '?']}}
2023-09-04 17:52:53,715 - BO_format_1::DEBUG -- [Batch] : storage_empty_to_stirrer is started.
2023-09-04 17:52:53,725 - BO_format_1::DEBUG -- [Batch] : vial_num_list: [0]
2023-09-04 17:52:53,731 - BO_format_1::DEBUG -- [Batch] : line_num_list: [0]
2023-09-04 17:52:53,731 - BO_format_1::DEBUG -- [Batch] : vialHolder_list: [0]
2023-09-04 17:52:53,741 - BO_format_1::DEBUG -- [Batch] : Start Robot Queue : storage_empty_to_stirrer is started.
2023-09-04 17:52:53,751 - BO_format_1::DEBUG -- [LA] : move center-->Start!
2023-09-04 17:52:54,896 - BO_format_1::DEBUG -- [LA] : move center-->Done!
2023-09-04 17:52:54,952 - BO_format_1::DEBUG -- [STORAGE] : open-->Start!
2023-09-04 17:52:58,097 - BO_format_1::DEBUG -- [STORAGE] : open-->Done!
2023-09-04 17:53:00,155 - BO_format_1::DEBUG -- [DS_B] : prepare container-->Start!
2023-09-04 17:53:02,422 - BO_format_1::DEBUG -- [DS_B] : prepare container-->Done!
2023-09-04 17:53:02,432 - BO_format_1::DEBUG -- [Batch] : Finish Robot Queue : storage_empty_to_stirrer is done.
2023-09-04 17:53:04,617 - BO_format_1::DEBUG -- [Batch] : Prepare Injection Queue --> NaBH4,0.01mM,500uL,200uL/s
2023-09-04 17:53:04,623 - BO_format_1::DEBUG -- [PUMP] : prepare solution-->Start!
2023-09-04 17:53:04,628 - BO_format_1::DEBUG -- [PUMP] : prepare solution-->Done!
2023-09-04 17:53:04,690 - BO_format_1::DEBUG -- [LA] : move down-->Start!
2023-09-04 17:53:05,899 - BO_format_1::DEBUG -- [LA] : move down-->Done!
2023-09-04 17:53:05,955 - BO_format_1::DEBUG -- [Batch] : Start Injection Queue --> NaBH4,0.01mM,100μL,200μL/s
2023-09-04 17:53:05,965 - BO_format_1::DEBUG -- [PUMP] : prepare solution-->Start!
2023-09-04 17:53:09,750 - BO_format_1::DEBUG -- [PUMP] : prepare solution-->Done!
2023-09-04 17:53:09,796 - BO_format_1::DEBUG -- [LA] : move up-->Start!
2023-09-04 17:53:10,879 - BO_format_1::DEBUG -- [LA] : move up-->Done!
2023-09-04 17:53:10,940 - BO_format_1::DEBUG -- [LA] : move center-->Start!
2023-09-04 17:53:12,001 - BO_format_1::DEBUG -- [LA] : move center-->Done!
2023-09-04 17:53:12,012 - BO_format_1::DEBUG -- [Batch] : Finish Injection Queue
2023-09-04 17:53:12,073 - BO_format_1::DEBUG -- [Batch] : Start Stir Queue 0 (Stirrer)
2023-09-04 17:53:14,001 - BO_format_1::DEBUG -- [Batch] : Finish Stir Queue 0 (Stirrer)
2023-09-04 17:53:14,011 - BO_format_1::DEBUG -- [Batch] : Start Heat Queue 0 (Stirrer)
2023-09-04 17:53:15,485 - BO_format_1::DEBUG -- [Batch] : Finish Heat Queue 0 (Stirrer)
2023-09-04 17:53:15,501 - BO_format_1::DEBUG -- [Batch] : Start Wait:1s
2023-09-04 17:53:15,516 - BO_format_1::DEBUG -- [Batch] : check Wait:1s
2023-09-04 17:53:15,521 - BO_format_1::DEBUG -- [Batch] : Finish Wait:1s
2023-09-04 17:53:17,590 - BO_format_1::DEBUG -- [Batch] : Prepare Injection Queue --> AgNO3,75mM,500uL,200uL/s
2023-09-04 17:53:17,601 - BO_format_1::DEBUG -- [PUMP] : prepare solution-->Start!
2023-09-04 17:53:17,611 - BO_format_1::DEBUG -- [PUMP] : prepare solution-->Done!
2023-09-04 17:53:17,667 - BO_format_1::DEBUG -- [LA] : move down-->Start!
2023-09-04 17:53:18,820 - BO_format_1::DEBUG -- [LA] : move down-->Done!
2023-09-04 17:53:18,882 - BO_format_1::DEBUG -- [Batch] : Start Injection Queue --> AgNO3,75mM,1000μL,150μL/s
2023-09-04 17:53:18,892 - BO_format_1::DEBUG -- [PUMP] : prepare solution-->Start!
2023-09-04 17:53:22,589 - BO_format_1::DEBUG -- [PUMP] : prepare solution-->Done!
2023-09-04 17:53:22,645 - BO_format_1::DEBUG -- [LA] : move up-->Start!
2023-09-04 17:53:23,768 - BO_format_1::DEBUG -- [LA] : move up-->Done!
2023-09-04 17:53:23,825 - BO_format_1::DEBUG -- [LA] : move center-->Start!
2023-09-04 17:53:25,183 - BO_format_1::DEBUG -- [LA] : move center-->Done!
2023-09-04 17:53:25,193 - BO_format_1::DEBUG -- [Batch] : Finish Injection Queue
2023-09-04 17:53:25,250 - BO_format_1::DEBUG -- [Batch] : Start React:1s
2023-09-04 17:53:35,275 - BO_format_1::DEBUG -- [Batch] : check React:1s
2023-09-04 17:53:37,355 - BO_format_1::DEBUG -- [LA] : move center-->Start!
2023-09-04 17:53:38,413 - BO_format_1::DEBUG -- [LA] : move center-->Done!
2023-09-04 17:53:38,464 - BO_format_1::DEBUG -- [DS_B] : stirrer_to_holder-->Start!
2023-09-04 17:53:40,690 - BO_format_1::DEBUG -- [DS_B] : stirrer_to_holder-->Done!
2023-09-04 17:53:40,700 - BO_format_1::DEBUG -- [Batch] : Finish React:1s
2023-09-04 17:53:40,767 - BO_format_1::INFO -- [TaskScheduler] : BatchSynthesis is finished, location: {'Stirrer': ['?', '?', '?', '?', '?', '?', '?', '?'], 'vialHolder': ['?', '?', '?', '?', '?', '?', '?', '?']}
2023-09-04 17:53:40,777 - BO_format_1::INFO -- [TaskScheduler] : UV is started, allocate location: {'vialHolder': [0]}
2023-09-04 17:53:40,787 - BO_format_1::INFO -- [TaskScheduler] : check location after allocation: {'BatchSynthesis': {'Stirrer': ['?', '?', '?', '?', '?', '?', '?', '?'], 'vialHolder': ['?', '?', '?', '?', '?', '?', '?', '?']}, 'UV': {'vialHolder': [0, '?', '?', '?', '?', '?', '?', '?']}}
2023-09-04 17:53:42,887 - BO_format_1::DEBUG -- [UV-Vis] : Trasfer colloid NP to UV vialholder
2023-09-04 17:53:42,897 - BO_format_1::DEBUG -- [DS_B] : vialholder_batchsynthesis_to_vialholder_UV-->Start!
2023-09-04 17:53:45,103 - BO_format_1::DEBUG -- [DS_B] : vialholder_batchsynthesis_to_vialholder_UV-->Done!
2023-09-04 17:53:45,114 - BO_format_1::DEBUG -- [UV-Vis] : Prepare UV-VIS container
2023-09-04 17:53:45,124 - BO_format_1::DEBUG -- [DS_B] : cuvette_storage_to_cuvette_holder-->Start!
2023-09-04 17:53:47,340 - BO_format_1::DEBUG -- [DS_B] : cuvette_storage_to_cuvette_holder-->Done!
2023-09-04 17:53:47,396 - BO_format_1::DEBUG -- [DS_B] : cuvette_holder_to_UV-->Start!
2023-09-04 17:53:49,672 - BO_format_1::DEBUG -- [DS_B] : cuvette_holder_to_UV-->Done!
2023-09-04 17:53:49,733 - BO_format_1::DEBUG -- [DS_B] : UV-VIS Characterization-->Start!
2023-09-04 17:53:56,465 - BO_format_1::DEBUG -- [DS_B] : UV-VIS Characterization-->Done!
2023-09-04 17:53:56,526 - BO_format_1::DEBUG -- [DS_B] : Cuvette2ExtractSolution-->Start!
2023-09-04 17:53:56,537 - BO_format_1::DEBUG -- [UV-Vis] : Start UV sample preparation
2023-09-04 17:53:58,757 - BO_format_1::DEBUG -- [UV-Vis] : Finish UV sample preparation
2023-09-04 17:53:58,767 - BO_format_1::DEBUG -- [DS_B] : Cuvette2ExtractSolution-->Done!
2023-09-04 17:53:58,813 - BO_format_1::DEBUG -- [UV-Vis] : Start UV-VIS Characterization
2023-09-04 17:53:58,823 - BO_format_1::DEBUG -- [DS_B] : UV-VIS Characterization-->Start!
2023-09-04 17:54:05,582 - BO_format_1::DEBUG -- [DS_B] : UV-VIS Characterization-->Done!
2023-09-04 17:54:05,633 - BO_format_1::DEBUG -- [DS_B] : UV_to_cuvette_storage-->Start!
2023-09-04 17:54:07,799 - BO_format_1::DEBUG -- [DS_B] : UV_to_cuvette_storage-->Done!
2023-09-04 17:54:07,858 - BO_format_1::DEBUG -- [UV-Vis] : 0 result : OrderedDict([('lambdamax', 664.660331), ('intensity', 0.01926220980972323), ('FWHM', 16.524749000000043)])
2023-09-04 17:54:07,868 - BO_format_1::DEBUG -- [UV-Vis] : Finish UV-VIS Characterization
2023-09-04 17:54:10,029 - BO_format_1::DEBUG -- [RobotArm] : Start Robot Queue : Batch motion (vialholder_UV_to_storage_filled) is started.
2023-09-04 17:54:10,039 - BO_format_1::DEBUG -- [RobotArm] : vial_num_list:[0]
2023-09-04 17:54:10,050 - BO_format_1::DEBUG -- [RobotArm] : line_num_list:[0]
2023-09-04 17:54:10,060 - BO_format_1::DEBUG -- [RobotArm] : vialHolder_list:[0]
2023-09-04 17:54:25,852 - BO_format_1::DEBUG -- [RobotArm] : Finish Robot Queue : Batch motion (vialholder_UV_to_storage_filled) is done.
2023-09-04 17:54:25,924 - BO_format_1::INFO -- [TaskScheduler] : UV is finished, location: {'vialHolder': ['?', '?', '?', '?', '?', '?', '?', '?']}
2023-09-04 17:54:25,934 - BO_format_1::INFO -- [TaskScheduler] : refresh location: {'BatchSynthesis': {'Stirrer': ['?', '?', '?', '?', '?', '?', '?', '?'], 'vialHolder': ['?', '?', '?', '?', '?', '?', '?', '?']}, 'UV': {'vialHolder': ['?', '?', '?', '?', '?', '?', '?', '?']}}
2023-09-04 17:54:25,987 - BO_format_1::INFO -- [Algorithm] : 0 optimal_value : -0.3673663450782686
2023-09-04 17:54:26,066 - BO_format_1::INFO -- [JobExecution] : ######### [BO_format_1-HJ] Cycle 1/1 is done #########
2023-09-04 17:54:26,118 - BO_format_1::INFO -- [Algorithm] : Save our model object, filename=20230904_175425_1_obj
2023-09-04 17:54:26,195 - BO_format_1::INFO -- [JobExecution] : ######### [BO_format_1-HJ] All Cycle is done #########
