2023-09-04 16:18:21,475 - BO_format_1::INFO -- [JobExecution] : [jobID=0] Algorithm, model : BayesianOptimization
2023-09-04 16:18:21,480 - BO_format_1::INFO -- [JobExecution] : ######### Cycle start #########
2023-09-04 16:18:21,491 - BO_format_1::INFO -- [BayesianOptimization] : batchSize=1
2023-09-04 16:18:21,496 - BO_format_1::INFO -- [Algorithm [0]] : next_point 0: {'AddSolution=AgNO3_Concentration': 125, 'AddSolution=AgNO3_Volume': 250, 'AddSolution=AgNO3_Injectionrate': 100}
2023-09-04 16:18:21,542 - BO_format_1::INFO -- [ProcessGenerator] : Allocate all of process based on job script!
2023-09-04 16:18:21,553 - BO_format_1::INFO -- [JobExecution] : ######### [BO_format_1-HJ] Cycle 1/1 is running #########
2023-09-04 16:18:21,594 - BO_format_1::INFO -- [TaskScheduler] : check location: {'BatchSynthesis': {'Stirrer': ['?', '?', '?', '?', '?', '?', '?', '?'], 'vialHolder': ['?', '?', '?', '?', '?', '?', '?', '?']}, 'UV': {'vialHolder': ['?', '?', '?', '?', '?', '?', '?', '?']}}
2023-09-04 16:18:21,604 - BO_format_1::INFO -- [TaskScheduler] : BatchSynthesis is started, allocate location: {'Stirrer': [0], 'vialHolder': [0]}
2023-09-04 16:18:21,614 - BO_format_1::INFO -- [TaskScheduler] : check location after allocation: {'BatchSynthesis': {'Stirrer': [0, '?', '?', '?', '?', '?', '?', '?'], 'vialHolder': [0, '?', '?', '?', '?', '?', '?', '?']}, 'UV': {'vialHolder': ['?', '?', '?', '?', '?', '?', '?', '?']}}
2023-09-04 16:18:23,704 - BO_format_1::DEBUG -- [Batch] : storage_empty_to_stirrer is started.
2023-09-04 16:18:23,714 - BO_format_1::DEBUG -- [Batch] : vial_num_list: [0]
2023-09-04 16:18:23,724 - BO_format_1::DEBUG -- [Batch] : line_num_list: [0]
2023-09-04 16:18:23,724 - BO_format_1::DEBUG -- [Batch] : vialHolder_list: [0]
2023-09-04 16:18:23,724 - BO_format_1::DEBUG -- [Batch] : Start Robot Queue : storage_empty_to_stirrer is started.
2023-09-04 16:18:23,724 - BO_format_1::DEBUG -- [LA] : move center-->Start!
2023-09-04 16:18:24,871 - BO_format_1::DEBUG -- [LA] : move center-->Done!
2023-09-04 16:18:24,938 - BO_format_1::DEBUG -- [STORAGE] : open-->Start!
2023-09-04 16:18:28,148 - BO_format_1::DEBUG -- [STORAGE] : open-->Done!
2023-09-04 16:18:30,206 - BO_format_1::DEBUG -- [DS_B] : prepare container-->Start!
2023-09-04 16:18:32,530 - BO_format_1::DEBUG -- [DS_B] : prepare container-->Done!
2023-09-04 16:18:32,541 - BO_format_1::DEBUG -- [Batch] : Finish Robot Queue : storage_empty_to_stirrer is done.
2023-09-04 16:18:34,666 - BO_format_1::DEBUG -- [Batch] : Prepare Injection Queue --> NaBH4,0.01mM,500uL,200uL/s
2023-09-04 16:18:34,676 - BO_format_1::DEBUG -- [PUMP] : prepare solution-->Start!
2023-09-04 16:18:34,687 - BO_format_1::DEBUG -- [PUMP] : prepare solution-->Done!
2023-09-04 16:18:34,738 - BO_format_1::DEBUG -- [LA] : move down-->Start!
2023-09-04 16:18:35,875 - BO_format_1::DEBUG -- [LA] : move down-->Done!
2023-09-04 16:18:35,927 - BO_format_1::DEBUG -- [Batch] : Start Injection Queue --> NaBH4,0.01mM,100μL,200μL/s
2023-09-04 16:18:35,937 - BO_format_1::DEBUG -- [PUMP] : prepare solution-->Start!
2023-09-04 16:18:39,746 - BO_format_1::DEBUG -- [PUMP] : prepare solution-->Done!
2023-09-04 16:18:39,792 - BO_format_1::DEBUG -- [LA] : move up-->Start!
2023-09-04 16:18:40,915 - BO_format_1::DEBUG -- [LA] : move up-->Done!
2023-09-04 16:18:40,961 - BO_format_1::DEBUG -- [LA] : move center-->Start!
2023-09-04 16:18:42,172 - BO_format_1::DEBUG -- [LA] : move center-->Done!
2023-09-04 16:18:42,182 - BO_format_1::DEBUG -- [Batch] : Finish Injection Queue
2023-09-04 16:18:42,224 - BO_format_1::DEBUG -- [Batch] : Start Stir Queue 0 (Stirrer)
2023-09-04 16:18:44,021 - BO_format_1::DEBUG -- [Batch] : Finish Stir Queue 0 (Stirrer)
2023-09-04 16:18:44,032 - BO_format_1::DEBUG -- [Batch] : Start Heat Queue 0 (Stirrer)
2023-09-04 16:18:45,734 - BO_format_1::DEBUG -- [Batch] : Finish Heat Queue 0 (Stirrer)
2023-09-04 16:18:45,749 - BO_format_1::DEBUG -- [Batch] : Start Wait:1s
2023-09-04 16:18:45,765 - BO_format_1::DEBUG -- [Batch] : check Wait:1s
2023-09-04 16:18:45,775 - BO_format_1::DEBUG -- [Batch] : Finish Wait:1s
2023-09-04 16:18:47,889 - BO_format_1::DEBUG -- [Batch] : Prepare Injection Queue --> AgNO3,125mM,500uL,200uL/s
2023-09-04 16:18:47,899 - BO_format_1::DEBUG -- [PUMP] : prepare solution-->Start!
2023-09-04 16:18:47,909 - BO_format_1::DEBUG -- [PUMP] : prepare solution-->Done!
2023-09-04 16:18:47,961 - BO_format_1::DEBUG -- [LA] : move down-->Start!
2023-09-04 16:18:49,082 - BO_format_1::DEBUG -- [LA] : move down-->Done!
2023-09-04 16:18:49,128 - BO_format_1::DEBUG -- [Batch] : Start Injection Queue --> AgNO3,125mM,250μL,100μL/s
2023-09-04 16:18:49,138 - BO_format_1::DEBUG -- [PUMP] : prepare solution-->Start!
2023-09-04 16:18:52,902 - BO_format_1::DEBUG -- [PUMP] : prepare solution-->Done!
2023-09-04 16:18:52,953 - BO_format_1::DEBUG -- [LA] : move up-->Start!
2023-09-04 16:18:54,167 - BO_format_1::DEBUG -- [LA] : move up-->Done!
2023-09-04 16:18:54,218 - BO_format_1::DEBUG -- [LA] : move center-->Start!
2023-09-04 16:18:55,333 - BO_format_1::DEBUG -- [LA] : move center-->Done!
2023-09-04 16:18:55,344 - BO_format_1::DEBUG -- [Batch] : Finish Injection Queue
2023-09-04 16:18:55,410 - BO_format_1::DEBUG -- [Batch] : Start React:1s
2023-09-04 16:19:05,441 - BO_format_1::DEBUG -- [Batch] : check React:1s
2023-09-04 16:19:07,520 - BO_format_1::DEBUG -- [LA] : move center-->Start!
2023-09-04 16:19:08,613 - BO_format_1::DEBUG -- [LA] : move center-->Done!
2023-09-04 16:19:08,659 - BO_format_1::DEBUG -- [DS_B] : stirrer_to_holder-->Start!
2023-09-04 16:19:10,858 - BO_format_1::DEBUG -- [DS_B] : stirrer_to_holder-->Done!
2023-09-04 16:19:10,868 - BO_format_1::DEBUG -- [Batch] : Finish React:1s
2023-09-04 16:19:10,930 - BO_format_1::INFO -- [TaskScheduler] : BatchSynthesis is finished, location: {'Stirrer': ['?', '?', '?', '?', '?', '?', '?', '?'], 'vialHolder': ['?', '?', '?', '?', '?', '?', '?', '?']}
2023-09-04 16:19:10,940 - BO_format_1::INFO -- [TaskScheduler] : UV is started, allocate location: {'vialHolder': [0]}
2023-09-04 16:19:10,950 - BO_format_1::INFO -- [TaskScheduler] : check location after allocation: {'BatchSynthesis': {'Stirrer': ['?', '?', '?', '?', '?', '?', '?', '?'], 'vialHolder': ['?', '?', '?', '?', '?', '?', '?', '?']}, 'UV': {'vialHolder': [0, '?', '?', '?', '?', '?', '?', '?']}}
2023-09-04 16:19:13,049 - BO_format_1::DEBUG -- [UV-Vis] : Trasfer colloid NP to UV vialholder
2023-09-04 16:19:13,059 - BO_format_1::DEBUG -- [DS_B] : vialholder_batchsynthesis_to_vialholder_UV-->Start!
2023-09-04 16:19:15,509 - BO_format_1::DEBUG -- [DS_B] : vialholder_batchsynthesis_to_vialholder_UV-->Done!
2023-09-04 16:19:15,519 - BO_format_1::DEBUG -- [UV-Vis] : Prepare UV-VIS container
2023-09-04 16:19:15,529 - BO_format_1::DEBUG -- [DS_B] : cuvette_storage_to_cuvette_holder-->Start!
2023-09-04 16:19:17,662 - BO_format_1::DEBUG -- [DS_B] : cuvette_storage_to_cuvette_holder-->Done!
2023-09-04 16:19:17,698 - BO_format_1::DEBUG -- [DS_B] : cuvette_holder_to_UV-->Start!
2023-09-04 16:19:19,950 - BO_format_1::DEBUG -- [DS_B] : cuvette_holder_to_UV-->Done!
2023-09-04 16:19:20,011 - BO_format_1::DEBUG -- [DS_B] : UV-VIS Characterization-->Start!
2023-09-04 16:19:26,763 - BO_format_1::DEBUG -- [DS_B] : UV-VIS Characterization-->Done!
2023-09-04 16:19:26,830 - BO_format_1::DEBUG -- [DS_B] : Cuvette2ExtractSolution-->Start!
2023-09-04 16:19:26,840 - BO_format_1::DEBUG -- [UV-Vis] : Start UV sample preparation
2023-09-04 16:19:28,947 - BO_format_1::DEBUG -- [UV-Vis] : Finish UV sample preparation
2023-09-04 16:19:28,958 - BO_format_1::DEBUG -- [DS_B] : Cuvette2ExtractSolution-->Done!
2023-09-04 16:19:29,029 - BO_format_1::DEBUG -- [UV-Vis] : Start UV-VIS Characterization
2023-09-04 16:19:29,039 - BO_format_1::DEBUG -- [DS_B] : UV-VIS Characterization-->Start!
2023-09-04 16:19:35,782 - BO_format_1::DEBUG -- [DS_B] : UV-VIS Characterization-->Done!
2023-09-04 16:19:35,838 - BO_format_1::DEBUG -- [DS_B] : UV_to_cuvette_storage-->Start!
2023-09-04 16:19:37,999 - BO_format_1::DEBUG -- [DS_B] : UV_to_cuvette_storage-->Done!
2023-09-04 16:19:38,047 - BO_format_1::DEBUG -- [UV-Vis] : 0 result : OrderedDict([('lambdamax', 651.969546), ('intensity', 0.019998715789471412), ('FWHM', 15.363839999999982)])
2023-09-04 16:19:38,058 - BO_format_1::DEBUG -- [UV-Vis] : Finish UV-VIS Characterization
2023-09-04 16:19:40,214 - BO_format_1::DEBUG -- [RobotArm] : Start Robot Queue : Batch motion (vialholder_UV_to_storage_filled) is started.
2023-09-04 16:19:40,224 - BO_format_1::DEBUG -- [RobotArm] : vial_num_list:[0]
2023-09-04 16:19:40,234 - BO_format_1::DEBUG -- [RobotArm] : line_num_list:[0]
2023-09-04 16:19:40,244 - BO_format_1::DEBUG -- [RobotArm] : vialHolder_list:[0]
2023-09-04 16:19:56,134 - BO_format_1::DEBUG -- [RobotArm] : Finish Robot Queue : Batch motion (vialholder_UV_to_storage_filled) is done.
2023-09-04 16:19:56,201 - BO_format_1::INFO -- [TaskScheduler] : UV is finished, location: {'vialHolder': ['?', '?', '?', '?', '?', '?', '?', '?']}
2023-09-04 16:19:56,211 - BO_format_1::INFO -- [TaskScheduler] : refresh location: {'BatchSynthesis': {'Stirrer': ['?', '?', '?', '?', '?', '?', '?', '?'], 'vialHolder': ['?', '?', '?', '?', '?', '?', '?', '?']}, 'UV': {'vialHolder': ['?', '?', '?', '?', '?', '?', '?', '?']}}
2023-09-04 16:19:56,320 - BO_format_1::INFO -- [Algorithm] : 0 optimal_value : -0.32601786987767123
2023-09-04 16:19:56,508 - BO_format_1::INFO -- [JobExecution] : ######### [BO_format_1-HJ] Cycle 1/1 is done #########
2023-09-04 16:19:56,575 - BO_format_1::INFO -- [Algorithm] : Save our model object, filename=1693811901.4912126_1_obj
2023-09-04 16:19:56,585 - BO_format_1::INFO -- [JobExecution] : ######### [BO_format_1-HJ] All Cycle is done #########
