2023-09-04 20:22:02,755 - BO_format_1::INFO -- [JobExecution] : [jobID=0] Algorithm, model : BayesianOptimization
2023-09-04 20:22:02,760 - BO_format_1::INFO -- [JobExecution] : ######### Cycle start #########
2023-09-04 20:22:02,766 - BO_format_1::INFO -- [BayesianOptimization] : batchSize=1
2023-09-04 20:22:02,775 - BO_format_1::INFO -- [Algorithm [0]] : next_point 0: {'AddSolution=AgNO3_Concentration': 150, 'AddSolution=AgNO3_Volume': 800, 'AddSolution=AgNO3_Injectionrate': 150}
2023-09-04 20:22:02,812 - BO_format_1::INFO -- [ProcessGenerator] : Allocate all of process based on job script!
2023-09-04 20:22:02,822 - BO_format_1::INFO -- [JobExecution] : ######### [BO_format_1-HJ] Cycle 1/1 is running #########
2023-09-04 20:22:02,858 - BO_format_1::INFO -- [TaskScheduler] : check location: {'BatchSynthesis': {'Stirrer': ['?', '?', '?', '?', '?', '?', '?', '?'], 'vialHolder': ['?', '?', '?', '?', '?', '?', '?', '?']}, 'UV': {'vialHolder': ['?', '?', '?', '?', '?', '?', '?', '?']}}
2023-09-04 20:22:02,869 - BO_format_1::INFO -- [TaskScheduler] : BatchSynthesis is started, allocate location: {'Stirrer': [0], 'vialHolder': [0]}
2023-09-04 20:22:02,879 - BO_format_1::INFO -- [TaskScheduler] : check location after allocation: {'BatchSynthesis': {'Stirrer': [0, '?', '?', '?', '?', '?', '?', '?'], 'vialHolder': [0, '?', '?', '?', '?', '?', '?', '?']}, 'UV': {'vialHolder': ['?', '?', '?', '?', '?', '?', '?', '?']}}
2023-09-04 20:22:04,958 - BO_format_1::DEBUG -- [Batch] : storage_empty_to_stirrer is started.
2023-09-04 20:22:04,968 - BO_format_1::DEBUG -- [Batch] : vial_num_list: [0]
2023-09-04 20:22:04,979 - BO_format_1::DEBUG -- [Batch] : line_num_list: [0]
2023-09-04 20:22:04,989 - BO_format_1::DEBUG -- [Batch] : vialHolder_list: [0]
2023-09-04 20:22:04,999 - BO_format_1::DEBUG -- [Batch] : Start Robot Queue : storage_empty_to_stirrer is started.
2023-09-04 20:22:05,009 - BO_format_1::DEBUG -- [LA] : move center-->Start!
2023-09-04 20:22:06,133 - BO_format_1::DEBUG -- [LA] : move center-->Done!
2023-09-04 20:22:06,190 - BO_format_1::DEBUG -- [STORAGE] : open-->Start!
2023-09-04 20:22:09,265 - BO_format_1::DEBUG -- [STORAGE] : open-->Done!
2023-09-04 20:22:11,329 - BO_format_1::DEBUG -- [DS_B] : prepare container-->Start!
2023-09-04 20:22:13,462 - BO_format_1::DEBUG -- [DS_B] : prepare container-->Done!
2023-09-04 20:22:13,473 - BO_format_1::DEBUG -- [Batch] : Finish Robot Queue : storage_empty_to_stirrer is done.
2023-09-04 20:22:15,608 - BO_format_1::DEBUG -- [Batch] : Prepare Injection Queue --> NaBH4,0.01mM,500uL,200uL/s
2023-09-04 20:22:15,618 - BO_format_1::DEBUG -- [PUMP] : prepare solution-->Start!
2023-09-04 20:22:15,628 - BO_format_1::DEBUG -- [PUMP] : prepare solution-->Done!
2023-09-04 20:22:15,674 - BO_format_1::DEBUG -- [LA] : move down-->Start!
2023-09-04 20:22:16,796 - BO_format_1::DEBUG -- [LA] : move down-->Done!
2023-09-04 20:22:16,837 - BO_format_1::DEBUG -- [Batch] : Start Injection Queue --> NaBH4,0.01mM,100μL,200μL/s
2023-09-04 20:22:16,847 - BO_format_1::DEBUG -- [PUMP] : prepare solution-->Start!
2023-09-04 20:22:20,594 - BO_format_1::DEBUG -- [PUMP] : prepare solution-->Done!
2023-09-04 20:22:20,630 - BO_format_1::DEBUG -- [LA] : move up-->Start!
2023-09-04 20:22:21,715 - BO_format_1::DEBUG -- [LA] : move up-->Done!
2023-09-04 20:22:21,766 - BO_format_1::DEBUG -- [LA] : move center-->Start!
2023-09-04 20:22:22,942 - BO_format_1::DEBUG -- [LA] : move center-->Done!
2023-09-04 20:22:22,953 - BO_format_1::DEBUG -- [Batch] : Finish Injection Queue
2023-09-04 20:22:23,014 - BO_format_1::DEBUG -- [Batch] : Start Stir Queue 0 (Stirrer)
2023-09-04 20:22:24,422 - BO_format_1::DEBUG -- [Batch] : Finish Stir Queue 0 (Stirrer)
2023-09-04 20:22:24,432 - BO_format_1::DEBUG -- [Batch] : Start Heat Queue 0 (Stirrer)
2023-09-04 20:22:25,851 - BO_format_1::DEBUG -- [Batch] : Finish Heat Queue 0 (Stirrer)
2023-09-04 20:22:25,867 - BO_format_1::DEBUG -- [Batch] : Start Wait:1s
2023-09-04 20:22:25,882 - BO_format_1::DEBUG -- [Batch] : check Wait:1s
2023-09-04 20:22:25,893 - BO_format_1::DEBUG -- [Batch] : Finish Wait:1s
2023-09-04 20:22:27,977 - BO_format_1::DEBUG -- [Batch] : Prepare Injection Queue --> AgNO3,150mM,500uL,200uL/s
2023-09-04 20:22:27,987 - BO_format_1::DEBUG -- [PUMP] : prepare solution-->Start!
2023-09-04 20:22:27,997 - BO_format_1::DEBUG -- [PUMP] : prepare solution-->Done!
2023-09-04 20:22:28,054 - BO_format_1::DEBUG -- [LA] : move down-->Start!
2023-09-04 20:22:29,263 - BO_format_1::DEBUG -- [LA] : move down-->Done!
2023-09-04 20:22:29,309 - BO_format_1::DEBUG -- [Batch] : Start Injection Queue --> AgNO3,150mM,800μL,150μL/s
2023-09-04 20:22:29,319 - BO_format_1::DEBUG -- [PUMP] : prepare solution-->Start!
2023-09-04 20:22:33,094 - BO_format_1::DEBUG -- [PUMP] : prepare solution-->Done!
2023-09-04 20:22:33,140 - BO_format_1::DEBUG -- [LA] : move up-->Start!
2023-09-04 20:22:34,267 - BO_format_1::DEBUG -- [LA] : move up-->Done!
2023-09-04 20:22:34,318 - BO_format_1::DEBUG -- [LA] : move center-->Start!
2023-09-04 20:22:35,501 - BO_format_1::DEBUG -- [LA] : move center-->Done!
2023-09-04 20:22:35,511 - BO_format_1::DEBUG -- [Batch] : Finish Injection Queue
2023-09-04 20:22:35,567 - BO_format_1::DEBUG -- [Batch] : Start React:1s
2023-09-04 20:22:45,593 - BO_format_1::DEBUG -- [Batch] : check React:1s
2023-09-04 20:22:47,667 - BO_format_1::DEBUG -- [LA] : move center-->Start!
2023-09-04 20:22:48,832 - BO_format_1::DEBUG -- [LA] : move center-->Done!
2023-09-04 20:22:48,878 - BO_format_1::DEBUG -- [DS_B] : stirrer_to_holder-->Start!
2023-09-04 20:22:50,970 - BO_format_1::DEBUG -- [DS_B] : stirrer_to_holder-->Done!
2023-09-04 20:22:50,980 - BO_format_1::DEBUG -- [Batch] : Finish React:1s
2023-09-04 20:22:51,036 - BO_format_1::INFO -- [TaskScheduler] : BatchSynthesis is finished, location: {'Stirrer': ['?', '?', '?', '?', '?', '?', '?', '?'], 'vialHolder': ['?', '?', '?', '?', '?', '?', '?', '?']}
2023-09-04 20:22:51,036 - BO_format_1::INFO -- [TaskScheduler] : UV is started, allocate location: {'vialHolder': [0]}
2023-09-04 20:22:51,037 - BO_format_1::INFO -- [TaskScheduler] : check location after allocation: {'BatchSynthesis': {'Stirrer': ['?', '?', '?', '?', '?', '?', '?', '?'], 'vialHolder': ['?', '?', '?', '?', '?', '?', '?', '?']}, 'UV': {'vialHolder': [0, '?', '?', '?', '?', '?', '?', '?']}}
2023-09-04 20:22:53,125 - BO_format_1::DEBUG -- [UV-Vis] : Trasfer colloid NP to UV vialholder
2023-09-04 20:22:53,135 - BO_format_1::DEBUG -- [DS_B] : vialholder_batchsynthesis_to_vialholder_UV-->Start!
2023-09-04 20:22:55,326 - BO_format_1::DEBUG -- [DS_B] : vialholder_batchsynthesis_to_vialholder_UV-->Done!
2023-09-04 20:22:55,336 - BO_format_1::DEBUG -- [UV-Vis] : Prepare UV-VIS container
2023-09-04 20:22:55,347 - BO_format_1::DEBUG -- [DS_B] : cuvette_storage_to_cuvette_holder-->Start!
2023-09-04 20:22:57,512 - BO_format_1::DEBUG -- [DS_B] : cuvette_storage_to_cuvette_holder-->Done!
2023-09-04 20:22:57,569 - BO_format_1::DEBUG -- [DS_B] : cuvette_holder_to_UV-->Start!
2023-09-04 20:22:59,817 - BO_format_1::DEBUG -- [DS_B] : cuvette_holder_to_UV-->Done!
2023-09-04 20:22:59,859 - BO_format_1::DEBUG -- [DS_B] : UV-VIS Characterization-->Start!
2023-09-04 20:23:06,593 - BO_format_1::DEBUG -- [DS_B] : UV-VIS Characterization-->Done!
2023-09-04 20:23:06,660 - BO_format_1::DEBUG -- [DS_B] : Cuvette2ExtractSolution-->Start!
2023-09-04 20:23:06,670 - BO_format_1::DEBUG -- [UV-Vis] : Start UV sample preparation
2023-09-04 20:23:08,850 - BO_format_1::DEBUG -- [UV-Vis] : Finish UV sample preparation
2023-09-04 20:23:08,860 - BO_format_1::DEBUG -- [DS_B] : Cuvette2ExtractSolution-->Done!
2023-09-04 20:23:08,921 - BO_format_1::DEBUG -- [UV-Vis] : Start UV-VIS Characterization
2023-09-04 20:23:08,932 - BO_format_1::DEBUG -- [DS_B] : UV-VIS Characterization-->Start!
2023-09-04 20:23:15,671 - BO_format_1::DEBUG -- [DS_B] : UV-VIS Characterization-->Done!
2023-09-04 20:23:15,717 - BO_format_1::DEBUG -- [DS_B] : UV_to_cuvette_storage-->Start!
2023-09-04 20:23:17,939 - BO_format_1::DEBUG -- [DS_B] : UV_to_cuvette_storage-->Done!
2023-09-04 20:23:17,977 - BO_format_1::DEBUG -- [UV-Vis] : 0 result : OrderedDict([('lambdamax', 551.714589), ('intensity', 0.01961440342860363), ('FWHM', 22.870347000000038)])
2023-09-04 20:23:17,988 - BO_format_1::DEBUG -- [UV-Vis] : Finish UV-VIS Characterization
2023-09-04 20:23:20,127 - BO_format_1::DEBUG -- [RobotArm] : Start Robot Queue : Batch motion (vialholder_UV_to_storage_filled) is started.
2023-09-04 20:23:20,137 - BO_format_1::DEBUG -- [RobotArm] : vial_num_list:[0]
2023-09-04 20:23:20,148 - BO_format_1::DEBUG -- [RobotArm] : line_num_list:[0]
2023-09-04 20:23:20,158 - BO_format_1::DEBUG -- [RobotArm] : vialHolder_list:[0]
2023-09-04 20:23:36,243 - BO_format_1::DEBUG -- [RobotArm] : Finish Robot Queue : Batch motion (vialholder_UV_to_storage_filled) is done.
2023-09-04 20:23:36,297 - BO_format_1::INFO -- [TaskScheduler] : UV is finished, location: {'vialHolder': ['?', '?', '?', '?', '?', '?', '?', '?']}
2023-09-04 20:23:36,307 - BO_format_1::INFO -- [TaskScheduler] : refresh location: {'BatchSynthesis': {'Stirrer': ['?', '?', '?', '?', '?', '?', '?', '?'], 'vialHolder': ['?', '?', '?', '?', '?', '?', '?', '?']}, 'UV': {'vialHolder': ['?', '?', '?', '?', '?', '?', '?', '?']}}
2023-09-04 20:23:36,349 - BO_format_1::INFO -- [Algorithm] : 0 optimal_value : -0.13903284032297758
2023-09-04 20:23:36,353 - BO_format_1::INFO -- [JobExecution] : ######### [BO_format_1-HJ] Cycle 1/1 is done #########
2023-09-04 20:23:36,354 - BO_format_1::INFO -- [Algorithm] : Save our model object, filename=20230904_202336_1_obj
2023-09-04 20:23:36,404 - BO_format_1::INFO -- [JobExecution] : ######### [BO_format_1-HJ] All Cycle is done #########
