2023-09-04 19:41:19,356 - BO_format_1::INFO -- [JobExecution] : [jobID=0] Algorithm, model : BayesianOptimization
2023-09-04 19:41:19,356 - BO_format_1::INFO -- [JobExecution] : ######### Cycle start #########
2023-09-04 19:41:19,377 - BO_format_1::INFO -- [BayesianOptimization] : batchSize=1
2023-09-04 19:41:19,386 - BO_format_1::INFO -- [Algorithm [0]] : next_point 0: {'AddSolution=AgNO3_Concentration': 250, 'AddSolution=AgNO3_Volume': 750, 'AddSolution=AgNO3_Injectionrate': 100}
2023-09-04 19:41:19,407 - BO_format_1::INFO -- [ProcessGenerator] : Allocate all of process based on job script!
2023-09-04 19:41:19,417 - BO_format_1::INFO -- [JobExecution] : ######### [BO_format_1-HJ] Cycle 1/1 is running #########
2023-09-04 19:41:19,453 - BO_format_1::INFO -- [TaskScheduler] : check location: {'BatchSynthesis': {'Stirrer': ['?', '?', '?', '?', '?', '?', '?', '?'], 'vialHolder': ['?', '?', '?', '?', '?', '?', '?', '?']}, 'UV': {'vialHolder': ['?', '?', '?', '?', '?', '?', '?', '?']}}
2023-09-04 19:41:19,463 - BO_format_1::INFO -- [TaskScheduler] : BatchSynthesis is started, allocate location: {'Stirrer': [0], 'vialHolder': [0]}
2023-09-04 19:41:19,474 - BO_format_1::INFO -- [TaskScheduler] : check location after allocation: {'BatchSynthesis': {'Stirrer': [0, '?', '?', '?', '?', '?', '?', '?'], 'vialHolder': [0, '?', '?', '?', '?', '?', '?', '?']}, 'UV': {'vialHolder': ['?', '?', '?', '?', '?', '?', '?', '?']}}
2023-09-04 19:41:21,553 - BO_format_1::DEBUG -- [Batch] : storage_empty_to_stirrer is started.
2023-09-04 19:41:21,563 - BO_format_1::DEBUG -- [Batch] : vial_num_list: [0]
2023-09-04 19:41:21,574 - BO_format_1::DEBUG -- [Batch] : line_num_list: [0]
2023-09-04 19:41:21,584 - BO_format_1::DEBUG -- [Batch] : vialHolder_list: [0]
2023-09-04 19:41:21,594 - BO_format_1::DEBUG -- [Batch] : Start Robot Queue : storage_empty_to_stirrer is started.
2023-09-04 19:41:21,604 - BO_format_1::DEBUG -- [LA] : move center-->Start!
2023-09-04 19:41:22,710 - BO_format_1::DEBUG -- [LA] : move center-->Done!
2023-09-04 19:41:22,771 - BO_format_1::DEBUG -- [STORAGE] : open-->Start!
2023-09-04 19:41:25,985 - BO_format_1::DEBUG -- [STORAGE] : open-->Done!
2023-09-04 19:41:28,043 - BO_format_1::DEBUG -- [DS_B] : prepare container-->Start!
2023-09-04 19:41:30,294 - BO_format_1::DEBUG -- [DS_B] : prepare container-->Done!
2023-09-04 19:41:30,304 - BO_format_1::DEBUG -- [Batch] : Finish Robot Queue : storage_empty_to_stirrer is done.
2023-09-04 19:41:32,424 - BO_format_1::DEBUG -- [Batch] : Prepare Injection Queue --> NaBH4,0.01mM,500uL,200uL/s
2023-09-04 19:41:32,434 - BO_format_1::DEBUG -- [PUMP] : prepare solution-->Start!
2023-09-04 19:41:32,445 - BO_format_1::DEBUG -- [PUMP] : prepare solution-->Done!
2023-09-04 19:41:32,495 - BO_format_1::DEBUG -- [LA] : move down-->Start!
2023-09-04 19:41:33,611 - BO_format_1::DEBUG -- [LA] : move down-->Done!
2023-09-04 19:41:33,657 - BO_format_1::DEBUG -- [Batch] : Start Injection Queue --> NaBH4,0.01mM,100μL,200μL/s
2023-09-04 19:41:33,667 - BO_format_1::DEBUG -- [PUMP] : prepare solution-->Start!
2023-09-04 19:41:37,420 - BO_format_1::DEBUG -- [PUMP] : prepare solution-->Done!
2023-09-04 19:41:37,466 - BO_format_1::DEBUG -- [LA] : move up-->Start!
2023-09-04 19:41:38,583 - BO_format_1::DEBUG -- [LA] : move up-->Done!
2023-09-04 19:41:38,634 - BO_format_1::DEBUG -- [LA] : move center-->Start!
2023-09-04 19:41:39,727 - BO_format_1::DEBUG -- [LA] : move center-->Done!
2023-09-04 19:41:39,738 - BO_format_1::DEBUG -- [Batch] : Finish Injection Queue
2023-09-04 19:41:39,799 - BO_format_1::DEBUG -- [Batch] : Start Stir Queue 0 (Stirrer)
2023-09-04 19:41:41,367 - BO_format_1::DEBUG -- [Batch] : Finish Stir Queue 0 (Stirrer)
2023-09-04 19:41:41,377 - BO_format_1::DEBUG -- [Batch] : Start Heat Queue 0 (Stirrer)
2023-09-04 19:41:42,860 - BO_format_1::DEBUG -- [Batch] : Finish Heat Queue 0 (Stirrer)
2023-09-04 19:41:42,876 - BO_format_1::DEBUG -- [Batch] : Start Wait:1s
2023-09-04 19:41:42,891 - BO_format_1::DEBUG -- [Batch] : check Wait:1s
2023-09-04 19:41:42,896 - BO_format_1::DEBUG -- [Batch] : Finish Wait:1s
2023-09-04 19:41:44,980 - BO_format_1::DEBUG -- [Batch] : Prepare Injection Queue --> AgNO3,250mM,500uL,200uL/s
2023-09-04 19:41:44,991 - BO_format_1::DEBUG -- [PUMP] : prepare solution-->Start!
2023-09-04 19:41:45,001 - BO_format_1::DEBUG -- [PUMP] : prepare solution-->Done!
2023-09-04 19:41:45,057 - BO_format_1::DEBUG -- [LA] : move down-->Start!
2023-09-04 19:41:46,184 - BO_format_1::DEBUG -- [LA] : move down-->Done!
2023-09-04 19:41:46,230 - BO_format_1::DEBUG -- [Batch] : Start Injection Queue --> AgNO3,250mM,750μL,100μL/s
2023-09-04 19:41:46,241 - BO_format_1::DEBUG -- [PUMP] : prepare solution-->Start!
2023-09-04 19:41:50,198 - BO_format_1::DEBUG -- [PUMP] : prepare solution-->Done!
2023-09-04 19:41:50,249 - BO_format_1::DEBUG -- [LA] : move up-->Start!
2023-09-04 19:41:51,485 - BO_format_1::DEBUG -- [LA] : move up-->Done!
2023-09-04 19:41:51,516 - BO_format_1::DEBUG -- [LA] : move center-->Start!
2023-09-04 19:41:52,650 - BO_format_1::DEBUG -- [LA] : move center-->Done!
2023-09-04 19:41:52,661 - BO_format_1::DEBUG -- [Batch] : Finish Injection Queue
2023-09-04 19:41:52,717 - BO_format_1::DEBUG -- [Batch] : Start React:1s
2023-09-04 19:42:02,748 - BO_format_1::DEBUG -- [Batch] : check React:1s
2023-09-04 19:42:04,827 - BO_format_1::DEBUG -- [LA] : move center-->Start!
2023-09-04 19:42:05,914 - BO_format_1::DEBUG -- [LA] : move center-->Done!
2023-09-04 19:42:05,955 - BO_format_1::DEBUG -- [DS_B] : stirrer_to_holder-->Start!
2023-09-04 19:42:08,129 - BO_format_1::DEBUG -- [DS_B] : stirrer_to_holder-->Done!
2023-09-04 19:42:08,139 - BO_format_1::DEBUG -- [Batch] : Finish React:1s
2023-09-04 19:42:08,185 - BO_format_1::INFO -- [TaskScheduler] : BatchSynthesis is finished, location: {'Stirrer': ['?', '?', '?', '?', '?', '?', '?', '?'], 'vialHolder': ['?', '?', '?', '?', '?', '?', '?', '?']}
2023-09-04 19:42:08,196 - BO_format_1::INFO -- [TaskScheduler] : UV is started, allocate location: {'vialHolder': [0]}
2023-09-04 19:42:08,206 - BO_format_1::INFO -- [TaskScheduler] : check location after allocation: {'BatchSynthesis': {'Stirrer': ['?', '?', '?', '?', '?', '?', '?', '?'], 'vialHolder': ['?', '?', '?', '?', '?', '?', '?', '?']}, 'UV': {'vialHolder': [0, '?', '?', '?', '?', '?', '?', '?']}}
2023-09-04 19:42:10,305 - BO_format_1::DEBUG -- [UV-Vis] : Trasfer colloid NP to UV vialholder
2023-09-04 19:42:10,316 - BO_format_1::DEBUG -- [DS_B] : vialholder_batchsynthesis_to_vialholder_UV-->Start!
2023-09-04 19:42:12,737 - BO_format_1::DEBUG -- [DS_B] : vialholder_batchsynthesis_to_vialholder_UV-->Done!
2023-09-04 19:42:12,747 - BO_format_1::DEBUG -- [UV-Vis] : Prepare UV-VIS container
2023-09-04 19:42:12,757 - BO_format_1::DEBUG -- [DS_B] : cuvette_storage_to_cuvette_holder-->Start!
2023-09-04 19:42:15,005 - BO_format_1::DEBUG -- [DS_B] : cuvette_storage_to_cuvette_holder-->Done!
2023-09-04 19:42:15,061 - BO_format_1::DEBUG -- [DS_B] : cuvette_holder_to_UV-->Start!
2023-09-04 19:42:17,353 - BO_format_1::DEBUG -- [DS_B] : cuvette_holder_to_UV-->Done!
2023-09-04 19:42:17,394 - BO_format_1::DEBUG -- [DS_B] : UV-VIS Characterization-->Start!
2023-09-04 19:42:24,140 - BO_format_1::DEBUG -- [DS_B] : UV-VIS Characterization-->Done!
2023-09-04 19:42:24,201 - BO_format_1::DEBUG -- [DS_B] : Cuvette2ExtractSolution-->Start!
2023-09-04 19:42:24,212 - BO_format_1::DEBUG -- [UV-Vis] : Start UV sample preparation
2023-09-04 19:42:26,460 - BO_format_1::DEBUG -- [UV-Vis] : Finish UV sample preparation
2023-09-04 19:42:26,470 - BO_format_1::DEBUG -- [DS_B] : Cuvette2ExtractSolution-->Done!
2023-09-04 19:42:26,532 - BO_format_1::DEBUG -- [UV-Vis] : Start UV-VIS Characterization
2023-09-04 19:42:26,537 - BO_format_1::DEBUG -- [DS_B] : UV-VIS Characterization-->Start!
2023-09-04 19:42:33,260 - BO_format_1::DEBUG -- [DS_B] : UV-VIS Characterization-->Done!
2023-09-04 19:42:33,312 - BO_format_1::DEBUG -- [DS_B] : UV_to_cuvette_storage-->Start!
2023-09-04 19:42:35,531 - BO_format_1::DEBUG -- [DS_B] : UV_to_cuvette_storage-->Done!
2023-09-04 19:42:35,575 - BO_format_1::DEBUG -- [UV-Vis] : 0 result : OrderedDict([('lambdamax', 567.721132), ('intensity', 0.01968725560671728), ('FWHM', 17.338644000000045)])
2023-09-04 19:42:35,585 - BO_format_1::DEBUG -- [UV-Vis] : Finish UV-VIS Characterization
2023-09-04 19:42:37,727 - BO_format_1::DEBUG -- [RobotArm] : Start Robot Queue : Batch motion (vialholder_UV_to_storage_filled) is started.
2023-09-04 19:42:37,737 - BO_format_1::DEBUG -- [RobotArm] : vial_num_list:[0]
2023-09-04 19:42:37,748 - BO_format_1::DEBUG -- [RobotArm] : line_num_list:[0]
2023-09-04 19:42:37,758 - BO_format_1::DEBUG -- [RobotArm] : vialHolder_list:[0]
2023-09-04 19:42:53,706 - BO_format_1::DEBUG -- [RobotArm] : Finish Robot Queue : Batch motion (vialholder_UV_to_storage_filled) is done.
2023-09-04 19:42:53,768 - BO_format_1::INFO -- [TaskScheduler] : UV is finished, location: {'vialHolder': ['?', '?', '?', '?', '?', '?', '?', '?']}
2023-09-04 19:42:53,778 - BO_format_1::INFO -- [TaskScheduler] : refresh location: {'BatchSynthesis': {'Stirrer': ['?', '?', '?', '?', '?', '?', '?', '?'], 'vialHolder': ['?', '?', '?', '?', '?', '?', '?', '?']}, 'UV': {'vialHolder': ['?', '?', '?', '?', '?', '?', '?', '?']}}
2023-09-04 19:42:53,826 - BO_format_1::INFO -- [Algorithm] : 0 optimal_value : -0.08671919300441194
2023-09-04 19:42:53,916 - BO_format_1::INFO -- [JobExecution] : ######### [BO_format_1-HJ] Cycle 1/1 is done #########
2023-09-04 19:42:53,952 - BO_format_1::INFO -- [Algorithm] : Save our model object, filename=20230904_194253_1_obj
2023-09-04 19:42:54,017 - BO_format_1::INFO -- [JobExecution] : ######### [BO_format_1-HJ] All Cycle is done #########
