2023-09-05 22:43:04,001 - jobID_9_Batch::INFO -- [JobExecution] : [jobID=1] Algorithm, model : Automatic
2023-09-05 22:46:27,818 - jobID_9_Batch::INFO -- [JobExecution] : ######### Cycle start #########
2023-09-05 22:46:27,819 - jobID_9_Batch::INFO -- [Automatic] : total experiments=6
2023-09-05 22:46:27,819 - jobID_9_Batch::INFO -- [Automatic [0]] : next_point 0: {'AddSolution=AgNO3_Volume': 1600}
2023-09-05 22:46:27,819 - jobID_9_Batch::INFO -- [Automatic [1]] : next_point 1: {'AddSolution=AgNO3_Volume': 2000}
2023-09-05 22:46:27,819 - jobID_9_Batch::INFO -- [Automatic [2]] : next_point 2: {'AddSolution=AgNO3_Volume': 2400}
2023-09-05 22:46:27,819 - jobID_9_Batch::INFO -- [Automatic [3]] : next_point 3: {'AddSolution=AgNO3_Volume': 3000}
2023-09-05 22:46:27,819 - jobID_9_Batch::INFO -- [Automatic [4]] : next_point 4: {'AddSolution=AgNO3_Volume': 3000}
2023-09-05 22:46:27,819 - jobID_9_Batch::INFO -- [Automatic [5]] : next_point 5: {'AddSolution=AgNO3_Volume': 3000}
2023-09-05 22:46:27,822 - jobID_9_Batch::INFO -- [ProcessGenerator] : Allocate all of process based on job script!
2023-09-05 22:46:27,822 - jobID_9_Batch::INFO -- [JobExecution] : ######### [jobID_9_Batch-HJ] Experiment 6 is running #########
2023-09-05 22:46:27,822 - jobID_9_Batch::INFO -- [TaskScheduler] : check location: {'BatchSynthesis': {'Stirrer': ['?', '?', '?', '?', '?', '?', '?', '?'], 'vialHolder': ['?', '?', '?', '?', '?', '?', '?', '?']}, 'UV': {'vialHolder': ['?', '?', '?', '?', '?', '?', '?', '?']}}
2023-09-05 22:46:27,822 - jobID_9_Batch::INFO -- [TaskScheduler] : BatchSynthesis is started, allocate location: {'Stirrer': [0, 1, 2, 3, 4, 5], 'vialHolder': [0, 1, 2, 3, 4, 5]}
2023-09-05 22:46:27,823 - jobID_9_Batch::INFO -- [TaskScheduler] : check location after allocation: {'BatchSynthesis': {'Stirrer': [1, 1, 1, 1, 1, 1, '?', '?'], 'vialHolder': [1, 1, 1, 1, 1, 1, '?', '?']}, 'UV': {'vialHolder': ['?', '?', '?', '?', '?', '?', '?', '?']}}
2023-09-05 22:46:29,828 - jobID_9_Batch::DEBUG -- [Batch] : storage_empty_to_stirrer is started.
2023-09-05 22:46:29,828 - jobID_9_Batch::DEBUG -- [Batch] : vial_num_list: [4, 5, 6, 7, 8, 9]
2023-09-05 22:46:29,829 - jobID_9_Batch::DEBUG -- [Batch] : line_num_list: [0, 0, 0, 0, 0, 0]
2023-09-05 22:46:29,829 - jobID_9_Batch::DEBUG -- [Batch] : vialHolder_list: [0, 1, 2, 3, 4, 5]
2023-09-05 22:46:29,829 - jobID_9_Batch::DEBUG -- [Batch] : Start Robot Queue : storage_empty_to_stirrer is started.
2023-09-05 22:46:29,829 - jobID_9_Batch::DEBUG -- [LA] : move center-->Start!
2023-09-05 22:46:30,935 - jobID_9_Batch::DEBUG -- [LA] : move center-->Done!
2023-09-05 22:46:30,936 - jobID_9_Batch::DEBUG -- [STORAGE] : open-->Start!
2023-09-05 22:46:34,126 - jobID_9_Batch::DEBUG -- [STORAGE] : open-->Done!
2023-09-05 22:46:36,129 - jobID_9_Batch::DEBUG -- [DS_B] : prepare container-->Start!
2023-09-05 22:46:38,310 - jobID_9_Batch::DEBUG -- [DS_B] : prepare container-->Done!
2023-09-05 22:46:38,310 - jobID_9_Batch::DEBUG -- [Batch] : Finish Robot Queue : storage_empty_to_stirrer is done.
2023-09-05 22:46:40,317 - jobID_9_Batch::DEBUG -- [Batch] : storage_empty_to_stirrer is started.
2023-09-05 22:46:40,317 - jobID_9_Batch::DEBUG -- [Batch] : Start Robot Queue : storage_empty_to_stirrer is started.
2023-09-05 22:46:40,317 - jobID_9_Batch::DEBUG -- [LA] : move center-->Start!
2023-09-05 22:46:41,430 - jobID_9_Batch::DEBUG -- [LA] : move center-->Done!
2023-09-05 22:46:41,430 - jobID_9_Batch::DEBUG -- [STORAGE] : open-->Start!
2023-09-05 22:46:44,491 - jobID_9_Batch::DEBUG -- [STORAGE] : open-->Done!
2023-09-05 22:46:46,495 - jobID_9_Batch::DEBUG -- [DS_B] : prepare container-->Start!
2023-09-05 22:46:48,760 - jobID_9_Batch::DEBUG -- [DS_B] : prepare container-->Done!
2023-09-05 22:46:48,760 - jobID_9_Batch::DEBUG -- [Batch] : Finish Robot Queue : storage_empty_to_stirrer is done.
2023-09-05 22:46:50,764 - jobID_9_Batch::DEBUG -- [Batch] : storage_empty_to_stirrer is started.
2023-09-05 22:46:50,764 - jobID_9_Batch::DEBUG -- [Batch] : Start Robot Queue : storage_empty_to_stirrer is started.
2023-09-05 22:46:50,764 - jobID_9_Batch::DEBUG -- [LA] : move center-->Start!
2023-09-05 22:46:51,857 - jobID_9_Batch::DEBUG -- [LA] : move center-->Done!
2023-09-05 22:46:51,859 - jobID_9_Batch::DEBUG -- [STORAGE] : open-->Start!
2023-09-05 22:46:55,071 - jobID_9_Batch::DEBUG -- [STORAGE] : open-->Done!
2023-09-05 22:46:57,075 - jobID_9_Batch::DEBUG -- [DS_B] : prepare container-->Start!
