2023-09-05 22:50:36,821 - jobID_9_Batch::INFO -- [JobExecution] : [jobID=0] Algorithm, model : Automatic
2023-09-05 22:50:36,842 - jobID_9_Batch::INFO -- [JobExecution] : ######### Cycle start #########
2023-09-05 22:50:36,842 - jobID_9_Batch::INFO -- [Automatic] : total experiments=6
2023-09-05 22:50:36,842 - jobID_9_Batch::INFO -- [Automatic [0]] : next_point 0: {'AddSolution=AgNO3_Volume': 1600}
2023-09-05 22:50:36,843 - jobID_9_Batch::INFO -- [Automatic [1]] : next_point 1: {'AddSolution=AgNO3_Volume': 2000}
2023-09-05 22:50:36,843 - jobID_9_Batch::INFO -- [Automatic [2]] : next_point 2: {'AddSolution=AgNO3_Volume': 2400}
2023-09-05 22:50:36,843 - jobID_9_Batch::INFO -- [Automatic [3]] : next_point 3: {'AddSolution=AgNO3_Volume': 3000}
2023-09-05 22:50:36,843 - jobID_9_Batch::INFO -- [Automatic [4]] : next_point 4: {'AddSolution=AgNO3_Volume': 3000}
2023-09-05 22:50:36,843 - jobID_9_Batch::INFO -- [Automatic [5]] : next_point 5: {'AddSolution=AgNO3_Volume': 3000}
2023-09-05 22:50:36,847 - jobID_9_Batch::INFO -- [ProcessGenerator] : Allocate all of process based on job script!
2023-09-05 22:50:36,847 - jobID_9_Batch::INFO -- [JobExecution] : ######### [jobID_9_Batch-HJ] Experiment 6 is running #########
2023-09-05 22:50:36,848 - jobID_9_Batch::INFO -- [TaskScheduler] : check location: {'BatchSynthesis': {'Stirrer': ['?', '?', '?', '?', '?', '?', '?', '?'], 'vialHolder': ['?', '?', '?', '?', '?', '?', '?', '?']}, 'UV': {'vialHolder': ['?', '?', '?', '?', '?', '?', '?', '?']}}
2023-09-05 22:50:36,848 - jobID_9_Batch::INFO -- [TaskScheduler] : BatchSynthesis is started, allocate location: {'Stirrer': [0, 1, 2, 3, 4, 5], 'vialHolder': [0, 1, 2, 3, 4, 5]}
2023-09-05 22:50:36,848 - jobID_9_Batch::INFO -- [TaskScheduler] : check location after allocation: {'BatchSynthesis': {'Stirrer': [0, 0, 0, 0, 0, 0, '?', '?'], 'vialHolder': [0, 0, 0, 0, 0, 0, '?', '?']}, 'UV': {'vialHolder': ['?', '?', '?', '?', '?', '?', '?', '?']}}
2023-09-05 22:50:38,852 - jobID_9_Batch::DEBUG -- [Batch] : storage_empty_to_stirrer is started.
2023-09-05 22:50:38,853 - jobID_9_Batch::DEBUG -- [Batch] : vial_num_list: [0, 1, 2, 3, 4, 5]
2023-09-05 22:50:38,853 - jobID_9_Batch::DEBUG -- [Batch] : line_num_list: [0, 0, 0, 0, 0, 0]
2023-09-05 22:50:38,853 - jobID_9_Batch::DEBUG -- [Batch] : vialHolder_list: [0, 1, 2, 3, 4, 5]
2023-09-05 22:50:38,854 - jobID_9_Batch::DEBUG -- [Batch] : Start Robot Queue : storage_empty_to_stirrer is started.
2023-09-05 22:50:38,854 - jobID_9_Batch::DEBUG -- [LA] : move center-->Start!
2023-09-05 22:50:39,921 - jobID_9_Batch::DEBUG -- [LA] : move center-->Done!
2023-09-05 22:50:39,922 - jobID_9_Batch::DEBUG -- [STORAGE] : open-->Start!
2023-09-05 22:50:43,070 - jobID_9_Batch::DEBUG -- [STORAGE] : open-->Done!
2023-09-05 22:50:45,074 - jobID_9_Batch::DEBUG -- [DS_B] : prepare container-->Start!
2023-09-05 22:50:47,148 - jobID_9_Batch::DEBUG -- [DS_B] : prepare container-->Done!
2023-09-05 22:50:47,149 - jobID_9_Batch::DEBUG -- [Batch] : Finish Robot Queue : storage_empty_to_stirrer is done.
2023-09-05 22:50:49,155 - jobID_9_Batch::DEBUG -- [Batch] : storage_empty_to_stirrer is started.
2023-09-05 22:50:49,156 - jobID_9_Batch::DEBUG -- [Batch] : Start Robot Queue : storage_empty_to_stirrer is started.
2023-09-05 22:50:49,156 - jobID_9_Batch::DEBUG -- [LA] : move center-->Start!
2023-09-05 22:50:50,194 - jobID_9_Batch::DEBUG -- [LA] : move center-->Done!
2023-09-05 22:50:50,196 - jobID_9_Batch::DEBUG -- [STORAGE] : open-->Start!
2023-09-05 22:50:53,399 - jobID_9_Batch::DEBUG -- [STORAGE] : open-->Done!
2023-09-05 22:50:55,403 - jobID_9_Batch::DEBUG -- [DS_B] : prepare container-->Start!
2023-09-05 22:50:57,557 - jobID_9_Batch::DEBUG -- [DS_B] : prepare container-->Done!
2023-09-05 22:50:57,558 - jobID_9_Batch::DEBUG -- [Batch] : Finish Robot Queue : storage_empty_to_stirrer is done.
2023-09-05 22:50:59,562 - jobID_9_Batch::DEBUG -- [Batch] : storage_empty_to_stirrer is started.
2023-09-05 22:50:59,562 - jobID_9_Batch::DEBUG -- [Batch] : Start Robot Queue : storage_empty_to_stirrer is started.
2023-09-05 22:50:59,562 - jobID_9_Batch::DEBUG -- [LA] : move center-->Start!
2023-09-05 22:51:00,656 - jobID_9_Batch::DEBUG -- [LA] : move center-->Done!
2023-09-05 22:51:00,658 - jobID_9_Batch::DEBUG -- [STORAGE] : open-->Start!
2023-09-05 22:51:03,807 - jobID_9_Batch::DEBUG -- [STORAGE] : open-->Done!
2023-09-05 22:51:05,811 - jobID_9_Batch::DEBUG -- [DS_B] : prepare container-->Start!
2023-09-05 22:51:07,963 - jobID_9_Batch::DEBUG -- [DS_B] : prepare container-->Done!
2023-09-05 22:51:07,964 - jobID_9_Batch::DEBUG -- [Batch] : Finish Robot Queue : storage_empty_to_stirrer is done.
2023-09-05 22:51:09,970 - jobID_9_Batch::DEBUG -- [Batch] : storage_empty_to_stirrer is started.
2023-09-05 22:51:09,971 - jobID_9_Batch::DEBUG -- [Batch] : Start Robot Queue : storage_empty_to_stirrer is started.
2023-09-05 22:51:09,971 - jobID_9_Batch::DEBUG -- [LA] : move center-->Start!
2023-09-05 22:51:11,115 - jobID_9_Batch::DEBUG -- [LA] : move center-->Done!
2023-09-05 22:51:11,117 - jobID_9_Batch::DEBUG -- [STORAGE] : open-->Start!
2023-09-05 22:51:14,466 - jobID_9_Batch::DEBUG -- [STORAGE] : open-->Done!
2023-09-05 22:51:16,469 - jobID_9_Batch::DEBUG -- [DS_B] : prepare container-->Start!
2023-09-05 22:51:18,618 - jobID_9_Batch::DEBUG -- [DS_B] : prepare container-->Done!
2023-09-05 22:51:18,619 - jobID_9_Batch::DEBUG -- [Batch] : Finish Robot Queue : storage_empty_to_stirrer is done.
2023-09-05 22:51:20,625 - jobID_9_Batch::DEBUG -- [Batch] : storage_empty_to_stirrer is started.
2023-09-05 22:51:20,626 - jobID_9_Batch::DEBUG -- [Batch] : Start Robot Queue : storage_empty_to_stirrer is started.
2023-09-05 22:51:20,626 - jobID_9_Batch::DEBUG -- [LA] : move center-->Start!
2023-09-05 22:51:21,704 - jobID_9_Batch::DEBUG -- [LA] : move center-->Done!
2023-09-05 22:51:21,705 - jobID_9_Batch::DEBUG -- [STORAGE] : open-->Start!
2023-09-05 22:51:24,916 - jobID_9_Batch::DEBUG -- [STORAGE] : open-->Done!
2023-09-05 22:51:26,920 - jobID_9_Batch::DEBUG -- [DS_B] : prepare container-->Start!
2023-09-05 22:51:29,196 - jobID_9_Batch::DEBUG -- [DS_B] : prepare container-->Done!
2023-09-05 22:51:29,197 - jobID_9_Batch::DEBUG -- [Batch] : Finish Robot Queue : storage_empty_to_stirrer is done.
2023-09-05 22:51:31,203 - jobID_9_Batch::DEBUG -- [Batch] : storage_empty_to_stirrer is started.
2023-09-05 22:51:31,204 - jobID_9_Batch::DEBUG -- [Batch] : Start Robot Queue : storage_empty_to_stirrer is started.
2023-09-05 22:51:31,204 - jobID_9_Batch::DEBUG -- [LA] : move center-->Start!
2023-09-05 22:51:32,316 - jobID_9_Batch::DEBUG -- [LA] : move center-->Done!
2023-09-05 22:51:32,318 - jobID_9_Batch::DEBUG -- [STORAGE] : open-->Start!
2023-09-05 22:51:35,484 - jobID_9_Batch::DEBUG -- [STORAGE] : open-->Done!
2023-09-05 22:51:37,487 - jobID_9_Batch::DEBUG -- [DS_B] : prepare container-->Start!
2023-09-05 22:51:39,716 - jobID_9_Batch::DEBUG -- [DS_B] : prepare container-->Done!
2023-09-05 22:51:39,717 - jobID_9_Batch::DEBUG -- [Batch] : Finish Robot Queue : storage_empty_to_stirrer is done.
2023-09-05 22:51:41,723 - jobID_9_Batch::DEBUG -- [Batch] : Prepare Injection Queue --> NaBH4,10mM,500uL,200uL/s
2023-09-05 22:51:41,723 - jobID_9_Batch::DEBUG -- [PUMP] : prepare solution-->Start!
2023-09-05 22:51:41,723 - jobID_9_Batch::DEBUG -- [PUMP] : prepare solution-->Done!
2023-09-05 22:51:41,724 - jobID_9_Batch::DEBUG -- [LA] : move down-->Start!
2023-09-05 22:51:42,853 - jobID_9_Batch::DEBUG -- [LA] : move down-->Done!
2023-09-05 22:51:42,855 - jobID_9_Batch::DEBUG -- [Batch] : Start Injection Queue --> NaBH4,10mM,1800μL,200μL/s
2023-09-05 22:51:42,855 - jobID_9_Batch::DEBUG -- [PUMP] : prepare solution-->Start!
2023-09-05 22:51:46,589 - jobID_9_Batch::DEBUG -- [PUMP] : prepare solution-->Done!
2023-09-05 22:51:46,590 - jobID_9_Batch::DEBUG -- [LA] : move up-->Start!
2023-09-05 22:51:47,678 - jobID_9_Batch::DEBUG -- [LA] : move up-->Done!
2023-09-05 22:51:47,680 - jobID_9_Batch::DEBUG -- [LA] : move center-->Start!
2023-09-05 22:51:48,766 - jobID_9_Batch::DEBUG -- [LA] : move center-->Done!
2023-09-05 22:51:48,767 - jobID_9_Batch::DEBUG -- [Batch] : Finish Injection Queue
2023-09-05 22:51:50,772 - jobID_9_Batch::DEBUG -- [Batch] : Prepare Injection Queue --> NaBH4,10mM,500uL,200uL/s
2023-09-05 22:51:50,773 - jobID_9_Batch::DEBUG -- [PUMP] : prepare solution-->Start!
2023-09-05 22:51:50,773 - jobID_9_Batch::DEBUG -- [PUMP] : prepare solution-->Done!
2023-09-05 22:51:50,774 - jobID_9_Batch::DEBUG -- [LA] : move down-->Start!
2023-09-05 22:51:51,854 - jobID_9_Batch::DEBUG -- [LA] : move down-->Done!
2023-09-05 22:51:51,855 - jobID_9_Batch::DEBUG -- [Batch] : Start Injection Queue --> NaBH4,10mM,1800μL,200μL/s
2023-09-05 22:51:51,856 - jobID_9_Batch::DEBUG -- [PUMP] : prepare solution-->Start!
2023-09-05 22:51:55,650 - jobID_9_Batch::DEBUG -- [PUMP] : prepare solution-->Done!
2023-09-05 22:51:55,651 - jobID_9_Batch::DEBUG -- [LA] : move up-->Start!
2023-09-05 22:51:56,740 - jobID_9_Batch::DEBUG -- [LA] : move up-->Done!
2023-09-05 22:51:56,741 - jobID_9_Batch::DEBUG -- [LA] : move center-->Start!
2023-09-05 22:51:57,814 - jobID_9_Batch::DEBUG -- [LA] : move center-->Done!
2023-09-05 22:51:57,815 - jobID_9_Batch::DEBUG -- [Batch] : Finish Injection Queue
2023-09-05 22:51:59,820 - jobID_9_Batch::DEBUG -- [Batch] : Prepare Injection Queue --> NaBH4,10mM,500uL,200uL/s
2023-09-05 22:51:59,821 - jobID_9_Batch::DEBUG -- [PUMP] : prepare solution-->Start!
2023-09-05 22:51:59,821 - jobID_9_Batch::DEBUG -- [PUMP] : prepare solution-->Done!
2023-09-05 22:51:59,822 - jobID_9_Batch::DEBUG -- [LA] : move down-->Start!
2023-09-05 22:52:00,924 - jobID_9_Batch::DEBUG -- [LA] : move down-->Done!
2023-09-05 22:52:00,925 - jobID_9_Batch::DEBUG -- [Batch] : Start Injection Queue --> NaBH4,10mM,1800μL,200μL/s
2023-09-05 22:52:00,925 - jobID_9_Batch::DEBUG -- [PUMP] : prepare solution-->Start!
2023-09-05 22:52:04,671 - jobID_9_Batch::DEBUG -- [PUMP] : prepare solution-->Done!
2023-09-05 22:52:04,672 - jobID_9_Batch::DEBUG -- [LA] : move up-->Start!
2023-09-05 22:52:05,771 - jobID_9_Batch::DEBUG -- [LA] : move up-->Done!
2023-09-05 22:52:05,773 - jobID_9_Batch::DEBUG -- [LA] : move center-->Start!
2023-09-05 22:52:06,936 - jobID_9_Batch::DEBUG -- [LA] : move center-->Done!
2023-09-05 22:52:06,936 - jobID_9_Batch::DEBUG -- [Batch] : Finish Injection Queue
2023-09-05 22:52:08,942 - jobID_9_Batch::DEBUG -- [Batch] : Prepare Injection Queue --> NaBH4,10mM,500uL,200uL/s
2023-09-05 22:52:08,942 - jobID_9_Batch::DEBUG -- [PUMP] : prepare solution-->Start!
2023-09-05 22:52:08,942 - jobID_9_Batch::DEBUG -- [PUMP] : prepare solution-->Done!
2023-09-05 22:52:08,943 - jobID_9_Batch::DEBUG -- [LA] : move down-->Start!
2023-09-05 22:52:10,008 - jobID_9_Batch::DEBUG -- [LA] : move down-->Done!
2023-09-05 22:52:10,009 - jobID_9_Batch::DEBUG -- [Batch] : Start Injection Queue --> NaBH4,10mM,1800μL,200μL/s
2023-09-05 22:52:10,010 - jobID_9_Batch::DEBUG -- [PUMP] : prepare solution-->Start!
2023-09-05 22:52:13,960 - jobID_9_Batch::DEBUG -- [PUMP] : prepare solution-->Done!
2023-09-05 22:52:13,961 - jobID_9_Batch::DEBUG -- [LA] : move up-->Start!
2023-09-05 22:52:15,012 - jobID_9_Batch::DEBUG -- [LA] : move up-->Done!
2023-09-05 22:52:15,013 - jobID_9_Batch::DEBUG -- [LA] : move center-->Start!
2023-09-05 22:52:16,295 - jobID_9_Batch::DEBUG -- [LA] : move center-->Done!
2023-09-05 22:52:16,296 - jobID_9_Batch::DEBUG -- [Batch] : Finish Injection Queue
2023-09-05 22:52:18,301 - jobID_9_Batch::DEBUG -- [Batch] : Prepare Injection Queue --> NaBH4,10mM,500uL,200uL/s
2023-09-05 22:52:18,301 - jobID_9_Batch::DEBUG -- [PUMP] : prepare solution-->Start!
2023-09-05 22:52:18,302 - jobID_9_Batch::DEBUG -- [PUMP] : prepare solution-->Done!
2023-09-05 22:52:18,303 - jobID_9_Batch::DEBUG -- [LA] : move down-->Start!
2023-09-05 22:52:19,409 - jobID_9_Batch::DEBUG -- [LA] : move down-->Done!
2023-09-05 22:52:19,410 - jobID_9_Batch::DEBUG -- [Batch] : Start Injection Queue --> NaBH4,10mM,1800μL,200μL/s
2023-09-05 22:52:19,411 - jobID_9_Batch::DEBUG -- [PUMP] : prepare solution-->Start!
2023-09-05 22:52:23,104 - jobID_9_Batch::DEBUG -- [PUMP] : prepare solution-->Done!
2023-09-05 22:52:23,105 - jobID_9_Batch::DEBUG -- [LA] : move up-->Start!
2023-09-05 22:52:24,160 - jobID_9_Batch::DEBUG -- [LA] : move up-->Done!
2023-09-05 22:52:24,162 - jobID_9_Batch::DEBUG -- [LA] : move center-->Start!
2023-09-05 22:52:25,214 - jobID_9_Batch::DEBUG -- [LA] : move center-->Done!
2023-09-05 22:52:25,215 - jobID_9_Batch::DEBUG -- [Batch] : Finish Injection Queue
2023-09-05 22:52:27,220 - jobID_9_Batch::DEBUG -- [Batch] : Prepare Injection Queue --> NaBH4,10mM,500uL,200uL/s
2023-09-05 22:52:27,221 - jobID_9_Batch::DEBUG -- [PUMP] : prepare solution-->Start!
2023-09-05 22:52:27,221 - jobID_9_Batch::DEBUG -- [PUMP] : prepare solution-->Done!
2023-09-05 22:52:27,222 - jobID_9_Batch::DEBUG -- [LA] : move down-->Start!
2023-09-05 22:52:28,251 - jobID_9_Batch::DEBUG -- [LA] : move down-->Done!
2023-09-05 22:52:28,253 - jobID_9_Batch::DEBUG -- [Batch] : Start Injection Queue --> NaBH4,10mM,1800μL,200μL/s
2023-09-05 22:52:28,253 - jobID_9_Batch::DEBUG -- [PUMP] : prepare solution-->Start!
2023-09-05 22:52:31,960 - jobID_9_Batch::DEBUG -- [PUMP] : prepare solution-->Done!
2023-09-05 22:52:31,962 - jobID_9_Batch::DEBUG -- [LA] : move up-->Start!
2023-09-05 22:52:33,014 - jobID_9_Batch::DEBUG -- [LA] : move up-->Done!
2023-09-05 22:52:33,015 - jobID_9_Batch::DEBUG -- [LA] : move center-->Start!
2023-09-05 22:52:34,069 - jobID_9_Batch::DEBUG -- [LA] : move center-->Done!
2023-09-05 22:52:34,069 - jobID_9_Batch::DEBUG -- [Batch] : Finish Injection Queue
2023-09-05 22:52:34,070 - jobID_9_Batch::DEBUG -- [Batch] : Start Stir Queue 0 (Stirrer)
2023-09-05 22:52:35,824 - jobID_9_Batch::DEBUG -- [Batch] : Start Stir Queue 1 (Stirrer)
2023-09-05 22:52:37,347 - jobID_9_Batch::DEBUG -- [Batch] : Start Stir Queue 2 (Stirrer)
2023-09-05 22:52:38,827 - jobID_9_Batch::DEBUG -- [Batch] : Start Stir Queue 3 (Stirrer)
2023-09-05 22:52:40,415 - jobID_9_Batch::DEBUG -- [Batch] : Start Stir Queue 4 (Stirrer)
2023-09-05 22:52:42,129 - jobID_9_Batch::DEBUG -- [Batch] : Start Stir Queue 5 (Stirrer)
2023-09-05 22:52:43,742 - jobID_9_Batch::DEBUG -- [Batch] : Finish Stir Queue 0 (Stirrer)
2023-09-05 22:52:43,742 - jobID_9_Batch::DEBUG -- [Batch] : Finish Stir Queue 1 (Stirrer)
2023-09-05 22:52:43,742 - jobID_9_Batch::DEBUG -- [Batch] : Finish Stir Queue 2 (Stirrer)
2023-09-05 22:52:43,742 - jobID_9_Batch::DEBUG -- [Batch] : Finish Stir Queue 3 (Stirrer)
2023-09-05 22:52:43,742 - jobID_9_Batch::DEBUG -- [Batch] : Finish Stir Queue 4 (Stirrer)
2023-09-05 22:52:43,742 - jobID_9_Batch::DEBUG -- [Batch] : Finish Stir Queue 5 (Stirrer)
2023-09-05 22:52:43,742 - jobID_9_Batch::DEBUG -- [Batch] : Start Heat Queue 0 (Stirrer)
2023-09-05 22:52:45,224 - jobID_9_Batch::DEBUG -- [Batch] : Start Heat Queue 1 (Stirrer)
2023-09-05 22:52:46,680 - jobID_9_Batch::DEBUG -- [Batch] : Start Heat Queue 2 (Stirrer)
2023-09-05 22:52:48,395 - jobID_9_Batch::DEBUG -- [Batch] : Start Heat Queue 3 (Stirrer)
2023-09-05 22:52:49,746 - jobID_9_Batch::DEBUG -- [Batch] : Start Heat Queue 4 (Stirrer)
2023-09-05 22:52:51,519 - jobID_9_Batch::DEBUG -- [Batch] : Start Heat Queue 5 (Stirrer)
2023-09-05 22:52:53,086 - jobID_9_Batch::DEBUG -- [Batch] : Finish Heat Queue 0 (Stirrer)
2023-09-05 22:52:53,086 - jobID_9_Batch::DEBUG -- [Batch] : Finish Heat Queue 1 (Stirrer)
2023-09-05 22:52:53,086 - jobID_9_Batch::DEBUG -- [Batch] : Finish Heat Queue 2 (Stirrer)
2023-09-05 22:52:53,086 - jobID_9_Batch::DEBUG -- [Batch] : Finish Heat Queue 3 (Stirrer)
2023-09-05 22:52:53,087 - jobID_9_Batch::DEBUG -- [Batch] : Finish Heat Queue 4 (Stirrer)
2023-09-05 22:52:53,087 - jobID_9_Batch::DEBUG -- [Batch] : Finish Heat Queue 5 (Stirrer)
2023-09-05 22:52:53,088 - jobID_9_Batch::DEBUG -- [Batch] : Start Mix:300s
2023-09-05 22:52:53,088 - jobID_9_Batch::DEBUG -- [Batch] : check Mix:300s
2023-09-05 22:52:53,088 - jobID_9_Batch::DEBUG -- [Batch] : Finish Mix:300s
2023-09-05 22:52:53,089 - jobID_9_Batch::DEBUG -- [Batch] : Start Mix:300s
2023-09-05 22:52:53,089 - jobID_9_Batch::DEBUG -- [Batch] : check Mix:300s
2023-09-05 22:52:53,089 - jobID_9_Batch::DEBUG -- [Batch] : Finish Mix:300s
2023-09-05 22:52:53,090 - jobID_9_Batch::DEBUG -- [Batch] : Start Mix:300s
2023-09-05 22:52:53,090 - jobID_9_Batch::DEBUG -- [Batch] : check Mix:300s
2023-09-05 22:52:53,090 - jobID_9_Batch::DEBUG -- [Batch] : Finish Mix:300s
2023-09-05 22:52:53,091 - jobID_9_Batch::DEBUG -- [Batch] : Start Mix:300s
2023-09-05 22:52:53,091 - jobID_9_Batch::DEBUG -- [Batch] : check Mix:300s
2023-09-05 22:52:53,091 - jobID_9_Batch::DEBUG -- [Batch] : Finish Mix:300s
2023-09-05 22:52:53,091 - jobID_9_Batch::DEBUG -- [Batch] : Start Mix:300s
2023-09-05 22:52:53,091 - jobID_9_Batch::DEBUG -- [Batch] : check Mix:300s
2023-09-05 22:52:53,092 - jobID_9_Batch::DEBUG -- [Batch] : Start Mix:300s
2023-09-05 22:52:53,092 - jobID_9_Batch::DEBUG -- [Batch] : Finish Mix:300s
2023-09-05 22:52:53,092 - jobID_9_Batch::DEBUG -- [Batch] : check Mix:300s
2023-09-05 22:52:53,092 - jobID_9_Batch::DEBUG -- [Batch] : Finish Mix:300s
2023-09-05 22:52:55,096 - jobID_9_Batch::DEBUG -- [Batch] : Prepare Injection Queue --> AgNO3,1250mM,500uL,200uL/s
2023-09-05 22:52:55,097 - jobID_9_Batch::DEBUG -- [PUMP] : prepare solution-->Start!
2023-09-05 22:52:55,097 - jobID_9_Batch::DEBUG -- [PUMP] : prepare solution-->Done!
2023-09-05 22:52:55,098 - jobID_9_Batch::DEBUG -- [LA] : move down-->Start!
2023-09-05 22:52:56,263 - jobID_9_Batch::DEBUG -- [LA] : move down-->Done!
2023-09-05 22:52:56,264 - jobID_9_Batch::DEBUG -- [Batch] : Start Injection Queue --> AgNO3,1250mM,1600μL,200μL/s
2023-09-05 22:52:56,264 - jobID_9_Batch::DEBUG -- [PUMP] : prepare solution-->Start!
2023-09-05 22:53:00,008 - jobID_9_Batch::DEBUG -- [PUMP] : prepare solution-->Done!
2023-09-05 22:53:00,009 - jobID_9_Batch::DEBUG -- [LA] : move up-->Start!
2023-09-05 22:53:01,108 - jobID_9_Batch::DEBUG -- [LA] : move up-->Done!
2023-09-05 22:53:01,109 - jobID_9_Batch::DEBUG -- [LA] : move center-->Start!
2023-09-05 22:53:02,234 - jobID_9_Batch::DEBUG -- [LA] : move center-->Done!
2023-09-05 22:53:02,235 - jobID_9_Batch::DEBUG -- [Batch] : Finish Injection Queue
2023-09-05 22:53:04,240 - jobID_9_Batch::DEBUG -- [Batch] : Prepare Injection Queue --> AgNO3,1250mM,500uL,200uL/s
2023-09-05 22:53:04,240 - jobID_9_Batch::DEBUG -- [PUMP] : prepare solution-->Start!
2023-09-05 22:53:04,241 - jobID_9_Batch::DEBUG -- [PUMP] : prepare solution-->Done!
2023-09-05 22:53:04,242 - jobID_9_Batch::DEBUG -- [LA] : move down-->Start!
2023-09-05 22:53:05,337 - jobID_9_Batch::DEBUG -- [LA] : move down-->Done!
2023-09-05 22:53:05,339 - jobID_9_Batch::DEBUG -- [Batch] : Start Injection Queue --> AgNO3,1250mM,2000μL,200μL/s
2023-09-05 22:53:05,339 - jobID_9_Batch::DEBUG -- [PUMP] : prepare solution-->Start!
2023-09-05 22:53:09,118 - jobID_9_Batch::DEBUG -- [PUMP] : prepare solution-->Done!
2023-09-05 22:53:09,119 - jobID_9_Batch::DEBUG -- [LA] : move up-->Start!
2023-09-05 22:53:10,205 - jobID_9_Batch::DEBUG -- [LA] : move up-->Done!
2023-09-05 22:53:10,205 - jobID_9_Batch::DEBUG -- [LA] : move center-->Start!
2023-09-05 22:53:11,371 - jobID_9_Batch::DEBUG -- [LA] : move center-->Done!
2023-09-05 22:53:11,372 - jobID_9_Batch::DEBUG -- [Batch] : Finish Injection Queue
2023-09-05 22:53:13,376 - jobID_9_Batch::DEBUG -- [Batch] : Prepare Injection Queue --> AgNO3,1250mM,500uL,200uL/s
2023-09-05 22:53:13,376 - jobID_9_Batch::DEBUG -- [PUMP] : prepare solution-->Start!
2023-09-05 22:53:13,376 - jobID_9_Batch::DEBUG -- [PUMP] : prepare solution-->Done!
2023-09-05 22:53:13,376 - jobID_9_Batch::DEBUG -- [LA] : move down-->Start!
2023-09-05 22:53:14,440 - jobID_9_Batch::DEBUG -- [LA] : move down-->Done!
2023-09-05 22:53:14,442 - jobID_9_Batch::DEBUG -- [Batch] : Start Injection Queue --> AgNO3,1250mM,2400μL,200μL/s
2023-09-05 22:53:14,442 - jobID_9_Batch::DEBUG -- [PUMP] : prepare solution-->Start!
2023-09-05 22:53:18,253 - jobID_9_Batch::DEBUG -- [PUMP] : prepare solution-->Done!
2023-09-05 22:53:18,255 - jobID_9_Batch::DEBUG -- [LA] : move up-->Start!
2023-09-05 22:53:19,306 - jobID_9_Batch::DEBUG -- [LA] : move up-->Done!
2023-09-05 22:53:19,306 - jobID_9_Batch::DEBUG -- [LA] : move center-->Start!
2023-09-05 22:53:20,427 - jobID_9_Batch::DEBUG -- [LA] : move center-->Done!
2023-09-05 22:53:20,428 - jobID_9_Batch::DEBUG -- [Batch] : Finish Injection Queue
2023-09-05 22:53:22,433 - jobID_9_Batch::DEBUG -- [Batch] : Prepare Injection Queue --> AgNO3,1250mM,500uL,200uL/s
2023-09-05 22:53:22,433 - jobID_9_Batch::DEBUG -- [PUMP] : prepare solution-->Start!
2023-09-05 22:53:22,434 - jobID_9_Batch::DEBUG -- [PUMP] : prepare solution-->Done!
2023-09-05 22:53:22,435 - jobID_9_Batch::DEBUG -- [LA] : move down-->Start!
2023-09-05 22:53:23,535 - jobID_9_Batch::DEBUG -- [LA] : move down-->Done!
2023-09-05 22:53:23,537 - jobID_9_Batch::DEBUG -- [Batch] : Start Injection Queue --> AgNO3,1250mM,3000μL,200μL/s
2023-09-05 22:53:23,537 - jobID_9_Batch::DEBUG -- [PUMP] : prepare solution-->Start!
2023-09-05 22:53:27,215 - jobID_9_Batch::DEBUG -- [PUMP] : prepare solution-->Done!
2023-09-05 22:53:27,216 - jobID_9_Batch::DEBUG -- [LA] : move up-->Start!
2023-09-05 22:53:28,254 - jobID_9_Batch::DEBUG -- [LA] : move up-->Done!
2023-09-05 22:53:28,256 - jobID_9_Batch::DEBUG -- [LA] : move center-->Start!
2023-09-05 22:53:29,342 - jobID_9_Batch::DEBUG -- [LA] : move center-->Done!
2023-09-05 22:53:29,343 - jobID_9_Batch::DEBUG -- [Batch] : Finish Injection Queue
2023-09-05 22:53:31,348 - jobID_9_Batch::DEBUG -- [Batch] : Prepare Injection Queue --> AgNO3,1250mM,500uL,200uL/s
2023-09-05 22:53:31,348 - jobID_9_Batch::DEBUG -- [PUMP] : prepare solution-->Start!
2023-09-05 22:53:31,349 - jobID_9_Batch::DEBUG -- [PUMP] : prepare solution-->Done!
2023-09-05 22:53:31,350 - jobID_9_Batch::DEBUG -- [LA] : move down-->Start!
2023-09-05 22:53:32,478 - jobID_9_Batch::DEBUG -- [LA] : move down-->Done!
2023-09-05 22:53:32,479 - jobID_9_Batch::DEBUG -- [Batch] : Start Injection Queue --> AgNO3,1250mM,3000μL,200μL/s
2023-09-05 22:53:32,480 - jobID_9_Batch::DEBUG -- [PUMP] : prepare solution-->Start!
2023-09-05 22:53:36,152 - jobID_9_Batch::DEBUG -- [PUMP] : prepare solution-->Done!
2023-09-05 22:53:36,153 - jobID_9_Batch::DEBUG -- [LA] : move up-->Start!
2023-09-05 22:53:37,220 - jobID_9_Batch::DEBUG -- [LA] : move up-->Done!
2023-09-05 22:53:37,221 - jobID_9_Batch::DEBUG -- [LA] : move center-->Start!
2023-09-05 22:53:38,304 - jobID_9_Batch::DEBUG -- [LA] : move center-->Done!
2023-09-05 22:53:38,304 - jobID_9_Batch::DEBUG -- [Batch] : Finish Injection Queue
2023-09-05 22:53:40,309 - jobID_9_Batch::DEBUG -- [Batch] : Prepare Injection Queue --> AgNO3,1250mM,500uL,200uL/s
2023-09-05 22:53:40,310 - jobID_9_Batch::DEBUG -- [PUMP] : prepare solution-->Start!
2023-09-05 22:53:40,310 - jobID_9_Batch::DEBUG -- [PUMP] : prepare solution-->Done!
2023-09-05 22:53:40,311 - jobID_9_Batch::DEBUG -- [LA] : move down-->Start!
2023-09-05 22:53:41,425 - jobID_9_Batch::DEBUG -- [LA] : move down-->Done!
2023-09-05 22:53:41,427 - jobID_9_Batch::DEBUG -- [Batch] : Start Injection Queue --> AgNO3,1250mM,3000μL,200μL/s
2023-09-05 22:53:41,427 - jobID_9_Batch::DEBUG -- [PUMP] : prepare solution-->Start!
2023-09-05 22:53:45,027 - jobID_9_Batch::DEBUG -- [PUMP] : prepare solution-->Done!
2023-09-05 22:53:45,029 - jobID_9_Batch::DEBUG -- [LA] : move up-->Start!
2023-09-05 22:53:46,154 - jobID_9_Batch::DEBUG -- [LA] : move up-->Done!
2023-09-05 22:53:46,155 - jobID_9_Batch::DEBUG -- [LA] : move center-->Start!
2023-09-05 22:53:47,268 - jobID_9_Batch::DEBUG -- [LA] : move center-->Done!
2023-09-05 22:53:47,268 - jobID_9_Batch::DEBUG -- [Batch] : Finish Injection Queue
2023-09-05 22:53:47,270 - jobID_9_Batch::DEBUG -- [Batch] : Start React:1200s
2023-09-05 22:53:47,270 - jobID_9_Batch::DEBUG -- [Batch] : Start React:1200s
2023-09-05 22:53:47,271 - jobID_9_Batch::DEBUG -- [Batch] : Start React:1200s
2023-09-05 22:53:47,272 - jobID_9_Batch::DEBUG -- [Batch] : Start React:1200s
2023-09-05 22:53:47,272 - jobID_9_Batch::DEBUG -- [Batch] : Start React:1200s
2023-09-05 22:53:47,273 - jobID_9_Batch::DEBUG -- [Batch] : Start React:1200s
