2023-09-05 23:03:07,425 - jobID_9_Batch::INFO -- [JobExecution] : [jobID=0] Algorithm, model : Automatic
2023-09-05 23:03:07,436 - jobID_9_Batch::INFO -- [JobExecution] : ######### Cycle start #########
2023-09-05 23:03:07,436 - jobID_9_Batch::INFO -- [Automatic] : total experiments=6
2023-09-05 23:03:07,436 - jobID_9_Batch::INFO -- [Automatic [0]] : next_point 0: {'AddSolution=AgNO3_Volume': 1600}
2023-09-05 23:03:07,437 - jobID_9_Batch::INFO -- [Automatic [1]] : next_point 1: {'AddSolution=AgNO3_Volume': 2000}
2023-09-05 23:03:07,437 - jobID_9_Batch::INFO -- [Automatic [2]] : next_point 2: {'AddSolution=AgNO3_Volume': 2400}
2023-09-05 23:03:07,438 - jobID_9_Batch::INFO -- [Automatic [3]] : next_point 3: {'AddSolution=AgNO3_Volume': 3000}
2023-09-05 23:03:07,438 - jobID_9_Batch::INFO -- [Automatic [4]] : next_point 4: {'AddSolution=AgNO3_Volume': 3000}
2023-09-05 23:03:07,438 - jobID_9_Batch::INFO -- [Automatic [5]] : next_point 5: {'AddSolution=AgNO3_Volume': 3000}
2023-09-05 23:03:07,442 - jobID_9_Batch::INFO -- [ProcessGenerator] : Allocate all of process based on job script!
2023-09-05 23:03:07,442 - jobID_9_Batch::INFO -- [JobExecution] : ######### [jobID_9_Batch-HJ] Experiment 6 is running #########
2023-09-05 23:03:07,443 - jobID_9_Batch::INFO -- [TaskScheduler] : check location: {'BatchSynthesis': {'Stirrer': ['?', '?', '?', '?', '?', '?', '?', '?'], 'vialHolder': ['?', '?', '?', '?', '?', '?', '?', '?']}, 'UV': {'vialHolder': ['?', '?', '?', '?', '?', '?', '?', '?']}}
2023-09-05 23:03:07,443 - jobID_9_Batch::INFO -- [TaskScheduler] : BatchSynthesis is started, allocate location: {'Stirrer': [0, 1, 2, 3, 4, 5], 'vialHolder': [0, 1, 2, 3, 4, 5]}
2023-09-05 23:03:07,443 - jobID_9_Batch::INFO -- [TaskScheduler] : check location after allocation: {'BatchSynthesis': {'Stirrer': [0, 0, 0, 0, 0, 0, '?', '?'], 'vialHolder': [0, 0, 0, 0, 0, 0, '?', '?']}, 'UV': {'vialHolder': ['?', '?', '?', '?', '?', '?', '?', '?']}}
2023-09-05 23:03:09,448 - jobID_9_Batch::DEBUG -- [Batch] : storage_empty_to_stirrer is started.
2023-09-05 23:03:09,449 - jobID_9_Batch::DEBUG -- [Batch] : vial_num_list: [0, 1, 2, 3, 4, 5]
2023-09-05 23:03:09,449 - jobID_9_Batch::DEBUG -- [Batch] : line_num_list: [0, 0, 0, 0, 0, 0]
2023-09-05 23:03:09,449 - jobID_9_Batch::DEBUG -- [Batch] : vialHolder_list: [0, 1, 2, 3, 4, 5]
2023-09-05 23:03:09,450 - jobID_9_Batch::DEBUG -- [Batch] : Start Robot Queue : storage_empty_to_stirrer is started.
2023-09-05 23:03:09,450 - jobID_9_Batch::DEBUG -- [LA] : move center-->Start!
2023-09-05 23:03:10,552 - jobID_9_Batch::DEBUG -- [LA] : move center-->Done!
2023-09-05 23:03:10,554 - jobID_9_Batch::DEBUG -- [STORAGE] : open-->Start!
2023-09-05 23:03:13,727 - jobID_9_Batch::DEBUG -- [STORAGE] : open-->Done!
2023-09-05 23:03:15,731 - jobID_9_Batch::DEBUG -- [DS_B] : prepare container-->Start!
2023-09-05 23:03:17,859 - jobID_9_Batch::DEBUG -- [DS_B] : prepare container-->Done!
2023-09-05 23:03:17,859 - jobID_9_Batch::DEBUG -- [Batch] : Finish Robot Queue : storage_empty_to_stirrer is done.
2023-09-05 23:03:19,864 - jobID_9_Batch::DEBUG -- [Batch] : storage_empty_to_stirrer is started.
2023-09-05 23:03:19,864 - jobID_9_Batch::DEBUG -- [Batch] : Start Robot Queue : storage_empty_to_stirrer is started.
2023-09-05 23:03:19,865 - jobID_9_Batch::DEBUG -- [LA] : move center-->Start!
2023-09-05 23:03:20,915 - jobID_9_Batch::DEBUG -- [LA] : move center-->Done!
2023-09-05 23:03:20,917 - jobID_9_Batch::DEBUG -- [STORAGE] : open-->Start!
2023-09-05 23:03:24,113 - jobID_9_Batch::DEBUG -- [STORAGE] : open-->Done!
2023-09-05 23:03:26,116 - jobID_9_Batch::DEBUG -- [DS_B] : prepare container-->Start!
2023-09-05 23:03:28,241 - jobID_9_Batch::DEBUG -- [DS_B] : prepare container-->Done!
2023-09-05 23:03:28,242 - jobID_9_Batch::DEBUG -- [Batch] : Finish Robot Queue : storage_empty_to_stirrer is done.
2023-09-05 23:03:30,248 - jobID_9_Batch::DEBUG -- [Batch] : storage_empty_to_stirrer is started.
2023-09-05 23:03:30,248 - jobID_9_Batch::DEBUG -- [Batch] : Start Robot Queue : storage_empty_to_stirrer is started.
2023-09-05 23:03:30,249 - jobID_9_Batch::DEBUG -- [LA] : move center-->Start!
2023-09-05 23:03:31,283 - jobID_9_Batch::DEBUG -- [LA] : move center-->Done!
2023-09-05 23:03:31,285 - jobID_9_Batch::DEBUG -- [STORAGE] : open-->Start!
2023-09-05 23:03:34,550 - jobID_9_Batch::DEBUG -- [STORAGE] : open-->Done!
2023-09-05 23:03:36,554 - jobID_9_Batch::DEBUG -- [DS_B] : prepare container-->Start!
2023-09-05 23:03:38,669 - jobID_9_Batch::DEBUG -- [DS_B] : prepare container-->Done!
2023-09-05 23:03:38,669 - jobID_9_Batch::DEBUG -- [Batch] : Finish Robot Queue : storage_empty_to_stirrer is done.
2023-09-05 23:03:40,676 - jobID_9_Batch::DEBUG -- [Batch] : storage_empty_to_stirrer is started.
2023-09-05 23:03:40,676 - jobID_9_Batch::DEBUG -- [Batch] : Start Robot Queue : storage_empty_to_stirrer is started.
2023-09-05 23:03:40,676 - jobID_9_Batch::DEBUG -- [LA] : move center-->Start!
2023-09-05 23:03:41,810 - jobID_9_Batch::DEBUG -- [LA] : move center-->Done!
2023-09-05 23:03:41,812 - jobID_9_Batch::DEBUG -- [STORAGE] : open-->Start!
2023-09-05 23:03:45,034 - jobID_9_Batch::DEBUG -- [STORAGE] : open-->Done!
2023-09-05 23:03:47,038 - jobID_9_Batch::DEBUG -- [DS_B] : prepare container-->Start!
2023-09-05 23:03:49,155 - jobID_9_Batch::DEBUG -- [DS_B] : prepare container-->Done!
2023-09-05 23:03:49,156 - jobID_9_Batch::DEBUG -- [Batch] : Finish Robot Queue : storage_empty_to_stirrer is done.
2023-09-05 23:03:51,162 - jobID_9_Batch::DEBUG -- [Batch] : storage_empty_to_stirrer is started.
2023-09-05 23:03:51,162 - jobID_9_Batch::DEBUG -- [Batch] : Start Robot Queue : storage_empty_to_stirrer is started.
2023-09-05 23:03:51,162 - jobID_9_Batch::DEBUG -- [LA] : move center-->Start!
2023-09-05 23:03:52,246 - jobID_9_Batch::DEBUG -- [LA] : move center-->Done!
2023-09-05 23:03:52,248 - jobID_9_Batch::DEBUG -- [STORAGE] : open-->Start!
2023-09-05 23:03:55,585 - jobID_9_Batch::DEBUG -- [STORAGE] : open-->Done!
2023-09-05 23:03:57,588 - jobID_9_Batch::DEBUG -- [DS_B] : prepare container-->Start!
2023-09-05 23:03:59,678 - jobID_9_Batch::DEBUG -- [DS_B] : prepare container-->Done!
2023-09-05 23:03:59,678 - jobID_9_Batch::DEBUG -- [Batch] : Finish Robot Queue : storage_empty_to_stirrer is done.
2023-09-05 23:04:01,683 - jobID_9_Batch::DEBUG -- [Batch] : storage_empty_to_stirrer is started.
2023-09-05 23:04:01,683 - jobID_9_Batch::DEBUG -- [Batch] : Start Robot Queue : storage_empty_to_stirrer is started.
2023-09-05 23:04:01,683 - jobID_9_Batch::DEBUG -- [LA] : move center-->Start!
2023-09-05 23:04:02,793 - jobID_9_Batch::DEBUG -- [LA] : move center-->Done!
2023-09-05 23:04:02,795 - jobID_9_Batch::DEBUG -- [STORAGE] : open-->Start!
2023-09-05 23:04:05,978 - jobID_9_Batch::DEBUG -- [STORAGE] : open-->Done!
2023-09-05 23:04:07,982 - jobID_9_Batch::DEBUG -- [DS_B] : prepare container-->Start!
2023-09-05 23:04:10,106 - jobID_9_Batch::DEBUG -- [DS_B] : prepare container-->Done!
2023-09-05 23:04:10,106 - jobID_9_Batch::DEBUG -- [Batch] : Finish Robot Queue : storage_empty_to_stirrer is done.
2023-09-05 23:04:12,112 - jobID_9_Batch::DEBUG -- [Batch] : Prepare Injection Queue --> NaBH4,10mM,500uL,200uL/s
2023-09-05 23:04:12,113 - jobID_9_Batch::DEBUG -- [PUMP] : prepare solution-->Start!
2023-09-05 23:04:12,113 - jobID_9_Batch::DEBUG -- [PUMP] : prepare solution-->Done!
2023-09-05 23:04:12,114 - jobID_9_Batch::DEBUG -- [LA] : move down-->Start!
2023-09-05 23:04:13,199 - jobID_9_Batch::DEBUG -- [LA] : move down-->Done!
2023-09-05 23:04:13,201 - jobID_9_Batch::DEBUG -- [Batch] : Start Injection Queue --> NaBH4,10mM,1800μL,200μL/s
2023-09-05 23:04:13,201 - jobID_9_Batch::DEBUG -- [PUMP] : prepare solution-->Start!
2023-09-05 23:04:16,848 - jobID_9_Batch::DEBUG -- [PUMP] : prepare solution-->Done!
2023-09-05 23:04:16,849 - jobID_9_Batch::DEBUG -- [LA] : move up-->Start!
2023-09-05 23:04:17,978 - jobID_9_Batch::DEBUG -- [LA] : move up-->Done!
2023-09-05 23:04:17,979 - jobID_9_Batch::DEBUG -- [LA] : move center-->Start!
2023-09-05 23:04:19,149 - jobID_9_Batch::DEBUG -- [LA] : move center-->Done!
2023-09-05 23:04:19,149 - jobID_9_Batch::DEBUG -- [Batch] : Finish Injection Queue
2023-09-05 23:04:21,155 - jobID_9_Batch::DEBUG -- [Batch] : Prepare Injection Queue --> NaBH4,10mM,500uL,200uL/s
2023-09-05 23:04:21,155 - jobID_9_Batch::DEBUG -- [PUMP] : prepare solution-->Start!
2023-09-05 23:04:21,155 - jobID_9_Batch::DEBUG -- [PUMP] : prepare solution-->Done!
2023-09-05 23:04:21,156 - jobID_9_Batch::DEBUG -- [LA] : move down-->Start!
2023-09-05 23:04:22,310 - jobID_9_Batch::DEBUG -- [LA] : move down-->Done!
2023-09-05 23:04:22,312 - jobID_9_Batch::DEBUG -- [Batch] : Start Injection Queue --> NaBH4,10mM,1800μL,200μL/s
2023-09-05 23:04:22,312 - jobID_9_Batch::DEBUG -- [PUMP] : prepare solution-->Start!
2023-09-05 23:04:26,066 - jobID_9_Batch::DEBUG -- [PUMP] : prepare solution-->Done!
2023-09-05 23:04:26,067 - jobID_9_Batch::DEBUG -- [LA] : move up-->Start!
2023-09-05 23:04:27,238 - jobID_9_Batch::DEBUG -- [LA] : move up-->Done!
2023-09-05 23:04:27,240 - jobID_9_Batch::DEBUG -- [LA] : move center-->Start!
2023-09-05 23:04:28,310 - jobID_9_Batch::DEBUG -- [LA] : move center-->Done!
2023-09-05 23:04:28,310 - jobID_9_Batch::DEBUG -- [Batch] : Finish Injection Queue
2023-09-05 23:04:30,316 - jobID_9_Batch::DEBUG -- [Batch] : Prepare Injection Queue --> NaBH4,10mM,500uL,200uL/s
2023-09-05 23:04:30,316 - jobID_9_Batch::DEBUG -- [PUMP] : prepare solution-->Start!
2023-09-05 23:04:30,316 - jobID_9_Batch::DEBUG -- [PUMP] : prepare solution-->Done!
2023-09-05 23:04:30,318 - jobID_9_Batch::DEBUG -- [LA] : move down-->Start!
2023-09-05 23:04:31,361 - jobID_9_Batch::DEBUG -- [LA] : move down-->Done!
2023-09-05 23:04:31,362 - jobID_9_Batch::DEBUG -- [Batch] : Start Injection Queue --> NaBH4,10mM,1800μL,200μL/s
2023-09-05 23:04:31,362 - jobID_9_Batch::DEBUG -- [PUMP] : prepare solution-->Start!
2023-09-05 23:04:35,233 - jobID_9_Batch::DEBUG -- [PUMP] : prepare solution-->Done!
2023-09-05 23:04:35,235 - jobID_9_Batch::DEBUG -- [LA] : move up-->Start!
2023-09-05 23:04:36,337 - jobID_9_Batch::DEBUG -- [LA] : move up-->Done!
2023-09-05 23:04:36,338 - jobID_9_Batch::DEBUG -- [LA] : move center-->Start!
2023-09-05 23:04:37,479 - jobID_9_Batch::DEBUG -- [LA] : move center-->Done!
2023-09-05 23:04:37,480 - jobID_9_Batch::DEBUG -- [Batch] : Finish Injection Queue
2023-09-05 23:04:39,484 - jobID_9_Batch::DEBUG -- [Batch] : Prepare Injection Queue --> NaBH4,10mM,500uL,200uL/s
2023-09-05 23:04:39,484 - jobID_9_Batch::DEBUG -- [PUMP] : prepare solution-->Start!
2023-09-05 23:04:39,484 - jobID_9_Batch::DEBUG -- [PUMP] : prepare solution-->Done!
2023-09-05 23:04:39,485 - jobID_9_Batch::DEBUG -- [LA] : move down-->Start!
2023-09-05 23:04:40,595 - jobID_9_Batch::DEBUG -- [LA] : move down-->Done!
2023-09-05 23:04:40,596 - jobID_9_Batch::DEBUG -- [Batch] : Start Injection Queue --> NaBH4,10mM,1800μL,200μL/s
2023-09-05 23:04:40,597 - jobID_9_Batch::DEBUG -- [PUMP] : prepare solution-->Start!
2023-09-05 23:04:44,379 - jobID_9_Batch::DEBUG -- [PUMP] : prepare solution-->Done!
2023-09-05 23:04:44,380 - jobID_9_Batch::DEBUG -- [LA] : move up-->Start!
2023-09-05 23:04:45,516 - jobID_9_Batch::DEBUG -- [LA] : move up-->Done!
2023-09-05 23:04:45,517 - jobID_9_Batch::DEBUG -- [LA] : move center-->Start!
2023-09-05 23:04:46,602 - jobID_9_Batch::DEBUG -- [LA] : move center-->Done!
2023-09-05 23:04:46,602 - jobID_9_Batch::DEBUG -- [Batch] : Finish Injection Queue
2023-09-05 23:04:48,607 - jobID_9_Batch::DEBUG -- [Batch] : Prepare Injection Queue --> NaBH4,10mM,500uL,200uL/s
2023-09-05 23:04:48,608 - jobID_9_Batch::DEBUG -- [PUMP] : prepare solution-->Start!
2023-09-05 23:04:48,608 - jobID_9_Batch::DEBUG -- [PUMP] : prepare solution-->Done!
2023-09-05 23:04:48,609 - jobID_9_Batch::DEBUG -- [LA] : move down-->Start!
2023-09-05 23:04:49,688 - jobID_9_Batch::DEBUG -- [LA] : move down-->Done!
2023-09-05 23:04:49,689 - jobID_9_Batch::DEBUG -- [Batch] : Start Injection Queue --> NaBH4,10mM,1800μL,200μL/s
2023-09-05 23:04:49,689 - jobID_9_Batch::DEBUG -- [PUMP] : prepare solution-->Start!
2023-09-05 23:04:53,457 - jobID_9_Batch::DEBUG -- [PUMP] : prepare solution-->Done!
2023-09-05 23:04:53,458 - jobID_9_Batch::DEBUG -- [LA] : move up-->Start!
2023-09-05 23:04:54,580 - jobID_9_Batch::DEBUG -- [LA] : move up-->Done!
2023-09-05 23:04:54,581 - jobID_9_Batch::DEBUG -- [LA] : move center-->Start!
2023-09-05 23:04:55,742 - jobID_9_Batch::DEBUG -- [LA] : move center-->Done!
2023-09-05 23:04:55,742 - jobID_9_Batch::DEBUG -- [Batch] : Finish Injection Queue
2023-09-05 23:04:57,747 - jobID_9_Batch::DEBUG -- [Batch] : Prepare Injection Queue --> NaBH4,10mM,500uL,200uL/s
2023-09-05 23:04:57,748 - jobID_9_Batch::DEBUG -- [PUMP] : prepare solution-->Start!
2023-09-05 23:04:57,748 - jobID_9_Batch::DEBUG -- [PUMP] : prepare solution-->Done!
2023-09-05 23:04:57,749 - jobID_9_Batch::DEBUG -- [LA] : move down-->Start!
2023-09-05 23:04:58,927 - jobID_9_Batch::DEBUG -- [LA] : move down-->Done!
2023-09-05 23:04:58,929 - jobID_9_Batch::DEBUG -- [Batch] : Start Injection Queue --> NaBH4,10mM,1800μL,200μL/s
2023-09-05 23:04:58,929 - jobID_9_Batch::DEBUG -- [PUMP] : prepare solution-->Start!
2023-09-05 23:05:02,719 - jobID_9_Batch::DEBUG -- [PUMP] : prepare solution-->Done!
2023-09-05 23:05:02,720 - jobID_9_Batch::DEBUG -- [LA] : move up-->Start!
2023-09-05 23:05:03,819 - jobID_9_Batch::DEBUG -- [LA] : move up-->Done!
2023-09-05 23:05:03,821 - jobID_9_Batch::DEBUG -- [LA] : move center-->Start!
2023-09-05 23:05:04,943 - jobID_9_Batch::DEBUG -- [LA] : move center-->Done!
2023-09-05 23:05:04,943 - jobID_9_Batch::DEBUG -- [Batch] : Finish Injection Queue
2023-09-05 23:05:04,944 - jobID_9_Batch::DEBUG -- [Batch] : Start Stir Queue 0 (Stirrer)
2023-09-05 23:05:06,621 - jobID_9_Batch::DEBUG -- [Batch] : Start Stir Queue 1 (Stirrer)
2023-09-05 23:05:08,192 - jobID_9_Batch::DEBUG -- [Batch] : Start Stir Queue 2 (Stirrer)
2023-09-05 23:05:09,811 - jobID_9_Batch::DEBUG -- [Batch] : Start Stir Queue 3 (Stirrer)
2023-09-05 23:05:11,229 - jobID_9_Batch::DEBUG -- [Batch] : Start Stir Queue 4 (Stirrer)
2023-09-05 23:05:12,789 - jobID_9_Batch::DEBUG -- [Batch] : Start Stir Queue 5 (Stirrer)
2023-09-05 23:05:14,365 - jobID_9_Batch::DEBUG -- [Batch] : Finish Stir Queue 0 (Stirrer)
2023-09-05 23:05:14,366 - jobID_9_Batch::DEBUG -- [Batch] : Finish Stir Queue 1 (Stirrer)
2023-09-05 23:05:14,366 - jobID_9_Batch::DEBUG -- [Batch] : Finish Stir Queue 2 (Stirrer)
2023-09-05 23:05:14,366 - jobID_9_Batch::DEBUG -- [Batch] : Finish Stir Queue 3 (Stirrer)
2023-09-05 23:05:14,366 - jobID_9_Batch::DEBUG -- [Batch] : Finish Stir Queue 4 (Stirrer)
2023-09-05 23:05:14,367 - jobID_9_Batch::DEBUG -- [Batch] : Finish Stir Queue 5 (Stirrer)
2023-09-05 23:05:14,367 - jobID_9_Batch::DEBUG -- [Batch] : Start Heat Queue 0 (Stirrer)
2023-09-05 23:05:15,920 - jobID_9_Batch::DEBUG -- [Batch] : Start Heat Queue 1 (Stirrer)
2023-09-05 23:05:17,440 - jobID_9_Batch::DEBUG -- [Batch] : Start Heat Queue 2 (Stirrer)
2023-09-05 23:05:18,933 - jobID_9_Batch::DEBUG -- [Batch] : Start Heat Queue 3 (Stirrer)
2023-09-05 23:05:20,649 - jobID_9_Batch::DEBUG -- [Batch] : Start Heat Queue 4 (Stirrer)
2023-09-05 23:05:22,096 - jobID_9_Batch::DEBUG -- [Batch] : Start Heat Queue 5 (Stirrer)
2023-09-05 23:05:23,650 - jobID_9_Batch::DEBUG -- [Batch] : Finish Heat Queue 0 (Stirrer)
2023-09-05 23:05:23,650 - jobID_9_Batch::DEBUG -- [Batch] : Finish Heat Queue 1 (Stirrer)
2023-09-05 23:05:23,650 - jobID_9_Batch::DEBUG -- [Batch] : Finish Heat Queue 2 (Stirrer)
2023-09-05 23:05:23,651 - jobID_9_Batch::DEBUG -- [Batch] : Finish Heat Queue 3 (Stirrer)
2023-09-05 23:05:23,651 - jobID_9_Batch::DEBUG -- [Batch] : Finish Heat Queue 4 (Stirrer)
2023-09-05 23:05:23,651 - jobID_9_Batch::DEBUG -- [Batch] : Finish Heat Queue 5 (Stirrer)
2023-09-05 23:05:23,652 - jobID_9_Batch::DEBUG -- [Batch] : Start Mix:300s
2023-09-05 23:05:23,652 - jobID_9_Batch::DEBUG -- [Batch] : check Mix:300s
2023-09-05 23:05:23,652 - jobID_9_Batch::DEBUG -- [Batch] : Finish Mix:300s
2023-09-05 23:05:23,653 - jobID_9_Batch::DEBUG -- [Batch] : Start Mix:300s
2023-09-05 23:05:23,653 - jobID_9_Batch::DEBUG -- [Batch] : check Mix:300s
2023-09-05 23:05:23,654 - jobID_9_Batch::DEBUG -- [Batch] : Start Mix:300s
2023-09-05 23:05:23,654 - jobID_9_Batch::DEBUG -- [Batch] : Finish Mix:300s
2023-09-05 23:05:23,654 - jobID_9_Batch::DEBUG -- [Batch] : Start Mix:300s
2023-09-05 23:05:23,655 - jobID_9_Batch::DEBUG -- [Batch] : check Mix:300s
2023-09-05 23:05:23,656 - jobID_9_Batch::DEBUG -- [Batch] : Start Mix:300s
2023-09-05 23:05:23,656 - jobID_9_Batch::DEBUG -- [Batch] : check Mix:300s
2023-09-05 23:05:23,657 - jobID_9_Batch::DEBUG -- [Batch] : Finish Mix:300s
2023-09-05 23:05:23,657 - jobID_9_Batch::DEBUG -- [Batch] : Start Mix:300s
2023-09-05 23:05:23,658 - jobID_9_Batch::DEBUG -- [Batch] : check Mix:300s
2023-09-05 23:05:23,658 - jobID_9_Batch::DEBUG -- [Batch] : Finish Mix:300s
2023-09-05 23:05:23,659 - jobID_9_Batch::DEBUG -- [Batch] : check Mix:300s
2023-09-05 23:05:23,660 - jobID_9_Batch::DEBUG -- [Batch] : Finish Mix:300s
2023-09-05 23:05:23,660 - jobID_9_Batch::DEBUG -- [Batch] : Finish Mix:300s
2023-09-05 23:05:25,665 - jobID_9_Batch::DEBUG -- [Batch] : Prepare Injection Queue --> AgNO3,1250mM,500uL,200uL/s
2023-09-05 23:05:25,666 - jobID_9_Batch::DEBUG -- [PUMP] : prepare solution-->Start!
2023-09-05 23:05:25,666 - jobID_9_Batch::DEBUG -- [PUMP] : prepare solution-->Done!
2023-09-05 23:05:25,667 - jobID_9_Batch::DEBUG -- [LA] : move down-->Start!
2023-09-05 23:05:26,722 - jobID_9_Batch::DEBUG -- [LA] : move down-->Done!
2023-09-05 23:05:26,723 - jobID_9_Batch::DEBUG -- [Batch] : Start Injection Queue --> AgNO3,1250mM,1600μL,200μL/s
2023-09-05 23:05:26,724 - jobID_9_Batch::DEBUG -- [PUMP] : prepare solution-->Start!
2023-09-05 23:05:30,478 - jobID_9_Batch::DEBUG -- [PUMP] : prepare solution-->Done!
2023-09-05 23:05:30,480 - jobID_9_Batch::DEBUG -- [LA] : move up-->Start!
2023-09-05 23:05:31,553 - jobID_9_Batch::DEBUG -- [LA] : move up-->Done!
2023-09-05 23:05:31,554 - jobID_9_Batch::DEBUG -- [LA] : move center-->Start!
2023-09-05 23:05:32,628 - jobID_9_Batch::DEBUG -- [LA] : move center-->Done!
2023-09-05 23:05:32,628 - jobID_9_Batch::DEBUG -- [Batch] : Finish Injection Queue
2023-09-05 23:05:34,631 - jobID_9_Batch::DEBUG -- [Batch] : Prepare Injection Queue --> AgNO3,1250mM,500uL,200uL/s
2023-09-05 23:05:34,632 - jobID_9_Batch::DEBUG -- [PUMP] : prepare solution-->Start!
2023-09-05 23:05:34,632 - jobID_9_Batch::DEBUG -- [PUMP] : prepare solution-->Done!
2023-09-05 23:05:34,633 - jobID_9_Batch::DEBUG -- [LA] : move down-->Start!
2023-09-05 23:05:35,788 - jobID_9_Batch::DEBUG -- [LA] : move down-->Done!
2023-09-05 23:05:35,789 - jobID_9_Batch::DEBUG -- [Batch] : Start Injection Queue --> AgNO3,1250mM,2000μL,200μL/s
2023-09-05 23:05:35,790 - jobID_9_Batch::DEBUG -- [PUMP] : prepare solution-->Start!
2023-09-05 23:05:39,620 - jobID_9_Batch::DEBUG -- [PUMP] : prepare solution-->Done!
2023-09-05 23:05:39,621 - jobID_9_Batch::DEBUG -- [LA] : move up-->Start!
2023-09-05 23:05:40,631 - jobID_9_Batch::DEBUG -- [LA] : move up-->Done!
2023-09-05 23:05:40,633 - jobID_9_Batch::DEBUG -- [LA] : move center-->Start!
2023-09-05 23:05:41,746 - jobID_9_Batch::DEBUG -- [LA] : move center-->Done!
2023-09-05 23:05:41,747 - jobID_9_Batch::DEBUG -- [Batch] : Finish Injection Queue
2023-09-05 23:05:43,752 - jobID_9_Batch::DEBUG -- [Batch] : Prepare Injection Queue --> AgNO3,1250mM,500uL,200uL/s
2023-09-05 23:05:43,752 - jobID_9_Batch::DEBUG -- [PUMP] : prepare solution-->Start!
2023-09-05 23:05:43,753 - jobID_9_Batch::DEBUG -- [PUMP] : prepare solution-->Done!
2023-09-05 23:05:43,754 - jobID_9_Batch::DEBUG -- [LA] : move down-->Start!
2023-09-05 23:05:44,828 - jobID_9_Batch::DEBUG -- [LA] : move down-->Done!
2023-09-05 23:05:44,830 - jobID_9_Batch::DEBUG -- [Batch] : Start Injection Queue --> AgNO3,1250mM,2400μL,200μL/s
2023-09-05 23:05:44,830 - jobID_9_Batch::DEBUG -- [PUMP] : prepare solution-->Start!
2023-09-05 23:05:48,624 - jobID_9_Batch::DEBUG -- [PUMP] : prepare solution-->Done!
2023-09-05 23:05:48,625 - jobID_9_Batch::DEBUG -- [LA] : move up-->Start!
2023-09-05 23:05:49,737 - jobID_9_Batch::DEBUG -- [LA] : move up-->Done!
2023-09-05 23:05:49,739 - jobID_9_Batch::DEBUG -- [LA] : move center-->Start!
2023-09-05 23:05:50,829 - jobID_9_Batch::DEBUG -- [LA] : move center-->Done!
2023-09-05 23:05:50,830 - jobID_9_Batch::DEBUG -- [Batch] : Finish Injection Queue
2023-09-05 23:05:52,835 - jobID_9_Batch::DEBUG -- [Batch] : Prepare Injection Queue --> AgNO3,1250mM,500uL,200uL/s
2023-09-05 23:05:52,836 - jobID_9_Batch::DEBUG -- [PUMP] : prepare solution-->Start!
2023-09-05 23:05:52,836 - jobID_9_Batch::DEBUG -- [PUMP] : prepare solution-->Done!
2023-09-05 23:05:52,837 - jobID_9_Batch::DEBUG -- [LA] : move down-->Start!
2023-09-05 23:05:53,885 - jobID_9_Batch::DEBUG -- [LA] : move down-->Done!
2023-09-05 23:05:53,887 - jobID_9_Batch::DEBUG -- [Batch] : Start Injection Queue --> AgNO3,1250mM,3000μL,200μL/s
2023-09-05 23:05:53,887 - jobID_9_Batch::DEBUG -- [PUMP] : prepare solution-->Start!
2023-09-05 23:05:57,605 - jobID_9_Batch::DEBUG -- [PUMP] : prepare solution-->Done!
2023-09-05 23:05:57,606 - jobID_9_Batch::DEBUG -- [LA] : move up-->Start!
2023-09-05 23:05:58,787 - jobID_9_Batch::DEBUG -- [LA] : move up-->Done!
2023-09-05 23:05:58,788 - jobID_9_Batch::DEBUG -- [LA] : move center-->Start!
2023-09-05 23:05:59,809 - jobID_9_Batch::DEBUG -- [LA] : move center-->Done!
2023-09-05 23:05:59,809 - jobID_9_Batch::DEBUG -- [Batch] : Finish Injection Queue
2023-09-05 23:06:01,815 - jobID_9_Batch::DEBUG -- [Batch] : Prepare Injection Queue --> AgNO3,1250mM,500uL,200uL/s
2023-09-05 23:06:01,815 - jobID_9_Batch::DEBUG -- [PUMP] : prepare solution-->Start!
2023-09-05 23:06:01,815 - jobID_9_Batch::DEBUG -- [PUMP] : prepare solution-->Done!
2023-09-05 23:06:01,816 - jobID_9_Batch::DEBUG -- [LA] : move down-->Start!
2023-09-05 23:06:02,919 - jobID_9_Batch::DEBUG -- [LA] : move down-->Done!
2023-09-05 23:06:02,920 - jobID_9_Batch::DEBUG -- [Batch] : Start Injection Queue --> AgNO3,1250mM,3000μL,200μL/s
2023-09-05 23:06:02,921 - jobID_9_Batch::DEBUG -- [PUMP] : prepare solution-->Start!
2023-09-05 23:06:06,680 - jobID_9_Batch::DEBUG -- [PUMP] : prepare solution-->Done!
2023-09-05 23:06:06,681 - jobID_9_Batch::DEBUG -- [LA] : move up-->Start!
2023-09-05 23:06:07,718 - jobID_9_Batch::DEBUG -- [LA] : move up-->Done!
2023-09-05 23:06:07,720 - jobID_9_Batch::DEBUG -- [LA] : move center-->Start!
2023-09-05 23:06:08,763 - jobID_9_Batch::DEBUG -- [LA] : move center-->Done!
2023-09-05 23:06:08,763 - jobID_9_Batch::DEBUG -- [Batch] : Finish Injection Queue
2023-09-05 23:06:10,769 - jobID_9_Batch::DEBUG -- [Batch] : Prepare Injection Queue --> AgNO3,1250mM,500uL,200uL/s
2023-09-05 23:06:10,769 - jobID_9_Batch::DEBUG -- [PUMP] : prepare solution-->Start!
2023-09-05 23:06:10,769 - jobID_9_Batch::DEBUG -- [PUMP] : prepare solution-->Done!
2023-09-05 23:06:10,770 - jobID_9_Batch::DEBUG -- [LA] : move down-->Start!
2023-09-05 23:06:11,831 - jobID_9_Batch::DEBUG -- [LA] : move down-->Done!
2023-09-05 23:06:11,832 - jobID_9_Batch::DEBUG -- [Batch] : Start Injection Queue --> AgNO3,1250mM,3000μL,200μL/s
2023-09-05 23:06:11,832 - jobID_9_Batch::DEBUG -- [PUMP] : prepare solution-->Start!
2023-09-05 23:06:15,472 - jobID_9_Batch::DEBUG -- [PUMP] : prepare solution-->Done!
2023-09-05 23:06:15,474 - jobID_9_Batch::DEBUG -- [LA] : move up-->Start!
2023-09-05 23:06:16,556 - jobID_9_Batch::DEBUG -- [LA] : move up-->Done!
2023-09-05 23:06:16,557 - jobID_9_Batch::DEBUG -- [LA] : move center-->Start!
2023-09-05 23:06:17,648 - jobID_9_Batch::DEBUG -- [LA] : move center-->Done!
2023-09-05 23:06:17,648 - jobID_9_Batch::DEBUG -- [Batch] : Finish Injection Queue
2023-09-05 23:06:17,650 - jobID_9_Batch::DEBUG -- [Batch] : Start React:1200s
2023-09-05 23:06:17,650 - jobID_9_Batch::DEBUG -- [Batch] : Start React:1200s
2023-09-05 23:06:17,651 - jobID_9_Batch::DEBUG -- [Batch] : Start React:1200s
2023-09-05 23:06:17,651 - jobID_9_Batch::DEBUG -- [Batch] : Start React:1200s
2023-09-05 23:06:17,652 - jobID_9_Batch::DEBUG -- [Batch] : Start React:1200s
2023-09-05 23:06:17,653 - jobID_9_Batch::DEBUG -- [Batch] : Start React:1200s
