2023-09-05 23:25:20,838 - jobID_9_Batch::INFO -- [JobExecution] : [jobID=0] Algorithm, model : Automatic
2023-09-05 23:25:20,838 - jobID_9_Batch::INFO -- [JobExecution] : ######### Cycle start #########
2023-09-05 23:25:20,838 - jobID_9_Batch::INFO -- [Automatic] : total experiments=6
2023-09-05 23:25:20,838 - jobID_9_Batch::INFO -- [Automatic [0]] : next_point 0: {'AddSolution=AgNO3_Volume': 1600}
2023-09-05 23:25:20,838 - jobID_9_Batch::INFO -- [Automatic [1]] : next_point 1: {'AddSolution=AgNO3_Volume': 2000}
2023-09-05 23:25:20,838 - jobID_9_Batch::INFO -- [Automatic [2]] : next_point 2: {'AddSolution=AgNO3_Volume': 2400}
2023-09-05 23:25:20,838 - jobID_9_Batch::INFO -- [Automatic [3]] : next_point 3: {'AddSolution=AgNO3_Volume': 3000}
2023-09-05 23:25:20,838 - jobID_9_Batch::INFO -- [Automatic [4]] : next_point 4: {'AddSolution=AgNO3_Volume': 3000}
2023-09-05 23:25:20,839 - jobID_9_Batch::INFO -- [Automatic [5]] : next_point 5: {'AddSolution=AgNO3_Volume': 3000}
2023-09-05 23:25:20,844 - jobID_9_Batch::INFO -- [ProcessGenerator] : Allocate all of process based on job script!
2023-09-05 23:25:20,844 - jobID_9_Batch::INFO -- [JobExecution] : ######### [jobID_9_Batch-HJ] Experiment 6 is running #########
2023-09-05 23:25:20,845 - jobID_9_Batch::INFO -- [TaskScheduler] : check location: {'BatchSynthesis': {'Stirrer': ['?', '?', '?', '?', '?', '?', '?', '?'], 'vialHolder': ['?', '?', '?', '?', '?', '?', '?', '?']}, 'UV': {'vialHolder': ['?', '?', '?', '?', '?', '?', '?', '?']}}
2023-09-05 23:25:20,845 - jobID_9_Batch::INFO -- [TaskScheduler] : BatchSynthesis is started, allocate location: {'Stirrer': [0, 1, 2, 3, 4, 5], 'vialHolder': [0, 1, 2, 3, 4, 5]}
2023-09-05 23:25:20,845 - jobID_9_Batch::INFO -- [TaskScheduler] : check location after allocation: {'BatchSynthesis': {'Stirrer': [0, 0, 0, 0, 0, 0, '?', '?'], 'vialHolder': [0, 0, 0, 0, 0, 0, '?', '?']}, 'UV': {'vialHolder': ['?', '?', '?', '?', '?', '?', '?', '?']}}
2023-09-05 23:25:22,850 - jobID_9_Batch::DEBUG -- [Batch] : storage_empty_to_stirrer is started.
2023-09-05 23:25:22,850 - jobID_9_Batch::DEBUG -- [Batch] : vial_num_list: [0, 1, 2, 3, 4, 5]
2023-09-05 23:25:22,850 - jobID_9_Batch::DEBUG -- [Batch] : line_num_list: [0, 0, 0, 0, 0, 0]
2023-09-05 23:25:22,850 - jobID_9_Batch::DEBUG -- [Batch] : vialHolder_list: [0, 1, 2, 3, 4, 5]
2023-09-05 23:25:22,851 - jobID_9_Batch::DEBUG -- [Batch] : Start Robot Queue : storage_empty_to_stirrer is started.
2023-09-05 23:25:22,851 - jobID_9_Batch::DEBUG -- [LA] : move center-->Start!
2023-09-05 23:25:24,118 - jobID_9_Batch::DEBUG -- [LA] : move center-->Done!
2023-09-05 23:25:24,119 - jobID_9_Batch::DEBUG -- [STORAGE] : open-->Start!
2023-09-05 23:25:27,219 - jobID_9_Batch::DEBUG -- [STORAGE] : open-->Done!
2023-09-05 23:25:29,222 - jobID_9_Batch::DEBUG -- [DS_B] : prepare container-->Start!
2023-09-05 23:25:31,378 - jobID_9_Batch::DEBUG -- [DS_B] : prepare container-->Done!
2023-09-05 23:25:31,378 - jobID_9_Batch::DEBUG -- [Batch] : Finish Robot Queue : storage_empty_to_stirrer is done.
2023-09-05 23:25:33,384 - jobID_9_Batch::DEBUG -- [Batch] : storage_empty_to_stirrer is started.
2023-09-05 23:25:33,384 - jobID_9_Batch::DEBUG -- [Batch] : Start Robot Queue : storage_empty_to_stirrer is started.
2023-09-05 23:25:33,385 - jobID_9_Batch::DEBUG -- [LA] : move center-->Start!
2023-09-05 23:25:34,449 - jobID_9_Batch::DEBUG -- [LA] : move center-->Done!
2023-09-05 23:25:34,450 - jobID_9_Batch::DEBUG -- [STORAGE] : open-->Start!
2023-09-05 23:25:37,554 - jobID_9_Batch::DEBUG -- [STORAGE] : open-->Done!
2023-09-05 23:25:39,557 - jobID_9_Batch::DEBUG -- [DS_B] : prepare container-->Start!
2023-09-05 23:25:41,611 - jobID_9_Batch::DEBUG -- [DS_B] : prepare container-->Done!
2023-09-05 23:25:41,612 - jobID_9_Batch::DEBUG -- [Batch] : Finish Robot Queue : storage_empty_to_stirrer is done.
