2023-09-05 23:19:06,805 - jobID_9_Batch::INFO -- [JobExecution] : [jobID=0] Algorithm, model : Automatic
2023-09-05 23:19:06,816 - jobID_9_Batch::INFO -- [JobExecution] : ######### Cycle start #########
2023-09-05 23:19:06,816 - jobID_9_Batch::INFO -- [Automatic] : total experiments=6
2023-09-05 23:19:06,817 - jobID_9_Batch::INFO -- [Automatic [0]] : next_point 0: {'AddSolution=AgNO3_Volume': 1600}
2023-09-05 23:19:06,817 - jobID_9_Batch::INFO -- [Automatic [1]] : next_point 1: {'AddSolution=AgNO3_Volume': 2000}
2023-09-05 23:19:06,817 - jobID_9_Batch::INFO -- [Automatic [2]] : next_point 2: {'AddSolution=AgNO3_Volume': 2400}
2023-09-05 23:19:06,817 - jobID_9_Batch::INFO -- [Automatic [3]] : next_point 3: {'AddSolution=AgNO3_Volume': 3000}
2023-09-05 23:19:06,817 - jobID_9_Batch::INFO -- [Automatic [4]] : next_point 4: {'AddSolution=AgNO3_Volume': 3000}
2023-09-05 23:19:06,817 - jobID_9_Batch::INFO -- [Automatic [5]] : next_point 5: {'AddSolution=AgNO3_Volume': 3000}
2023-09-05 23:19:06,821 - jobID_9_Batch::INFO -- [ProcessGenerator] : Allocate all of process based on job script!
2023-09-05 23:19:06,821 - jobID_9_Batch::INFO -- [JobExecution] : ######### [jobID_9_Batch-HJ] Experiment 6 is running #########
2023-09-05 23:19:06,822 - jobID_9_Batch::INFO -- [TaskScheduler] : check location: {'BatchSynthesis': {'Stirrer': ['?', '?', '?', '?', '?', '?', '?', '?'], 'vialHolder': ['?', '?', '?', '?', '?', '?', '?', '?']}, 'UV': {'vialHolder': ['?', '?', '?', '?', '?', '?', '?', '?']}}
2023-09-05 23:19:06,822 - jobID_9_Batch::INFO -- [TaskScheduler] : BatchSynthesis is started, allocate location: {'Stirrer': [0, 1, 2, 3, 4, 5], 'vialHolder': [0, 1, 2, 3, 4, 5]}
2023-09-05 23:19:06,822 - jobID_9_Batch::INFO -- [TaskScheduler] : check location after allocation: {'BatchSynthesis': {'Stirrer': [0, 0, 0, 0, 0, 0, '?', '?'], 'vialHolder': [0, 0, 0, 0, 0, 0, '?', '?']}, 'UV': {'vialHolder': ['?', '?', '?', '?', '?', '?', '?', '?']}}
2023-09-05 23:19:08,827 - jobID_9_Batch::DEBUG -- [Batch] : storage_empty_to_stirrer is started.
2023-09-05 23:19:08,827 - jobID_9_Batch::DEBUG -- [Batch] : vial_num_list: [0, 1, 2, 3, 4, 5]
2023-09-05 23:19:08,828 - jobID_9_Batch::DEBUG -- [Batch] : line_num_list: [0, 0, 0, 0, 0, 0]
2023-09-05 23:19:08,828 - jobID_9_Batch::DEBUG -- [Batch] : vialHolder_list: [0, 1, 2, 3, 4, 5]
2023-09-05 23:19:08,828 - jobID_9_Batch::DEBUG -- [Batch] : Start Robot Queue : storage_empty_to_stirrer is started.
2023-09-05 23:19:08,828 - jobID_9_Batch::DEBUG -- [LA] : move center-->Start!
2023-09-05 23:19:09,937 - jobID_9_Batch::DEBUG -- [LA] : move center-->Done!
2023-09-05 23:19:09,939 - jobID_9_Batch::DEBUG -- [STORAGE] : open-->Start!
2023-09-05 23:19:13,119 - jobID_9_Batch::DEBUG -- [STORAGE] : open-->Done!
2023-09-05 23:19:15,123 - jobID_9_Batch::DEBUG -- [DS_B] : prepare container-->Start!
2023-09-05 23:19:17,250 - jobID_9_Batch::DEBUG -- [DS_B] : prepare container-->Done!
2023-09-05 23:19:17,251 - jobID_9_Batch::DEBUG -- [Batch] : Finish Robot Queue : storage_empty_to_stirrer is done.
2023-09-05 23:19:19,257 - jobID_9_Batch::DEBUG -- [Batch] : storage_empty_to_stirrer is started.
2023-09-05 23:19:19,257 - jobID_9_Batch::DEBUG -- [Batch] : Start Robot Queue : storage_empty_to_stirrer is started.
2023-09-05 23:19:19,257 - jobID_9_Batch::DEBUG -- [LA] : move center-->Start!
2023-09-05 23:19:20,318 - jobID_9_Batch::DEBUG -- [LA] : move center-->Done!
2023-09-05 23:19:20,320 - jobID_9_Batch::DEBUG -- [STORAGE] : open-->Start!
2023-09-05 23:19:23,495 - jobID_9_Batch::DEBUG -- [STORAGE] : open-->Done!
2023-09-05 23:19:25,498 - jobID_9_Batch::DEBUG -- [DS_B] : prepare container-->Start!
2023-09-05 23:19:27,613 - jobID_9_Batch::DEBUG -- [DS_B] : prepare container-->Done!
2023-09-05 23:19:27,614 - jobID_9_Batch::DEBUG -- [Batch] : Finish Robot Queue : storage_empty_to_stirrer is done.
2023-09-05 23:19:29,618 - jobID_9_Batch::DEBUG -- [Batch] : storage_empty_to_stirrer is started.
2023-09-05 23:19:29,618 - jobID_9_Batch::DEBUG -- [Batch] : Start Robot Queue : storage_empty_to_stirrer is started.
2023-09-05 23:19:29,619 - jobID_9_Batch::DEBUG -- [LA] : move center-->Start!
2023-09-05 23:19:30,739 - jobID_9_Batch::DEBUG -- [LA] : move center-->Done!
2023-09-05 23:19:30,741 - jobID_9_Batch::DEBUG -- [STORAGE] : open-->Start!
2023-09-05 23:19:33,821 - jobID_9_Batch::DEBUG -- [STORAGE] : open-->Done!
2023-09-05 23:19:35,825 - jobID_9_Batch::DEBUG -- [DS_B] : prepare container-->Start!
2023-09-05 23:19:38,108 - jobID_9_Batch::DEBUG -- [DS_B] : prepare container-->Done!
2023-09-05 23:19:38,108 - jobID_9_Batch::DEBUG -- [Batch] : Finish Robot Queue : storage_empty_to_stirrer is done.
2023-09-05 23:19:40,114 - jobID_9_Batch::DEBUG -- [Batch] : storage_empty_to_stirrer is started.
2023-09-05 23:19:40,114 - jobID_9_Batch::DEBUG -- [Batch] : Start Robot Queue : storage_empty_to_stirrer is started.
2023-09-05 23:19:40,114 - jobID_9_Batch::DEBUG -- [LA] : move center-->Start!
2023-09-05 23:19:41,172 - jobID_9_Batch::DEBUG -- [LA] : move center-->Done!
2023-09-05 23:19:41,173 - jobID_9_Batch::DEBUG -- [STORAGE] : open-->Start!
2023-09-05 23:19:44,322 - jobID_9_Batch::DEBUG -- [STORAGE] : open-->Done!
2023-09-05 23:19:46,325 - jobID_9_Batch::DEBUG -- [DS_B] : prepare container-->Start!
2023-09-05 23:19:48,581 - jobID_9_Batch::DEBUG -- [DS_B] : prepare container-->Done!
2023-09-05 23:19:48,581 - jobID_9_Batch::DEBUG -- [Batch] : Finish Robot Queue : storage_empty_to_stirrer is done.
2023-09-05 23:19:50,584 - jobID_9_Batch::DEBUG -- [Batch] : storage_empty_to_stirrer is started.
2023-09-05 23:19:50,584 - jobID_9_Batch::DEBUG -- [Batch] : Start Robot Queue : storage_empty_to_stirrer is started.
2023-09-05 23:19:50,585 - jobID_9_Batch::DEBUG -- [LA] : move center-->Start!
2023-09-05 23:19:51,650 - jobID_9_Batch::DEBUG -- [LA] : move center-->Done!
2023-09-05 23:19:51,651 - jobID_9_Batch::DEBUG -- [STORAGE] : open-->Start!
2023-09-05 23:19:54,818 - jobID_9_Batch::DEBUG -- [STORAGE] : open-->Done!
2023-09-05 23:19:56,821 - jobID_9_Batch::DEBUG -- [DS_B] : prepare container-->Start!
2023-09-05 23:19:59,024 - jobID_9_Batch::DEBUG -- [DS_B] : prepare container-->Done!
2023-09-05 23:19:59,025 - jobID_9_Batch::DEBUG -- [Batch] : Finish Robot Queue : storage_empty_to_stirrer is done.
2023-09-05 23:20:01,031 - jobID_9_Batch::DEBUG -- [Batch] : storage_empty_to_stirrer is started.
2023-09-05 23:20:01,031 - jobID_9_Batch::DEBUG -- [Batch] : Start Robot Queue : storage_empty_to_stirrer is started.
2023-09-05 23:20:01,031 - jobID_9_Batch::DEBUG -- [LA] : move center-->Start!
2023-09-05 23:20:02,151 - jobID_9_Batch::DEBUG -- [LA] : move center-->Done!
2023-09-05 23:20:02,153 - jobID_9_Batch::DEBUG -- [STORAGE] : open-->Start!
2023-09-05 23:20:05,234 - jobID_9_Batch::DEBUG -- [STORAGE] : open-->Done!
2023-09-05 23:20:07,238 - jobID_9_Batch::DEBUG -- [DS_B] : prepare container-->Start!
2023-09-05 23:20:09,451 - jobID_9_Batch::DEBUG -- [DS_B] : prepare container-->Done!
2023-09-05 23:20:09,451 - jobID_9_Batch::DEBUG -- [Batch] : Finish Robot Queue : storage_empty_to_stirrer is done.
2023-09-05 23:20:11,457 - jobID_9_Batch::DEBUG -- [Batch] : Prepare Injection Queue --> NaBH4,10mM,500uL,200uL/s
2023-09-05 23:20:11,457 - jobID_9_Batch::DEBUG -- [PUMP] : prepare solution-->Start!
2023-09-05 23:20:11,457 - jobID_9_Batch::DEBUG -- [PUMP] : prepare solution-->Done!
2023-09-05 23:20:11,459 - jobID_9_Batch::DEBUG -- [LA] : move down-->Start!
2023-09-05 23:20:12,672 - jobID_9_Batch::DEBUG -- [LA] : move down-->Done!
2023-09-05 23:20:12,672 - jobID_9_Batch::DEBUG -- [Batch] : Start Injection Queue --> NaBH4,10mM,1800μL,200μL/s
2023-09-05 23:20:12,672 - jobID_9_Batch::DEBUG -- [PUMP] : prepare solution-->Start!
2023-09-05 23:20:16,414 - jobID_9_Batch::DEBUG -- [PUMP] : prepare solution-->Done!
2023-09-05 23:20:16,415 - jobID_9_Batch::DEBUG -- [LA] : move up-->Start!
2023-09-05 23:20:17,453 - jobID_9_Batch::DEBUG -- [LA] : move up-->Done!
2023-09-05 23:20:17,453 - jobID_9_Batch::DEBUG -- [LA] : move center-->Start!
2023-09-05 23:20:18,569 - jobID_9_Batch::DEBUG -- [LA] : move center-->Done!
2023-09-05 23:20:18,569 - jobID_9_Batch::DEBUG -- [Batch] : Finish Injection Queue
2023-09-05 23:20:20,575 - jobID_9_Batch::DEBUG -- [Batch] : Prepare Injection Queue --> NaBH4,10mM,500uL,200uL/s
2023-09-05 23:20:20,575 - jobID_9_Batch::DEBUG -- [PUMP] : prepare solution-->Start!
2023-09-05 23:20:20,575 - jobID_9_Batch::DEBUG -- [PUMP] : prepare solution-->Done!
2023-09-05 23:20:20,576 - jobID_9_Batch::DEBUG -- [LA] : move down-->Start!
2023-09-05 23:20:21,614 - jobID_9_Batch::DEBUG -- [LA] : move down-->Done!
2023-09-05 23:20:21,615 - jobID_9_Batch::DEBUG -- [Batch] : Start Injection Queue --> NaBH4,10mM,1800μL,200μL/s
2023-09-05 23:20:21,616 - jobID_9_Batch::DEBUG -- [PUMP] : prepare solution-->Start!
2023-09-05 23:20:25,445 - jobID_9_Batch::DEBUG -- [PUMP] : prepare solution-->Done!
2023-09-05 23:20:25,446 - jobID_9_Batch::DEBUG -- [LA] : move up-->Start!
2023-09-05 23:20:26,543 - jobID_9_Batch::DEBUG -- [LA] : move up-->Done!
2023-09-05 23:20:26,545 - jobID_9_Batch::DEBUG -- [LA] : move center-->Start!
2023-09-05 23:20:27,610 - jobID_9_Batch::DEBUG -- [LA] : move center-->Done!
2023-09-05 23:20:27,611 - jobID_9_Batch::DEBUG -- [Batch] : Finish Injection Queue
2023-09-05 23:20:29,615 - jobID_9_Batch::DEBUG -- [Batch] : Prepare Injection Queue --> NaBH4,10mM,500uL,200uL/s
2023-09-05 23:20:29,615 - jobID_9_Batch::DEBUG -- [PUMP] : prepare solution-->Start!
2023-09-05 23:20:29,615 - jobID_9_Batch::DEBUG -- [PUMP] : prepare solution-->Done!
2023-09-05 23:20:29,616 - jobID_9_Batch::DEBUG -- [LA] : move down-->Start!
2023-09-05 23:20:30,656 - jobID_9_Batch::DEBUG -- [LA] : move down-->Done!
2023-09-05 23:20:30,658 - jobID_9_Batch::DEBUG -- [Batch] : Start Injection Queue --> NaBH4,10mM,1800μL,200μL/s
2023-09-05 23:20:30,658 - jobID_9_Batch::DEBUG -- [PUMP] : prepare solution-->Start!
2023-09-05 23:20:34,354 - jobID_9_Batch::DEBUG -- [PUMP] : prepare solution-->Done!
2023-09-05 23:20:34,355 - jobID_9_Batch::DEBUG -- [LA] : move up-->Start!
2023-09-05 23:20:35,361 - jobID_9_Batch::DEBUG -- [LA] : move up-->Done!
2023-09-05 23:20:35,361 - jobID_9_Batch::DEBUG -- [LA] : move center-->Start!
2023-09-05 23:20:36,457 - jobID_9_Batch::DEBUG -- [LA] : move center-->Done!
2023-09-05 23:20:36,458 - jobID_9_Batch::DEBUG -- [Batch] : Finish Injection Queue
2023-09-05 23:20:38,463 - jobID_9_Batch::DEBUG -- [Batch] : Prepare Injection Queue --> NaBH4,10mM,500uL,200uL/s
2023-09-05 23:20:38,463 - jobID_9_Batch::DEBUG -- [PUMP] : prepare solution-->Start!
2023-09-05 23:20:38,463 - jobID_9_Batch::DEBUG -- [PUMP] : prepare solution-->Done!
2023-09-05 23:20:38,464 - jobID_9_Batch::DEBUG -- [LA] : move down-->Start!
2023-09-05 23:20:39,500 - jobID_9_Batch::DEBUG -- [LA] : move down-->Done!
2023-09-05 23:20:39,500 - jobID_9_Batch::DEBUG -- [Batch] : Start Injection Queue --> NaBH4,10mM,1800μL,200μL/s
2023-09-05 23:20:39,501 - jobID_9_Batch::DEBUG -- [PUMP] : prepare solution-->Start!
2023-09-05 23:20:43,316 - jobID_9_Batch::DEBUG -- [PUMP] : prepare solution-->Done!
2023-09-05 23:20:43,317 - jobID_9_Batch::DEBUG -- [LA] : move up-->Start!
2023-09-05 23:20:44,372 - jobID_9_Batch::DEBUG -- [LA] : move up-->Done!
2023-09-05 23:20:44,374 - jobID_9_Batch::DEBUG -- [LA] : move center-->Start!
2023-09-05 23:20:45,440 - jobID_9_Batch::DEBUG -- [LA] : move center-->Done!
2023-09-05 23:20:45,441 - jobID_9_Batch::DEBUG -- [Batch] : Finish Injection Queue
2023-09-05 23:20:47,446 - jobID_9_Batch::DEBUG -- [Batch] : Prepare Injection Queue --> NaBH4,10mM,500uL,200uL/s
2023-09-05 23:20:47,446 - jobID_9_Batch::DEBUG -- [PUMP] : prepare solution-->Start!
2023-09-05 23:20:47,447 - jobID_9_Batch::DEBUG -- [PUMP] : prepare solution-->Done!
2023-09-05 23:20:47,448 - jobID_9_Batch::DEBUG -- [LA] : move down-->Start!
2023-09-05 23:20:48,512 - jobID_9_Batch::DEBUG -- [LA] : move down-->Done!
2023-09-05 23:20:48,514 - jobID_9_Batch::DEBUG -- [Batch] : Start Injection Queue --> NaBH4,10mM,1800μL,200μL/s
2023-09-05 23:20:48,514 - jobID_9_Batch::DEBUG -- [PUMP] : prepare solution-->Start!
2023-09-05 23:20:52,274 - jobID_9_Batch::DEBUG -- [PUMP] : prepare solution-->Done!
2023-09-05 23:20:52,276 - jobID_9_Batch::DEBUG -- [LA] : move up-->Start!
2023-09-05 23:20:53,332 - jobID_9_Batch::DEBUG -- [LA] : move up-->Done!
2023-09-05 23:20:53,334 - jobID_9_Batch::DEBUG -- [LA] : move center-->Start!
2023-09-05 23:20:54,460 - jobID_9_Batch::DEBUG -- [LA] : move center-->Done!
2023-09-05 23:20:54,460 - jobID_9_Batch::DEBUG -- [Batch] : Finish Injection Queue
2023-09-05 23:20:56,465 - jobID_9_Batch::DEBUG -- [Batch] : Prepare Injection Queue --> NaBH4,10mM,500uL,200uL/s
2023-09-05 23:20:56,466 - jobID_9_Batch::DEBUG -- [PUMP] : prepare solution-->Start!
2023-09-05 23:20:56,466 - jobID_9_Batch::DEBUG -- [PUMP] : prepare solution-->Done!
2023-09-05 23:20:56,467 - jobID_9_Batch::DEBUG -- [LA] : move down-->Start!
2023-09-05 23:20:57,488 - jobID_9_Batch::DEBUG -- [LA] : move down-->Done!
2023-09-05 23:20:57,489 - jobID_9_Batch::DEBUG -- [Batch] : Start Injection Queue --> NaBH4,10mM,1800μL,200μL/s
2023-09-05 23:20:57,490 - jobID_9_Batch::DEBUG -- [PUMP] : prepare solution-->Start!
2023-09-05 23:21:01,251 - jobID_9_Batch::DEBUG -- [PUMP] : prepare solution-->Done!
2023-09-05 23:21:01,253 - jobID_9_Batch::DEBUG -- [LA] : move up-->Start!
2023-09-05 23:21:02,355 - jobID_9_Batch::DEBUG -- [LA] : move up-->Done!
2023-09-05 23:21:02,356 - jobID_9_Batch::DEBUG -- [LA] : move center-->Start!
2023-09-05 23:21:03,376 - jobID_9_Batch::DEBUG -- [LA] : move center-->Done!
2023-09-05 23:21:03,376 - jobID_9_Batch::DEBUG -- [Batch] : Finish Injection Queue
2023-09-05 23:21:03,377 - jobID_9_Batch::DEBUG -- [Batch] : Start Stir Queue 0 (Stirrer)
2023-09-05 23:21:05,041 - jobID_9_Batch::DEBUG -- [Batch] : Start Stir Queue 1 (Stirrer)
2023-09-05 23:21:06,624 - jobID_9_Batch::DEBUG -- [Batch] : Start Stir Queue 2 (Stirrer)
2023-09-05 23:21:08,431 - jobID_9_Batch::DEBUG -- [Batch] : Start Stir Queue 3 (Stirrer)
2023-09-05 23:21:09,945 - jobID_9_Batch::DEBUG -- [Batch] : Start Stir Queue 4 (Stirrer)
2023-09-05 23:21:11,492 - jobID_9_Batch::DEBUG -- [Batch] : Start Stir Queue 5 (Stirrer)
2023-09-05 23:21:12,910 - jobID_9_Batch::DEBUG -- [Batch] : Finish Stir Queue 0 (Stirrer)
2023-09-05 23:21:12,910 - jobID_9_Batch::DEBUG -- [Batch] : Finish Stir Queue 1 (Stirrer)
2023-09-05 23:21:12,910 - jobID_9_Batch::DEBUG -- [Batch] : Finish Stir Queue 2 (Stirrer)
2023-09-05 23:21:12,910 - jobID_9_Batch::DEBUG -- [Batch] : Finish Stir Queue 3 (Stirrer)
2023-09-05 23:21:12,910 - jobID_9_Batch::DEBUG -- [Batch] : Finish Stir Queue 4 (Stirrer)
2023-09-05 23:21:12,911 - jobID_9_Batch::DEBUG -- [Batch] : Finish Stir Queue 5 (Stirrer)
2023-09-05 23:21:12,911 - jobID_9_Batch::DEBUG -- [Batch] : Start Heat Queue 0 (Stirrer)
2023-09-05 23:21:14,635 - jobID_9_Batch::DEBUG -- [Batch] : Start Heat Queue 1 (Stirrer)
2023-09-05 23:21:16,267 - jobID_9_Batch::DEBUG -- [Batch] : Start Heat Queue 2 (Stirrer)
2023-09-05 23:21:17,891 - jobID_9_Batch::DEBUG -- [Batch] : Start Heat Queue 3 (Stirrer)
2023-09-05 23:21:19,479 - jobID_9_Batch::DEBUG -- [Batch] : Start Heat Queue 4 (Stirrer)
2023-09-05 23:21:20,931 - jobID_9_Batch::DEBUG -- [Batch] : Start Heat Queue 5 (Stirrer)
2023-09-05 23:21:22,409 - jobID_9_Batch::DEBUG -- [Batch] : Finish Heat Queue 0 (Stirrer)
2023-09-05 23:21:22,409 - jobID_9_Batch::DEBUG -- [Batch] : Finish Heat Queue 1 (Stirrer)
2023-09-05 23:21:22,410 - jobID_9_Batch::DEBUG -- [Batch] : Finish Heat Queue 2 (Stirrer)
2023-09-05 23:21:22,410 - jobID_9_Batch::DEBUG -- [Batch] : Finish Heat Queue 3 (Stirrer)
2023-09-05 23:21:22,410 - jobID_9_Batch::DEBUG -- [Batch] : Finish Heat Queue 4 (Stirrer)
2023-09-05 23:21:22,410 - jobID_9_Batch::DEBUG -- [Batch] : Finish Heat Queue 5 (Stirrer)
2023-09-05 23:21:22,411 - jobID_9_Batch::DEBUG -- [Batch] : Start Mix:300s
2023-09-05 23:21:22,412 - jobID_9_Batch::DEBUG -- [Batch] : check Mix:300s
2023-09-05 23:21:22,412 - jobID_9_Batch::DEBUG -- [Batch] : Finish Mix:300s
2023-09-05 23:21:22,412 - jobID_9_Batch::DEBUG -- [Batch] : Start Mix:300s
2023-09-05 23:21:22,413 - jobID_9_Batch::DEBUG -- [Batch] : check Mix:300s
2023-09-05 23:21:22,413 - jobID_9_Batch::DEBUG -- [Batch] : Finish Mix:300s
2023-09-05 23:21:22,413 - jobID_9_Batch::DEBUG -- [Batch] : Start Mix:300s
2023-09-05 23:21:22,414 - jobID_9_Batch::DEBUG -- [Batch] : check Mix:300s
2023-09-05 23:21:22,414 - jobID_9_Batch::DEBUG -- [Batch] : Finish Mix:300s
2023-09-05 23:21:22,414 - jobID_9_Batch::DEBUG -- [Batch] : Start Mix:300s
2023-09-05 23:21:22,415 - jobID_9_Batch::DEBUG -- [Batch] : Start Mix:300s
2023-09-05 23:21:22,416 - jobID_9_Batch::DEBUG -- [Batch] : check Mix:300s
2023-09-05 23:21:22,416 - jobID_9_Batch::DEBUG -- [Batch] : Start Mix:300s
2023-09-05 23:21:22,417 - jobID_9_Batch::DEBUG -- [Batch] : check Mix:300s
2023-09-05 23:21:22,417 - jobID_9_Batch::DEBUG -- [Batch] : Finish Mix:300s
2023-09-05 23:21:22,417 - jobID_9_Batch::DEBUG -- [Batch] : check Mix:300s
2023-09-05 23:21:22,417 - jobID_9_Batch::DEBUG -- [Batch] : Finish Mix:300s
2023-09-05 23:21:22,418 - jobID_9_Batch::DEBUG -- [Batch] : Finish Mix:300s
2023-09-05 23:21:24,422 - jobID_9_Batch::DEBUG -- [Batch] : Prepare Injection Queue --> AgNO3,1250mM,500uL,200uL/s
2023-09-05 23:21:24,423 - jobID_9_Batch::DEBUG -- [PUMP] : prepare solution-->Start!
2023-09-05 23:21:24,423 - jobID_9_Batch::DEBUG -- [PUMP] : prepare solution-->Done!
2023-09-05 23:21:24,424 - jobID_9_Batch::DEBUG -- [LA] : move down-->Start!
2023-09-05 23:21:25,560 - jobID_9_Batch::DEBUG -- [LA] : move down-->Done!
2023-09-05 23:21:25,561 - jobID_9_Batch::DEBUG -- [Batch] : Start Injection Queue --> AgNO3,1250mM,1600μL,200μL/s
2023-09-05 23:21:25,561 - jobID_9_Batch::DEBUG -- [PUMP] : prepare solution-->Start!
2023-09-05 23:21:29,354 - jobID_9_Batch::DEBUG -- [PUMP] : prepare solution-->Done!
2023-09-05 23:21:29,354 - jobID_9_Batch::DEBUG -- [LA] : move up-->Start!
2023-09-05 23:21:30,399 - jobID_9_Batch::DEBUG -- [LA] : move up-->Done!
2023-09-05 23:21:30,399 - jobID_9_Batch::DEBUG -- [LA] : move center-->Start!
2023-09-05 23:21:31,497 - jobID_9_Batch::DEBUG -- [LA] : move center-->Done!
2023-09-05 23:21:31,497 - jobID_9_Batch::DEBUG -- [Batch] : Finish Injection Queue
2023-09-05 23:21:33,502 - jobID_9_Batch::DEBUG -- [Batch] : Prepare Injection Queue --> AgNO3,1250mM,500uL,200uL/s
2023-09-05 23:21:33,502 - jobID_9_Batch::DEBUG -- [PUMP] : prepare solution-->Start!
2023-09-05 23:21:33,502 - jobID_9_Batch::DEBUG -- [PUMP] : prepare solution-->Done!
2023-09-05 23:21:33,503 - jobID_9_Batch::DEBUG -- [LA] : move down-->Start!
2023-09-05 23:21:34,622 - jobID_9_Batch::DEBUG -- [LA] : move down-->Done!
2023-09-05 23:21:34,622 - jobID_9_Batch::DEBUG -- [Batch] : Start Injection Queue --> AgNO3,1250mM,2000μL,200μL/s
2023-09-05 23:21:34,622 - jobID_9_Batch::DEBUG -- [PUMP] : prepare solution-->Start!
2023-09-05 23:21:38,492 - jobID_9_Batch::DEBUG -- [PUMP] : prepare solution-->Done!
2023-09-05 23:21:38,493 - jobID_9_Batch::DEBUG -- [LA] : move up-->Start!
2023-09-05 23:21:39,610 - jobID_9_Batch::DEBUG -- [LA] : move up-->Done!
2023-09-05 23:21:39,612 - jobID_9_Batch::DEBUG -- [LA] : move center-->Start!
2023-09-05 23:21:40,622 - jobID_9_Batch::DEBUG -- [LA] : move center-->Done!
2023-09-05 23:21:40,622 - jobID_9_Batch::DEBUG -- [Batch] : Finish Injection Queue
2023-09-05 23:21:42,627 - jobID_9_Batch::DEBUG -- [Batch] : Prepare Injection Queue --> AgNO3,1250mM,500uL,200uL/s
2023-09-05 23:21:42,627 - jobID_9_Batch::DEBUG -- [PUMP] : prepare solution-->Start!
2023-09-05 23:21:42,627 - jobID_9_Batch::DEBUG -- [PUMP] : prepare solution-->Done!
2023-09-05 23:21:42,628 - jobID_9_Batch::DEBUG -- [LA] : move down-->Start!
2023-09-05 23:21:43,732 - jobID_9_Batch::DEBUG -- [LA] : move down-->Done!
2023-09-05 23:21:43,733 - jobID_9_Batch::DEBUG -- [Batch] : Start Injection Queue --> AgNO3,1250mM,2400μL,200μL/s
2023-09-05 23:21:43,733 - jobID_9_Batch::DEBUG -- [PUMP] : prepare solution-->Start!
2023-09-05 23:21:47,451 - jobID_9_Batch::DEBUG -- [PUMP] : prepare solution-->Done!
2023-09-05 23:21:47,453 - jobID_9_Batch::DEBUG -- [LA] : move up-->Start!
2023-09-05 23:21:48,520 - jobID_9_Batch::DEBUG -- [LA] : move up-->Done!
2023-09-05 23:21:48,521 - jobID_9_Batch::DEBUG -- [LA] : move center-->Start!
2023-09-05 23:21:49,624 - jobID_9_Batch::DEBUG -- [LA] : move center-->Done!
2023-09-05 23:21:49,624 - jobID_9_Batch::DEBUG -- [Batch] : Finish Injection Queue
2023-09-05 23:21:51,630 - jobID_9_Batch::DEBUG -- [Batch] : Prepare Injection Queue --> AgNO3,1250mM,500uL,200uL/s
2023-09-05 23:21:51,630 - jobID_9_Batch::DEBUG -- [PUMP] : prepare solution-->Start!
2023-09-05 23:21:51,631 - jobID_9_Batch::DEBUG -- [PUMP] : prepare solution-->Done!
2023-09-05 23:21:51,632 - jobID_9_Batch::DEBUG -- [LA] : move down-->Start!
2023-09-05 23:21:52,668 - jobID_9_Batch::DEBUG -- [LA] : move down-->Done!
2023-09-05 23:21:52,669 - jobID_9_Batch::DEBUG -- [Batch] : Start Injection Queue --> AgNO3,1250mM,3000μL,200μL/s
2023-09-05 23:21:52,670 - jobID_9_Batch::DEBUG -- [PUMP] : prepare solution-->Start!
2023-09-05 23:21:56,351 - jobID_9_Batch::DEBUG -- [PUMP] : prepare solution-->Done!
2023-09-05 23:21:56,352 - jobID_9_Batch::DEBUG -- [LA] : move up-->Start!
2023-09-05 23:21:57,446 - jobID_9_Batch::DEBUG -- [LA] : move up-->Done!
2023-09-05 23:21:57,448 - jobID_9_Batch::DEBUG -- [LA] : move center-->Start!
2023-09-05 23:21:58,526 - jobID_9_Batch::DEBUG -- [LA] : move center-->Done!
2023-09-05 23:21:58,526 - jobID_9_Batch::DEBUG -- [Batch] : Finish Injection Queue
2023-09-05 23:22:00,532 - jobID_9_Batch::DEBUG -- [Batch] : Prepare Injection Queue --> AgNO3,1250mM,500uL,200uL/s
2023-09-05 23:22:00,532 - jobID_9_Batch::DEBUG -- [PUMP] : prepare solution-->Start!
2023-09-05 23:22:00,532 - jobID_9_Batch::DEBUG -- [PUMP] : prepare solution-->Done!
2023-09-05 23:22:00,533 - jobID_9_Batch::DEBUG -- [LA] : move down-->Start!
2023-09-05 23:22:01,566 - jobID_9_Batch::DEBUG -- [LA] : move down-->Done!
2023-09-05 23:22:01,567 - jobID_9_Batch::DEBUG -- [Batch] : Start Injection Queue --> AgNO3,1250mM,3000μL,200μL/s
2023-09-05 23:22:01,568 - jobID_9_Batch::DEBUG -- [PUMP] : prepare solution-->Start!
2023-09-05 23:22:05,231 - jobID_9_Batch::DEBUG -- [PUMP] : prepare solution-->Done!
2023-09-05 23:22:05,233 - jobID_9_Batch::DEBUG -- [LA] : move up-->Start!
2023-09-05 23:22:06,373 - jobID_9_Batch::DEBUG -- [LA] : move up-->Done!
2023-09-05 23:22:06,374 - jobID_9_Batch::DEBUG -- [LA] : move center-->Start!
2023-09-05 23:22:07,495 - jobID_9_Batch::DEBUG -- [LA] : move center-->Done!
2023-09-05 23:22:07,495 - jobID_9_Batch::DEBUG -- [Batch] : Finish Injection Queue
2023-09-05 23:22:09,501 - jobID_9_Batch::DEBUG -- [Batch] : Prepare Injection Queue --> AgNO3,1250mM,500uL,200uL/s
2023-09-05 23:22:09,501 - jobID_9_Batch::DEBUG -- [PUMP] : prepare solution-->Start!
2023-09-05 23:22:09,501 - jobID_9_Batch::DEBUG -- [PUMP] : prepare solution-->Done!
2023-09-05 23:22:09,502 - jobID_9_Batch::DEBUG -- [LA] : move down-->Start!
2023-09-05 23:22:10,574 - jobID_9_Batch::DEBUG -- [LA] : move down-->Done!
2023-09-05 23:22:10,575 - jobID_9_Batch::DEBUG -- [Batch] : Start Injection Queue --> AgNO3,1250mM,3000μL,200μL/s
2023-09-05 23:22:10,575 - jobID_9_Batch::DEBUG -- [PUMP] : prepare solution-->Start!
2023-09-05 23:22:14,296 - jobID_9_Batch::DEBUG -- [PUMP] : prepare solution-->Done!
2023-09-05 23:22:14,298 - jobID_9_Batch::DEBUG -- [LA] : move up-->Start!
2023-09-05 23:22:15,351 - jobID_9_Batch::DEBUG -- [LA] : move up-->Done!
2023-09-05 23:22:15,352 - jobID_9_Batch::DEBUG -- [LA] : move center-->Start!
2023-09-05 23:22:16,389 - jobID_9_Batch::DEBUG -- [LA] : move center-->Done!
2023-09-05 23:22:16,389 - jobID_9_Batch::DEBUG -- [Batch] : Finish Injection Queue
2023-09-05 23:22:16,391 - jobID_9_Batch::DEBUG -- [Batch] : Start React:1200s
2023-09-05 23:22:16,392 - jobID_9_Batch::DEBUG -- [Batch] : Start React:1200s
2023-09-05 23:22:16,392 - jobID_9_Batch::DEBUG -- [Batch] : Start React:1200s
2023-09-05 23:22:16,393 - jobID_9_Batch::DEBUG -- [Batch] : Start React:1200s
2023-09-05 23:22:16,394 - jobID_9_Batch::DEBUG -- [Batch] : Start React:1200s
2023-09-05 23:22:16,394 - jobID_9_Batch::DEBUG -- [Batch] : Start React:1200s
