2023-09-05 23:26:20,767 - jobID_9_Batch::INFO -- [JobExecution] : [jobID=0] Algorithm, model : Automatic
2023-09-05 23:26:20,767 - jobID_9_Batch::INFO -- [JobExecution] : ######### Cycle start #########
2023-09-05 23:26:20,767 - jobID_9_Batch::INFO -- [Automatic] : total experiments=6
2023-09-05 23:26:20,767 - jobID_9_Batch::INFO -- [Automatic [0]] : next_point 0: {'AddSolution=AgNO3_Volume': 1600}
2023-09-05 23:26:20,767 - jobID_9_Batch::INFO -- [Automatic [1]] : next_point 1: {'AddSolution=AgNO3_Volume': 2000}
2023-09-05 23:26:20,768 - jobID_9_Batch::INFO -- [Automatic [2]] : next_point 2: {'AddSolution=AgNO3_Volume': 2400}
2023-09-05 23:26:20,768 - jobID_9_Batch::INFO -- [Automatic [3]] : next_point 3: {'AddSolution=AgNO3_Volume': 3000}
2023-09-05 23:26:20,768 - jobID_9_Batch::INFO -- [Automatic [4]] : next_point 4: {'AddSolution=AgNO3_Volume': 3000}
2023-09-05 23:26:20,768 - jobID_9_Batch::INFO -- [Automatic [5]] : next_point 5: {'AddSolution=AgNO3_Volume': 3000}
2023-09-05 23:26:20,772 - jobID_9_Batch::INFO -- [ProcessGenerator] : Allocate all of process based on job script!
2023-09-05 23:26:20,772 - jobID_9_Batch::INFO -- [JobExecution] : ######### [jobID_9_Batch-HJ] Experiment 6 is running #########
2023-09-05 23:26:20,772 - jobID_9_Batch::INFO -- [TaskScheduler] : check location: {'BatchSynthesis': {'Stirrer': ['?', '?', '?', '?', '?', '?', '?', '?'], 'vialHolder': ['?', '?', '?', '?', '?', '?', '?', '?']}, 'UV': {'vialHolder': ['?', '?', '?', '?', '?', '?', '?', '?']}}
2023-09-05 23:26:20,773 - jobID_9_Batch::INFO -- [TaskScheduler] : BatchSynthesis is started, allocate location: {'Stirrer': [0, 1, 2, 3, 4, 5], 'vialHolder': [0, 1, 2, 3, 4, 5]}
2023-09-05 23:26:20,773 - jobID_9_Batch::INFO -- [TaskScheduler] : check location after allocation: {'BatchSynthesis': {'Stirrer': [0, 0, 0, 0, 0, 0, '?', '?'], 'vialHolder': [0, 0, 0, 0, 0, 0, '?', '?']}, 'UV': {'vialHolder': ['?', '?', '?', '?', '?', '?', '?', '?']}}
2023-09-05 23:26:22,774 - jobID_9_Batch::DEBUG -- [Batch] : storage_empty_to_stirrer is started.
2023-09-05 23:26:22,774 - jobID_9_Batch::DEBUG -- [Batch] : vial_num_list: [0, 1, 2, 3, 4, 5]
2023-09-05 23:26:22,774 - jobID_9_Batch::DEBUG -- [Batch] : line_num_list: [0, 0, 0, 0, 0, 0]
2023-09-05 23:26:22,774 - jobID_9_Batch::DEBUG -- [Batch] : vialHolder_list: [0, 1, 2, 3, 4, 5]
2023-09-05 23:26:22,775 - jobID_9_Batch::DEBUG -- [Batch] : Start Robot Queue : storage_empty_to_stirrer is started.
2023-09-05 23:26:22,775 - jobID_9_Batch::DEBUG -- [LA] : move center-->Start!
2023-09-05 23:26:23,847 - jobID_9_Batch::DEBUG -- [LA] : move center-->Done!
2023-09-05 23:26:23,847 - jobID_9_Batch::DEBUG -- [STORAGE] : open-->Start!
2023-09-05 23:26:26,989 - jobID_9_Batch::DEBUG -- [STORAGE] : open-->Done!
2023-09-05 23:26:28,993 - jobID_9_Batch::DEBUG -- [DS_B] : prepare container-->Start!
2023-09-05 23:26:31,163 - jobID_9_Batch::DEBUG -- [DS_B] : prepare container-->Done!
2023-09-05 23:26:31,163 - jobID_9_Batch::DEBUG -- [Batch] : Finish Robot Queue : storage_empty_to_stirrer is done.
2023-09-05 23:26:33,167 - jobID_9_Batch::DEBUG -- [Batch] : storage_empty_to_stirrer is started.
2023-09-05 23:26:33,167 - jobID_9_Batch::DEBUG -- [Batch] : Start Robot Queue : storage_empty_to_stirrer is started.
2023-09-05 23:26:33,167 - jobID_9_Batch::DEBUG -- [LA] : move center-->Start!
2023-09-05 23:26:34,400 - jobID_9_Batch::DEBUG -- [LA] : move center-->Done!
2023-09-05 23:26:34,411 - jobID_9_Batch::DEBUG -- [STORAGE] : open-->Start!
2023-09-05 23:26:37,485 - jobID_9_Batch::DEBUG -- [STORAGE] : open-->Done!
2023-09-05 23:26:39,494 - jobID_9_Batch::DEBUG -- [DS_B] : prepare container-->Start!
2023-09-05 23:26:41,616 - jobID_9_Batch::DEBUG -- [DS_B] : prepare container-->Done!
2023-09-05 23:26:41,616 - jobID_9_Batch::DEBUG -- [Batch] : Finish Robot Queue : storage_empty_to_stirrer is done.
2023-09-05 23:26:43,618 - jobID_9_Batch::DEBUG -- [Batch] : storage_empty_to_stirrer is started.
2023-09-05 23:26:43,625 - jobID_9_Batch::DEBUG -- [Batch] : Start Robot Queue : storage_empty_to_stirrer is started.
2023-09-05 23:26:43,625 - jobID_9_Batch::DEBUG -- [LA] : move center-->Start!
2023-09-05 23:26:44,757 - jobID_9_Batch::DEBUG -- [LA] : move center-->Done!
2023-09-05 23:26:44,758 - jobID_9_Batch::DEBUG -- [STORAGE] : open-->Start!
2023-09-05 23:26:47,853 - jobID_9_Batch::DEBUG -- [STORAGE] : open-->Done!
2023-09-05 23:26:49,861 - jobID_9_Batch::DEBUG -- [DS_B] : prepare container-->Start!
2023-09-05 23:26:51,963 - jobID_9_Batch::DEBUG -- [DS_B] : prepare container-->Done!
2023-09-05 23:26:51,963 - jobID_9_Batch::DEBUG -- [Batch] : Finish Robot Queue : storage_empty_to_stirrer is done.
2023-09-05 23:26:53,966 - jobID_9_Batch::DEBUG -- [Batch] : storage_empty_to_stirrer is started.
2023-09-05 23:26:53,966 - jobID_9_Batch::DEBUG -- [Batch] : Start Robot Queue : storage_empty_to_stirrer is started.
2023-09-05 23:26:53,966 - jobID_9_Batch::DEBUG -- [LA] : move center-->Start!
2023-09-05 23:26:55,091 - jobID_9_Batch::DEBUG -- [LA] : move center-->Done!
2023-09-05 23:26:55,091 - jobID_9_Batch::DEBUG -- [STORAGE] : open-->Start!
2023-09-05 23:26:58,216 - jobID_9_Batch::DEBUG -- [STORAGE] : open-->Done!
2023-09-05 23:27:00,218 - jobID_9_Batch::DEBUG -- [DS_B] : prepare container-->Start!
2023-09-05 23:27:02,367 - jobID_9_Batch::DEBUG -- [DS_B] : prepare container-->Done!
2023-09-05 23:27:02,367 - jobID_9_Batch::DEBUG -- [Batch] : Finish Robot Queue : storage_empty_to_stirrer is done.
2023-09-05 23:27:04,394 - jobID_9_Batch::DEBUG -- [Batch] : storage_empty_to_stirrer is started.
2023-09-05 23:27:04,398 - jobID_9_Batch::DEBUG -- [Batch] : Start Robot Queue : storage_empty_to_stirrer is started.
2023-09-05 23:27:04,398 - jobID_9_Batch::DEBUG -- [LA] : move center-->Start!
2023-09-05 23:27:05,538 - jobID_9_Batch::DEBUG -- [LA] : move center-->Done!
2023-09-05 23:27:05,539 - jobID_9_Batch::DEBUG -- [STORAGE] : open-->Start!
2023-09-05 23:27:08,759 - jobID_9_Batch::DEBUG -- [STORAGE] : open-->Done!
2023-09-05 23:27:10,762 - jobID_9_Batch::DEBUG -- [DS_B] : prepare container-->Start!
2023-09-05 23:27:12,858 - jobID_9_Batch::DEBUG -- [DS_B] : prepare container-->Done!
2023-09-05 23:27:12,858 - jobID_9_Batch::DEBUG -- [Batch] : Finish Robot Queue : storage_empty_to_stirrer is done.
2023-09-05 23:27:14,861 - jobID_9_Batch::DEBUG -- [Batch] : storage_empty_to_stirrer is started.
2023-09-05 23:27:14,861 - jobID_9_Batch::DEBUG -- [Batch] : Start Robot Queue : storage_empty_to_stirrer is started.
2023-09-05 23:27:14,861 - jobID_9_Batch::DEBUG -- [LA] : move center-->Start!
2023-09-05 23:27:15,962 - jobID_9_Batch::DEBUG -- [LA] : move center-->Done!
2023-09-05 23:27:15,962 - jobID_9_Batch::DEBUG -- [STORAGE] : open-->Start!
2023-09-05 23:27:19,304 - jobID_9_Batch::DEBUG -- [STORAGE] : open-->Done!
2023-09-05 23:27:21,310 - jobID_9_Batch::DEBUG -- [DS_B] : prepare container-->Start!
2023-09-05 23:27:23,406 - jobID_9_Batch::DEBUG -- [DS_B] : prepare container-->Done!
2023-09-05 23:27:23,411 - jobID_9_Batch::DEBUG -- [Batch] : Finish Robot Queue : storage_empty_to_stirrer is done.
2023-09-05 23:27:25,414 - jobID_9_Batch::DEBUG -- [Batch] : Prepare Injection Queue --> NaBH4,10mM,500uL,200uL/s
2023-09-05 23:27:25,414 - jobID_9_Batch::DEBUG -- [PUMP] : prepare solution-->Start!
2023-09-05 23:27:25,414 - jobID_9_Batch::DEBUG -- [PUMP] : prepare solution-->Done!
2023-09-05 23:27:25,415 - jobID_9_Batch::DEBUG -- [LA] : move down-->Start!
2023-09-05 23:27:26,522 - jobID_9_Batch::DEBUG -- [LA] : move down-->Done!
2023-09-05 23:27:26,523 - jobID_9_Batch::DEBUG -- [Batch] : Start Injection Queue --> NaBH4,10mM,1800μL,200μL/s
2023-09-05 23:27:26,523 - jobID_9_Batch::DEBUG -- [PUMP] : prepare solution-->Start!
2023-09-05 23:27:30,416 - jobID_9_Batch::DEBUG -- [PUMP] : prepare solution-->Done!
2023-09-05 23:27:30,416 - jobID_9_Batch::DEBUG -- [LA] : move up-->Start!
2023-09-05 23:27:31,554 - jobID_9_Batch::DEBUG -- [LA] : move up-->Done!
2023-09-05 23:27:31,557 - jobID_9_Batch::DEBUG -- [LA] : move center-->Start!
2023-09-05 23:27:32,666 - jobID_9_Batch::DEBUG -- [LA] : move center-->Done!
2023-09-05 23:27:32,666 - jobID_9_Batch::DEBUG -- [Batch] : Finish Injection Queue
2023-09-05 23:27:34,669 - jobID_9_Batch::DEBUG -- [Batch] : Prepare Injection Queue --> NaBH4,10mM,500uL,200uL/s
2023-09-05 23:27:34,678 - jobID_9_Batch::DEBUG -- [PUMP] : prepare solution-->Start!
2023-09-05 23:27:34,678 - jobID_9_Batch::DEBUG -- [PUMP] : prepare solution-->Done!
2023-09-05 23:27:34,678 - jobID_9_Batch::DEBUG -- [LA] : move down-->Start!
2023-09-05 23:27:35,705 - jobID_9_Batch::DEBUG -- [LA] : move down-->Done!
2023-09-05 23:27:35,707 - jobID_9_Batch::DEBUG -- [Batch] : Start Injection Queue --> NaBH4,10mM,1800μL,200μL/s
2023-09-05 23:27:35,707 - jobID_9_Batch::DEBUG -- [PUMP] : prepare solution-->Start!
2023-09-05 23:27:39,374 - jobID_9_Batch::DEBUG -- [PUMP] : prepare solution-->Done!
2023-09-05 23:27:39,374 - jobID_9_Batch::DEBUG -- [LA] : move up-->Start!
2023-09-05 23:27:40,441 - jobID_9_Batch::DEBUG -- [LA] : move up-->Done!
2023-09-05 23:27:40,441 - jobID_9_Batch::DEBUG -- [LA] : move center-->Start!
2023-09-05 23:27:41,503 - jobID_9_Batch::DEBUG -- [LA] : move center-->Done!
2023-09-05 23:27:41,507 - jobID_9_Batch::DEBUG -- [Batch] : Finish Injection Queue
2023-09-05 23:27:43,510 - jobID_9_Batch::DEBUG -- [Batch] : Prepare Injection Queue --> NaBH4,10mM,500uL,200uL/s
2023-09-05 23:27:43,510 - jobID_9_Batch::DEBUG -- [PUMP] : prepare solution-->Start!
2023-09-05 23:27:43,510 - jobID_9_Batch::DEBUG -- [PUMP] : prepare solution-->Done!
2023-09-05 23:27:43,510 - jobID_9_Batch::DEBUG -- [LA] : move down-->Start!
2023-09-05 23:27:44,583 - jobID_9_Batch::DEBUG -- [LA] : move down-->Done!
2023-09-05 23:27:44,589 - jobID_9_Batch::DEBUG -- [Batch] : Start Injection Queue --> NaBH4,10mM,1800μL,200μL/s
2023-09-05 23:27:44,589 - jobID_9_Batch::DEBUG -- [PUMP] : prepare solution-->Start!
2023-09-05 23:27:48,357 - jobID_9_Batch::DEBUG -- [PUMP] : prepare solution-->Done!
2023-09-05 23:27:48,358 - jobID_9_Batch::DEBUG -- [LA] : move up-->Start!
2023-09-05 23:27:49,429 - jobID_9_Batch::DEBUG -- [LA] : move up-->Done!
2023-09-05 23:27:49,430 - jobID_9_Batch::DEBUG -- [LA] : move center-->Start!
2023-09-05 23:27:50,491 - jobID_9_Batch::DEBUG -- [LA] : move center-->Done!
2023-09-05 23:27:50,491 - jobID_9_Batch::DEBUG -- [Batch] : Finish Injection Queue
2023-09-05 23:27:52,494 - jobID_9_Batch::DEBUG -- [Batch] : Prepare Injection Queue --> NaBH4,10mM,500uL,200uL/s
2023-09-05 23:27:52,494 - jobID_9_Batch::DEBUG -- [PUMP] : prepare solution-->Start!
2023-09-05 23:27:52,494 - jobID_9_Batch::DEBUG -- [PUMP] : prepare solution-->Done!
2023-09-05 23:27:52,494 - jobID_9_Batch::DEBUG -- [LA] : move down-->Start!
2023-09-05 23:27:53,523 - jobID_9_Batch::DEBUG -- [LA] : move down-->Done!
2023-09-05 23:27:53,532 - jobID_9_Batch::DEBUG -- [Batch] : Start Injection Queue --> NaBH4,10mM,1800μL,200μL/s
2023-09-05 23:27:53,532 - jobID_9_Batch::DEBUG -- [PUMP] : prepare solution-->Start!
2023-09-05 23:27:57,405 - jobID_9_Batch::DEBUG -- [PUMP] : prepare solution-->Done!
2023-09-05 23:27:57,406 - jobID_9_Batch::DEBUG -- [LA] : move up-->Start!
2023-09-05 23:27:58,446 - jobID_9_Batch::DEBUG -- [LA] : move up-->Done!
2023-09-05 23:27:58,448 - jobID_9_Batch::DEBUG -- [LA] : move center-->Start!
2023-09-05 23:27:59,500 - jobID_9_Batch::DEBUG -- [LA] : move center-->Done!
2023-09-05 23:27:59,510 - jobID_9_Batch::DEBUG -- [Batch] : Finish Injection Queue
2023-09-05 23:28:01,513 - jobID_9_Batch::DEBUG -- [Batch] : Prepare Injection Queue --> NaBH4,10mM,500uL,200uL/s
2023-09-05 23:28:01,514 - jobID_9_Batch::DEBUG -- [PUMP] : prepare solution-->Start!
2023-09-05 23:28:01,514 - jobID_9_Batch::DEBUG -- [PUMP] : prepare solution-->Done!
2023-09-05 23:28:01,514 - jobID_9_Batch::DEBUG -- [LA] : move down-->Start!
2023-09-05 23:28:02,591 - jobID_9_Batch::DEBUG -- [LA] : move down-->Done!
2023-09-05 23:28:02,592 - jobID_9_Batch::DEBUG -- [Batch] : Start Injection Queue --> NaBH4,10mM,1800μL,200μL/s
2023-09-05 23:28:02,592 - jobID_9_Batch::DEBUG -- [PUMP] : prepare solution-->Start!
2023-09-05 23:28:06,355 - jobID_9_Batch::DEBUG -- [PUMP] : prepare solution-->Done!
2023-09-05 23:28:06,356 - jobID_9_Batch::DEBUG -- [LA] : move up-->Start!
2023-09-05 23:28:07,391 - jobID_9_Batch::DEBUG -- [LA] : move up-->Done!
2023-09-05 23:28:07,392 - jobID_9_Batch::DEBUG -- [LA] : move center-->Start!
2023-09-05 23:28:08,472 - jobID_9_Batch::DEBUG -- [LA] : move center-->Done!
2023-09-05 23:28:08,474 - jobID_9_Batch::DEBUG -- [Batch] : Finish Injection Queue
2023-09-05 23:28:10,478 - jobID_9_Batch::DEBUG -- [Batch] : Prepare Injection Queue --> NaBH4,10mM,500uL,200uL/s
2023-09-05 23:28:10,478 - jobID_9_Batch::DEBUG -- [PUMP] : prepare solution-->Start!
2023-09-05 23:28:10,478 - jobID_9_Batch::DEBUG -- [PUMP] : prepare solution-->Done!
2023-09-05 23:28:10,478 - jobID_9_Batch::DEBUG -- [LA] : move down-->Start!
2023-09-05 23:28:11,568 - jobID_9_Batch::DEBUG -- [LA] : move down-->Done!
2023-09-05 23:28:11,573 - jobID_9_Batch::DEBUG -- [Batch] : Start Injection Queue --> NaBH4,10mM,1800μL,200μL/s
2023-09-05 23:28:11,573 - jobID_9_Batch::DEBUG -- [PUMP] : prepare solution-->Start!
2023-09-05 23:28:15,251 - jobID_9_Batch::DEBUG -- [PUMP] : prepare solution-->Done!
2023-09-05 23:28:15,253 - jobID_9_Batch::DEBUG -- [LA] : move up-->Start!
2023-09-05 23:28:16,276 - jobID_9_Batch::DEBUG -- [LA] : move up-->Done!
2023-09-05 23:28:16,277 - jobID_9_Batch::DEBUG -- [LA] : move center-->Start!
2023-09-05 23:28:17,322 - jobID_9_Batch::DEBUG -- [LA] : move center-->Done!
2023-09-05 23:28:17,322 - jobID_9_Batch::DEBUG -- [Batch] : Finish Injection Queue
2023-09-05 23:28:17,322 - jobID_9_Batch::DEBUG -- [Batch] : Start Stir Queue 0 (Stirrer)
2023-09-05 23:28:19,132 - jobID_9_Batch::DEBUG -- [Batch] : Start Stir Queue 1 (Stirrer)
2023-09-05 23:28:20,661 - jobID_9_Batch::DEBUG -- [Batch] : Start Stir Queue 2 (Stirrer)
2023-09-05 23:28:22,094 - jobID_9_Batch::DEBUG -- [Batch] : Start Stir Queue 3 (Stirrer)
2023-09-05 23:28:23,618 - jobID_9_Batch::DEBUG -- [Batch] : Start Stir Queue 4 (Stirrer)
2023-09-05 23:28:25,053 - jobID_9_Batch::DEBUG -- [Batch] : Start Stir Queue 5 (Stirrer)
2023-09-05 23:28:26,508 - jobID_9_Batch::DEBUG -- [Batch] : Finish Stir Queue 0 (Stirrer)
2023-09-05 23:28:26,508 - jobID_9_Batch::DEBUG -- [Batch] : Finish Stir Queue 1 (Stirrer)
2023-09-05 23:28:26,508 - jobID_9_Batch::DEBUG -- [Batch] : Finish Stir Queue 2 (Stirrer)
2023-09-05 23:28:26,508 - jobID_9_Batch::DEBUG -- [Batch] : Finish Stir Queue 3 (Stirrer)
2023-09-05 23:28:26,508 - jobID_9_Batch::DEBUG -- [Batch] : Finish Stir Queue 4 (Stirrer)
2023-09-05 23:28:26,508 - jobID_9_Batch::DEBUG -- [Batch] : Finish Stir Queue 5 (Stirrer)
2023-09-05 23:28:26,508 - jobID_9_Batch::DEBUG -- [Batch] : Start Heat Queue 0 (Stirrer)
2023-09-05 23:28:27,996 - jobID_9_Batch::DEBUG -- [Batch] : Start Heat Queue 1 (Stirrer)
2023-09-05 23:28:29,636 - jobID_9_Batch::DEBUG -- [Batch] : Start Heat Queue 2 (Stirrer)
2023-09-05 23:28:31,162 - jobID_9_Batch::DEBUG -- [Batch] : Start Heat Queue 3 (Stirrer)
2023-09-05 23:28:32,650 - jobID_9_Batch::DEBUG -- [Batch] : Start Heat Queue 4 (Stirrer)
2023-09-05 23:28:34,117 - jobID_9_Batch::DEBUG -- [Batch] : Start Heat Queue 5 (Stirrer)
2023-09-05 23:28:35,557 - jobID_9_Batch::DEBUG -- [Batch] : Finish Heat Queue 0 (Stirrer)
2023-09-05 23:28:35,557 - jobID_9_Batch::DEBUG -- [Batch] : Finish Heat Queue 1 (Stirrer)
2023-09-05 23:28:35,557 - jobID_9_Batch::DEBUG -- [Batch] : Finish Heat Queue 2 (Stirrer)
2023-09-05 23:28:35,558 - jobID_9_Batch::DEBUG -- [Batch] : Finish Heat Queue 3 (Stirrer)
2023-09-05 23:28:35,558 - jobID_9_Batch::DEBUG -- [Batch] : Finish Heat Queue 4 (Stirrer)
2023-09-05 23:28:35,558 - jobID_9_Batch::DEBUG -- [Batch] : Finish Heat Queue 5 (Stirrer)
2023-09-05 23:28:35,558 - jobID_9_Batch::DEBUG -- [Batch] : Start Mix:300s
2023-09-05 23:28:35,558 - jobID_9_Batch::DEBUG -- [Batch] : Start Mix:300s
2023-09-05 23:28:35,558 - jobID_9_Batch::DEBUG -- [Batch] : check Mix:300s
2023-09-05 23:28:35,558 - jobID_9_Batch::DEBUG -- [Batch] : check Mix:300s
2023-09-05 23:28:35,558 - jobID_9_Batch::DEBUG -- [Batch] : Finish Mix:300s
2023-09-05 23:28:35,559 - jobID_9_Batch::DEBUG -- [Batch] : Start Mix:300s
2023-09-05 23:28:35,559 - jobID_9_Batch::DEBUG -- [Batch] : Start Mix:300s
2023-09-05 23:28:35,559 - jobID_9_Batch::DEBUG -- [Batch] : Finish Mix:300s
2023-09-05 23:28:35,559 - jobID_9_Batch::DEBUG -- [Batch] : Start Mix:300s
2023-09-05 23:28:35,559 - jobID_9_Batch::DEBUG -- [Batch] : Start Mix:300s
2023-09-05 23:28:35,559 - jobID_9_Batch::DEBUG -- [Batch] : check Mix:300s
2023-09-05 23:28:35,559 - jobID_9_Batch::DEBUG -- [Batch] : check Mix:300s
2023-09-05 23:28:35,559 - jobID_9_Batch::DEBUG -- [Batch] : check Mix:300s
2023-09-05 23:28:35,560 - jobID_9_Batch::DEBUG -- [Batch] : check Mix:300s
2023-09-05 23:28:35,560 - jobID_9_Batch::DEBUG -- [Batch] : Finish Mix:300s
2023-09-05 23:28:35,560 - jobID_9_Batch::DEBUG -- [Batch] : Finish Mix:300s
2023-09-05 23:28:35,560 - jobID_9_Batch::DEBUG -- [Batch] : Finish Mix:300s
2023-09-05 23:28:35,560 - jobID_9_Batch::DEBUG -- [Batch] : Finish Mix:300s
2023-09-05 23:28:37,562 - jobID_9_Batch::DEBUG -- [Batch] : Prepare Injection Queue --> AgNO3,1250mM,500uL,200uL/s
2023-09-05 23:28:37,570 - jobID_9_Batch::DEBUG -- [PUMP] : prepare solution-->Start!
2023-09-05 23:28:37,570 - jobID_9_Batch::DEBUG -- [PUMP] : prepare solution-->Done!
2023-09-05 23:28:37,571 - jobID_9_Batch::DEBUG -- [LA] : move down-->Start!
2023-09-05 23:28:38,652 - jobID_9_Batch::DEBUG -- [LA] : move down-->Done!
2023-09-05 23:28:38,677 - jobID_9_Batch::DEBUG -- [Batch] : Start Injection Queue --> AgNO3,1250mM,1600μL,200μL/s
2023-09-05 23:28:38,678 - jobID_9_Batch::DEBUG -- [PUMP] : prepare solution-->Start!
2023-09-05 23:28:42,415 - jobID_9_Batch::DEBUG -- [PUMP] : prepare solution-->Done!
2023-09-05 23:28:42,416 - jobID_9_Batch::DEBUG -- [LA] : move up-->Start!
2023-09-05 23:28:43,556 - jobID_9_Batch::DEBUG -- [LA] : move up-->Done!
2023-09-05 23:28:43,557 - jobID_9_Batch::DEBUG -- [LA] : move center-->Start!
2023-09-05 23:28:44,752 - jobID_9_Batch::DEBUG -- [LA] : move center-->Done!
2023-09-05 23:28:44,754 - jobID_9_Batch::DEBUG -- [Batch] : Finish Injection Queue
2023-09-05 23:28:46,755 - jobID_9_Batch::DEBUG -- [Batch] : Prepare Injection Queue --> AgNO3,1250mM,500uL,200uL/s
2023-09-05 23:28:46,759 - jobID_9_Batch::DEBUG -- [PUMP] : prepare solution-->Start!
2023-09-05 23:28:46,759 - jobID_9_Batch::DEBUG -- [PUMP] : prepare solution-->Done!
2023-09-05 23:28:46,760 - jobID_9_Batch::DEBUG -- [LA] : move down-->Start!
2023-09-05 23:28:47,823 - jobID_9_Batch::DEBUG -- [LA] : move down-->Done!
2023-09-05 23:28:47,824 - jobID_9_Batch::DEBUG -- [Batch] : Start Injection Queue --> AgNO3,1250mM,2000μL,200μL/s
2023-09-05 23:28:47,824 - jobID_9_Batch::DEBUG -- [PUMP] : prepare solution-->Start!
2023-09-05 23:28:51,549 - jobID_9_Batch::DEBUG -- [PUMP] : prepare solution-->Done!
2023-09-05 23:28:51,553 - jobID_9_Batch::DEBUG -- [LA] : move up-->Start!
2023-09-05 23:28:52,609 - jobID_9_Batch::DEBUG -- [LA] : move up-->Done!
2023-09-05 23:28:52,612 - jobID_9_Batch::DEBUG -- [LA] : move center-->Start!
2023-09-05 23:28:53,727 - jobID_9_Batch::DEBUG -- [LA] : move center-->Done!
2023-09-05 23:28:53,727 - jobID_9_Batch::DEBUG -- [Batch] : Finish Injection Queue
2023-09-05 23:28:55,730 - jobID_9_Batch::DEBUG -- [Batch] : Prepare Injection Queue --> AgNO3,1250mM,500uL,200uL/s
2023-09-05 23:28:55,730 - jobID_9_Batch::DEBUG -- [PUMP] : prepare solution-->Start!
2023-09-05 23:28:55,730 - jobID_9_Batch::DEBUG -- [PUMP] : prepare solution-->Done!
2023-09-05 23:28:55,730 - jobID_9_Batch::DEBUG -- [LA] : move down-->Start!
2023-09-05 23:28:56,846 - jobID_9_Batch::DEBUG -- [LA] : move down-->Done!
2023-09-05 23:28:56,853 - jobID_9_Batch::DEBUG -- [Batch] : Start Injection Queue --> AgNO3,1250mM,2400μL,200μL/s
2023-09-05 23:28:56,853 - jobID_9_Batch::DEBUG -- [PUMP] : prepare solution-->Start!
2023-09-05 23:29:00,644 - jobID_9_Batch::DEBUG -- [PUMP] : prepare solution-->Done!
2023-09-05 23:29:00,654 - jobID_9_Batch::DEBUG -- [LA] : move up-->Start!
2023-09-05 23:29:01,662 - jobID_9_Batch::DEBUG -- [LA] : move up-->Done!
2023-09-05 23:29:01,662 - jobID_9_Batch::DEBUG -- [LA] : move center-->Start!
2023-09-05 23:29:02,717 - jobID_9_Batch::DEBUG -- [LA] : move center-->Done!
2023-09-05 23:29:02,719 - jobID_9_Batch::DEBUG -- [Batch] : Finish Injection Queue
2023-09-05 23:29:04,722 - jobID_9_Batch::DEBUG -- [Batch] : Prepare Injection Queue --> AgNO3,1250mM,500uL,200uL/s
2023-09-05 23:29:04,725 - jobID_9_Batch::DEBUG -- [PUMP] : prepare solution-->Start!
2023-09-05 23:29:04,725 - jobID_9_Batch::DEBUG -- [PUMP] : prepare solution-->Done!
2023-09-05 23:29:04,726 - jobID_9_Batch::DEBUG -- [LA] : move down-->Start!
2023-09-05 23:29:05,829 - jobID_9_Batch::DEBUG -- [LA] : move down-->Done!
2023-09-05 23:29:05,839 - jobID_9_Batch::DEBUG -- [Batch] : Start Injection Queue --> AgNO3,1250mM,3000μL,200μL/s
2023-09-05 23:29:05,839 - jobID_9_Batch::DEBUG -- [PUMP] : prepare solution-->Start!
2023-09-05 23:29:09,566 - jobID_9_Batch::DEBUG -- [PUMP] : prepare solution-->Done!
2023-09-05 23:29:09,591 - jobID_9_Batch::DEBUG -- [LA] : move up-->Start!
2023-09-05 23:29:10,646 - jobID_9_Batch::DEBUG -- [LA] : move up-->Done!
2023-09-05 23:29:10,646 - jobID_9_Batch::DEBUG -- [LA] : move center-->Start!
2023-09-05 23:29:11,721 - jobID_9_Batch::DEBUG -- [LA] : move center-->Done!
2023-09-05 23:29:11,722 - jobID_9_Batch::DEBUG -- [Batch] : Finish Injection Queue
2023-09-05 23:29:13,725 - jobID_9_Batch::DEBUG -- [Batch] : Prepare Injection Queue --> AgNO3,1250mM,500uL,200uL/s
2023-09-05 23:29:13,725 - jobID_9_Batch::DEBUG -- [PUMP] : prepare solution-->Start!
2023-09-05 23:29:13,725 - jobID_9_Batch::DEBUG -- [PUMP] : prepare solution-->Done!
2023-09-05 23:29:13,725 - jobID_9_Batch::DEBUG -- [LA] : move down-->Start!
2023-09-05 23:29:14,778 - jobID_9_Batch::DEBUG -- [LA] : move down-->Done!
2023-09-05 23:29:14,779 - jobID_9_Batch::DEBUG -- [Batch] : Start Injection Queue --> AgNO3,1250mM,3000μL,200μL/s
2023-09-05 23:29:14,779 - jobID_9_Batch::DEBUG -- [PUMP] : prepare solution-->Start!
2023-09-05 23:29:18,480 - jobID_9_Batch::DEBUG -- [PUMP] : prepare solution-->Done!
2023-09-05 23:29:18,487 - jobID_9_Batch::DEBUG -- [LA] : move up-->Start!
2023-09-05 23:29:19,501 - jobID_9_Batch::DEBUG -- [LA] : move up-->Done!
2023-09-05 23:29:19,503 - jobID_9_Batch::DEBUG -- [LA] : move center-->Start!
2023-09-05 23:29:20,572 - jobID_9_Batch::DEBUG -- [LA] : move center-->Done!
2023-09-05 23:29:20,572 - jobID_9_Batch::DEBUG -- [Batch] : Finish Injection Queue
2023-09-05 23:29:22,575 - jobID_9_Batch::DEBUG -- [Batch] : Prepare Injection Queue --> AgNO3,1250mM,500uL,200uL/s
2023-09-05 23:29:22,575 - jobID_9_Batch::DEBUG -- [PUMP] : prepare solution-->Start!
2023-09-05 23:29:22,575 - jobID_9_Batch::DEBUG -- [PUMP] : prepare solution-->Done!
2023-09-05 23:29:22,575 - jobID_9_Batch::DEBUG -- [LA] : move down-->Start!
2023-09-05 23:29:23,705 - jobID_9_Batch::DEBUG -- [LA] : move down-->Done!
2023-09-05 23:29:23,706 - jobID_9_Batch::DEBUG -- [Batch] : Start Injection Queue --> AgNO3,1250mM,3000μL,200μL/s
2023-09-05 23:29:23,706 - jobID_9_Batch::DEBUG -- [PUMP] : prepare solution-->Start!
2023-09-05 23:29:27,453 - jobID_9_Batch::DEBUG -- [PUMP] : prepare solution-->Done!
2023-09-05 23:29:27,454 - jobID_9_Batch::DEBUG -- [LA] : move up-->Start!
2023-09-05 23:29:28,567 - jobID_9_Batch::DEBUG -- [LA] : move up-->Done!
2023-09-05 23:29:28,571 - jobID_9_Batch::DEBUG -- [LA] : move center-->Start!
2023-09-05 23:29:29,654 - jobID_9_Batch::DEBUG -- [LA] : move center-->Done!
2023-09-05 23:29:29,654 - jobID_9_Batch::DEBUG -- [Batch] : Finish Injection Queue
2023-09-05 23:29:29,654 - jobID_9_Batch::DEBUG -- [Batch] : Start React:1200s
2023-09-05 23:29:29,655 - jobID_9_Batch::DEBUG -- [Batch] : Start React:1200s
2023-09-05 23:29:29,655 - jobID_9_Batch::DEBUG -- [Batch] : Start React:1200s
2023-09-05 23:29:29,655 - jobID_9_Batch::DEBUG -- [Batch] : Start React:1200s
2023-09-05 23:29:29,655 - jobID_9_Batch::DEBUG -- [Batch] : Start React:1200s
2023-09-05 23:29:29,655 - jobID_9_Batch::DEBUG -- [Batch] : Start React:1200s
