2023-07-10 22:44:26,382 - BO_format_2::INFO -- [JobExecution] : [jobID=0] Algorithm, model : BayesianOptimization
2023-07-10 22:44:26,387 - BO_format_2::INFO -- [JobExecution] : ######### Cycle start #########
2023-07-10 22:44:26,387 - BO_format_2::INFO -- [BayesianOptimization] : batchSize=4
2023-07-10 22:44:26,393 - BO_format_2::INFO -- [Algorithm [0]] : next_point 0: {'AddSolution=AgNO3_Concentration': 0, 'AddSolution=AgNO3_Volume': 750, 'AddSolution=AgNO3_Injectionrate': 150}
2023-07-10 22:44:26,403 - BO_format_2::INFO -- [Algorithm [1]] : next_point 1: {'AddSolution=AgNO3_Concentration': 0, 'AddSolution=AgNO3_Volume': 800, 'AddSolution=AgNO3_Injectionrate': 100}
2023-07-10 22:44:26,409 - BO_format_2::INFO -- [Algorithm [2]] : next_point 2: {'AddSolution=AgNO3_Concentration': 0, 'AddSolution=AgNO3_Volume': 1150, 'AddSolution=AgNO3_Injectionrate': 150}
2023-07-10 22:44:26,409 - BO_format_2::INFO -- [Algorithm [3]] : next_point 3: {'AddSolution=AgNO3_Concentration': 0, 'AddSolution=AgNO3_Volume': 650, 'AddSolution=AgNO3_Injectionrate': 150}
2023-07-10 22:44:26,458 - BO_format_2::INFO -- [RecipeGenerator] : Allocate all of process based on job script!
2023-07-10 22:44:26,463 - BO_format_2::INFO -- [JobExecution] : ######### Cycle 1/1 is running #########
2023-07-10 22:44:26,463 - BO_format_2::INFO -- [TaskScheduler] : check location: {'BatchSynthesis': {'Stirrer': ['?', '?', '?', '?', '?', '?', '?', '?', '?', '?', '?', '?', '?', '?', '?', '?'], 'vialHolder': ['?', '?', '?', '?', '?', '?', '?', '?']}, 'UV': {'vialHolder': ['?', '?', '?', '?', '?', '?', '?', '?']}}
2023-07-10 22:44:26,473 - BO_format_2::INFO -- [TaskScheduler] : BatchSynthesis allocate location: {'Stirrer': [0, 1, 2, 3], 'vialHolder': [0, 1, 2, 3]}
2023-07-10 22:44:28,568 - BO_format_2::INFO -- [Batch] : storage_empty_to_stirrer is started.
2023-07-10 22:44:28,578 - BO_format_2::INFO -- [Batch] : vial_num_list: [0, 1, 2, 3]
2023-07-10 22:44:28,589 - BO_format_2::INFO -- [Batch] : line_num_list: [0, 0, 0, 0]
2023-07-10 22:44:28,599 - BO_format_2::INFO -- [Batch] : vialHolder_list: [0, 1, 2, 3]
2023-07-10 22:44:28,609 - BO_format_2::INFO -- [Batch] : Start Robot Queue : storage_empty_to_stirrer is started.
2023-07-10 22:44:35,277 - BO_format_2::INFO -- [Batch] : Finish Robot Queue : storage_empty_to_stirrer is done.
2023-07-10 22:44:37,423 - BO_format_2::INFO -- [Batch] : storage_empty_to_stirrer is started.
2023-07-10 22:44:37,433 - BO_format_2::INFO -- [Batch] : Start Robot Queue : storage_empty_to_stirrer is started.
2023-07-10 22:44:43,801 - BO_format_2::INFO -- [Batch] : Finish Robot Queue : storage_empty_to_stirrer is done.
2023-07-10 22:44:45,932 - BO_format_2::INFO -- [Batch] : storage_empty_to_stirrer is started.
2023-07-10 22:44:45,942 - BO_format_2::INFO -- [Batch] : Start Robot Queue : storage_empty_to_stirrer is started.
2023-07-10 22:44:52,463 - BO_format_2::INFO -- [Batch] : Finish Robot Queue : storage_empty_to_stirrer is done.
2023-07-10 22:44:54,599 - BO_format_2::INFO -- [Batch] : storage_empty_to_stirrer is started.
2023-07-10 22:44:54,604 - BO_format_2::INFO -- [Batch] : Start Robot Queue : storage_empty_to_stirrer is started.
2023-07-10 22:45:01,084 - BO_format_2::INFO -- [Batch] : Finish Robot Queue : storage_empty_to_stirrer is done.
2023-07-10 22:45:03,199 - BO_format_2::INFO -- [Batch] : Prepare Injection Queue --> Citrate,0.02mM,5000uL,200uL/s
2023-07-10 22:45:07,492 - BO_format_2::INFO -- [Batch] : Start Injection Queue --> Citrate,0.02mM,1200μL,200μL/s
2023-07-10 22:45:12,681 - BO_format_2::INFO -- [Batch] : Finish Injection Queue
2023-07-10 22:45:14,791 - BO_format_2::INFO -- [Batch] : Prepare Injection Queue --> Citrate,0.02mM,5000uL,200uL/s
2023-07-10 22:45:19,184 - BO_format_2::INFO -- [Batch] : Start Injection Queue --> Citrate,0.02mM,1200μL,200μL/s
2023-07-10 22:45:24,299 - BO_format_2::INFO -- [Batch] : Finish Injection Queue
2023-07-10 22:45:26,419 - BO_format_2::INFO -- [Batch] : Prepare Injection Queue --> Citrate,0.02mM,5000uL,200uL/s
2023-07-10 22:45:30,663 - BO_format_2::INFO -- [Batch] : Start Injection Queue --> Citrate,0.02mM,1200μL,200μL/s
2023-07-10 22:45:36,120 - BO_format_2::INFO -- [Batch] : Finish Injection Queue
2023-07-10 22:45:38,230 - BO_format_2::INFO -- [Batch] : Prepare Injection Queue --> Citrate,0.02mM,5000uL,200uL/s
2023-07-10 22:45:42,343 - BO_format_2::INFO -- [Batch] : Start Injection Queue --> Citrate,0.02mM,1200μL,200μL/s
2023-07-10 22:45:47,539 - BO_format_2::INFO -- [Batch] : Finish Injection Queue
2023-07-10 22:45:49,639 - BO_format_2::INFO -- [Batch] : Prepare Injection Queue --> H2O2,0.375mM,5000uL,200uL/s
2023-07-10 22:45:53,730 - BO_format_2::INFO -- [Batch] : Start Injection Queue --> H2O2,0.375mM,1200μL,200μL/s
2023-07-10 22:45:59,133 - BO_format_2::INFO -- [Batch] : Finish Injection Queue
2023-07-10 22:46:01,238 - BO_format_2::INFO -- [Batch] : Prepare Injection Queue --> H2O2,0.375mM,5000uL,200uL/s
2023-07-10 22:46:05,607 - BO_format_2::INFO -- [Batch] : Start Injection Queue --> H2O2,0.375mM,1200μL,200μL/s
2023-07-10 22:46:10,962 - BO_format_2::INFO -- [Batch] : Finish Injection Queue
2023-07-10 22:46:13,072 - BO_format_2::INFO -- [Batch] : Prepare Injection Queue --> H2O2,0.375mM,5000uL,200uL/s
