2023-07-10 22:54:47,229 - BO_format_2::INFO -- [JobExecution] : [jobID=0] Algorithm, model : BayesianOptimization
2023-07-10 22:54:47,240 - BO_format_2::INFO -- [JobExecution] : ######### Cycle start #########
2023-07-10 22:54:47,240 - BO_format_2::INFO -- [BayesianOptimization] : batchSize=4
2023-07-10 22:54:47,246 - BO_format_2::INFO -- [Algorithm [0]] : next_point 0: {'AddSolution=AgNO3_Concentration': 0, 'AddSolution=AgNO3_Volume': 750, 'AddSolution=AgNO3_Injectionrate': 150}
2023-07-10 22:54:47,251 - BO_format_2::INFO -- [Algorithm [1]] : next_point 1: {'AddSolution=AgNO3_Concentration': 0, 'AddSolution=AgNO3_Volume': 800, 'AddSolution=AgNO3_Injectionrate': 100}
2023-07-10 22:54:47,256 - BO_format_2::INFO -- [Algorithm [2]] : next_point 2: {'AddSolution=AgNO3_Concentration': 0, 'AddSolution=AgNO3_Volume': 1150, 'AddSolution=AgNO3_Injectionrate': 150}
2023-07-10 22:54:47,266 - BO_format_2::INFO -- [Algorithm [3]] : next_point 3: {'AddSolution=AgNO3_Concentration': 0, 'AddSolution=AgNO3_Volume': 650, 'AddSolution=AgNO3_Injectionrate': 150}
2023-07-10 22:54:47,422 - BO_format_2::INFO -- [RecipeGenerator] : Allocate all of process based on job script!
2023-07-10 22:54:47,432 - BO_format_2::INFO -- [JobExecution] : ######### Cycle 1/1 is running #########
2023-07-10 22:54:47,473 - BO_format_2::INFO -- [TaskScheduler] : check location: {'BatchSynthesis': {'Stirrer': ['?', '?', '?', '?', '?', '?', '?', '?', '?', '?', '?', '?', '?', '?', '?', '?'], 'vialHolder': ['?', '?', '?', '?', '?', '?', '?', '?']}, 'UV': {'vialHolder': ['?', '?', '?', '?', '?', '?', '?', '?']}}
2023-07-10 22:54:47,489 - BO_format_2::INFO -- [TaskScheduler] : BatchSynthesis allocate location: {'Stirrer': [0, 1, 2, 3], 'vialHolder': [0, 1, 2, 3]}
2023-07-10 22:54:49,588 - BO_format_2::INFO -- [Batch] : storage_empty_to_stirrer is started.
2023-07-10 22:54:49,599 - BO_format_2::INFO -- [Batch] : vial_num_list: [0, 1, 2, 3]
2023-07-10 22:54:49,609 - BO_format_2::INFO -- [Batch] : line_num_list: [0, 0, 0, 0]
2023-07-10 22:54:49,619 - BO_format_2::INFO -- [Batch] : vialHolder_list: [0, 1, 2, 3]
2023-07-10 22:54:49,630 - BO_format_2::INFO -- [Batch] : Start Robot Queue : storage_empty_to_stirrer is started.
2023-07-10 22:54:56,135 - BO_format_2::INFO -- [Batch] : Finish Robot Queue : storage_empty_to_stirrer is done.
2023-07-10 22:54:58,275 - BO_format_2::INFO -- [Batch] : storage_empty_to_stirrer is started.
2023-07-10 22:54:58,286 - BO_format_2::INFO -- [Batch] : Start Robot Queue : storage_empty_to_stirrer is started.
2023-07-10 22:55:04,748 - BO_format_2::INFO -- [Batch] : Finish Robot Queue : storage_empty_to_stirrer is done.
2023-07-10 22:55:06,884 - BO_format_2::INFO -- [Batch] : storage_empty_to_stirrer is started.
2023-07-10 22:55:06,894 - BO_format_2::INFO -- [Batch] : Start Robot Queue : storage_empty_to_stirrer is started.
2023-07-10 22:55:13,399 - BO_format_2::INFO -- [Batch] : Finish Robot Queue : storage_empty_to_stirrer is done.
2023-07-10 22:55:15,540 - BO_format_2::INFO -- [Batch] : storage_empty_to_stirrer is started.
2023-07-10 22:55:15,550 - BO_format_2::INFO -- [Batch] : Start Robot Queue : storage_empty_to_stirrer is started.
2023-07-10 22:55:22,267 - BO_format_2::INFO -- [Batch] : Finish Robot Queue : storage_empty_to_stirrer is done.
2023-07-10 22:55:24,378 - BO_format_2::INFO -- [Batch] : Prepare Injection Queue --> Citrate,0.02mM,5000uL,200uL/s
2023-07-10 22:55:28,581 - BO_format_2::INFO -- [Batch] : Start Injection Queue --> Citrate,0.02mM,1200μL,200μL/s
2023-07-10 22:55:33,632 - BO_format_2::INFO -- [Batch] : Finish Injection Queue
2023-07-10 22:55:35,737 - BO_format_2::INFO -- [Batch] : Prepare Injection Queue --> Citrate,0.02mM,5000uL,200uL/s
2023-07-10 22:55:39,855 - BO_format_2::INFO -- [Batch] : Start Injection Queue --> Citrate,0.02mM,1200μL,200μL/s
2023-07-10 22:55:45,219 - BO_format_2::INFO -- [Batch] : Finish Injection Queue
2023-07-10 22:55:47,344 - BO_format_2::INFO -- [Batch] : Prepare Injection Queue --> Citrate,0.02mM,5000uL,200uL/s
2023-07-10 22:55:51,448 - BO_format_2::INFO -- [Batch] : Start Injection Queue --> Citrate,0.02mM,1200μL,200μL/s
2023-07-10 22:55:56,656 - BO_format_2::INFO -- [Batch] : Finish Injection Queue
2023-07-10 22:55:58,771 - BO_format_2::INFO -- [Batch] : Prepare Injection Queue --> Citrate,0.02mM,5000uL,200uL/s
2023-07-10 22:56:02,984 - BO_format_2::INFO -- [Batch] : Start Injection Queue --> Citrate,0.02mM,1200μL,200μL/s
2023-07-10 22:56:08,194 - BO_format_2::INFO -- [Batch] : Finish Injection Queue
2023-07-10 22:56:10,299 - BO_format_2::INFO -- [Batch] : Prepare Injection Queue --> H2O2,0.375mM,5000uL,200uL/s
2023-07-10 22:56:14,385 - BO_format_2::INFO -- [Batch] : Start Injection Queue --> H2O2,0.375mM,1200μL,200μL/s
2023-07-10 22:56:19,718 - BO_format_2::INFO -- [Batch] : Finish Injection Queue
2023-07-10 22:56:21,823 - BO_format_2::INFO -- [Batch] : Prepare Injection Queue --> H2O2,0.375mM,5000uL,200uL/s
2023-07-10 22:56:26,016 - BO_format_2::INFO -- [Batch] : Start Injection Queue --> H2O2,0.375mM,1200μL,200μL/s
2023-07-10 22:56:31,241 - BO_format_2::INFO -- [Batch] : Finish Injection Queue
2023-07-10 22:56:33,356 - BO_format_2::INFO -- [Batch] : Prepare Injection Queue --> H2O2,0.375mM,5000uL,200uL/s
2023-07-10 22:56:37,571 - BO_format_2::INFO -- [Batch] : Start Injection Queue --> H2O2,0.375mM,1200μL,200μL/s
2023-07-10 22:56:42,712 - BO_format_2::INFO -- [Batch] : Finish Injection Queue
2023-07-10 22:56:44,812 - BO_format_2::INFO -- [Batch] : Prepare Injection Queue --> H2O2,0.375mM,5000uL,200uL/s
2023-07-10 22:56:48,947 - BO_format_2::INFO -- [Batch] : Start Injection Queue --> H2O2,0.375mM,1200μL,200μL/s
2023-07-10 22:56:54,446 - BO_format_2::INFO -- [Batch] : Finish Injection Queue
2023-07-10 22:56:56,546 - BO_format_2::INFO -- [Batch] : Prepare Injection Queue --> NaBH4,0.01mM,5000uL,200uL/s
2023-07-10 22:57:00,610 - BO_format_2::INFO -- [Batch] : Start Injection Queue --> NaBH4,0.01mM,3000μL,200μL/s
2023-07-10 22:57:05,963 - BO_format_2::INFO -- [Batch] : Finish Injection Queue
2023-07-10 22:57:08,074 - BO_format_2::INFO -- [Batch] : Prepare Injection Queue --> NaBH4,0.01mM,5000uL,200uL/s
2023-07-10 22:57:12,221 - BO_format_2::INFO -- [Batch] : Start Injection Queue --> NaBH4,0.01mM,3000μL,200μL/s
2023-07-10 22:57:17,586 - BO_format_2::INFO -- [Batch] : Finish Injection Queue
2023-07-10 22:57:19,686 - BO_format_2::INFO -- [Batch] : Prepare Injection Queue --> NaBH4,0.01mM,5000uL,200uL/s
2023-07-10 22:57:24,117 - BO_format_2::INFO -- [Batch] : Start Injection Queue --> NaBH4,0.01mM,3000μL,200μL/s
2023-07-10 22:57:29,667 - BO_format_2::INFO -- [Batch] : Finish Injection Queue
2023-07-10 22:57:31,777 - BO_format_2::INFO -- [Batch] : Prepare Injection Queue --> NaBH4,0.01mM,5000uL,200uL/s
2023-07-10 22:57:35,942 - BO_format_2::INFO -- [Batch] : Start Injection Queue --> NaBH4,0.01mM,3000μL,200μL/s
2023-07-10 22:57:41,260 - BO_format_2::INFO -- [Batch] : Finish Injection Queue
2023-07-10 22:57:41,301 - BO_format_2::INFO -- [Batch] : Start Stir Queue 0 (Stirrer)
2023-07-10 22:57:42,407 - BO_format_2::INFO -- [Batch] : Start Stir Queue 1 (Stirrer)
2023-07-10 22:57:43,566 - BO_format_2::INFO -- [Batch] : Start Stir Queue 2 (Stirrer)
2023-07-10 22:57:44,644 - BO_format_2::INFO -- [Batch] : Start Stir Queue 3 (Stirrer)
2023-07-10 22:57:45,774 - BO_format_2::INFO -- [Batch] : Finish Stir Queue 0 (Stirrer)
2023-07-10 22:57:45,784 - BO_format_2::INFO -- [Batch] : Finish Stir Queue 1 (Stirrer)
2023-07-10 22:57:45,794 - BO_format_2::INFO -- [Batch] : Finish Stir Queue 2 (Stirrer)
2023-07-10 22:57:45,805 - BO_format_2::INFO -- [Batch] : Finish Stir Queue 3 (Stirrer)
2023-07-10 22:57:45,815 - BO_format_2::INFO -- [Batch] : Start Heat Queue 0 (Stirrer)
2023-07-10 22:57:47,083 - BO_format_2::INFO -- [Batch] : Start Heat Queue 1 (Stirrer)
2023-07-10 22:57:48,180 - BO_format_2::INFO -- [Batch] : Start Heat Queue 2 (Stirrer)
2023-07-10 22:57:49,468 - BO_format_2::INFO -- [Batch] : Start Heat Queue 3 (Stirrer)
2023-07-10 22:57:50,575 - BO_format_2::INFO -- [Batch] : Finish Heat Queue 0 (Stirrer)
2023-07-10 22:57:50,586 - BO_format_2::INFO -- [Batch] : Finish Heat Queue 1 (Stirrer)
2023-07-10 22:57:50,596 - BO_format_2::INFO -- [Batch] : Finish Heat Queue 2 (Stirrer)
2023-07-10 22:57:50,606 - BO_format_2::INFO -- [Batch] : Finish Heat Queue 3 (Stirrer)
2023-07-10 22:57:50,622 - BO_format_2::INFO -- [Batch] : Start Wait:1s
2023-07-10 22:57:50,632 - BO_format_2::INFO -- [Batch] : check Wait:1s
2023-07-10 22:57:50,632 - BO_format_2::INFO -- [Batch] : Start Wait:1s
2023-07-10 22:57:50,632 - BO_format_2::INFO -- [Batch] : Finish Wait:1s
2023-07-10 22:57:50,638 - BO_format_2::INFO -- [Batch] : Start Wait:1s
2023-07-10 22:57:50,643 - BO_format_2::INFO -- [Batch] : check Wait:1s
2023-07-10 22:57:50,643 - BO_format_2::INFO -- [Batch] : check Wait:1s
2023-07-10 22:57:50,644 - BO_format_2::INFO -- [Batch] : Start Wait:1s
2023-07-10 22:57:50,644 - BO_format_2::INFO -- [Batch] : Finish Wait:1s
2023-07-10 22:57:50,659 - BO_format_2::INFO -- [Batch] : Finish Wait:1s
2023-07-10 22:57:50,680 - BO_format_2::INFO -- [Batch] : check Wait:1s
2023-07-10 22:57:50,700 - BO_format_2::INFO -- [Batch] : Finish Wait:1s
2023-07-10 22:57:52,780 - BO_format_2::INFO -- [Batch] : Prepare Injection Queue --> AgNO3,0mM,5000uL,200uL/s
2023-07-10 22:57:57,033 - BO_format_2::INFO -- [Batch] : Start Injection Queue --> AgNO3,0mM,750μL,150μL/s
2023-07-10 22:58:02,254 - BO_format_2::INFO -- [Batch] : Finish Injection Queue
2023-07-10 22:58:04,359 - BO_format_2::INFO -- [Batch] : Prepare Injection Queue --> AgNO3,0mM,5000uL,200uL/s
2023-07-10 22:58:08,574 - BO_format_2::INFO -- [Batch] : Start Injection Queue --> AgNO3,0mM,800μL,100μL/s
2023-07-10 22:58:13,880 - BO_format_2::INFO -- [Batch] : Finish Injection Queue
2023-07-10 22:58:15,990 - BO_format_2::INFO -- [Batch] : Prepare Injection Queue --> AgNO3,0mM,5000uL,200uL/s
2023-07-10 22:58:20,164 - BO_format_2::INFO -- [Batch] : Start Injection Queue --> AgNO3,0mM,1150μL,150μL/s
2023-07-10 22:58:25,555 - BO_format_2::INFO -- [Batch] : Finish Injection Queue
2023-07-10 22:58:27,665 - BO_format_2::INFO -- [Batch] : Prepare Injection Queue --> AgNO3,0mM,5000uL,200uL/s
2023-07-10 22:58:31,915 - BO_format_2::INFO -- [Batch] : Start Injection Queue --> AgNO3,0mM,650μL,150μL/s
2023-07-10 22:58:37,239 - BO_format_2::INFO -- [Batch] : Finish Injection Queue
2023-07-10 22:58:37,280 - BO_format_2::INFO -- [Batch] : Start React:1s
2023-07-10 22:58:37,286 - BO_format_2::INFO -- [Batch] : Start React:1s
2023-07-10 22:58:37,306 - BO_format_2::INFO -- [Batch] : Start React:1s
2023-07-10 22:58:37,322 - BO_format_2::INFO -- [Batch] : Start React:1s
2023-07-10 22:58:47,327 - BO_format_2::INFO -- [Batch] : check React:1s
2023-07-10 22:58:47,332 - BO_format_2::INFO -- [Batch] : check React:1s
2023-07-10 22:58:47,342 - BO_format_2::INFO -- [Batch] : check React:1s
2023-07-10 22:58:47,353 - BO_format_2::INFO -- [Batch] : check React:1s
2023-07-10 22:58:51,631 - BO_format_2::INFO -- [Batch] : Finish React:1s
2023-07-10 22:58:56,389 - BO_format_2::INFO -- [Batch] : Finish React:1s
2023-07-10 22:58:56,474 - BO_format_2::INFO -- [Batch] : Finish React:1s
2023-07-10 22:58:56,480 - BO_format_2::INFO -- [Batch] : Finish React:1s
2023-07-10 22:58:58,595 - BO_format_2::INFO -- [UV] : Prepare UV-VIS container
2023-07-10 22:59:12,391 - BO_format_2::INFO -- [UV] : Start UV-VIS Characterization
2023-07-10 22:59:21,388 - BO_format_2::INFO -- [UV] : 0 result : OrderedDict([('lambdamax', 765.334335), ('intensity', 0.015479666176367802), ('FWHM', 21.72419400000001)])
2023-07-10 22:59:21,398 - BO_format_2::INFO -- [UV] : Finish UV-VIS Characterization
2023-07-10 22:59:23,539 - BO_format_2::INFO -- [UV] : Prepare UV-VIS container
2023-07-10 22:59:37,104 - BO_format_2::INFO -- [UV] : Start UV-VIS Characterization
2023-07-10 22:59:46,135 - BO_format_2::INFO -- [UV] : 1 result : OrderedDict([('lambdamax', 511.055565), ('intensity', 0.020445536701980828), ('FWHM', 14.922313000000031)])
2023-07-10 22:59:46,145 - BO_format_2::INFO -- [UV] : Finish UV-VIS Characterization
2023-07-10 22:59:48,291 - BO_format_2::INFO -- [UV] : Prepare UV-VIS container
2023-07-10 23:00:01,676 - BO_format_2::INFO -- [UV] : Start UV-VIS Characterization
2023-07-10 23:00:10,730 - BO_format_2::INFO -- [UV] : 2 result : OrderedDict([('lambdamax', 352.729768), ('intensity', 0.01792038223707054), ('FWHM', 15.411925999999994)])
2023-07-10 23:00:10,741 - BO_format_2::INFO -- [UV] : Finish UV-VIS Characterization
2023-07-10 23:00:12,887 - BO_format_2::INFO -- [UV] : Prepare UV-VIS container
2023-07-10 23:00:26,613 - BO_format_2::INFO -- [UV] : Start UV-VIS Characterization
2023-07-10 23:00:35,776 - BO_format_2::INFO -- [UV] : 3 result : OrderedDict([('lambdamax', 654.905372), ('intensity', 0.01641591875256192), ('FWHM', 23.87057200000004)])
2023-07-10 23:00:35,786 - BO_format_2::INFO -- [UV] : Finish UV-VIS Characterization
2023-07-10 23:00:37,922 - BO_format_2::INFO -- [RobotArm] : Start Robot Queue : Batch motion (holder_to_storage_filled) is started.
2023-07-10 23:00:37,933 - BO_format_2::INFO -- [RobotArm] : vial_num_list:[0, 1, 2, 3]
2023-07-10 23:00:37,943 - BO_format_2::INFO -- [RobotArm] : line_num_list:[0, 0, 0, 0]
2023-07-10 23:00:37,953 - BO_format_2::INFO -- [RobotArm] : vialHolder_list:[0, 1, 2, 3]
2023-07-10 23:00:46,727 - BO_format_2::INFO -- [RobotArm] : Finish Robot Queue : Batch motion (holder_to_storage_filled) is done.
2023-07-10 23:00:46,742 - BO_format_2::INFO -- [RobotArm] : Start Robot Queue : Batch motion (holder_to_storage_filled) is started.
2023-07-10 23:00:50,137 - BO_format_2::INFO -- [RobotArm] : Finish Robot Queue : Batch motion (holder_to_storage_filled) is done.
2023-07-10 23:00:50,148 - BO_format_2::INFO -- [RobotArm] : Start Robot Queue : Batch motion (holder_to_storage_filled) is started.
2023-07-10 23:00:53,535 - BO_format_2::INFO -- [RobotArm] : Finish Robot Queue : Batch motion (holder_to_storage_filled) is done.
2023-07-10 23:00:53,545 - BO_format_2::INFO -- [RobotArm] : Start Robot Queue : Batch motion (holder_to_storage_filled) is started.
2023-07-10 23:01:00,148 - BO_format_2::INFO -- [RobotArm] : Finish Robot Queue : Batch motion (holder_to_storage_filled) is done.
2023-07-10 23:01:00,189 - BO_format_2::INFO -- [TaskScheduler] : refresh location: {'BatchSynthesis': {'Stirrer': ['?', '?', '?', '?', '?', '?', '?', '?', '?', '?', '?', '?', '?', '?', '?', '?'], 'vialHolder': ['?', '?', '?', '?', '?', '?', '?', '?']}, 'UV': {'vialHolder': ['?', '?', '?', '?', '?', '?', '?', '?']}}
2023-07-10 23:01:00,337 - BO_format_2::INFO -- [Algorithm] : 0 optimal_value : -0.6950143812090721
2023-07-10 23:01:00,337 - BO_format_2::INFO -- [Algorithm] : 1 optimal_value : -0.27064626399653247
2023-07-10 23:01:00,337 - BO_format_2::INFO -- [Algorithm] : 2 optimal_value : -0.7852656779041205
2023-07-10 23:01:00,337 - BO_format_2::INFO -- [Algorithm] : 3 optimal_value : -0.3362714540714364
2023-07-10 23:01:00,493 - BO_format_2::INFO -- [JobExecution] : ######### Cycle 1/1 is done #########
2023-07-10 23:01:00,555 - BO_format_2::INFO -- [Algorithm] : Save our model object, filename=20230710_2254_1_obj
2023-07-10 23:01:00,566 - BO_format_2::INFO -- [JobExecution] : ######### All Cycle is done #########
